TCP Ping trying to connect to server localhost (127.0.0.1) on port 1491
 ... connected to Pong server: asking for 501 repetitions of 64 bytes TCP messages
 ... Pong server agreed :-)
tcp_ping received 64 bytes back
Round trip time was 0.015692 milliseconds in repetition 1
tcp_ping received 64 bytes back
Round trip time was 0.012176 milliseconds in repetition 2
tcp_ping received 64 bytes back
Round trip time was 0.011666 milliseconds in repetition 3
tcp_ping received 64 bytes back
Round trip time was 0.011766 milliseconds in repetition 4
tcp_ping received 64 bytes back
Round trip time was 0.011727 milliseconds in repetition 5
tcp_ping received 64 bytes back
Round trip time was 0.011652 milliseconds in repetition 6
tcp_ping received 64 bytes back
Round trip time was 0.01169 milliseconds in repetition 7
tcp_ping received 64 bytes back
Round trip time was 0.012269 milliseconds in repetition 8
tcp_ping received 64 bytes back
Round trip time was 0.011837 milliseconds in repetition 9
tcp_ping received 64 bytes back
Round trip time was 0.011729 milliseconds in repetition 10
tcp_ping received 64 bytes back
Round trip time was 0.045777 milliseconds in repetition 11
tcp_ping received 64 bytes back
Round trip time was 0.012773 milliseconds in repetition 12
tcp_ping received 64 bytes back
Round trip time was 0.053323 milliseconds in repetition 13
tcp_ping received 64 bytes back
Round trip time was 0.011653 milliseconds in repetition 14
tcp_ping received 64 bytes back
Round trip time was 0.011583 milliseconds in repetition 15
tcp_ping received 64 bytes back
Round trip time was 0.011632 milliseconds in repetition 16
tcp_ping received 64 bytes back
Round trip time was 0.011608 milliseconds in repetition 17
tcp_ping received 64 bytes back
Round trip time was 0.024188 milliseconds in repetition 18
tcp_ping received 64 bytes back
Round trip time was 0.011266 milliseconds in repetition 19
tcp_ping received 64 bytes back
Round trip time was 0.011337 milliseconds in repetition 20
tcp_ping received 64 bytes back
Round trip time was 0.035328 milliseconds in repetition 21
tcp_ping received 64 bytes back
Round trip time was 0.011975 milliseconds in repetition 22
tcp_ping received 64 bytes back
Round trip time was 0.011895 milliseconds in repetition 23
tcp_ping received 64 bytes back
Round trip time was 0.012 milliseconds in repetition 24
tcp_ping received 64 bytes back
Round trip time was 0.011927 milliseconds in repetition 25
tcp_ping received 64 bytes back
Round trip time was 0.011953 milliseconds in repetition 26
tcp_ping received 64 bytes back
Round trip time was 0.011874 milliseconds in repetition 27
tcp_ping received 64 bytes back
Round trip time was 0.011939 milliseconds in repetition 28
tcp_ping received 64 bytes back
Round trip time was 0.011892 milliseconds in repetition 29
tcp_ping received 64 bytes back
Round trip time was 0.012015 milliseconds in repetition 30
tcp_ping received 64 bytes back
Round trip time was 0.011911 milliseconds in repetition 31
tcp_ping received 64 bytes back
Round trip time was 0.012003 milliseconds in repetition 32
tcp_ping received 64 bytes back
Round trip time was 0.035306 milliseconds in repetition 33
tcp_ping received 64 bytes back
Round trip time was 0.01258 milliseconds in repetition 34
tcp_ping received 64 bytes back
Round trip time was 0.011897 milliseconds in repetition 35
tcp_ping received 64 bytes back
Round trip time was 0.012036 milliseconds in repetition 36
tcp_ping received 64 bytes back
Round trip time was 0.011899 milliseconds in repetition 37
tcp_ping received 64 bytes back
Round trip time was 0.011979 milliseconds in repetition 38
tcp_ping received 64 bytes back
Round trip time was 0.11869 milliseconds in repetition 39
tcp_ping received 64 bytes back
Round trip time was 0.012245 milliseconds in repetition 40
tcp_ping received 64 bytes back
Round trip time was 0.012016 milliseconds in repetition 41
tcp_ping received 64 bytes back
Round trip time was 0.018184 milliseconds in repetition 42
tcp_ping received 64 bytes back
Round trip time was 0.011645 milliseconds in repetition 43
tcp_ping received 64 bytes back
Round trip time was 0.011631 milliseconds in repetition 44
tcp_ping received 64 bytes back
Round trip time was 0.012805 milliseconds in repetition 45
tcp_ping received 64 bytes back
Round trip time was 0.01162 milliseconds in repetition 46
tcp_ping received 64 bytes back
Round trip time was 0.011657 milliseconds in repetition 47
tcp_ping received 64 bytes back
Round trip time was 0.011591 milliseconds in repetition 48
tcp_ping received 64 bytes back
Round trip time was 0.011669 milliseconds in repetition 49
tcp_ping received 64 bytes back
Round trip time was 0.0116 milliseconds in repetition 50
tcp_ping received 64 bytes back
Round trip time was 0.011661 milliseconds in repetition 51
tcp_ping received 64 bytes back
Round trip time was 0.011621 milliseconds in repetition 52
tcp_ping received 64 bytes back
Round trip time was 0.011671 milliseconds in repetition 53
tcp_ping received 64 bytes back
Round trip time was 0.011675 milliseconds in repetition 54
tcp_ping received 64 bytes back
Round trip time was 0.011665 milliseconds in repetition 55
tcp_ping received 64 bytes back
Round trip time was 0.034827 milliseconds in repetition 56
tcp_ping received 64 bytes back
Round trip time was 0.01133 milliseconds in repetition 57
tcp_ping received 64 bytes back
Round trip time was 0.01137 milliseconds in repetition 58
tcp_ping received 64 bytes back
Round trip time was 0.011372 milliseconds in repetition 59
tcp_ping received 64 bytes back
Round trip time was 0.011356 milliseconds in repetition 60
tcp_ping received 64 bytes back
Round trip time was 0.011371 milliseconds in repetition 61
tcp_ping received 64 bytes back
Round trip time was 0.011262 milliseconds in repetition 62
tcp_ping received 64 bytes back
Round trip time was 0.011427 milliseconds in repetition 63
tcp_ping received 64 bytes back
Round trip time was 0.011355 milliseconds in repetition 64
tcp_ping received 64 bytes back
Round trip time was 0.011395 milliseconds in repetition 65
tcp_ping received 64 bytes back
Round trip time was 0.011312 milliseconds in repetition 66
tcp_ping received 64 bytes back
Round trip time was 0.011412 milliseconds in repetition 67
tcp_ping received 64 bytes back
Round trip time was 0.011336 milliseconds in repetition 68
tcp_ping received 64 bytes back
Round trip time was 0.011404 milliseconds in repetition 69
tcp_ping received 64 bytes back
Round trip time was 0.011355 milliseconds in repetition 70
tcp_ping received 64 bytes back
Round trip time was 0.011485 milliseconds in repetition 71
tcp_ping received 64 bytes back
Round trip time was 0.011332 milliseconds in repetition 72
tcp_ping received 64 bytes back
Round trip time was 0.011421 milliseconds in repetition 73
tcp_ping received 64 bytes back
Round trip time was 0.011298 milliseconds in repetition 74
tcp_ping received 64 bytes back
Round trip time was 0.011312 milliseconds in repetition 75
tcp_ping received 64 bytes back
Round trip time was 0.011363 milliseconds in repetition 76
tcp_ping received 64 bytes back
Round trip time was 0.011367 milliseconds in repetition 77
tcp_ping received 64 bytes back
Round trip time was 0.011306 milliseconds in repetition 78
tcp_ping received 64 bytes back
Round trip time was 0.011359 milliseconds in repetition 79
tcp_ping received 64 bytes back
Round trip time was 0.01137 milliseconds in repetition 80
tcp_ping received 64 bytes back
Round trip time was 0.011336 milliseconds in repetition 81
tcp_ping received 64 bytes back
Round trip time was 0.011278 milliseconds in repetition 82
tcp_ping received 64 bytes back
Round trip time was 0.011333 milliseconds in repetition 83
tcp_ping received 64 bytes back
Round trip time was 0.01137 milliseconds in repetition 84
tcp_ping received 64 bytes back
Round trip time was 0.011339 milliseconds in repetition 85
tcp_ping received 64 bytes back
Round trip time was 0.01131 milliseconds in repetition 86
tcp_ping received 64 bytes back
Round trip time was 0.011332 milliseconds in repetition 87
tcp_ping received 64 bytes back
Round trip time was 0.011287 milliseconds in repetition 88
tcp_ping received 64 bytes back
Round trip time was 0.011371 milliseconds in repetition 89
tcp_ping received 64 bytes back
Round trip time was 0.01225 milliseconds in repetition 90
tcp_ping received 64 bytes back
Round trip time was 0.011372 milliseconds in repetition 91
tcp_ping received 64 bytes back
Round trip time was 1.22578 milliseconds in repetition 92
tcp_ping received 64 bytes back
Round trip time was 0.016606 milliseconds in repetition 93
tcp_ping received 64 bytes back
Round trip time was 0.011517 milliseconds in repetition 94
tcp_ping received 64 bytes back
Round trip time was 0.01129 milliseconds in repetition 95
tcp_ping received 64 bytes back
Round trip time was 0.011342 milliseconds in repetition 96
tcp_ping received 64 bytes back
Round trip time was 0.011303 milliseconds in repetition 97
tcp_ping received 64 bytes back
Round trip time was 0.011366 milliseconds in repetition 98
tcp_ping received 64 bytes back
Round trip time was 0.011323 milliseconds in repetition 99
tcp_ping received 64 bytes back
Round trip time was 0.011389 milliseconds in repetition 100
tcp_ping received 64 bytes back
Round trip time was 0.011298 milliseconds in repetition 101
tcp_ping received 64 bytes back
Round trip time was 0.011414 milliseconds in repetition 102
tcp_ping received 64 bytes back
Round trip time was 0.011308 milliseconds in repetition 103
tcp_ping received 64 bytes back
Round trip time was 0.011407 milliseconds in repetition 104
tcp_ping received 64 bytes back
Round trip time was 0.011354 milliseconds in repetition 105
tcp_ping received 64 bytes back
Round trip time was 0.011361 milliseconds in repetition 106
tcp_ping received 64 bytes back
Round trip time was 0.011369 milliseconds in repetition 107
tcp_ping received 64 bytes back
Round trip time was 0.011341 milliseconds in repetition 108
tcp_ping received 64 bytes back
Round trip time was 0.011349 milliseconds in repetition 109
tcp_ping received 64 bytes back
Round trip time was 0.070737 milliseconds in repetition 110
tcp_ping received 64 bytes back
Round trip time was 0.012929 milliseconds in repetition 111
tcp_ping received 64 bytes back
Round trip time was 0.011431 milliseconds in repetition 112
tcp_ping received 64 bytes back
Round trip time was 1.03205 milliseconds in repetition 113
tcp_ping received 64 bytes back
Round trip time was 0.015803 milliseconds in repetition 114
tcp_ping received 64 bytes back
Round trip time was 0.011398 milliseconds in repetition 115
tcp_ping received 64 bytes back
Round trip time was 0.011436 milliseconds in repetition 116
tcp_ping received 64 bytes back
Round trip time was 0.011313 milliseconds in repetition 117
tcp_ping received 64 bytes back
Round trip time was 0.011395 milliseconds in repetition 118
tcp_ping received 64 bytes back
Round trip time was 0.011323 milliseconds in repetition 119
tcp_ping received 64 bytes back
Round trip time was 0.01134 milliseconds in repetition 120
tcp_ping received 64 bytes back
Round trip time was 0.011335 milliseconds in repetition 121
tcp_ping received 64 bytes back
Round trip time was 0.011397 milliseconds in repetition 122
tcp_ping received 64 bytes back
Round trip time was 0.011311 milliseconds in repetition 123
tcp_ping received 64 bytes back
Round trip time was 0.011416 milliseconds in repetition 124
tcp_ping received 64 bytes back
Round trip time was 0.011266 milliseconds in repetition 125
tcp_ping received 64 bytes back
Round trip time was 0.011367 milliseconds in repetition 126
tcp_ping received 64 bytes back
Round trip time was 0.011287 milliseconds in repetition 127
tcp_ping received 64 bytes back
Round trip time was 0.011359 milliseconds in repetition 128
tcp_ping received 64 bytes back
Round trip time was 0.011335 milliseconds in repetition 129
tcp_ping received 64 bytes back
Round trip time was 0.011333 milliseconds in repetition 130
tcp_ping received 64 bytes back
Round trip time was 0.011384 milliseconds in repetition 131
tcp_ping received 64 bytes back
Round trip time was 0.011372 milliseconds in repetition 132
tcp_ping received 64 bytes back
Round trip time was 0.011331 milliseconds in repetition 133
tcp_ping received 64 bytes back
Round trip time was 0.012242 milliseconds in repetition 134
tcp_ping received 64 bytes back
Round trip time was 0.011319 milliseconds in repetition 135
tcp_ping received 64 bytes back
Round trip time was 0.011391 milliseconds in repetition 136
tcp_ping received 64 bytes back
Round trip time was 0.011299 milliseconds in repetition 137
tcp_ping received 64 bytes back
Round trip time was 0.011448 milliseconds in repetition 138
tcp_ping received 64 bytes back
Round trip time was 0.011365 milliseconds in repetition 139
tcp_ping received 64 bytes back
Round trip time was 0.011325 milliseconds in repetition 140
tcp_ping received 64 bytes back
Round trip time was 0.011247 milliseconds in repetition 141
tcp_ping received 64 bytes back
Round trip time was 0.011372 milliseconds in repetition 142
tcp_ping received 64 bytes back
Round trip time was 0.011309 milliseconds in repetition 143
tcp_ping received 64 bytes back
Round trip time was 0.011365 milliseconds in repetition 144
tcp_ping received 64 bytes back
Round trip time was 0.011239 milliseconds in repetition 145
tcp_ping received 64 bytes back
Round trip time was 0.011349 milliseconds in repetition 146
tcp_ping received 64 bytes back
Round trip time was 0.011383 milliseconds in repetition 147
tcp_ping received 64 bytes back
Round trip time was 0.011282 milliseconds in repetition 148
tcp_ping received 64 bytes back
Round trip time was 0.011316 milliseconds in repetition 149
tcp_ping received 64 bytes back
Round trip time was 0.011311 milliseconds in repetition 150
tcp_ping received 64 bytes back
Round trip time was 0.032944 milliseconds in repetition 151
tcp_ping received 64 bytes back
Round trip time was 0.011896 milliseconds in repetition 152
tcp_ping received 64 bytes back
Round trip time was 0.011362 milliseconds in repetition 153
tcp_ping received 64 bytes back
Round trip time was 0.011262 milliseconds in repetition 154
tcp_ping received 64 bytes back
Round trip time was 0.011275 milliseconds in repetition 155
tcp_ping received 64 bytes back
Round trip time was 0.011202 milliseconds in repetition 156
tcp_ping received 64 bytes back
Round trip time was 0.011265 milliseconds in repetition 157
tcp_ping received 64 bytes back
Round trip time was 0.011199 milliseconds in repetition 158
tcp_ping received 64 bytes back
Round trip time was 0.011292 milliseconds in repetition 159
tcp_ping received 64 bytes back
Round trip time was 0.011213 milliseconds in repetition 160
tcp_ping received 64 bytes back
Round trip time was 0.011256 milliseconds in repetition 161
tcp_ping received 64 bytes back
Round trip time was 0.011283 milliseconds in repetition 162
tcp_ping received 64 bytes back
Round trip time was 0.01126 milliseconds in repetition 163
tcp_ping received 64 bytes back
Round trip time was 0.011185 milliseconds in repetition 164
tcp_ping received 64 bytes back
Round trip time was 0.011274 milliseconds in repetition 165
tcp_ping received 64 bytes back
Round trip time was 0.011174 milliseconds in repetition 166
tcp_ping received 64 bytes back
Round trip time was 0.011301 milliseconds in repetition 167
tcp_ping received 64 bytes back
Round trip time was 0.011225 milliseconds in repetition 168
tcp_ping received 64 bytes back
Round trip time was 0.011247 milliseconds in repetition 169
tcp_ping received 64 bytes back
Round trip time was 0.011193 milliseconds in repetition 170
tcp_ping received 64 bytes back
Round trip time was 0.011216 milliseconds in repetition 171
tcp_ping received 64 bytes back
Round trip time was 0.011205 milliseconds in repetition 172
tcp_ping received 64 bytes back
Round trip time was 0.011221 milliseconds in repetition 173
tcp_ping received 64 bytes back
Round trip time was 0.011201 milliseconds in repetition 174
tcp_ping received 64 bytes back
Round trip time was 0.01132 milliseconds in repetition 175
tcp_ping received 64 bytes back
Round trip time was 0.011162 milliseconds in repetition 176
tcp_ping received 64 bytes back
Round trip time was 0.011231 milliseconds in repetition 177
tcp_ping received 64 bytes back
Round trip time was 0.011238 milliseconds in repetition 178
tcp_ping received 64 bytes back
Round trip time was 0.011951 milliseconds in repetition 179
tcp_ping received 64 bytes back
Round trip time was 0.011299 milliseconds in repetition 180
tcp_ping received 64 bytes back
Round trip time was 0.011369 milliseconds in repetition 181
tcp_ping received 64 bytes back
Round trip time was 0.011396 milliseconds in repetition 182
tcp_ping received 64 bytes back
Round trip time was 0.011461 milliseconds in repetition 183
tcp_ping received 64 bytes back
Round trip time was 0.01129 milliseconds in repetition 184
tcp_ping received 64 bytes back
Round trip time was 0.011276 milliseconds in repetition 185
tcp_ping received 64 bytes back
Round trip time was 0.011263 milliseconds in repetition 186
tcp_ping received 64 bytes back
Round trip time was 0.011331 milliseconds in repetition 187
tcp_ping received 64 bytes back
Round trip time was 0.011239 milliseconds in repetition 188
tcp_ping received 64 bytes back
Round trip time was 1.08834 milliseconds in repetition 189
tcp_ping received 64 bytes back
Round trip time was 0.020874 milliseconds in repetition 190
tcp_ping received 64 bytes back
Round trip time was 0.011623 milliseconds in repetition 191
tcp_ping received 64 bytes back
Round trip time was 0.011428 milliseconds in repetition 192
tcp_ping received 64 bytes back
Round trip time was 0.011298 milliseconds in repetition 193
tcp_ping received 64 bytes back
Round trip time was 0.011423 milliseconds in repetition 194
tcp_ping received 64 bytes back
Round trip time was 0.011289 milliseconds in repetition 195
tcp_ping received 64 bytes back
Round trip time was 0.011323 milliseconds in repetition 196
tcp_ping received 64 bytes back
Round trip time was 0.011317 milliseconds in repetition 197
tcp_ping received 64 bytes back
Round trip time was 0.011379 milliseconds in repetition 198
tcp_ping received 64 bytes back
Round trip time was 0.011295 milliseconds in repetition 199
tcp_ping received 64 bytes back
Round trip time was 0.011359 milliseconds in repetition 200
tcp_ping received 64 bytes back
Round trip time was 0.011348 milliseconds in repetition 201
tcp_ping received 64 bytes back
Round trip time was 0.011346 milliseconds in repetition 202
tcp_ping received 64 bytes back
Round trip time was 0.011253 milliseconds in repetition 203
tcp_ping received 64 bytes back
Round trip time was 0.011369 milliseconds in repetition 204
tcp_ping received 64 bytes back
Round trip time was 0.01138 milliseconds in repetition 205
tcp_ping received 64 bytes back
Round trip time was 0.011428 milliseconds in repetition 206
tcp_ping received 64 bytes back
Round trip time was 0.011309 milliseconds in repetition 207
tcp_ping received 64 bytes back
Round trip time was 0.011338 milliseconds in repetition 208
tcp_ping received 64 bytes back
Round trip time was 0.011295 milliseconds in repetition 209
tcp_ping received 64 bytes back
Round trip time was 0.011343 milliseconds in repetition 210
tcp_ping received 64 bytes back
Round trip time was 0.011279 milliseconds in repetition 211
tcp_ping received 64 bytes back
Round trip time was 0.011382 milliseconds in repetition 212
tcp_ping received 64 bytes back
Round trip time was 0.011295 milliseconds in repetition 213
tcp_ping received 64 bytes back
Round trip time was 0.032052 milliseconds in repetition 214
tcp_ping received 64 bytes back
Round trip time was 0.026505 milliseconds in repetition 215
tcp_ping received 64 bytes back
Round trip time was 0.011738 milliseconds in repetition 216
tcp_ping received 64 bytes back
Round trip time was 0.01146 milliseconds in repetition 217
tcp_ping received 64 bytes back
Round trip time was 0.011407 milliseconds in repetition 218
tcp_ping received 64 bytes back
Round trip time was 0.01136 milliseconds in repetition 219
tcp_ping received 64 bytes back
Round trip time was 0.011418 milliseconds in repetition 220
tcp_ping received 64 bytes back
Round trip time was 0.011288 milliseconds in repetition 221
tcp_ping received 64 bytes back
Round trip time was 0.011445 milliseconds in repetition 222
tcp_ping received 64 bytes back
Round trip time was 0.011314 milliseconds in repetition 223
tcp_ping received 64 bytes back
Round trip time was 0.012246 milliseconds in repetition 224
tcp_ping received 64 bytes back
Round trip time was 0.011416 milliseconds in repetition 225
tcp_ping received 64 bytes back
Round trip time was 0.011312 milliseconds in repetition 226
tcp_ping received 64 bytes back
Round trip time was 0.011577 milliseconds in repetition 227
tcp_ping received 64 bytes back
Round trip time was 0.011366 milliseconds in repetition 228
tcp_ping received 64 bytes back
Round trip time was 0.011381 milliseconds in repetition 229
tcp_ping received 64 bytes back
Round trip time was 0.0113 milliseconds in repetition 230
tcp_ping received 64 bytes back
Round trip time was 0.01137 milliseconds in repetition 231
tcp_ping received 64 bytes back
Round trip time was 0.011374 milliseconds in repetition 232
tcp_ping received 64 bytes back
Round trip time was 0.01133 milliseconds in repetition 233
tcp_ping received 64 bytes back
Round trip time was 0.011292 milliseconds in repetition 234
tcp_ping received 64 bytes back
Round trip time was 0.011331 milliseconds in repetition 235
tcp_ping received 64 bytes back
Round trip time was 0.011282 milliseconds in repetition 236
tcp_ping received 64 bytes back
Round trip time was 0.011358 milliseconds in repetition 237
tcp_ping received 64 bytes back
Round trip time was 0.011264 milliseconds in repetition 238
tcp_ping received 64 bytes back
Round trip time was 0.011359 milliseconds in repetition 239
tcp_ping received 64 bytes back
Round trip time was 0.011288 milliseconds in repetition 240
tcp_ping received 64 bytes back
Round trip time was 0.011314 milliseconds in repetition 241
tcp_ping received 64 bytes back
Round trip time was 0.011334 milliseconds in repetition 242
tcp_ping received 64 bytes back
Round trip time was 0.011363 milliseconds in repetition 243
tcp_ping received 64 bytes back
Round trip time was 0.01128 milliseconds in repetition 244
tcp_ping received 64 bytes back
Round trip time was 0.011402 milliseconds in repetition 245
tcp_ping received 64 bytes back
Round trip time was 0.011273 milliseconds in repetition 246
tcp_ping received 64 bytes back
Round trip time was 0.01137 milliseconds in repetition 247
tcp_ping received 64 bytes back
Round trip time was 0.011342 milliseconds in repetition 248
tcp_ping received 64 bytes back
Round trip time was 0.011346 milliseconds in repetition 249
tcp_ping received 64 bytes back
Round trip time was 0.011294 milliseconds in repetition 250
tcp_ping received 64 bytes back
Round trip time was 0.011346 milliseconds in repetition 251
tcp_ping received 64 bytes back
Round trip time was 0.011294 milliseconds in repetition 252
tcp_ping received 64 bytes back
Round trip time was 0.011363 milliseconds in repetition 253
tcp_ping received 64 bytes back
Round trip time was 0.011286 milliseconds in repetition 254
tcp_ping received 64 bytes back
Round trip time was 0.011363 milliseconds in repetition 255
tcp_ping received 64 bytes back
Round trip time was 0.011279 milliseconds in repetition 256
tcp_ping received 64 bytes back
Round trip time was 0.011334 milliseconds in repetition 257
tcp_ping received 64 bytes back
Round trip time was 0.011283 milliseconds in repetition 258
tcp_ping received 64 bytes back
Round trip time was 0.011316 milliseconds in repetition 259
tcp_ping received 64 bytes back
Round trip time was 0.999932 milliseconds in repetition 260
tcp_ping received 64 bytes back
Round trip time was 0.015364 milliseconds in repetition 261
tcp_ping received 64 bytes back
Round trip time was 0.011321 milliseconds in repetition 262
tcp_ping received 64 bytes back
Round trip time was 0.011331 milliseconds in repetition 263
tcp_ping received 64 bytes back
Round trip time was 0.011312 milliseconds in repetition 264
tcp_ping received 64 bytes back
Round trip time was 0.011326 milliseconds in repetition 265
tcp_ping received 64 bytes back
Round trip time was 0.011306 milliseconds in repetition 266
tcp_ping received 64 bytes back
Round trip time was 0.011388 milliseconds in repetition 267
tcp_ping received 64 bytes back
Round trip time was 0.0121 milliseconds in repetition 268
tcp_ping received 64 bytes back
Round trip time was 0.011504 milliseconds in repetition 269
tcp_ping received 64 bytes back
Round trip time was 0.01129 milliseconds in repetition 270
tcp_ping received 64 bytes back
Round trip time was 0.011401 milliseconds in repetition 271
tcp_ping received 64 bytes back
Round trip time was 0.011349 milliseconds in repetition 272
tcp_ping received 64 bytes back
Round trip time was 0.011401 milliseconds in repetition 273
tcp_ping received 64 bytes back
Round trip time was 0.011328 milliseconds in repetition 274
tcp_ping received 64 bytes back
Round trip time was 0.011347 milliseconds in repetition 275
tcp_ping received 64 bytes back
Round trip time was 0.011431 milliseconds in repetition 276
tcp_ping received 64 bytes back
Round trip time was 0.011384 milliseconds in repetition 277
tcp_ping received 64 bytes back
Round trip time was 0.011304 milliseconds in repetition 278
tcp_ping received 64 bytes back
Round trip time was 0.011377 milliseconds in repetition 279
tcp_ping received 64 bytes back
Round trip time was 0.011314 milliseconds in repetition 280
tcp_ping received 64 bytes back
Round trip time was 0.011379 milliseconds in repetition 281
tcp_ping received 64 bytes back
Round trip time was 0.011309 milliseconds in repetition 282
tcp_ping received 64 bytes back
Round trip time was 0.011424 milliseconds in repetition 283
tcp_ping received 64 bytes back
Round trip time was 0.011331 milliseconds in repetition 284
tcp_ping received 64 bytes back
Round trip time was 0.011327 milliseconds in repetition 285
tcp_ping received 64 bytes back
Round trip time was 0.071564 milliseconds in repetition 286
tcp_ping received 64 bytes back
Round trip time was 0.012117 milliseconds in repetition 287
tcp_ping received 64 bytes back
Round trip time was 0.011376 milliseconds in repetition 288
tcp_ping received 64 bytes back
Round trip time was 0.011325 milliseconds in repetition 289
tcp_ping received 64 bytes back
Round trip time was 0.011335 milliseconds in repetition 290
tcp_ping received 64 bytes back
Round trip time was 0.011284 milliseconds in repetition 291
tcp_ping received 64 bytes back
Round trip time was 0.011304 milliseconds in repetition 292
tcp_ping received 64 bytes back
Round trip time was 0.011275 milliseconds in repetition 293
tcp_ping received 64 bytes back
Round trip time was 0.011383 milliseconds in repetition 294
tcp_ping received 64 bytes back
Round trip time was 0.011231 milliseconds in repetition 295
tcp_ping received 64 bytes back
Round trip time was 0.011394 milliseconds in repetition 296
tcp_ping received 64 bytes back
Round trip time was 0.011398 milliseconds in repetition 297
tcp_ping received 64 bytes back
Round trip time was 0.011356 milliseconds in repetition 298
tcp_ping received 64 bytes back
Round trip time was 0.011292 milliseconds in repetition 299
tcp_ping received 64 bytes back
Round trip time was 0.011351 milliseconds in repetition 300
tcp_ping received 64 bytes back
Round trip time was 0.011332 milliseconds in repetition 301
tcp_ping received 64 bytes back
Round trip time was 0.011396 milliseconds in repetition 302
tcp_ping received 64 bytes back
Round trip time was 0.011291 milliseconds in repetition 303
tcp_ping received 64 bytes back
Round trip time was 0.011353 milliseconds in repetition 304
tcp_ping received 64 bytes back
Round trip time was 0.011268 milliseconds in repetition 305
tcp_ping received 64 bytes back
Round trip time was 0.011327 milliseconds in repetition 306
tcp_ping received 64 bytes back
Round trip time was 0.011295 milliseconds in repetition 307
tcp_ping received 64 bytes back
Round trip time was 0.011394 milliseconds in repetition 308
tcp_ping received 64 bytes back
Round trip time was 0.011286 milliseconds in repetition 309
tcp_ping received 64 bytes back
Round trip time was 0.011614 milliseconds in repetition 310
tcp_ping received 64 bytes back
Round trip time was 0.011258 milliseconds in repetition 311
tcp_ping received 64 bytes back
Round trip time was 0.011345 milliseconds in repetition 312
tcp_ping received 64 bytes back
Round trip time was 0.011875 milliseconds in repetition 313
tcp_ping received 64 bytes back
Round trip time was 0.011516 milliseconds in repetition 314
tcp_ping received 64 bytes back
Round trip time was 0.011304 milliseconds in repetition 315
tcp_ping received 64 bytes back
Round trip time was 0.011423 milliseconds in repetition 316
tcp_ping received 64 bytes back
Round trip time was 0.011339 milliseconds in repetition 317
tcp_ping received 64 bytes back
Round trip time was 0.011409 milliseconds in repetition 318
tcp_ping received 64 bytes back
Round trip time was 0.011413 milliseconds in repetition 319
tcp_ping received 64 bytes back
Round trip time was 0.011317 milliseconds in repetition 320
tcp_ping received 64 bytes back
Round trip time was 0.011379 milliseconds in repetition 321
tcp_ping received 64 bytes back
Round trip time was 0.011341 milliseconds in repetition 322
tcp_ping received 64 bytes back
Round trip time was 0.011355 milliseconds in repetition 323
tcp_ping received 64 bytes back
Round trip time was 0.01144 milliseconds in repetition 324
tcp_ping received 64 bytes back
Round trip time was 0.01135 milliseconds in repetition 325
tcp_ping received 64 bytes back
Round trip time was 0.011386 milliseconds in repetition 326
tcp_ping received 64 bytes back
Round trip time was 0.011299 milliseconds in repetition 327
tcp_ping received 64 bytes back
Round trip time was 0.011444 milliseconds in repetition 328
tcp_ping received 64 bytes back
Round trip time was 0.011279 milliseconds in repetition 329
tcp_ping received 64 bytes back
Round trip time was 0.01137 milliseconds in repetition 330
tcp_ping received 64 bytes back
Round trip time was 0.011361 milliseconds in repetition 331
tcp_ping received 64 bytes back
Round trip time was 0.011392 milliseconds in repetition 332
tcp_ping received 64 bytes back
Round trip time was 0.011334 milliseconds in repetition 333
tcp_ping received 64 bytes back
Round trip time was 0.011457 milliseconds in repetition 334
tcp_ping received 64 bytes back
Round trip time was 0.011339 milliseconds in repetition 335
tcp_ping received 64 bytes back
Round trip time was 0.011486 milliseconds in repetition 336
tcp_ping received 64 bytes back
Round trip time was 0.011404 milliseconds in repetition 337
tcp_ping received 64 bytes back
Round trip time was 0.011376 milliseconds in repetition 338
tcp_ping received 64 bytes back
Round trip time was 0.011378 milliseconds in repetition 339
tcp_ping received 64 bytes back
Round trip time was 0.011354 milliseconds in repetition 340
tcp_ping received 64 bytes back
Round trip time was 0.011352 milliseconds in repetition 341
tcp_ping received 64 bytes back
Round trip time was 0.011426 milliseconds in repetition 342
tcp_ping received 64 bytes back
Round trip time was 0.011373 milliseconds in repetition 343
tcp_ping received 64 bytes back
Round trip time was 0.011407 milliseconds in repetition 344
tcp_ping received 64 bytes back
Round trip time was 0.011321 milliseconds in repetition 345
tcp_ping received 64 bytes back
Round trip time was 0.011376 milliseconds in repetition 346
tcp_ping received 64 bytes back
Round trip time was 0.011324 milliseconds in repetition 347
tcp_ping received 64 bytes back
Round trip time was 0.011397 milliseconds in repetition 348
tcp_ping received 64 bytes back
Round trip time was 0.01141 milliseconds in repetition 349
tcp_ping received 64 bytes back
Round trip time was 0.011332 milliseconds in repetition 350
tcp_ping received 64 bytes back
Round trip time was 0.011376 milliseconds in repetition 351
tcp_ping received 64 bytes back
Round trip time was 0.011424 milliseconds in repetition 352
tcp_ping received 64 bytes back
Round trip time was 0.011324 milliseconds in repetition 353
tcp_ping received 64 bytes back
Round trip time was 0.011395 milliseconds in repetition 354
tcp_ping received 64 bytes back
Round trip time was 0.011366 milliseconds in repetition 355
tcp_ping received 64 bytes back
Round trip time was 0.011357 milliseconds in repetition 356
tcp_ping received 64 bytes back
Round trip time was 0.011894 milliseconds in repetition 357
tcp_ping received 64 bytes back
Round trip time was 0.032054 milliseconds in repetition 358
tcp_ping received 64 bytes back
Round trip time was 0.065434 milliseconds in repetition 359
tcp_ping received 64 bytes back
Round trip time was 0.011644 milliseconds in repetition 360
tcp_ping received 64 bytes back
Round trip time was 0.011729 milliseconds in repetition 361
tcp_ping received 64 bytes back
Round trip time was 0.011238 milliseconds in repetition 362
tcp_ping received 64 bytes back
Round trip time was 0.011265 milliseconds in repetition 363
tcp_ping received 64 bytes back
Round trip time was 0.011261 milliseconds in repetition 364
tcp_ping received 64 bytes back
Round trip time was 0.011298 milliseconds in repetition 365
tcp_ping received 64 bytes back
Round trip time was 0.011294 milliseconds in repetition 366
tcp_ping received 64 bytes back
Round trip time was 0.011285 milliseconds in repetition 367
tcp_ping received 64 bytes back
Round trip time was 0.011236 milliseconds in repetition 368
tcp_ping received 64 bytes back
Round trip time was 0.011317 milliseconds in repetition 369
tcp_ping received 64 bytes back
Round trip time was 0.01122 milliseconds in repetition 370
tcp_ping received 64 bytes back
Round trip time was 0.011337 milliseconds in repetition 371
tcp_ping received 64 bytes back
Round trip time was 0.011254 milliseconds in repetition 372
tcp_ping received 64 bytes back
Round trip time was 0.011305 milliseconds in repetition 373
tcp_ping received 64 bytes back
Round trip time was 0.011273 milliseconds in repetition 374
tcp_ping received 64 bytes back
Round trip time was 0.011341 milliseconds in repetition 375
tcp_ping received 64 bytes back
Round trip time was 0.011282 milliseconds in repetition 376
tcp_ping received 64 bytes back
Round trip time was 0.011347 milliseconds in repetition 377
tcp_ping received 64 bytes back
Round trip time was 0.011224 milliseconds in repetition 378
tcp_ping received 64 bytes back
Round trip time was 0.01131 milliseconds in repetition 379
tcp_ping received 64 bytes back
Round trip time was 0.011282 milliseconds in repetition 380
tcp_ping received 64 bytes back
Round trip time was 0.011265 milliseconds in repetition 381
tcp_ping received 64 bytes back
Round trip time was 0.011298 milliseconds in repetition 382
tcp_ping received 64 bytes back
Round trip time was 0.011318 milliseconds in repetition 383
tcp_ping received 64 bytes back
Round trip time was 0.011243 milliseconds in repetition 384
tcp_ping received 64 bytes back
Round trip time was 0.011295 milliseconds in repetition 385
tcp_ping received 64 bytes back
Round trip time was 0.011252 milliseconds in repetition 386
tcp_ping received 64 bytes back
Round trip time was 0.032338 milliseconds in repetition 387
tcp_ping received 64 bytes back
Round trip time was 0.01154 milliseconds in repetition 388
tcp_ping received 64 bytes back
Round trip time was 0.011591 milliseconds in repetition 389
tcp_ping received 64 bytes back
Round trip time was 0.011582 milliseconds in repetition 390
tcp_ping received 64 bytes back
Round trip time was 0.011581 milliseconds in repetition 391
tcp_ping received 64 bytes back
Round trip time was 0.011602 milliseconds in repetition 392
tcp_ping received 64 bytes back
Round trip time was 0.011581 milliseconds in repetition 393
tcp_ping received 64 bytes back
Round trip time was 0.011513 milliseconds in repetition 394
tcp_ping received 64 bytes back
Round trip time was 0.011691 milliseconds in repetition 395
tcp_ping received 64 bytes back
Round trip time was 0.011559 milliseconds in repetition 396
tcp_ping received 64 bytes back
Round trip time was 0.011563 milliseconds in repetition 397
tcp_ping received 64 bytes back
Round trip time was 0.011581 milliseconds in repetition 398
tcp_ping received 64 bytes back
Round trip time was 0.011627 milliseconds in repetition 399
tcp_ping received 64 bytes back
Round trip time was 0.011562 milliseconds in repetition 400
tcp_ping received 64 bytes back
Round trip time was 0.011639 milliseconds in repetition 401
tcp_ping received 64 bytes back
Round trip time was 0.012299 milliseconds in repetition 402
tcp_ping received 64 bytes back
Round trip time was 0.011628 milliseconds in repetition 403
tcp_ping received 64 bytes back
Round trip time was 0.011587 milliseconds in repetition 404
tcp_ping received 64 bytes back
Round trip time was 0.01162 milliseconds in repetition 405
tcp_ping received 64 bytes back
Round trip time was 0.011556 milliseconds in repetition 406
tcp_ping received 64 bytes back
Round trip time was 0.011637 milliseconds in repetition 407
tcp_ping received 64 bytes back
Round trip time was 0.011551 milliseconds in repetition 408
tcp_ping received 64 bytes back
Round trip time was 0.011671 milliseconds in repetition 409
tcp_ping received 64 bytes back
Round trip time was 0.011597 milliseconds in repetition 410
tcp_ping received 64 bytes back
Round trip time was 0.011622 milliseconds in repetition 411
tcp_ping received 64 bytes back
Round trip time was 0.011625 milliseconds in repetition 412
tcp_ping received 64 bytes back
Round trip time was 0.011596 milliseconds in repetition 413
tcp_ping received 64 bytes back
Round trip time was 0.011557 milliseconds in repetition 414
tcp_ping received 64 bytes back
Round trip time was 0.011607 milliseconds in repetition 415
tcp_ping received 64 bytes back
Round trip time was 0.011537 milliseconds in repetition 416
tcp_ping received 64 bytes back
Round trip time was 0.011665 milliseconds in repetition 417
tcp_ping received 64 bytes back
Round trip time was 2.31728 milliseconds in repetition 418
tcp_ping received 64 bytes back
Round trip time was 0.020073 milliseconds in repetition 419
tcp_ping received 64 bytes back
Round trip time was 0.011318 milliseconds in repetition 420
tcp_ping received 64 bytes back
Round trip time was 0.01139 milliseconds in repetition 421
tcp_ping received 64 bytes back
Round trip time was 0.011275 milliseconds in repetition 422
tcp_ping received 64 bytes back
Round trip time was 0.011496 milliseconds in repetition 423
tcp_ping received 64 bytes back
Round trip time was 0.011377 milliseconds in repetition 424
tcp_ping received 64 bytes back
Round trip time was 0.011303 milliseconds in repetition 425
tcp_ping received 64 bytes back
Round trip time was 0.011224 milliseconds in repetition 426
tcp_ping received 64 bytes back
Round trip time was 0.011369 milliseconds in repetition 427
tcp_ping received 64 bytes back
Round trip time was 0.011297 milliseconds in repetition 428
tcp_ping received 64 bytes back
Round trip time was 0.011345 milliseconds in repetition 429
tcp_ping received 64 bytes back
Round trip time was 0.011316 milliseconds in repetition 430
tcp_ping received 64 bytes back
Round trip time was 0.011382 milliseconds in repetition 431
tcp_ping received 64 bytes back
Round trip time was 0.01135 milliseconds in repetition 432
tcp_ping received 64 bytes back
Round trip time was 0.011386 milliseconds in repetition 433
tcp_ping received 64 bytes back
Round trip time was 0.011325 milliseconds in repetition 434
tcp_ping received 64 bytes back
Round trip time was 0.011333 milliseconds in repetition 435
tcp_ping received 64 bytes back
Round trip time was 0.011266 milliseconds in repetition 436
tcp_ping received 64 bytes back
Round trip time was 0.011355 milliseconds in repetition 437
tcp_ping received 64 bytes back
Round trip time was 0.011274 milliseconds in repetition 438
tcp_ping received 64 bytes back
Round trip time was 0.01143 milliseconds in repetition 439
tcp_ping received 64 bytes back
Round trip time was 0.042826 milliseconds in repetition 440
tcp_ping received 64 bytes back
Round trip time was 0.014053 milliseconds in repetition 441
tcp_ping received 64 bytes back
Round trip time was 0.010322 milliseconds in repetition 442
tcp_ping received 64 bytes back
Round trip time was 0.010227 milliseconds in repetition 443
tcp_ping received 64 bytes back
Round trip time was 0.010145 milliseconds in repetition 444
tcp_ping received 64 bytes back
Round trip time was 0.010103 milliseconds in repetition 445
tcp_ping received 64 bytes back
Round trip time was 0.010944 milliseconds in repetition 446
tcp_ping received 64 bytes back
Round trip time was 0.010068 milliseconds in repetition 447
tcp_ping received 64 bytes back
Round trip time was 0.010342 milliseconds in repetition 448
tcp_ping received 64 bytes back
Round trip time was 0.010049 milliseconds in repetition 449
tcp_ping received 64 bytes back
Round trip time was 0.010089 milliseconds in repetition 450
tcp_ping received 64 bytes back
Round trip time was 0.010088 milliseconds in repetition 451
tcp_ping received 64 bytes back
Round trip time was 0.010093 milliseconds in repetition 452
tcp_ping received 64 bytes back
Round trip time was 0.010123 milliseconds in repetition 453
tcp_ping received 64 bytes back
Round trip time was 0.010179 milliseconds in repetition 454
tcp_ping received 64 bytes back
Round trip time was 0.010035 milliseconds in repetition 455
tcp_ping received 64 bytes back
Round trip time was 0.01009 milliseconds in repetition 456
tcp_ping received 64 bytes back
Round trip time was 0.010143 milliseconds in repetition 457
tcp_ping received 64 bytes back
Round trip time was 0.010129 milliseconds in repetition 458
tcp_ping received 64 bytes back
Round trip time was 0.010069 milliseconds in repetition 459
tcp_ping received 64 bytes back
Round trip time was 0.010106 milliseconds in repetition 460
tcp_ping received 64 bytes back
Round trip time was 0.010052 milliseconds in repetition 461
tcp_ping received 64 bytes back
Round trip time was 0.010119 milliseconds in repetition 462
tcp_ping received 64 bytes back
Round trip time was 0.010149 milliseconds in repetition 463
tcp_ping received 64 bytes back
Round trip time was 0.010088 milliseconds in repetition 464
tcp_ping received 64 bytes back
Round trip time was 0.010069 milliseconds in repetition 465
tcp_ping received 64 bytes back
Round trip time was 0.010162 milliseconds in repetition 466
tcp_ping received 64 bytes back
Round trip time was 0.010084 milliseconds in repetition 467
tcp_ping received 64 bytes back
Round trip time was 0.010133 milliseconds in repetition 468
tcp_ping received 64 bytes back
Round trip time was 0.01009 milliseconds in repetition 469
tcp_ping received 64 bytes back
Round trip time was 0.010093 milliseconds in repetition 470
tcp_ping received 64 bytes back
Round trip time was 0.010088 milliseconds in repetition 471
tcp_ping received 64 bytes back
Round trip time was 0.01014 milliseconds in repetition 472
tcp_ping received 64 bytes back
Round trip time was 0.010076 milliseconds in repetition 473
tcp_ping received 64 bytes back
Round trip time was 0.010112 milliseconds in repetition 474
tcp_ping received 64 bytes back
Round trip time was 0.048076 milliseconds in repetition 475
tcp_ping received 64 bytes back
Round trip time was 0.030839 milliseconds in repetition 476
tcp_ping received 64 bytes back
Round trip time was 0.010239 milliseconds in repetition 477
tcp_ping received 64 bytes back
Round trip time was 0.010168 milliseconds in repetition 478
tcp_ping received 64 bytes back
Round trip time was 0.010098 milliseconds in repetition 479
tcp_ping received 64 bytes back
Round trip time was 0.010138 milliseconds in repetition 480
tcp_ping received 64 bytes back
Round trip time was 0.010061 milliseconds in repetition 481
tcp_ping received 64 bytes back
Round trip time was 0.010114 milliseconds in repetition 482
tcp_ping received 64 bytes back
Round trip time was 0.010123 milliseconds in repetition 483
tcp_ping received 64 bytes back
Round trip time was 0.010108 milliseconds in repetition 484
tcp_ping received 64 bytes back
Round trip time was 0.010036 milliseconds in repetition 485
tcp_ping received 64 bytes back
Round trip time was 0.01016 milliseconds in repetition 486
tcp_ping received 64 bytes back
Round trip time was 0.010042 milliseconds in repetition 487
tcp_ping received 64 bytes back
Round trip time was 0.010172 milliseconds in repetition 488
tcp_ping received 64 bytes back
Round trip time was 0.010074 milliseconds in repetition 489
tcp_ping received 64 bytes back
Round trip time was 0.010103 milliseconds in repetition 490
tcp_ping received 64 bytes back
Round trip time was 0.01079 milliseconds in repetition 491
tcp_ping received 64 bytes back
Round trip time was 0.010085 milliseconds in repetition 492
tcp_ping received 64 bytes back
Round trip time was 0.010183 milliseconds in repetition 493
tcp_ping received 64 bytes back
Round trip time was 0.010176 milliseconds in repetition 494
tcp_ping received 64 bytes back
Round trip time was 0.010141 milliseconds in repetition 495
tcp_ping received 64 bytes back
Round trip time was 0.010091 milliseconds in repetition 496
tcp_ping received 64 bytes back
Round trip time was 0.010185 milliseconds in repetition 497
tcp_ping received 64 bytes back
Round trip time was 0.010065 milliseconds in repetition 498
tcp_ping received 64 bytes back
Round trip time was 0.010148 milliseconds in repetition 499
tcp_ping received 64 bytes back
Round trip time was 0.01008 milliseconds in repetition 500
tcp_ping received 64 bytes back
Round trip time was 0.125217 milliseconds in repetition 501

 ... clock resolution was 1e-06
TCP Ping:  Statistics over 501 repetitions of 64 byte messages

RTT : percentile 10: 0.010185, median: 0.011351, percentile 90: 0.011979, average: 0.0260462, variance: 0.019815

RTT histogram:
0.0100345 492
0.125397 4
0.240759 0
0.356122 0
0.471484 0
0.586846 0
0.702209 0
0.817571 0
0.932934 0
1.0483 3
1.16366 0
1.27902 1
1.39438 0
1.50975 0
1.62511 0
1.74047 0
1.85583 0
1.9712 0
2.08656 0
2.20192 0
2.31728 1
   median Throughput : 11276.5 KB/s   overall Throughput : 4914.34 KB/s

