TCP Ping trying to connect to server localhost (127.0.0.1) on port 1491
 ... connected to Pong server: asking for 501 repetitions of 384 bytes TCP messages
 ... Pong server agreed :-)
tcp_ping received 384 bytes back
Round trip time was 0.018025 milliseconds in repetition 1
tcp_ping received 384 bytes back
Round trip time was 0.013034 milliseconds in repetition 2
tcp_ping received 384 bytes back
Round trip time was 0.012421 milliseconds in repetition 3
tcp_ping received 384 bytes back
Round trip time was 0.012442 milliseconds in repetition 4
tcp_ping received 384 bytes back
Round trip time was 0.012272 milliseconds in repetition 5
tcp_ping received 384 bytes back
Round trip time was 0.012408 milliseconds in repetition 6
tcp_ping received 384 bytes back
Round trip time was 0.012296 milliseconds in repetition 7
tcp_ping received 384 bytes back
Round trip time was 0.012912 milliseconds in repetition 8
tcp_ping received 384 bytes back
Round trip time was 0.01239 milliseconds in repetition 9
tcp_ping received 384 bytes back
Round trip time was 0.012269 milliseconds in repetition 10
tcp_ping received 384 bytes back
Round trip time was 0.012127 milliseconds in repetition 11
tcp_ping received 384 bytes back
Round trip time was 0.012255 milliseconds in repetition 12
tcp_ping received 384 bytes back
Round trip time was 0.012118 milliseconds in repetition 13
tcp_ping received 384 bytes back
Round trip time was 0.012265 milliseconds in repetition 14
tcp_ping received 384 bytes back
Round trip time was 0.01213 milliseconds in repetition 15
tcp_ping received 384 bytes back
Round trip time was 0.012318 milliseconds in repetition 16
tcp_ping received 384 bytes back
Round trip time was 0.012191 milliseconds in repetition 17
tcp_ping received 384 bytes back
Round trip time was 0.012296 milliseconds in repetition 18
tcp_ping received 384 bytes back
Round trip time was 0.01215 milliseconds in repetition 19
tcp_ping received 384 bytes back
Round trip time was 0.012213 milliseconds in repetition 20
tcp_ping received 384 bytes back
Round trip time was 0.03296 milliseconds in repetition 21
tcp_ping received 384 bytes back
Round trip time was 0.013147 milliseconds in repetition 22
tcp_ping received 384 bytes back
Round trip time was 0.012306 milliseconds in repetition 23
tcp_ping received 384 bytes back
Round trip time was 0.012224 milliseconds in repetition 24
tcp_ping received 384 bytes back
Round trip time was 0.012288 milliseconds in repetition 25
tcp_ping received 384 bytes back
Round trip time was 0.012241 milliseconds in repetition 26
tcp_ping received 384 bytes back
Round trip time was 0.012237 milliseconds in repetition 27
tcp_ping received 384 bytes back
Round trip time was 0.012218 milliseconds in repetition 28
tcp_ping received 384 bytes back
Round trip time was 0.01237 milliseconds in repetition 29
tcp_ping received 384 bytes back
Round trip time was 0.01221 milliseconds in repetition 30
tcp_ping received 384 bytes back
Round trip time was 0.012327 milliseconds in repetition 31
tcp_ping received 384 bytes back
Round trip time was 0.01232 milliseconds in repetition 32
tcp_ping received 384 bytes back
Round trip time was 0.012315 milliseconds in repetition 33
tcp_ping received 384 bytes back
Round trip time was 0.012221 milliseconds in repetition 34
tcp_ping received 384 bytes back
Round trip time was 0.01226 milliseconds in repetition 35
tcp_ping received 384 bytes back
Round trip time was 0.012257 milliseconds in repetition 36
tcp_ping received 384 bytes back
Round trip time was 0.012605 milliseconds in repetition 37
tcp_ping received 384 bytes back
Round trip time was 0.012339 milliseconds in repetition 38
tcp_ping received 384 bytes back
Round trip time was 0.012341 milliseconds in repetition 39
tcp_ping received 384 bytes back
Round trip time was 0.012236 milliseconds in repetition 40
tcp_ping received 384 bytes back
Round trip time was 0.012309 milliseconds in repetition 41
tcp_ping received 384 bytes back
Round trip time was 0.012147 milliseconds in repetition 42
tcp_ping received 384 bytes back
Round trip time was 0.012341 milliseconds in repetition 43
tcp_ping received 384 bytes back
Round trip time was 0.013448 milliseconds in repetition 44
tcp_ping received 384 bytes back
Round trip time was 0.032944 milliseconds in repetition 45
tcp_ping received 384 bytes back
Round trip time was 0.076584 milliseconds in repetition 46
tcp_ping received 384 bytes back
Round trip time was 0.012533 milliseconds in repetition 47
tcp_ping received 384 bytes back
Round trip time was 0.012274 milliseconds in repetition 48
tcp_ping received 384 bytes back
Round trip time was 0.012232 milliseconds in repetition 49
tcp_ping received 384 bytes back
Round trip time was 0.012258 milliseconds in repetition 50
tcp_ping received 384 bytes back
Round trip time was 0.01224 milliseconds in repetition 51
tcp_ping received 384 bytes back
Round trip time was 0.012256 milliseconds in repetition 52
tcp_ping received 384 bytes back
Round trip time was 0.012173 milliseconds in repetition 53
tcp_ping received 384 bytes back
Round trip time was 0.012306 milliseconds in repetition 54
tcp_ping received 384 bytes back
Round trip time was 0.012188 milliseconds in repetition 55
tcp_ping received 384 bytes back
Round trip time was 0.012271 milliseconds in repetition 56
tcp_ping received 384 bytes back
Round trip time was 0.012193 milliseconds in repetition 57
tcp_ping received 384 bytes back
Round trip time was 0.012279 milliseconds in repetition 58
tcp_ping received 384 bytes back
Round trip time was 0.012201 milliseconds in repetition 59
tcp_ping received 384 bytes back
Round trip time was 0.012256 milliseconds in repetition 60
tcp_ping received 384 bytes back
Round trip time was 0.012211 milliseconds in repetition 61
tcp_ping received 384 bytes back
Round trip time was 0.012292 milliseconds in repetition 62
tcp_ping received 384 bytes back
Round trip time was 0.012268 milliseconds in repetition 63
tcp_ping received 384 bytes back
Round trip time was 0.012308 milliseconds in repetition 64
tcp_ping received 384 bytes back
Round trip time was 0.012305 milliseconds in repetition 65
tcp_ping received 384 bytes back
Round trip time was 0.012335 milliseconds in repetition 66
tcp_ping received 384 bytes back
Round trip time was 0.012194 milliseconds in repetition 67
tcp_ping received 384 bytes back
Round trip time was 0.012292 milliseconds in repetition 68
tcp_ping received 384 bytes back
Round trip time was 0.012197 milliseconds in repetition 69
tcp_ping received 384 bytes back
Round trip time was 0.012302 milliseconds in repetition 70
tcp_ping received 384 bytes back
Round trip time was 0.012186 milliseconds in repetition 71
tcp_ping received 384 bytes back
Round trip time was 0.012277 milliseconds in repetition 72
tcp_ping received 384 bytes back
Round trip time was 0.012283 milliseconds in repetition 73
tcp_ping received 384 bytes back
Round trip time was 0.012274 milliseconds in repetition 74
tcp_ping received 384 bytes back
Round trip time was 0.012283 milliseconds in repetition 75
tcp_ping received 384 bytes back
Round trip time was 0.012268 milliseconds in repetition 76
tcp_ping received 384 bytes back
Round trip time was 0.012161 milliseconds in repetition 77
tcp_ping received 384 bytes back
Round trip time was 0.012251 milliseconds in repetition 78
tcp_ping received 384 bytes back
Round trip time was 0.01215 milliseconds in repetition 79
tcp_ping received 384 bytes back
Round trip time was 0.012283 milliseconds in repetition 80
tcp_ping received 384 bytes back
Round trip time was 0.074433 milliseconds in repetition 81
tcp_ping received 384 bytes back
Round trip time was 0.014164 milliseconds in repetition 82
tcp_ping received 384 bytes back
Round trip time was 0.012343 milliseconds in repetition 83
tcp_ping received 384 bytes back
Round trip time was 0.012212 milliseconds in repetition 84
tcp_ping received 384 bytes back
Round trip time was 0.012282 milliseconds in repetition 85
tcp_ping received 384 bytes back
Round trip time was 0.012206 milliseconds in repetition 86
tcp_ping received 384 bytes back
Round trip time was 0.012292 milliseconds in repetition 87
tcp_ping received 384 bytes back
Round trip time was 0.012177 milliseconds in repetition 88
tcp_ping received 384 bytes back
Round trip time was 0.01324 milliseconds in repetition 89
tcp_ping received 384 bytes back
Round trip time was 0.012397 milliseconds in repetition 90
tcp_ping received 384 bytes back
Round trip time was 0.012389 milliseconds in repetition 91
tcp_ping received 384 bytes back
Round trip time was 0.012198 milliseconds in repetition 92
tcp_ping received 384 bytes back
Round trip time was 0.012361 milliseconds in repetition 93
tcp_ping received 384 bytes back
Round trip time was 0.012194 milliseconds in repetition 94
tcp_ping received 384 bytes back
Round trip time was 0.012307 milliseconds in repetition 95
tcp_ping received 384 bytes back
Round trip time was 0.012195 milliseconds in repetition 96
tcp_ping received 384 bytes back
Round trip time was 0.012276 milliseconds in repetition 97
tcp_ping received 384 bytes back
Round trip time was 0.012204 milliseconds in repetition 98
tcp_ping received 384 bytes back
Round trip time was 0.012249 milliseconds in repetition 99
tcp_ping received 384 bytes back
Round trip time was 0.012284 milliseconds in repetition 100
tcp_ping received 384 bytes back
Round trip time was 0.012523 milliseconds in repetition 101
tcp_ping received 384 bytes back
Round trip time was 0.012292 milliseconds in repetition 102
tcp_ping received 384 bytes back
Round trip time was 0.012334 milliseconds in repetition 103
tcp_ping received 384 bytes back
Round trip time was 0.01231 milliseconds in repetition 104
tcp_ping received 384 bytes back
Round trip time was 0.033259 milliseconds in repetition 105
tcp_ping received 384 bytes back
Round trip time was 0.042943 milliseconds in repetition 106
tcp_ping received 384 bytes back
Round trip time was 0.012326 milliseconds in repetition 107
tcp_ping received 384 bytes back
Round trip time was 0.01227 milliseconds in repetition 108
tcp_ping received 384 bytes back
Round trip time was 0.012167 milliseconds in repetition 109
tcp_ping received 384 bytes back
Round trip time was 0.012309 milliseconds in repetition 110
tcp_ping received 384 bytes back
Round trip time was 0.446922 milliseconds in repetition 111
tcp_ping received 384 bytes back
Round trip time was 0.016312 milliseconds in repetition 112
tcp_ping received 384 bytes back
Round trip time was 0.012423 milliseconds in repetition 113
tcp_ping received 384 bytes back
Round trip time was 0.012146 milliseconds in repetition 114
tcp_ping received 384 bytes back
Round trip time was 0.012292 milliseconds in repetition 115
tcp_ping received 384 bytes back
Round trip time was 0.012145 milliseconds in repetition 116
tcp_ping received 384 bytes back
Round trip time was 0.012282 milliseconds in repetition 117
tcp_ping received 384 bytes back
Round trip time was 0.012351 milliseconds in repetition 118
tcp_ping received 384 bytes back
Round trip time was 0.012346 milliseconds in repetition 119
tcp_ping received 384 bytes back
Round trip time was 0.012249 milliseconds in repetition 120
tcp_ping received 384 bytes back
Round trip time was 0.01221 milliseconds in repetition 121
tcp_ping received 384 bytes back
Round trip time was 0.012242 milliseconds in repetition 122
tcp_ping received 384 bytes back
Round trip time was 0.012237 milliseconds in repetition 123
tcp_ping received 384 bytes back
Round trip time was 0.01217 milliseconds in repetition 124
tcp_ping received 384 bytes back
Round trip time was 0.012299 milliseconds in repetition 125
tcp_ping received 384 bytes back
Round trip time was 0.012207 milliseconds in repetition 126
tcp_ping received 384 bytes back
Round trip time was 0.012237 milliseconds in repetition 127
tcp_ping received 384 bytes back
Round trip time was 0.012136 milliseconds in repetition 128
tcp_ping received 384 bytes back
Round trip time was 0.012297 milliseconds in repetition 129
tcp_ping received 384 bytes back
Round trip time was 0.012169 milliseconds in repetition 130
tcp_ping received 384 bytes back
Round trip time was 0.012223 milliseconds in repetition 131
tcp_ping received 384 bytes back
Round trip time was 0.012164 milliseconds in repetition 132
tcp_ping received 384 bytes back
Round trip time was 0.013315 milliseconds in repetition 133
tcp_ping received 384 bytes back
Round trip time was 0.012474 milliseconds in repetition 134
tcp_ping received 384 bytes back
Round trip time was 0.012466 milliseconds in repetition 135
tcp_ping received 384 bytes back
Round trip time was 0.012297 milliseconds in repetition 136
tcp_ping received 384 bytes back
Round trip time was 0.012367 milliseconds in repetition 137
tcp_ping received 384 bytes back
Round trip time was 0.012259 milliseconds in repetition 138
tcp_ping received 384 bytes back
Round trip time was 0.012285 milliseconds in repetition 139
tcp_ping received 384 bytes back
Round trip time was 0.033416 milliseconds in repetition 140
tcp_ping received 384 bytes back
Round trip time was 0.054696 milliseconds in repetition 141
tcp_ping received 384 bytes back
Round trip time was 0.01241 milliseconds in repetition 142
tcp_ping received 384 bytes back
Round trip time was 0.012234 milliseconds in repetition 143
tcp_ping received 384 bytes back
Round trip time was 0.012116 milliseconds in repetition 144
tcp_ping received 384 bytes back
Round trip time was 0.01219 milliseconds in repetition 145
tcp_ping received 384 bytes back
Round trip time was 0.012082 milliseconds in repetition 146
tcp_ping received 384 bytes back
Round trip time was 0.012182 milliseconds in repetition 147
tcp_ping received 384 bytes back
Round trip time was 0.01216 milliseconds in repetition 148
tcp_ping received 384 bytes back
Round trip time was 0.012156 milliseconds in repetition 149
tcp_ping received 384 bytes back
Round trip time was 0.012091 milliseconds in repetition 150
tcp_ping received 384 bytes back
Round trip time was 0.012215 milliseconds in repetition 151
tcp_ping received 384 bytes back
Round trip time was 0.012182 milliseconds in repetition 152
tcp_ping received 384 bytes back
Round trip time was 0.012165 milliseconds in repetition 153
tcp_ping received 384 bytes back
Round trip time was 0.012139 milliseconds in repetition 154
tcp_ping received 384 bytes back
Round trip time was 0.012157 milliseconds in repetition 155
tcp_ping received 384 bytes back
Round trip time was 0.01211 milliseconds in repetition 156
tcp_ping received 384 bytes back
Round trip time was 0.012217 milliseconds in repetition 157
tcp_ping received 384 bytes back
Round trip time was 0.012114 milliseconds in repetition 158
tcp_ping received 384 bytes back
Round trip time was 0.01221 milliseconds in repetition 159
tcp_ping received 384 bytes back
Round trip time was 0.012141 milliseconds in repetition 160
tcp_ping received 384 bytes back
Round trip time was 0.012171 milliseconds in repetition 161
tcp_ping received 384 bytes back
Round trip time was 0.012152 milliseconds in repetition 162
tcp_ping received 384 bytes back
Round trip time was 0.012118 milliseconds in repetition 163
tcp_ping received 384 bytes back
Round trip time was 0.012151 milliseconds in repetition 164
tcp_ping received 384 bytes back
Round trip time was 0.012102 milliseconds in repetition 165
tcp_ping received 384 bytes back
Round trip time was 0.012082 milliseconds in repetition 166
tcp_ping received 384 bytes back
Round trip time was 0.012202 milliseconds in repetition 167
tcp_ping received 384 bytes back
Round trip time was 0.012062 milliseconds in repetition 168
tcp_ping received 384 bytes back
Round trip time was 0.012142 milliseconds in repetition 169
tcp_ping received 384 bytes back
Round trip time was 0.012137 milliseconds in repetition 170
tcp_ping received 384 bytes back
Round trip time was 0.013481 milliseconds in repetition 171
tcp_ping received 384 bytes back
Round trip time was 0.013133 milliseconds in repetition 172
tcp_ping received 384 bytes back
Round trip time was 0.012288 milliseconds in repetition 173
tcp_ping received 384 bytes back
Round trip time was 0.012065 milliseconds in repetition 174
tcp_ping received 384 bytes back
Round trip time was 0.012181 milliseconds in repetition 175
tcp_ping received 384 bytes back
Round trip time was 0.012046 milliseconds in repetition 176
tcp_ping received 384 bytes back
Round trip time was 0.012933 milliseconds in repetition 177
tcp_ping received 384 bytes back
Round trip time was 0.012159 milliseconds in repetition 178
tcp_ping received 384 bytes back
Round trip time was 0.572942 milliseconds in repetition 179
tcp_ping received 384 bytes back
Round trip time was 0.015108 milliseconds in repetition 180
tcp_ping received 384 bytes back
Round trip time was 0.012295 milliseconds in repetition 181
tcp_ping received 384 bytes back
Round trip time was 0.012256 milliseconds in repetition 182
tcp_ping received 384 bytes back
Round trip time was 0.012263 milliseconds in repetition 183
tcp_ping received 384 bytes back
Round trip time was 0.012169 milliseconds in repetition 184
tcp_ping received 384 bytes back
Round trip time was 0.012258 milliseconds in repetition 185
tcp_ping received 384 bytes back
Round trip time was 0.012116 milliseconds in repetition 186
tcp_ping received 384 bytes back
Round trip time was 0.012225 milliseconds in repetition 187
tcp_ping received 384 bytes back
Round trip time was 0.012132 milliseconds in repetition 188
tcp_ping received 384 bytes back
Round trip time was 0.012204 milliseconds in repetition 189
tcp_ping received 384 bytes back
Round trip time was 0.012144 milliseconds in repetition 190
tcp_ping received 384 bytes back
Round trip time was 0.012207 milliseconds in repetition 191
tcp_ping received 384 bytes back
Round trip time was 0.012104 milliseconds in repetition 192
tcp_ping received 384 bytes back
Round trip time was 0.012171 milliseconds in repetition 193
tcp_ping received 384 bytes back
Round trip time was 0.012149 milliseconds in repetition 194
tcp_ping received 384 bytes back
Round trip time was 0.012167 milliseconds in repetition 195
tcp_ping received 384 bytes back
Round trip time was 0.012187 milliseconds in repetition 196
tcp_ping received 384 bytes back
Round trip time was 0.012184 milliseconds in repetition 197
tcp_ping received 384 bytes back
Round trip time was 0.012159 milliseconds in repetition 198
tcp_ping received 384 bytes back
Round trip time was 0.012194 milliseconds in repetition 199
tcp_ping received 384 bytes back
Round trip time was 0.012235 milliseconds in repetition 200
tcp_ping received 384 bytes back
Round trip time was 0.012181 milliseconds in repetition 201
tcp_ping received 384 bytes back
Round trip time was 0.012183 milliseconds in repetition 202
tcp_ping received 384 bytes back
Round trip time was 0.012186 milliseconds in repetition 203
tcp_ping received 384 bytes back
Round trip time was 0.012172 milliseconds in repetition 204
tcp_ping received 384 bytes back
Round trip time was 0.01222 milliseconds in repetition 205
tcp_ping received 384 bytes back
Round trip time was 0.012181 milliseconds in repetition 206
tcp_ping received 384 bytes back
Round trip time was 0.01215 milliseconds in repetition 207
tcp_ping received 384 bytes back
Round trip time was 0.012139 milliseconds in repetition 208
tcp_ping received 384 bytes back
Round trip time was 0.012197 milliseconds in repetition 209
tcp_ping received 384 bytes back
Round trip time was 0.012175 milliseconds in repetition 210
tcp_ping received 384 bytes back
Round trip time was 0.012177 milliseconds in repetition 211
tcp_ping received 384 bytes back
Round trip time was 0.012136 milliseconds in repetition 212
tcp_ping received 384 bytes back
Round trip time was 0.012185 milliseconds in repetition 213
tcp_ping received 384 bytes back
Round trip time was 0.01216 milliseconds in repetition 214
tcp_ping received 384 bytes back
Round trip time was 0.012194 milliseconds in repetition 215
tcp_ping received 384 bytes back
Round trip time was 0.012243 milliseconds in repetition 216
tcp_ping received 384 bytes back
Round trip time was 0.012198 milliseconds in repetition 217
tcp_ping received 384 bytes back
Round trip time was 0.012184 milliseconds in repetition 218
tcp_ping received 384 bytes back
Round trip time was 0.012213 milliseconds in repetition 219
tcp_ping received 384 bytes back
Round trip time was 0.012156 milliseconds in repetition 220
tcp_ping received 384 bytes back
Round trip time was 0.01295 milliseconds in repetition 221
tcp_ping received 384 bytes back
Round trip time was 0.012194 milliseconds in repetition 222
tcp_ping received 384 bytes back
Round trip time was 0.012156 milliseconds in repetition 223
tcp_ping received 384 bytes back
Round trip time was 0.012262 milliseconds in repetition 224
tcp_ping received 384 bytes back
Round trip time was 0.012184 milliseconds in repetition 225
tcp_ping received 384 bytes back
Round trip time was 0.012215 milliseconds in repetition 226
tcp_ping received 384 bytes back
Round trip time was 0.012144 milliseconds in repetition 227
tcp_ping received 384 bytes back
Round trip time was 0.012235 milliseconds in repetition 228
tcp_ping received 384 bytes back
Round trip time was 0.012146 milliseconds in repetition 229
tcp_ping received 384 bytes back
Round trip time was 0.01222 milliseconds in repetition 230
tcp_ping received 384 bytes back
Round trip time was 0.012136 milliseconds in repetition 231
tcp_ping received 384 bytes back
Round trip time was 0.012272 milliseconds in repetition 232
tcp_ping received 384 bytes back
Round trip time was 0.012234 milliseconds in repetition 233
tcp_ping received 384 bytes back
Round trip time was 0.012255 milliseconds in repetition 234
tcp_ping received 384 bytes back
Round trip time was 0.012115 milliseconds in repetition 235
tcp_ping received 384 bytes back
Round trip time was 0.012252 milliseconds in repetition 236
tcp_ping received 384 bytes back
Round trip time was 0.032797 milliseconds in repetition 237
tcp_ping received 384 bytes back
Round trip time was 0.043448 milliseconds in repetition 238
tcp_ping received 384 bytes back
Round trip time was 0.012547 milliseconds in repetition 239
tcp_ping received 384 bytes back
Round trip time was 0.012212 milliseconds in repetition 240
tcp_ping received 384 bytes back
Round trip time was 0.012133 milliseconds in repetition 241
tcp_ping received 384 bytes back
Round trip time was 0.012172 milliseconds in repetition 242
tcp_ping received 384 bytes back
Round trip time was 0.01212 milliseconds in repetition 243
tcp_ping received 384 bytes back
Round trip time was 0.012305 milliseconds in repetition 244
tcp_ping received 384 bytes back
Round trip time was 0.012138 milliseconds in repetition 245
tcp_ping received 384 bytes back
Round trip time was 0.012383 milliseconds in repetition 246
tcp_ping received 384 bytes back
Round trip time was 0.012604 milliseconds in repetition 247
tcp_ping received 384 bytes back
Round trip time was 0.01212 milliseconds in repetition 248
tcp_ping received 384 bytes back
Round trip time was 0.012125 milliseconds in repetition 249
tcp_ping received 384 bytes back
Round trip time was 0.012134 milliseconds in repetition 250
tcp_ping received 384 bytes back
Round trip time was 0.012223 milliseconds in repetition 251
tcp_ping received 384 bytes back
Round trip time was 0.012154 milliseconds in repetition 252
tcp_ping received 384 bytes back
Round trip time was 0.012114 milliseconds in repetition 253
tcp_ping received 384 bytes back
Round trip time was 1.79086 milliseconds in repetition 254
tcp_ping received 384 bytes back
Round trip time was 0.05952 milliseconds in repetition 255
tcp_ping received 384 bytes back
Round trip time was 0.013284 milliseconds in repetition 256
tcp_ping received 384 bytes back
Round trip time was 0.012339 milliseconds in repetition 257
tcp_ping received 384 bytes back
Round trip time was 0.012356 milliseconds in repetition 258
tcp_ping received 384 bytes back
Round trip time was 0.012427 milliseconds in repetition 259
tcp_ping received 384 bytes back
Round trip time was 0.012205 milliseconds in repetition 260
tcp_ping received 384 bytes back
Round trip time was 0.012122 milliseconds in repetition 261
tcp_ping received 384 bytes back
Round trip time was 0.048103 milliseconds in repetition 262
tcp_ping received 384 bytes back
Round trip time was 0.053304 milliseconds in repetition 263
tcp_ping received 384 bytes back
Round trip time was 0.05027 milliseconds in repetition 264
tcp_ping received 384 bytes back
Round trip time was 0.01222 milliseconds in repetition 265
tcp_ping received 384 bytes back
Round trip time was 0.011339 milliseconds in repetition 266
tcp_ping received 384 bytes back
Round trip time was 0.011198 milliseconds in repetition 267
tcp_ping received 384 bytes back
Round trip time was 0.011278 milliseconds in repetition 268
tcp_ping received 384 bytes back
Round trip time was 0.011135 milliseconds in repetition 269
tcp_ping received 384 bytes back
Round trip time was 0.011247 milliseconds in repetition 270
tcp_ping received 384 bytes back
Round trip time was 0.011142 milliseconds in repetition 271
tcp_ping received 384 bytes back
Round trip time was 0.011212 milliseconds in repetition 272
tcp_ping received 384 bytes back
Round trip time was 0.011223 milliseconds in repetition 273
tcp_ping received 384 bytes back
Round trip time was 0.011276 milliseconds in repetition 274
tcp_ping received 384 bytes back
Round trip time was 0.0112 milliseconds in repetition 275
tcp_ping received 384 bytes back
Round trip time was 0.017887 milliseconds in repetition 276
tcp_ping received 384 bytes back
Round trip time was 0.010883 milliseconds in repetition 277
tcp_ping received 384 bytes back
Round trip time was 0.030571 milliseconds in repetition 278
tcp_ping received 384 bytes back
Round trip time was 0.011171 milliseconds in repetition 279
tcp_ping received 384 bytes back
Round trip time was 0.011205 milliseconds in repetition 280
tcp_ping received 384 bytes back
Round trip time was 0.011199 milliseconds in repetition 281
tcp_ping received 384 bytes back
Round trip time was 0.011213 milliseconds in repetition 282
tcp_ping received 384 bytes back
Round trip time was 0.011214 milliseconds in repetition 283
tcp_ping received 384 bytes back
Round trip time was 0.011225 milliseconds in repetition 284
tcp_ping received 384 bytes back
Round trip time was 0.011145 milliseconds in repetition 285
tcp_ping received 384 bytes back
Round trip time was 0.011234 milliseconds in repetition 286
tcp_ping received 384 bytes back
Round trip time was 0.011135 milliseconds in repetition 287
tcp_ping received 384 bytes back
Round trip time was 0.011202 milliseconds in repetition 288
tcp_ping received 384 bytes back
Round trip time was 0.011182 milliseconds in repetition 289
tcp_ping received 384 bytes back
Round trip time was 0.011186 milliseconds in repetition 290
tcp_ping received 384 bytes back
Round trip time was 0.01114 milliseconds in repetition 291
tcp_ping received 384 bytes back
Round trip time was 0.023226 milliseconds in repetition 292
tcp_ping received 384 bytes back
Round trip time was 0.011181 milliseconds in repetition 293
tcp_ping received 384 bytes back
Round trip time was 0.011337 milliseconds in repetition 294
tcp_ping received 384 bytes back
Round trip time was 0.01121 milliseconds in repetition 295
tcp_ping received 384 bytes back
Round trip time was 0.011238 milliseconds in repetition 296
tcp_ping received 384 bytes back
Round trip time was 0.011409 milliseconds in repetition 297
tcp_ping received 384 bytes back
Round trip time was 0.011211 milliseconds in repetition 298
tcp_ping received 384 bytes back
Round trip time was 0.011159 milliseconds in repetition 299
tcp_ping received 384 bytes back
Round trip time was 0.011302 milliseconds in repetition 300
tcp_ping received 384 bytes back
Round trip time was 0.011406 milliseconds in repetition 301
tcp_ping received 384 bytes back
Round trip time was 0.011215 milliseconds in repetition 302
tcp_ping received 384 bytes back
Round trip time was 0.011192 milliseconds in repetition 303
tcp_ping received 384 bytes back
Round trip time was 0.049222 milliseconds in repetition 304
tcp_ping received 384 bytes back
Round trip time was 0.028592 milliseconds in repetition 305
tcp_ping received 384 bytes back
Round trip time was 0.045985 milliseconds in repetition 306
tcp_ping received 384 bytes back
Round trip time was 0.011232 milliseconds in repetition 307
tcp_ping received 384 bytes back
Round trip time was 0.011361 milliseconds in repetition 308
tcp_ping received 384 bytes back
Round trip time was 0.011962 milliseconds in repetition 309
tcp_ping received 384 bytes back
Round trip time was 0.011316 milliseconds in repetition 310
tcp_ping received 384 bytes back
Round trip time was 0.01151 milliseconds in repetition 311
tcp_ping received 384 bytes back
Round trip time was 0.011178 milliseconds in repetition 312
tcp_ping received 384 bytes back
Round trip time was 0.011212 milliseconds in repetition 313
tcp_ping received 384 bytes back
Round trip time was 0.019163 milliseconds in repetition 314
tcp_ping received 384 bytes back
Round trip time was 0.011242 milliseconds in repetition 315
tcp_ping received 384 bytes back
Round trip time was 0.011221 milliseconds in repetition 316
tcp_ping received 384 bytes back
Round trip time was 0.011328 milliseconds in repetition 317
tcp_ping received 384 bytes back
Round trip time was 0.011315 milliseconds in repetition 318
tcp_ping received 384 bytes back
Round trip time was 0.011222 milliseconds in repetition 319
tcp_ping received 384 bytes back
Round trip time was 0.011367 milliseconds in repetition 320
tcp_ping received 384 bytes back
Round trip time was 0.011714 milliseconds in repetition 321
tcp_ping received 384 bytes back
Round trip time was 0.011129 milliseconds in repetition 322
tcp_ping received 384 bytes back
Round trip time was 0.011711 milliseconds in repetition 323
tcp_ping received 384 bytes back
Round trip time was 0.011318 milliseconds in repetition 324
tcp_ping received 384 bytes back
Round trip time was 0.011231 milliseconds in repetition 325
tcp_ping received 384 bytes back
Round trip time was 0.01133 milliseconds in repetition 326
tcp_ping received 384 bytes back
Round trip time was 0.01126 milliseconds in repetition 327
tcp_ping received 384 bytes back
Round trip time was 0.011194 milliseconds in repetition 328
tcp_ping received 384 bytes back
Round trip time was 0.011576 milliseconds in repetition 329
tcp_ping received 384 bytes back
Round trip time was 0.011182 milliseconds in repetition 330
tcp_ping received 384 bytes back
Round trip time was 0.011216 milliseconds in repetition 331
tcp_ping received 384 bytes back
Round trip time was 0.011145 milliseconds in repetition 332
tcp_ping received 384 bytes back
Round trip time was 0.011251 milliseconds in repetition 333
tcp_ping received 384 bytes back
Round trip time was 0.01115 milliseconds in repetition 334
tcp_ping received 384 bytes back
Round trip time was 0.011231 milliseconds in repetition 335
tcp_ping received 384 bytes back
Round trip time was 0.011169 milliseconds in repetition 336
tcp_ping received 384 bytes back
Round trip time was 0.011726 milliseconds in repetition 337
tcp_ping received 384 bytes back
Round trip time was 0.011257 milliseconds in repetition 338
tcp_ping received 384 bytes back
Round trip time was 0.011312 milliseconds in repetition 339
tcp_ping received 384 bytes back
Round trip time was 0.011217 milliseconds in repetition 340
tcp_ping received 384 bytes back
Round trip time was 0.011346 milliseconds in repetition 341
tcp_ping received 384 bytes back
Round trip time was 0.011317 milliseconds in repetition 342
tcp_ping received 384 bytes back
Round trip time was 0.011269 milliseconds in repetition 343
tcp_ping received 384 bytes back
Round trip time was 0.011467 milliseconds in repetition 344
tcp_ping received 384 bytes back
Round trip time was 0.011188 milliseconds in repetition 345
tcp_ping received 384 bytes back
Round trip time was 0.011286 milliseconds in repetition 346
tcp_ping received 384 bytes back
Round trip time was 0.011198 milliseconds in repetition 347
tcp_ping received 384 bytes back
Round trip time was 0.011164 milliseconds in repetition 348
tcp_ping received 384 bytes back
Round trip time was 0.011353 milliseconds in repetition 349
tcp_ping received 384 bytes back
Round trip time was 0.011359 milliseconds in repetition 350
tcp_ping received 384 bytes back
Round trip time was 0.011432 milliseconds in repetition 351
tcp_ping received 384 bytes back
Round trip time was 0.01124 milliseconds in repetition 352
tcp_ping received 384 bytes back
Round trip time was 0.012021 milliseconds in repetition 353
tcp_ping received 384 bytes back
Round trip time was 0.011402 milliseconds in repetition 354
tcp_ping received 384 bytes back
Round trip time was 0.011201 milliseconds in repetition 355
tcp_ping received 384 bytes back
Round trip time was 0.011152 milliseconds in repetition 356
tcp_ping received 384 bytes back
Round trip time was 0.011261 milliseconds in repetition 357
tcp_ping received 384 bytes back
Round trip time was 0.011203 milliseconds in repetition 358
tcp_ping received 384 bytes back
Round trip time was 0.011267 milliseconds in repetition 359
tcp_ping received 384 bytes back
Round trip time was 0.011123 milliseconds in repetition 360
tcp_ping received 384 bytes back
Round trip time was 0.011288 milliseconds in repetition 361
tcp_ping received 384 bytes back
Round trip time was 0.011147 milliseconds in repetition 362
tcp_ping received 384 bytes back
Round trip time was 0.011245 milliseconds in repetition 363
tcp_ping received 384 bytes back
Round trip time was 0.011151 milliseconds in repetition 364
tcp_ping received 384 bytes back
Round trip time was 0.011185 milliseconds in repetition 365
tcp_ping received 384 bytes back
Round trip time was 0.011178 milliseconds in repetition 366
tcp_ping received 384 bytes back
Round trip time was 0.011399 milliseconds in repetition 367
tcp_ping received 384 bytes back
Round trip time was 0.011127 milliseconds in repetition 368
tcp_ping received 384 bytes back
Round trip time was 0.01152 milliseconds in repetition 369
tcp_ping received 384 bytes back
Round trip time was 0.011165 milliseconds in repetition 370
tcp_ping received 384 bytes back
Round trip time was 0.01126 milliseconds in repetition 371
tcp_ping received 384 bytes back
Round trip time was 0.011216 milliseconds in repetition 372
tcp_ping received 384 bytes back
Round trip time was 0.011218 milliseconds in repetition 373
tcp_ping received 384 bytes back
Round trip time was 0.048021 milliseconds in repetition 374
tcp_ping received 384 bytes back
Round trip time was 0.058486 milliseconds in repetition 375
tcp_ping received 384 bytes back
Round trip time was 0.011927 milliseconds in repetition 376
tcp_ping received 384 bytes back
Round trip time was 0.011164 milliseconds in repetition 377
tcp_ping received 384 bytes back
Round trip time was 0.011256 milliseconds in repetition 378
tcp_ping received 384 bytes back
Round trip time was 0.011287 milliseconds in repetition 379
tcp_ping received 384 bytes back
Round trip time was 0.011585 milliseconds in repetition 380
tcp_ping received 384 bytes back
Round trip time was 0.011435 milliseconds in repetition 381
tcp_ping received 384 bytes back
Round trip time was 0.011248 milliseconds in repetition 382
tcp_ping received 384 bytes back
Round trip time was 0.011287 milliseconds in repetition 383
tcp_ping received 384 bytes back
Round trip time was 0.011886 milliseconds in repetition 384
tcp_ping received 384 bytes back
Round trip time was 0.011195 milliseconds in repetition 385
tcp_ping received 384 bytes back
Round trip time was 0.011279 milliseconds in repetition 386
tcp_ping received 384 bytes back
Round trip time was 0.011379 milliseconds in repetition 387
tcp_ping received 384 bytes back
Round trip time was 0.011309 milliseconds in repetition 388
tcp_ping received 384 bytes back
Round trip time was 0.011251 milliseconds in repetition 389
tcp_ping received 384 bytes back
Round trip time was 0.011383 milliseconds in repetition 390
tcp_ping received 384 bytes back
Round trip time was 0.046933 milliseconds in repetition 391
tcp_ping received 384 bytes back
Round trip time was 0.012351 milliseconds in repetition 392
tcp_ping received 384 bytes back
Round trip time was 0.052427 milliseconds in repetition 393
tcp_ping received 384 bytes back
Round trip time was 0.011233 milliseconds in repetition 394
tcp_ping received 384 bytes back
Round trip time was 0.011158 milliseconds in repetition 395
tcp_ping received 384 bytes back
Round trip time was 0.011229 milliseconds in repetition 396
tcp_ping received 384 bytes back
Round trip time was 0.011593 milliseconds in repetition 397
tcp_ping received 384 bytes back
Round trip time was 0.013383 milliseconds in repetition 398
tcp_ping received 384 bytes back
Round trip time was 0.012496 milliseconds in repetition 399
tcp_ping received 384 bytes back
Round trip time was 0.012338 milliseconds in repetition 400
tcp_ping received 384 bytes back
Round trip time was 0.012168 milliseconds in repetition 401
tcp_ping received 384 bytes back
Round trip time was 0.012258 milliseconds in repetition 402
tcp_ping received 384 bytes back
Round trip time was 0.012313 milliseconds in repetition 403
tcp_ping received 384 bytes back
Round trip time was 0.012242 milliseconds in repetition 404
tcp_ping received 384 bytes back
Round trip time was 0.01212 milliseconds in repetition 405
tcp_ping received 384 bytes back
Round trip time was 0.012146 milliseconds in repetition 406
tcp_ping received 384 bytes back
Round trip time was 0.052593 milliseconds in repetition 407
tcp_ping received 384 bytes back
Round trip time was 0.012181 milliseconds in repetition 408
tcp_ping received 384 bytes back
Round trip time was 0.012131 milliseconds in repetition 409
tcp_ping received 384 bytes back
Round trip time was 0.093441 milliseconds in repetition 410
tcp_ping received 384 bytes back
Round trip time was 0.012236 milliseconds in repetition 411
tcp_ping received 384 bytes back
Round trip time was 0.012162 milliseconds in repetition 412
tcp_ping received 384 bytes back
Round trip time was 0.012119 milliseconds in repetition 413
tcp_ping received 384 bytes back
Round trip time was 0.012148 milliseconds in repetition 414
tcp_ping received 384 bytes back
Round trip time was 0.012139 milliseconds in repetition 415
tcp_ping received 384 bytes back
Round trip time was 0.012346 milliseconds in repetition 416
tcp_ping received 384 bytes back
Round trip time was 0.012116 milliseconds in repetition 417
tcp_ping received 384 bytes back
Round trip time was 0.044083 milliseconds in repetition 418
tcp_ping received 384 bytes back
Round trip time was 0.013411 milliseconds in repetition 419
tcp_ping received 384 bytes back
Round trip time was 0.012045 milliseconds in repetition 420
tcp_ping received 384 bytes back
Round trip time was 0.012058 milliseconds in repetition 421
tcp_ping received 384 bytes back
Round trip time was 0.01199 milliseconds in repetition 422
tcp_ping received 384 bytes back
Round trip time was 0.01186 milliseconds in repetition 423
tcp_ping received 384 bytes back
Round trip time was 0.012033 milliseconds in repetition 424
tcp_ping received 384 bytes back
Round trip time was 0.012038 milliseconds in repetition 425
tcp_ping received 384 bytes back
Round trip time was 0.012001 milliseconds in repetition 426
tcp_ping received 384 bytes back
Round trip time was 0.011961 milliseconds in repetition 427
tcp_ping received 384 bytes back
Round trip time was 0.012086 milliseconds in repetition 428
tcp_ping received 384 bytes back
Round trip time was 0.011985 milliseconds in repetition 429
tcp_ping received 384 bytes back
Round trip time was 0.01201 milliseconds in repetition 430
tcp_ping received 384 bytes back
Round trip time was 0.011897 milliseconds in repetition 431
tcp_ping received 384 bytes back
Round trip time was 0.011912 milliseconds in repetition 432
tcp_ping received 384 bytes back
Round trip time was 0.01188 milliseconds in repetition 433
tcp_ping received 384 bytes back
Round trip time was 0.012017 milliseconds in repetition 434
tcp_ping received 384 bytes back
Round trip time was 0.011917 milliseconds in repetition 435
tcp_ping received 384 bytes back
Round trip time was 0.011943 milliseconds in repetition 436
tcp_ping received 384 bytes back
Round trip time was 0.011902 milliseconds in repetition 437
tcp_ping received 384 bytes back
Round trip time was 0.012586 milliseconds in repetition 438
tcp_ping received 384 bytes back
Round trip time was 0.011821 milliseconds in repetition 439
tcp_ping received 384 bytes back
Round trip time was 0.035576 milliseconds in repetition 440
tcp_ping received 384 bytes back
Round trip time was 0.011035 milliseconds in repetition 441
tcp_ping received 384 bytes back
Round trip time was 0.012748 milliseconds in repetition 442
tcp_ping received 384 bytes back
Round trip time was 0.011206 milliseconds in repetition 443
tcp_ping received 384 bytes back
Round trip time was 0.010954 milliseconds in repetition 444
tcp_ping received 384 bytes back
Round trip time was 0.01097 milliseconds in repetition 445
tcp_ping received 384 bytes back
Round trip time was 0.010908 milliseconds in repetition 446
tcp_ping received 384 bytes back
Round trip time was 0.011048 milliseconds in repetition 447
tcp_ping received 384 bytes back
Round trip time was 0.0109 milliseconds in repetition 448
tcp_ping received 384 bytes back
Round trip time was 0.010954 milliseconds in repetition 449
tcp_ping received 384 bytes back
Round trip time was 0.010904 milliseconds in repetition 450
tcp_ping received 384 bytes back
Round trip time was 0.011004 milliseconds in repetition 451
tcp_ping received 384 bytes back
Round trip time was 0.010968 milliseconds in repetition 452
tcp_ping received 384 bytes back
Round trip time was 0.010989 milliseconds in repetition 453
tcp_ping received 384 bytes back
Round trip time was 0.010925 milliseconds in repetition 454
tcp_ping received 384 bytes back
Round trip time was 0.010996 milliseconds in repetition 455
tcp_ping received 384 bytes back
Round trip time was 0.011143 milliseconds in repetition 456
tcp_ping received 384 bytes back
Round trip time was 0.01097 milliseconds in repetition 457
tcp_ping received 384 bytes back
Round trip time was 0.011042 milliseconds in repetition 458
tcp_ping received 384 bytes back
Round trip time was 0.011021 milliseconds in repetition 459
tcp_ping received 384 bytes back
Round trip time was 0.010959 milliseconds in repetition 460
tcp_ping received 384 bytes back
Round trip time was 0.010999 milliseconds in repetition 461
tcp_ping received 384 bytes back
Round trip time was 0.010928 milliseconds in repetition 462
tcp_ping received 384 bytes back
Round trip time was 0.010964 milliseconds in repetition 463
tcp_ping received 384 bytes back
Round trip time was 0.011036 milliseconds in repetition 464
tcp_ping received 384 bytes back
Round trip time was 0.010991 milliseconds in repetition 465
tcp_ping received 384 bytes back
Round trip time was 0.010972 milliseconds in repetition 466
tcp_ping received 384 bytes back
Round trip time was 0.01105 milliseconds in repetition 467
tcp_ping received 384 bytes back
Round trip time was 0.010933 milliseconds in repetition 468
tcp_ping received 384 bytes back
Round trip time was 0.011018 milliseconds in repetition 469
tcp_ping received 384 bytes back
Round trip time was 0.010932 milliseconds in repetition 470
tcp_ping received 384 bytes back
Round trip time was 0.010944 milliseconds in repetition 471
tcp_ping received 384 bytes back
Round trip time was 0.010911 milliseconds in repetition 472
tcp_ping received 384 bytes back
Round trip time was 0.010947 milliseconds in repetition 473
tcp_ping received 384 bytes back
Round trip time was 0.010907 milliseconds in repetition 474
tcp_ping received 384 bytes back
Round trip time was 0.011027 milliseconds in repetition 475
tcp_ping received 384 bytes back
Round trip time was 0.010914 milliseconds in repetition 476
tcp_ping received 384 bytes back
Round trip time was 0.011021 milliseconds in repetition 477
tcp_ping received 384 bytes back
Round trip time was 0.0109 milliseconds in repetition 478
tcp_ping received 384 bytes back
Round trip time was 0.010967 milliseconds in repetition 479
tcp_ping received 384 bytes back
Round trip time was 0.010914 milliseconds in repetition 480
tcp_ping received 384 bytes back
Round trip time was 0.011014 milliseconds in repetition 481
tcp_ping received 384 bytes back
Round trip time was 0.010921 milliseconds in repetition 482
tcp_ping received 384 bytes back
Round trip time was 0.010985 milliseconds in repetition 483
tcp_ping received 384 bytes back
Round trip time was 0.010904 milliseconds in repetition 484
tcp_ping received 384 bytes back
Round trip time was 0.010962 milliseconds in repetition 485
tcp_ping received 384 bytes back
Round trip time was 0.011543 milliseconds in repetition 486
tcp_ping received 384 bytes back
Round trip time was 0.01117 milliseconds in repetition 487
tcp_ping received 384 bytes back
Round trip time was 0.011024 milliseconds in repetition 488
tcp_ping received 384 bytes back
Round trip time was 0.011057 milliseconds in repetition 489
tcp_ping received 384 bytes back
Round trip time was 0.010987 milliseconds in repetition 490
tcp_ping received 384 bytes back
Round trip time was 0.01095 milliseconds in repetition 491
tcp_ping received 384 bytes back
Round trip time was 0.087625 milliseconds in repetition 492
tcp_ping received 384 bytes back
Round trip time was 0.018077 milliseconds in repetition 493
tcp_ping received 384 bytes back
Round trip time was 0.011058 milliseconds in repetition 494
tcp_ping received 384 bytes back
Round trip time was 0.011212 milliseconds in repetition 495
tcp_ping received 384 bytes back
Round trip time was 0.010977 milliseconds in repetition 496
tcp_ping received 384 bytes back
Round trip time was 0.011095 milliseconds in repetition 497
tcp_ping received 384 bytes back
Round trip time was 0.011008 milliseconds in repetition 498
tcp_ping received 384 bytes back
Round trip time was 0.011075 milliseconds in repetition 499
tcp_ping received 384 bytes back
Round trip time was 0.011011 milliseconds in repetition 500
tcp_ping received 384 bytes back
Round trip time was 0.126217 milliseconds in repetition 501

 ... clock resolution was 1e-06
TCP Ping:  Statistics over 501 repetitions of 384 byte messages

RTT : percentile 10: 0.011058, median: 0.012156, percentile 90: 0.012933, average: 0.019756, variance: 0.00739475

RTT histogram:
0.0108825 491
0.0998812 7
0.18888 0
0.277879 0
0.366877 0
0.455876 1
0.544875 1
0.633873 0
0.722872 0
0.811871 0
0.900869 0
0.989868 0
1.07887 0
1.16787 0
1.25686 0
1.34586 0
1.43486 0
1.52386 0
1.61286 0
1.70186 0
1.79086 1
   median Throughput : 63178.7 KB/s   overall Throughput : 38874.2 KB/s

