TCP Ping trying to connect to server localhost (127.0.0.1) on port 1491
 ... connected to Pong server: asking for 501 repetitions of 2048 bytes TCP messages
 ... Pong server agreed :-)
tcp_ping received 2048 bytes back
Round trip time was 0.022279 milliseconds in repetition 1
tcp_ping received 2048 bytes back
Round trip time was 0.017853 milliseconds in repetition 2
tcp_ping received 2048 bytes back
Round trip time was 0.017577 milliseconds in repetition 3
tcp_ping received 2048 bytes back
Round trip time was 0.017629 milliseconds in repetition 4
tcp_ping received 2048 bytes back
Round trip time was 0.017463 milliseconds in repetition 5
tcp_ping received 2048 bytes back
Round trip time was 0.017636 milliseconds in repetition 6
tcp_ping received 2048 bytes back
Round trip time was 0.017423 milliseconds in repetition 7
tcp_ping received 2048 bytes back
Round trip time was 0.015748 milliseconds in repetition 8
tcp_ping received 2048 bytes back
Round trip time was 0.015556 milliseconds in repetition 9
tcp_ping received 2048 bytes back
Round trip time was 0.015555 milliseconds in repetition 10
tcp_ping received 2048 bytes back
Round trip time was 0.015445 milliseconds in repetition 11
tcp_ping received 2048 bytes back
Round trip time was 0.015428 milliseconds in repetition 12
tcp_ping received 2048 bytes back
Round trip time was 0.932807 milliseconds in repetition 13
tcp_ping received 2048 bytes back
Round trip time was 0.035161 milliseconds in repetition 14
tcp_ping received 2048 bytes back
Round trip time was 0.016443 milliseconds in repetition 15
tcp_ping received 2048 bytes back
Round trip time was 0.015919 milliseconds in repetition 16
tcp_ping received 2048 bytes back
Round trip time was 0.015796 milliseconds in repetition 17
tcp_ping received 2048 bytes back
Round trip time was 0.136998 milliseconds in repetition 18
tcp_ping received 2048 bytes back
Round trip time was 0.016524 milliseconds in repetition 19
tcp_ping received 2048 bytes back
Round trip time was 0.015766 milliseconds in repetition 20
tcp_ping received 2048 bytes back
Round trip time was 0.015812 milliseconds in repetition 21
tcp_ping received 2048 bytes back
Round trip time was 0.150699 milliseconds in repetition 22
tcp_ping received 2048 bytes back
Round trip time was 0.017949 milliseconds in repetition 23
tcp_ping received 2048 bytes back
Round trip time was 0.016717 milliseconds in repetition 24
tcp_ping received 2048 bytes back
Round trip time was 0.016807 milliseconds in repetition 25
tcp_ping received 2048 bytes back
Round trip time was 0.01668 milliseconds in repetition 26
tcp_ping received 2048 bytes back
Round trip time was 0.016943 milliseconds in repetition 27
tcp_ping received 2048 bytes back
Round trip time was 0.016867 milliseconds in repetition 28
tcp_ping received 2048 bytes back
Round trip time was 0.01724 milliseconds in repetition 29
tcp_ping received 2048 bytes back
Round trip time was 0.017075 milliseconds in repetition 30
tcp_ping received 2048 bytes back
Round trip time was 0.016727 milliseconds in repetition 31
tcp_ping received 2048 bytes back
Round trip time was 0.016971 milliseconds in repetition 32
tcp_ping received 2048 bytes back
Round trip time was 0.017068 milliseconds in repetition 33
tcp_ping received 2048 bytes back
Round trip time was 0.016891 milliseconds in repetition 34
tcp_ping received 2048 bytes back
Round trip time was 0.016721 milliseconds in repetition 35
tcp_ping received 2048 bytes back
Round trip time was 0.016728 milliseconds in repetition 36
tcp_ping received 2048 bytes back
Round trip time was 0.01691 milliseconds in repetition 37
tcp_ping received 2048 bytes back
Round trip time was 0.016707 milliseconds in repetition 38
tcp_ping received 2048 bytes back
Round trip time was 0.016964 milliseconds in repetition 39
tcp_ping received 2048 bytes back
Round trip time was 0.039972 milliseconds in repetition 40
tcp_ping received 2048 bytes back
Round trip time was 0.016029 milliseconds in repetition 41
tcp_ping received 2048 bytes back
Round trip time was 0.01603 milliseconds in repetition 42
tcp_ping received 2048 bytes back
Round trip time was 0.015836 milliseconds in repetition 43
tcp_ping received 2048 bytes back
Round trip time was 0.017427 milliseconds in repetition 44
tcp_ping received 2048 bytes back
Round trip time was 0.016092 milliseconds in repetition 45
tcp_ping received 2048 bytes back
Round trip time was 0.015823 milliseconds in repetition 46
tcp_ping received 2048 bytes back
Round trip time was 0.015802 milliseconds in repetition 47
tcp_ping received 2048 bytes back
Round trip time was 0.016062 milliseconds in repetition 48
tcp_ping received 2048 bytes back
Round trip time was 0.015942 milliseconds in repetition 49
tcp_ping received 2048 bytes back
Round trip time was 0.015815 milliseconds in repetition 50
tcp_ping received 2048 bytes back
Round trip time was 0.016163 milliseconds in repetition 51
tcp_ping received 2048 bytes back
Round trip time was 0.015805 milliseconds in repetition 52
tcp_ping received 2048 bytes back
Round trip time was 0.016514 milliseconds in repetition 53
tcp_ping received 2048 bytes back
Round trip time was 0.026034 milliseconds in repetition 54
tcp_ping received 2048 bytes back
Round trip time was 0.018535 milliseconds in repetition 55
tcp_ping received 2048 bytes back
Round trip time was 0.018139 milliseconds in repetition 56
tcp_ping received 2048 bytes back
Round trip time was 0.017858 milliseconds in repetition 57
tcp_ping received 2048 bytes back
Round trip time was 0.01796 milliseconds in repetition 58
tcp_ping received 2048 bytes back
Round trip time was 0.017767 milliseconds in repetition 59
tcp_ping received 2048 bytes back
Round trip time was 0.01788 milliseconds in repetition 60
tcp_ping received 2048 bytes back
Round trip time was 0.01807 milliseconds in repetition 61
tcp_ping received 2048 bytes back
Round trip time was 0.018012 milliseconds in repetition 62
tcp_ping received 2048 bytes back
Round trip time was 0.017925 milliseconds in repetition 63
tcp_ping received 2048 bytes back
Round trip time was 0.054229 milliseconds in repetition 64
tcp_ping received 2048 bytes back
Round trip time was 0.096592 milliseconds in repetition 65
tcp_ping received 2048 bytes back
Round trip time was 0.018825 milliseconds in repetition 66
tcp_ping received 2048 bytes back
Round trip time was 0.017361 milliseconds in repetition 67
tcp_ping received 2048 bytes back
Round trip time was 0.016434 milliseconds in repetition 68
tcp_ping received 2048 bytes back
Round trip time was 0.016397 milliseconds in repetition 69
tcp_ping received 2048 bytes back
Round trip time was 0.015821 milliseconds in repetition 70
tcp_ping received 2048 bytes back
Round trip time was 0.015756 milliseconds in repetition 71
tcp_ping received 2048 bytes back
Round trip time was 0.015852 milliseconds in repetition 72
tcp_ping received 2048 bytes back
Round trip time was 0.015715 milliseconds in repetition 73
tcp_ping received 2048 bytes back
Round trip time was 0.016065 milliseconds in repetition 74
tcp_ping received 2048 bytes back
Round trip time was 0.055718 milliseconds in repetition 75
tcp_ping received 2048 bytes back
Round trip time was 0.017316 milliseconds in repetition 76
tcp_ping received 2048 bytes back
Round trip time was 0.33839 milliseconds in repetition 77
tcp_ping received 2048 bytes back
Round trip time was 0.017867 milliseconds in repetition 78
tcp_ping received 2048 bytes back
Round trip time was 0.015928 milliseconds in repetition 79
tcp_ping received 2048 bytes back
Round trip time was 0.016296 milliseconds in repetition 80
tcp_ping received 2048 bytes back
Round trip time was 0.015791 milliseconds in repetition 81
tcp_ping received 2048 bytes back
Round trip time was 0.015841 milliseconds in repetition 82
tcp_ping received 2048 bytes back
Round trip time was 0.053365 milliseconds in repetition 83
tcp_ping received 2048 bytes back
Round trip time was 0.017346 milliseconds in repetition 84
tcp_ping received 2048 bytes back
Round trip time was 0.017458 milliseconds in repetition 85
tcp_ping received 2048 bytes back
Round trip time was 0.017357 milliseconds in repetition 86
tcp_ping received 2048 bytes back
Round trip time was 0.017082 milliseconds in repetition 87
tcp_ping received 2048 bytes back
Round trip time was 0.02057 milliseconds in repetition 88
tcp_ping received 2048 bytes back
Round trip time was 0.017181 milliseconds in repetition 89
tcp_ping received 2048 bytes back
Round trip time was 0.039742 milliseconds in repetition 90
tcp_ping received 2048 bytes back
Round trip time was 0.027216 milliseconds in repetition 91
tcp_ping received 2048 bytes back
Round trip time was 0.018095 milliseconds in repetition 92
tcp_ping received 2048 bytes back
Round trip time was 0.017829 milliseconds in repetition 93
tcp_ping received 2048 bytes back
Round trip time was 0.017317 milliseconds in repetition 94
tcp_ping received 2048 bytes back
Round trip time was 0.018424 milliseconds in repetition 95
tcp_ping received 2048 bytes back
Round trip time was 0.134835 milliseconds in repetition 96
tcp_ping received 2048 bytes back
Round trip time was 1.33475 milliseconds in repetition 97
tcp_ping received 2048 bytes back
Round trip time was 0.016915 milliseconds in repetition 98
tcp_ping received 2048 bytes back
Round trip time was 0.015743 milliseconds in repetition 99
tcp_ping received 2048 bytes back
Round trip time was 0.01577 milliseconds in repetition 100
tcp_ping received 2048 bytes back
Round trip time was 0.01562 milliseconds in repetition 101
tcp_ping received 2048 bytes back
Round trip time was 0.015723 milliseconds in repetition 102
tcp_ping received 2048 bytes back
Round trip time was 0.015633 milliseconds in repetition 103
tcp_ping received 2048 bytes back
Round trip time was 0.015802 milliseconds in repetition 104
tcp_ping received 2048 bytes back
Round trip time was 0.0157 milliseconds in repetition 105
tcp_ping received 2048 bytes back
Round trip time was 0.015758 milliseconds in repetition 106
tcp_ping received 2048 bytes back
Round trip time was 0.015699 milliseconds in repetition 107
tcp_ping received 2048 bytes back
Round trip time was 0.052216 milliseconds in repetition 108
tcp_ping received 2048 bytes back
Round trip time was 0.017053 milliseconds in repetition 109
tcp_ping received 2048 bytes back
Round trip time was 0.017084 milliseconds in repetition 110
tcp_ping received 2048 bytes back
Round trip time was 0.017026 milliseconds in repetition 111
tcp_ping received 2048 bytes back
Round trip time was 0.077808 milliseconds in repetition 112
tcp_ping received 2048 bytes back
Round trip time was 0.0521 milliseconds in repetition 113
tcp_ping received 2048 bytes back
Round trip time was 0.017108 milliseconds in repetition 114
tcp_ping received 2048 bytes back
Round trip time was 0.074509 milliseconds in repetition 115
tcp_ping received 2048 bytes back
Round trip time was 0.036645 milliseconds in repetition 116
tcp_ping received 2048 bytes back
Round trip time was 0.015805 milliseconds in repetition 117
tcp_ping received 2048 bytes back
Round trip time was 0.01578 milliseconds in repetition 118
tcp_ping received 2048 bytes back
Round trip time was 0.015736 milliseconds in repetition 119
tcp_ping received 2048 bytes back
Round trip time was 0.015801 milliseconds in repetition 120
tcp_ping received 2048 bytes back
Round trip time was 0.015823 milliseconds in repetition 121
tcp_ping received 2048 bytes back
Round trip time was 0.015789 milliseconds in repetition 122
tcp_ping received 2048 bytes back
Round trip time was 0.015699 milliseconds in repetition 123
tcp_ping received 2048 bytes back
Round trip time was 0.015767 milliseconds in repetition 124
tcp_ping received 2048 bytes back
Round trip time was 0.015675 milliseconds in repetition 125
tcp_ping received 2048 bytes back
Round trip time was 0.015772 milliseconds in repetition 126
tcp_ping received 2048 bytes back
Round trip time was 0.015709 milliseconds in repetition 127
tcp_ping received 2048 bytes back
Round trip time was 0.016061 milliseconds in repetition 128
tcp_ping received 2048 bytes back
Round trip time was 0.015721 milliseconds in repetition 129
tcp_ping received 2048 bytes back
Round trip time was 0.015828 milliseconds in repetition 130
tcp_ping received 2048 bytes back
Round trip time was 0.01566 milliseconds in repetition 131
tcp_ping received 2048 bytes back
Round trip time was 0.016732 milliseconds in repetition 132
tcp_ping received 2048 bytes back
Round trip time was 0.015713 milliseconds in repetition 133
tcp_ping received 2048 bytes back
Round trip time was 0.015848 milliseconds in repetition 134
tcp_ping received 2048 bytes back
Round trip time was 0.015804 milliseconds in repetition 135
tcp_ping received 2048 bytes back
Round trip time was 0.039115 milliseconds in repetition 136
tcp_ping received 2048 bytes back
Round trip time was 0.015303 milliseconds in repetition 137
tcp_ping received 2048 bytes back
Round trip time was 0.015356 milliseconds in repetition 138
tcp_ping received 2048 bytes back
Round trip time was 0.044167 milliseconds in repetition 139
tcp_ping received 2048 bytes back
Round trip time was 0.016217 milliseconds in repetition 140
tcp_ping received 2048 bytes back
Round trip time was 0.015389 milliseconds in repetition 141
tcp_ping received 2048 bytes back
Round trip time was 0.015294 milliseconds in repetition 142
tcp_ping received 2048 bytes back
Round trip time was 0.015329 milliseconds in repetition 143
tcp_ping received 2048 bytes back
Round trip time was 0.015349 milliseconds in repetition 144
tcp_ping received 2048 bytes back
Round trip time was 0.015346 milliseconds in repetition 145
tcp_ping received 2048 bytes back
Round trip time was 0.015338 milliseconds in repetition 146
tcp_ping received 2048 bytes back
Round trip time was 0.015337 milliseconds in repetition 147
tcp_ping received 2048 bytes back
Round trip time was 0.01529 milliseconds in repetition 148
tcp_ping received 2048 bytes back
Round trip time was 0.015358 milliseconds in repetition 149
tcp_ping received 2048 bytes back
Round trip time was 0.015341 milliseconds in repetition 150
tcp_ping received 2048 bytes back
Round trip time was 0.015369 milliseconds in repetition 151
tcp_ping received 2048 bytes back
Round trip time was 0.01537 milliseconds in repetition 152
tcp_ping received 2048 bytes back
Round trip time was 0.015389 milliseconds in repetition 153
tcp_ping received 2048 bytes back
Round trip time was 0.015263 milliseconds in repetition 154
tcp_ping received 2048 bytes back
Round trip time was 0.015361 milliseconds in repetition 155
tcp_ping received 2048 bytes back
Round trip time was 0.015315 milliseconds in repetition 156
tcp_ping received 2048 bytes back
Round trip time was 0.036127 milliseconds in repetition 157
tcp_ping received 2048 bytes back
Round trip time was 0.151791 milliseconds in repetition 158
tcp_ping received 2048 bytes back
Round trip time was 0.016272 milliseconds in repetition 159
tcp_ping received 2048 bytes back
Round trip time was 0.015446 milliseconds in repetition 160
tcp_ping received 2048 bytes back
Round trip time was 0.015418 milliseconds in repetition 161
tcp_ping received 2048 bytes back
Round trip time was 0.015375 milliseconds in repetition 162
tcp_ping received 2048 bytes back
Round trip time was 0.015387 milliseconds in repetition 163
tcp_ping received 2048 bytes back
Round trip time was 0.015393 milliseconds in repetition 164
tcp_ping received 2048 bytes back
Round trip time was 0.015303 milliseconds in repetition 165
tcp_ping received 2048 bytes back
Round trip time was 0.015397 milliseconds in repetition 166
tcp_ping received 2048 bytes back
Round trip time was 0.015322 milliseconds in repetition 167
tcp_ping received 2048 bytes back
Round trip time was 0.015316 milliseconds in repetition 168
tcp_ping received 2048 bytes back
Round trip time was 0.015335 milliseconds in repetition 169
tcp_ping received 2048 bytes back
Round trip time was 0.01534 milliseconds in repetition 170
tcp_ping received 2048 bytes back
Round trip time was 0.015286 milliseconds in repetition 171
tcp_ping received 2048 bytes back
Round trip time was 0.015329 milliseconds in repetition 172
tcp_ping received 2048 bytes back
Round trip time was 0.015283 milliseconds in repetition 173
tcp_ping received 2048 bytes back
Round trip time was 0.015351 milliseconds in repetition 174
tcp_ping received 2048 bytes back
Round trip time was 0.016156 milliseconds in repetition 175
tcp_ping received 2048 bytes back
Round trip time was 0.015313 milliseconds in repetition 176
tcp_ping received 2048 bytes back
Round trip time was 0.015354 milliseconds in repetition 177
tcp_ping received 2048 bytes back
Round trip time was 0.0155 milliseconds in repetition 178
tcp_ping received 2048 bytes back
Round trip time was 0.032918 milliseconds in repetition 179
tcp_ping received 2048 bytes back
Round trip time was 1.63819 milliseconds in repetition 180
tcp_ping received 2048 bytes back
Round trip time was 0.016195 milliseconds in repetition 181
tcp_ping received 2048 bytes back
Round trip time was 0.015401 milliseconds in repetition 182
tcp_ping received 2048 bytes back
Round trip time was 0.015339 milliseconds in repetition 183
tcp_ping received 2048 bytes back
Round trip time was 0.015413 milliseconds in repetition 184
tcp_ping received 2048 bytes back
Round trip time was 0.015258 milliseconds in repetition 185
tcp_ping received 2048 bytes back
Round trip time was 0.015373 milliseconds in repetition 186
tcp_ping received 2048 bytes back
Round trip time was 0.015292 milliseconds in repetition 187
tcp_ping received 2048 bytes back
Round trip time was 0.015366 milliseconds in repetition 188
tcp_ping received 2048 bytes back
Round trip time was 0.015272 milliseconds in repetition 189
tcp_ping received 2048 bytes back
Round trip time was 0.015395 milliseconds in repetition 190
tcp_ping received 2048 bytes back
Round trip time was 0.015291 milliseconds in repetition 191
tcp_ping received 2048 bytes back
Round trip time was 0.015321 milliseconds in repetition 192
tcp_ping received 2048 bytes back
Round trip time was 0.015244 milliseconds in repetition 193
tcp_ping received 2048 bytes back
Round trip time was 0.015314 milliseconds in repetition 194
tcp_ping received 2048 bytes back
Round trip time was 0.015338 milliseconds in repetition 195
tcp_ping received 2048 bytes back
Round trip time was 0.015277 milliseconds in repetition 196
tcp_ping received 2048 bytes back
Round trip time was 0.015287 milliseconds in repetition 197
tcp_ping received 2048 bytes back
Round trip time was 0.015359 milliseconds in repetition 198
tcp_ping received 2048 bytes back
Round trip time was 0.014805 milliseconds in repetition 199
tcp_ping received 2048 bytes back
Round trip time was 0.014428 milliseconds in repetition 200
tcp_ping received 2048 bytes back
Round trip time was 0.014148 milliseconds in repetition 201
tcp_ping received 2048 bytes back
Round trip time was 0.014188 milliseconds in repetition 202
tcp_ping received 2048 bytes back
Round trip time was 0.014163 milliseconds in repetition 203
tcp_ping received 2048 bytes back
Round trip time was 0.014132 milliseconds in repetition 204
tcp_ping received 2048 bytes back
Round trip time was 0.014097 milliseconds in repetition 205
tcp_ping received 2048 bytes back
Round trip time was 0.01438 milliseconds in repetition 206
tcp_ping received 2048 bytes back
Round trip time was 0.014093 milliseconds in repetition 207
tcp_ping received 2048 bytes back
Round trip time was 0.014181 milliseconds in repetition 208
tcp_ping received 2048 bytes back
Round trip time was 0.014045 milliseconds in repetition 209
tcp_ping received 2048 bytes back
Round trip time was 0.014138 milliseconds in repetition 210
tcp_ping received 2048 bytes back
Round trip time was 0.01407 milliseconds in repetition 211
tcp_ping received 2048 bytes back
Round trip time was 0.014153 milliseconds in repetition 212
tcp_ping received 2048 bytes back
Round trip time was 0.014074 milliseconds in repetition 213
tcp_ping received 2048 bytes back
Round trip time was 0.014174 milliseconds in repetition 214
tcp_ping received 2048 bytes back
Round trip time was 0.014026 milliseconds in repetition 215
tcp_ping received 2048 bytes back
Round trip time was 0.01414 milliseconds in repetition 216
tcp_ping received 2048 bytes back
Round trip time was 0.014056 milliseconds in repetition 217
tcp_ping received 2048 bytes back
Round trip time was 0.014158 milliseconds in repetition 218
tcp_ping received 2048 bytes back
Round trip time was 0.015091 milliseconds in repetition 219
tcp_ping received 2048 bytes back
Round trip time was 0.014283 milliseconds in repetition 220
tcp_ping received 2048 bytes back
Round trip time was 0.01431 milliseconds in repetition 221
tcp_ping received 2048 bytes back
Round trip time was 0.014307 milliseconds in repetition 222
tcp_ping received 2048 bytes back
Round trip time was 0.014213 milliseconds in repetition 223
tcp_ping received 2048 bytes back
Round trip time was 0.014188 milliseconds in repetition 224
tcp_ping received 2048 bytes back
Round trip time was 0.014122 milliseconds in repetition 225
tcp_ping received 2048 bytes back
Round trip time was 0.014189 milliseconds in repetition 226
tcp_ping received 2048 bytes back
Round trip time was 0.117357 milliseconds in repetition 227
tcp_ping received 2048 bytes back
Round trip time was 0.015707 milliseconds in repetition 228
tcp_ping received 2048 bytes back
Round trip time was 0.033502 milliseconds in repetition 229
tcp_ping received 2048 bytes back
Round trip time was 0.014132 milliseconds in repetition 230
tcp_ping received 2048 bytes back
Round trip time was 0.014132 milliseconds in repetition 231
tcp_ping received 2048 bytes back
Round trip time was 0.014065 milliseconds in repetition 232
tcp_ping received 2048 bytes back
Round trip time was 0.014113 milliseconds in repetition 233
tcp_ping received 2048 bytes back
Round trip time was 0.01404 milliseconds in repetition 234
tcp_ping received 2048 bytes back
Round trip time was 0.014119 milliseconds in repetition 235
tcp_ping received 2048 bytes back
Round trip time was 0.01404 milliseconds in repetition 236
tcp_ping received 2048 bytes back
Round trip time was 0.014122 milliseconds in repetition 237
tcp_ping received 2048 bytes back
Round trip time was 0.014064 milliseconds in repetition 238
tcp_ping received 2048 bytes back
Round trip time was 0.01415 milliseconds in repetition 239
tcp_ping received 2048 bytes back
Round trip time was 0.014056 milliseconds in repetition 240
tcp_ping received 2048 bytes back
Round trip time was 0.014151 milliseconds in repetition 241
tcp_ping received 2048 bytes back
Round trip time was 0.014072 milliseconds in repetition 242
tcp_ping received 2048 bytes back
Round trip time was 0.014119 milliseconds in repetition 243
tcp_ping received 2048 bytes back
Round trip time was 0.014066 milliseconds in repetition 244
tcp_ping received 2048 bytes back
Round trip time was 0.014136 milliseconds in repetition 245
tcp_ping received 2048 bytes back
Round trip time was 0.014063 milliseconds in repetition 246
tcp_ping received 2048 bytes back
Round trip time was 0.014124 milliseconds in repetition 247
tcp_ping received 2048 bytes back
Round trip time was 0.014124 milliseconds in repetition 248
tcp_ping received 2048 bytes back
Round trip time was 0.014119 milliseconds in repetition 249
tcp_ping received 2048 bytes back
Round trip time was 0.014091 milliseconds in repetition 250
tcp_ping received 2048 bytes back
Round trip time was 0.014125 milliseconds in repetition 251
tcp_ping received 2048 bytes back
Round trip time was 0.014052 milliseconds in repetition 252
tcp_ping received 2048 bytes back
Round trip time was 0.014155 milliseconds in repetition 253
tcp_ping received 2048 bytes back
Round trip time was 0.014086 milliseconds in repetition 254
tcp_ping received 2048 bytes back
Round trip time was 0.014102 milliseconds in repetition 255
tcp_ping received 2048 bytes back
Round trip time was 0.014116 milliseconds in repetition 256
tcp_ping received 2048 bytes back
Round trip time was 0.014126 milliseconds in repetition 257
tcp_ping received 2048 bytes back
Round trip time was 0.029137 milliseconds in repetition 258
tcp_ping received 2048 bytes back
Round trip time was 0.017545 milliseconds in repetition 259
tcp_ping received 2048 bytes back
Round trip time was 0.014195 milliseconds in repetition 260
tcp_ping received 2048 bytes back
Round trip time was 0.014259 milliseconds in repetition 261
tcp_ping received 2048 bytes back
Round trip time was 0.014756 milliseconds in repetition 262
tcp_ping received 2048 bytes back
Round trip time was 0.014378 milliseconds in repetition 263
tcp_ping received 2048 bytes back
Round trip time was 0.014072 milliseconds in repetition 264
tcp_ping received 2048 bytes back
Round trip time was 0.014142 milliseconds in repetition 265
tcp_ping received 2048 bytes back
Round trip time was 0.014084 milliseconds in repetition 266
tcp_ping received 2048 bytes back
Round trip time was 0.014145 milliseconds in repetition 267
tcp_ping received 2048 bytes back
Round trip time was 0.014071 milliseconds in repetition 268
tcp_ping received 2048 bytes back
Round trip time was 0.014158 milliseconds in repetition 269
tcp_ping received 2048 bytes back
Round trip time was 0.014089 milliseconds in repetition 270
tcp_ping received 2048 bytes back
Round trip time was 0.014185 milliseconds in repetition 271
tcp_ping received 2048 bytes back
Round trip time was 0.014079 milliseconds in repetition 272
tcp_ping received 2048 bytes back
Round trip time was 0.01423 milliseconds in repetition 273
tcp_ping received 2048 bytes back
Round trip time was 0.014062 milliseconds in repetition 274
tcp_ping received 2048 bytes back
Round trip time was 0.01416 milliseconds in repetition 275
tcp_ping received 2048 bytes back
Round trip time was 0.014081 milliseconds in repetition 276
tcp_ping received 2048 bytes back
Round trip time was 0.014219 milliseconds in repetition 277
tcp_ping received 2048 bytes back
Round trip time was 0.014138 milliseconds in repetition 278
tcp_ping received 2048 bytes back
Round trip time was 0.01416 milliseconds in repetition 279
tcp_ping received 2048 bytes back
Round trip time was 0.07776 milliseconds in repetition 280
tcp_ping received 2048 bytes back
Round trip time was 0.017357 milliseconds in repetition 281
tcp_ping received 2048 bytes back
Round trip time was 0.014223 milliseconds in repetition 282
tcp_ping received 2048 bytes back
Round trip time was 0.014052 milliseconds in repetition 283
tcp_ping received 2048 bytes back
Round trip time was 0.014077 milliseconds in repetition 284
tcp_ping received 2048 bytes back
Round trip time was 0.014032 milliseconds in repetition 285
tcp_ping received 2048 bytes back
Round trip time was 0.014067 milliseconds in repetition 286
tcp_ping received 2048 bytes back
Round trip time was 0.014066 milliseconds in repetition 287
tcp_ping received 2048 bytes back
Round trip time was 0.014031 milliseconds in repetition 288
tcp_ping received 2048 bytes back
Round trip time was 0.014062 milliseconds in repetition 289
tcp_ping received 2048 bytes back
Round trip time was 0.014073 milliseconds in repetition 290
tcp_ping received 2048 bytes back
Round trip time was 0.014026 milliseconds in repetition 291
tcp_ping received 2048 bytes back
Round trip time was 0.014117 milliseconds in repetition 292
tcp_ping received 2048 bytes back
Round trip time was 0.014002 milliseconds in repetition 293
tcp_ping received 2048 bytes back
Round trip time was 0.014114 milliseconds in repetition 294
tcp_ping received 2048 bytes back
Round trip time was 0.014044 milliseconds in repetition 295
tcp_ping received 2048 bytes back
Round trip time was 0.014187 milliseconds in repetition 296
tcp_ping received 2048 bytes back
Round trip time was 0.014071 milliseconds in repetition 297
tcp_ping received 2048 bytes back
Round trip time was 0.014149 milliseconds in repetition 298
tcp_ping received 2048 bytes back
Round trip time was 0.014021 milliseconds in repetition 299
tcp_ping received 2048 bytes back
Round trip time was 0.014091 milliseconds in repetition 300
tcp_ping received 2048 bytes back
Round trip time was 0.014009 milliseconds in repetition 301
tcp_ping received 2048 bytes back
Round trip time was 0.014077 milliseconds in repetition 302
tcp_ping received 2048 bytes back
Round trip time was 0.01401 milliseconds in repetition 303
tcp_ping received 2048 bytes back
Round trip time was 0.014097 milliseconds in repetition 304
tcp_ping received 2048 bytes back
Round trip time was 0.014006 milliseconds in repetition 305
tcp_ping received 2048 bytes back
Round trip time was 0.014837 milliseconds in repetition 306
tcp_ping received 2048 bytes back
Round trip time was 0.014114 milliseconds in repetition 307
tcp_ping received 2048 bytes back
Round trip time was 0.014188 milliseconds in repetition 308
tcp_ping received 2048 bytes back
Round trip time was 0.014049 milliseconds in repetition 309
tcp_ping received 2048 bytes back
Round trip time was 0.014117 milliseconds in repetition 310
tcp_ping received 2048 bytes back
Round trip time was 0.014045 milliseconds in repetition 311
tcp_ping received 2048 bytes back
Round trip time was 0.014111 milliseconds in repetition 312
tcp_ping received 2048 bytes back
Round trip time was 0.014032 milliseconds in repetition 313
tcp_ping received 2048 bytes back
Round trip time was 0.014164 milliseconds in repetition 314
tcp_ping received 2048 bytes back
Round trip time was 0.014035 milliseconds in repetition 315
tcp_ping received 2048 bytes back
Round trip time was 0.01413 milliseconds in repetition 316
tcp_ping received 2048 bytes back
Round trip time was 0.014059 milliseconds in repetition 317
tcp_ping received 2048 bytes back
Round trip time was 0.014109 milliseconds in repetition 318
tcp_ping received 2048 bytes back
Round trip time was 0.014042 milliseconds in repetition 319
tcp_ping received 2048 bytes back
Round trip time was 0.01412 milliseconds in repetition 320
tcp_ping received 2048 bytes back
Round trip time was 0.014182 milliseconds in repetition 321
tcp_ping received 2048 bytes back
Round trip time was 0.01412 milliseconds in repetition 322
tcp_ping received 2048 bytes back
Round trip time was 0.014056 milliseconds in repetition 323
tcp_ping received 2048 bytes back
Round trip time was 0.014068 milliseconds in repetition 324
tcp_ping received 2048 bytes back
Round trip time was 0.014074 milliseconds in repetition 325
tcp_ping received 2048 bytes back
Round trip time was 0.014086 milliseconds in repetition 326
tcp_ping received 2048 bytes back
Round trip time was 0.014059 milliseconds in repetition 327
tcp_ping received 2048 bytes back
Round trip time was 0.01429 milliseconds in repetition 328
tcp_ping received 2048 bytes back
Round trip time was 0.014124 milliseconds in repetition 329
tcp_ping received 2048 bytes back
Round trip time was 1.77937 milliseconds in repetition 330
tcp_ping received 2048 bytes back
Round trip time was 0.01545 milliseconds in repetition 331
tcp_ping received 2048 bytes back
Round trip time was 0.014235 milliseconds in repetition 332
tcp_ping received 2048 bytes back
Round trip time was 0.014143 milliseconds in repetition 333
tcp_ping received 2048 bytes back
Round trip time was 0.014146 milliseconds in repetition 334
tcp_ping received 2048 bytes back
Round trip time was 0.014122 milliseconds in repetition 335
tcp_ping received 2048 bytes back
Round trip time was 0.014128 milliseconds in repetition 336
tcp_ping received 2048 bytes back
Round trip time was 0.014058 milliseconds in repetition 337
tcp_ping received 2048 bytes back
Round trip time was 0.014107 milliseconds in repetition 338
tcp_ping received 2048 bytes back
Round trip time was 0.014045 milliseconds in repetition 339
tcp_ping received 2048 bytes back
Round trip time was 0.014121 milliseconds in repetition 340
tcp_ping received 2048 bytes back
Round trip time was 0.014076 milliseconds in repetition 341
tcp_ping received 2048 bytes back
Round trip time was 0.014119 milliseconds in repetition 342
tcp_ping received 2048 bytes back
Round trip time was 0.014021 milliseconds in repetition 343
tcp_ping received 2048 bytes back
Round trip time was 0.014192 milliseconds in repetition 344
tcp_ping received 2048 bytes back
Round trip time was 0.014042 milliseconds in repetition 345
tcp_ping received 2048 bytes back
Round trip time was 0.014084 milliseconds in repetition 346
tcp_ping received 2048 bytes back
Round trip time was 0.014031 milliseconds in repetition 347
tcp_ping received 2048 bytes back
Round trip time was 0.014108 milliseconds in repetition 348
tcp_ping received 2048 bytes back
Round trip time was 0.014165 milliseconds in repetition 349
tcp_ping received 2048 bytes back
Round trip time was 0.047091 milliseconds in repetition 350
tcp_ping received 2048 bytes back
Round trip time was 0.03491 milliseconds in repetition 351
tcp_ping received 2048 bytes back
Round trip time was 0.01459 milliseconds in repetition 352
tcp_ping received 2048 bytes back
Round trip time was 0.014645 milliseconds in repetition 353
tcp_ping received 2048 bytes back
Round trip time was 0.01449 milliseconds in repetition 354
tcp_ping received 2048 bytes back
Round trip time was 0.014384 milliseconds in repetition 355
tcp_ping received 2048 bytes back
Round trip time was 0.014516 milliseconds in repetition 356
tcp_ping received 2048 bytes back
Round trip time was 0.014371 milliseconds in repetition 357
tcp_ping received 2048 bytes back
Round trip time was 0.01447 milliseconds in repetition 358
tcp_ping received 2048 bytes back
Round trip time was 0.014378 milliseconds in repetition 359
tcp_ping received 2048 bytes back
Round trip time was 0.014469 milliseconds in repetition 360
tcp_ping received 2048 bytes back
Round trip time was 0.014394 milliseconds in repetition 361
tcp_ping received 2048 bytes back
Round trip time was 0.014502 milliseconds in repetition 362
tcp_ping received 2048 bytes back
Round trip time was 0.014372 milliseconds in repetition 363
tcp_ping received 2048 bytes back
Round trip time was 0.014466 milliseconds in repetition 364
tcp_ping received 2048 bytes back
Round trip time was 0.024523 milliseconds in repetition 365
tcp_ping received 2048 bytes back
Round trip time was 0.014526 milliseconds in repetition 366
tcp_ping received 2048 bytes back
Round trip time was 0.014381 milliseconds in repetition 367
tcp_ping received 2048 bytes back
Round trip time was 0.014468 milliseconds in repetition 368
tcp_ping received 2048 bytes back
Round trip time was 0.014385 milliseconds in repetition 369
tcp_ping received 2048 bytes back
Round trip time was 0.014499 milliseconds in repetition 370
tcp_ping received 2048 bytes back
Round trip time was 0.014369 milliseconds in repetition 371
tcp_ping received 2048 bytes back
Round trip time was 0.01449 milliseconds in repetition 372
tcp_ping received 2048 bytes back
Round trip time was 0.014418 milliseconds in repetition 373
tcp_ping received 2048 bytes back
Round trip time was 0.014484 milliseconds in repetition 374
tcp_ping received 2048 bytes back
Round trip time was 0.014409 milliseconds in repetition 375
tcp_ping received 2048 bytes back
Round trip time was 0.014616 milliseconds in repetition 376
tcp_ping received 2048 bytes back
Round trip time was 0.014444 milliseconds in repetition 377
tcp_ping received 2048 bytes back
Round trip time was 0.014512 milliseconds in repetition 378
tcp_ping received 2048 bytes back
Round trip time was 0.052326 milliseconds in repetition 379
tcp_ping received 2048 bytes back
Round trip time was 0.015828 milliseconds in repetition 380
tcp_ping received 2048 bytes back
Round trip time was 0.051421 milliseconds in repetition 381
tcp_ping received 2048 bytes back
Round trip time was 0.014847 milliseconds in repetition 382
tcp_ping received 2048 bytes back
Round trip time was 0.01441 milliseconds in repetition 383
tcp_ping received 2048 bytes back
Round trip time was 0.054572 milliseconds in repetition 384
tcp_ping received 2048 bytes back
Round trip time was 0.015784 milliseconds in repetition 385
tcp_ping received 2048 bytes back
Round trip time was 0.015733 milliseconds in repetition 386
tcp_ping received 2048 bytes back
Round trip time was 0.015636 milliseconds in repetition 387
tcp_ping received 2048 bytes back
Round trip time was 0.015709 milliseconds in repetition 388
tcp_ping received 2048 bytes back
Round trip time was 0.01564 milliseconds in repetition 389
tcp_ping received 2048 bytes back
Round trip time was 0.015767 milliseconds in repetition 390
tcp_ping received 2048 bytes back
Round trip time was 0.015708 milliseconds in repetition 391
tcp_ping received 2048 bytes back
Round trip time was 0.015725 milliseconds in repetition 392
tcp_ping received 2048 bytes back
Round trip time was 0.016383 milliseconds in repetition 393
tcp_ping received 2048 bytes back
Round trip time was 0.0158 milliseconds in repetition 394
tcp_ping received 2048 bytes back
Round trip time was 0.015678 milliseconds in repetition 395
tcp_ping received 2048 bytes back
Round trip time was 0.104897 milliseconds in repetition 396
tcp_ping received 2048 bytes back
Round trip time was 0.016186 milliseconds in repetition 397
tcp_ping received 2048 bytes back
Round trip time was 0.015396 milliseconds in repetition 398
tcp_ping received 2048 bytes back
Round trip time was 0.015315 milliseconds in repetition 399
tcp_ping received 2048 bytes back
Round trip time was 0.01525 milliseconds in repetition 400
tcp_ping received 2048 bytes back
Round trip time was 0.015328 milliseconds in repetition 401
tcp_ping received 2048 bytes back
Round trip time was 0.015225 milliseconds in repetition 402
tcp_ping received 2048 bytes back
Round trip time was 0.015308 milliseconds in repetition 403
tcp_ping received 2048 bytes back
Round trip time was 0.015278 milliseconds in repetition 404
tcp_ping received 2048 bytes back
Round trip time was 0.015281 milliseconds in repetition 405
tcp_ping received 2048 bytes back
Round trip time was 0.015204 milliseconds in repetition 406
tcp_ping received 2048 bytes back
Round trip time was 0.015338 milliseconds in repetition 407
tcp_ping received 2048 bytes back
Round trip time was 0.015248 milliseconds in repetition 408
tcp_ping received 2048 bytes back
Round trip time was 0.038313 milliseconds in repetition 409
tcp_ping received 2048 bytes back
Round trip time was 0.014188 milliseconds in repetition 410
tcp_ping received 2048 bytes back
Round trip time was 0.01413 milliseconds in repetition 411
tcp_ping received 2048 bytes back
Round trip time was 0.014108 milliseconds in repetition 412
tcp_ping received 2048 bytes back
Round trip time was 0.014152 milliseconds in repetition 413
tcp_ping received 2048 bytes back
Round trip time was 0.014135 milliseconds in repetition 414
tcp_ping received 2048 bytes back
Round trip time was 0.014109 milliseconds in repetition 415
tcp_ping received 2048 bytes back
Round trip time was 0.014058 milliseconds in repetition 416
tcp_ping received 2048 bytes back
Round trip time was 0.014096 milliseconds in repetition 417
tcp_ping received 2048 bytes back
Round trip time was 0.014103 milliseconds in repetition 418
tcp_ping received 2048 bytes back
Round trip time was 0.014051 milliseconds in repetition 419
tcp_ping received 2048 bytes back
Round trip time was 0.014038 milliseconds in repetition 420
tcp_ping received 2048 bytes back
Round trip time was 0.014106 milliseconds in repetition 421
tcp_ping received 2048 bytes back
Round trip time was 0.014065 milliseconds in repetition 422
tcp_ping received 2048 bytes back
Round trip time was 0.014108 milliseconds in repetition 423
tcp_ping received 2048 bytes back
Round trip time was 0.014124 milliseconds in repetition 424
tcp_ping received 2048 bytes back
Round trip time was 0.014089 milliseconds in repetition 425
tcp_ping received 2048 bytes back
Round trip time was 0.014007 milliseconds in repetition 426
tcp_ping received 2048 bytes back
Round trip time was 0.01414 milliseconds in repetition 427
tcp_ping received 2048 bytes back
Round trip time was 0.014107 milliseconds in repetition 428
tcp_ping received 2048 bytes back
Round trip time was 0.014459 milliseconds in repetition 429
tcp_ping received 2048 bytes back
Round trip time was 0.014025 milliseconds in repetition 430
tcp_ping received 2048 bytes back
Round trip time was 0.014107 milliseconds in repetition 431
tcp_ping received 2048 bytes back
Round trip time was 0.014039 milliseconds in repetition 432
tcp_ping received 2048 bytes back
Round trip time was 0.014093 milliseconds in repetition 433
tcp_ping received 2048 bytes back
Round trip time was 0.014073 milliseconds in repetition 434
tcp_ping received 2048 bytes back
Round trip time was 0.01412 milliseconds in repetition 435
tcp_ping received 2048 bytes back
Round trip time was 0.014025 milliseconds in repetition 436
tcp_ping received 2048 bytes back
Round trip time was 0.014976 milliseconds in repetition 437
tcp_ping received 2048 bytes back
Round trip time was 0.014333 milliseconds in repetition 438
tcp_ping received 2048 bytes back
Round trip time was 0.014263 milliseconds in repetition 439
tcp_ping received 2048 bytes back
Round trip time was 0.01408 milliseconds in repetition 440
tcp_ping received 2048 bytes back
Round trip time was 0.014125 milliseconds in repetition 441
tcp_ping received 2048 bytes back
Round trip time was 0.014025 milliseconds in repetition 442
tcp_ping received 2048 bytes back
Round trip time was 0.014184 milliseconds in repetition 443
tcp_ping received 2048 bytes back
Round trip time was 0.01404 milliseconds in repetition 444
tcp_ping received 2048 bytes back
Round trip time was 0.014165 milliseconds in repetition 445
tcp_ping received 2048 bytes back
Round trip time was 0.014064 milliseconds in repetition 446
tcp_ping received 2048 bytes back
Round trip time was 0.014107 milliseconds in repetition 447
tcp_ping received 2048 bytes back
Round trip time was 0.014001 milliseconds in repetition 448
tcp_ping received 2048 bytes back
Round trip time was 0.014114 milliseconds in repetition 449
tcp_ping received 2048 bytes back
Round trip time was 0.014042 milliseconds in repetition 450
tcp_ping received 2048 bytes back
Round trip time was 0.014109 milliseconds in repetition 451
tcp_ping received 2048 bytes back
Round trip time was 0.034862 milliseconds in repetition 452
tcp_ping received 2048 bytes back
Round trip time was 0.121481 milliseconds in repetition 453
tcp_ping received 2048 bytes back
Round trip time was 0.014694 milliseconds in repetition 454
tcp_ping received 2048 bytes back
Round trip time was 0.030455 milliseconds in repetition 455
tcp_ping received 2048 bytes back
Round trip time was 0.014097 milliseconds in repetition 456
tcp_ping received 2048 bytes back
Round trip time was 0.013992 milliseconds in repetition 457
tcp_ping received 2048 bytes back
Round trip time was 0.014052 milliseconds in repetition 458
tcp_ping received 2048 bytes back
Round trip time was 0.014105 milliseconds in repetition 459
tcp_ping received 2048 bytes back
Round trip time was 0.01406 milliseconds in repetition 460
tcp_ping received 2048 bytes back
Round trip time was 0.014055 milliseconds in repetition 461
tcp_ping received 2048 bytes back
Round trip time was 0.014097 milliseconds in repetition 462
tcp_ping received 2048 bytes back
Round trip time was 0.014145 milliseconds in repetition 463
tcp_ping received 2048 bytes back
Round trip time was 0.014116 milliseconds in repetition 464
tcp_ping received 2048 bytes back
Round trip time was 0.01404 milliseconds in repetition 465
tcp_ping received 2048 bytes back
Round trip time was 0.014042 milliseconds in repetition 466
tcp_ping received 2048 bytes back
Round trip time was 0.014114 milliseconds in repetition 467
tcp_ping received 2048 bytes back
Round trip time was 0.014059 milliseconds in repetition 468
tcp_ping received 2048 bytes back
Round trip time was 3.81254 milliseconds in repetition 469
tcp_ping received 2048 bytes back
Round trip time was 0.020263 milliseconds in repetition 470
tcp_ping received 2048 bytes back
Round trip time was 0.015493 milliseconds in repetition 471
tcp_ping received 2048 bytes back
Round trip time was 0.015473 milliseconds in repetition 472
tcp_ping received 2048 bytes back
Round trip time was 0.015562 milliseconds in repetition 473
tcp_ping received 2048 bytes back
Round trip time was 0.015511 milliseconds in repetition 474
tcp_ping received 2048 bytes back
Round trip time was 0.015667 milliseconds in repetition 475
tcp_ping received 2048 bytes back
Round trip time was 0.015319 milliseconds in repetition 476
tcp_ping received 2048 bytes back
Round trip time was 0.015508 milliseconds in repetition 477
tcp_ping received 2048 bytes back
Round trip time was 0.015435 milliseconds in repetition 478
tcp_ping received 2048 bytes back
Round trip time was 0.015275 milliseconds in repetition 479
tcp_ping received 2048 bytes back
Round trip time was 0.015382 milliseconds in repetition 480
tcp_ping received 2048 bytes back
Round trip time was 0.016611 milliseconds in repetition 481
tcp_ping received 2048 bytes back
Round trip time was 0.016076 milliseconds in repetition 482
tcp_ping received 2048 bytes back
Round trip time was 0.015524 milliseconds in repetition 483
tcp_ping received 2048 bytes back
Round trip time was 0.037791 milliseconds in repetition 484
tcp_ping received 2048 bytes back
Round trip time was 0.014618 milliseconds in repetition 485
tcp_ping received 2048 bytes back
Round trip time was 0.014594 milliseconds in repetition 486
tcp_ping received 2048 bytes back
Round trip time was 0.014476 milliseconds in repetition 487
tcp_ping received 2048 bytes back
Round trip time was 0.014603 milliseconds in repetition 488
tcp_ping received 2048 bytes back
Round trip time was 0.014468 milliseconds in repetition 489
tcp_ping received 2048 bytes back
Round trip time was 0.01502 milliseconds in repetition 490
tcp_ping received 2048 bytes back
Round trip time was 0.015091 milliseconds in repetition 491
tcp_ping received 2048 bytes back
Round trip time was 0.014485 milliseconds in repetition 492
tcp_ping received 2048 bytes back
Round trip time was 0.014669 milliseconds in repetition 493
tcp_ping received 2048 bytes back
Round trip time was 0.014903 milliseconds in repetition 494
tcp_ping received 2048 bytes back
Round trip time was 0.014508 milliseconds in repetition 495
tcp_ping received 2048 bytes back
Round trip time was 0.014699 milliseconds in repetition 496
tcp_ping received 2048 bytes back
Round trip time was 0.014681 milliseconds in repetition 497
tcp_ping received 2048 bytes back
Round trip time was 0.014469 milliseconds in repetition 498
tcp_ping received 2048 bytes back
Round trip time was 0.014905 milliseconds in repetition 499
tcp_ping received 2048 bytes back
Round trip time was 0.015005 milliseconds in repetition 500
tcp_ping received 2048 bytes back
Round trip time was 0.014672 milliseconds in repetition 501

 ... clock resolution was 1e-06
TCP Ping:  Statistics over 501 repetitions of 2048 byte messages

RTT : percentile 10: 0.014063, median: 0.015272, percentile 90: 0.018139, average: 0.0380916, variance: 0.0454514

RTT histogram:
0.0139915 489
0.203919 6
0.393847 1
0.583774 0
0.773702 0
0.963629 1
1.15356 0
1.34348 1
1.53341 0
1.72334 2
1.91327 0
2.1032 0
2.29312 0
2.48305 0
2.67298 0
2.86291 0
3.05283 0
3.24276 0
3.43269 0
3.62262 0
3.81254 1
   median Throughput : 268203 KB/s   overall Throughput : 107530 KB/s

