TCP Ping trying to connect to server localhost (127.0.0.1) on port 1491
 ... connected to Pong server: asking for 501 repetitions of 192 bytes TCP messages
 ... Pong server agreed :-)
tcp_ping received 192 bytes back
Round trip time was 0.016998 milliseconds in repetition 1
tcp_ping received 192 bytes back
Round trip time was 0.012189 milliseconds in repetition 2
tcp_ping received 192 bytes back
Round trip time was 0.011942 milliseconds in repetition 3
tcp_ping received 192 bytes back
Round trip time was 0.011763 milliseconds in repetition 4
tcp_ping received 192 bytes back
Round trip time was 0.011784 milliseconds in repetition 5
tcp_ping received 192 bytes back
Round trip time was 0.011763 milliseconds in repetition 6
tcp_ping received 192 bytes back
Round trip time was 0.011808 milliseconds in repetition 7
tcp_ping received 192 bytes back
Round trip time was 0.012438 milliseconds in repetition 8
tcp_ping received 192 bytes back
Round trip time was 0.011916 milliseconds in repetition 9
tcp_ping received 192 bytes back
Round trip time was 0.011658 milliseconds in repetition 10
tcp_ping received 192 bytes back
Round trip time was 0.011728 milliseconds in repetition 11
tcp_ping received 192 bytes back
Round trip time was 0.011876 milliseconds in repetition 12
tcp_ping received 192 bytes back
Round trip time was 0.011721 milliseconds in repetition 13
tcp_ping received 192 bytes back
Round trip time was 0.011634 milliseconds in repetition 14
tcp_ping received 192 bytes back
Round trip time was 0.011676 milliseconds in repetition 15
tcp_ping received 192 bytes back
Round trip time was 0.011676 milliseconds in repetition 16
tcp_ping received 192 bytes back
Round trip time was 0.011689 milliseconds in repetition 17
tcp_ping received 192 bytes back
Round trip time was 0.011711 milliseconds in repetition 18
tcp_ping received 192 bytes back
Round trip time was 0.011713 milliseconds in repetition 19
tcp_ping received 192 bytes back
Round trip time was 0.011669 milliseconds in repetition 20
tcp_ping received 192 bytes back
Round trip time was 0.011732 milliseconds in repetition 21
tcp_ping received 192 bytes back
Round trip time was 0.011631 milliseconds in repetition 22
tcp_ping received 192 bytes back
Round trip time was 0.031893 milliseconds in repetition 23
tcp_ping received 192 bytes back
Round trip time was 0.012126 milliseconds in repetition 24
tcp_ping received 192 bytes back
Round trip time was 0.011968 milliseconds in repetition 25
tcp_ping received 192 bytes back
Round trip time was 0.011945 milliseconds in repetition 26
tcp_ping received 192 bytes back
Round trip time was 0.012134 milliseconds in repetition 27
tcp_ping received 192 bytes back
Round trip time was 0.011952 milliseconds in repetition 28
tcp_ping received 192 bytes back
Round trip time was 0.012141 milliseconds in repetition 29
tcp_ping received 192 bytes back
Round trip time was 0.011915 milliseconds in repetition 30
tcp_ping received 192 bytes back
Round trip time was 0.012333 milliseconds in repetition 31
tcp_ping received 192 bytes back
Round trip time was 0.012086 milliseconds in repetition 32
tcp_ping received 192 bytes back
Round trip time was 0.012122 milliseconds in repetition 33
tcp_ping received 192 bytes back
Round trip time was 0.012007 milliseconds in repetition 34
tcp_ping received 192 bytes back
Round trip time was 0.012118 milliseconds in repetition 35
tcp_ping received 192 bytes back
Round trip time was 0.012265 milliseconds in repetition 36
tcp_ping received 192 bytes back
Round trip time was 0.01198 milliseconds in repetition 37
tcp_ping received 192 bytes back
Round trip time was 0.012148 milliseconds in repetition 38
tcp_ping received 192 bytes back
Round trip time was 0.012525 milliseconds in repetition 39
tcp_ping received 192 bytes back
Round trip time was 0.012293 milliseconds in repetition 40
tcp_ping received 192 bytes back
Round trip time was 0.012037 milliseconds in repetition 41
tcp_ping received 192 bytes back
Round trip time was 0.012132 milliseconds in repetition 42
tcp_ping received 192 bytes back
Round trip time was 0.012286 milliseconds in repetition 43
tcp_ping received 192 bytes back
Round trip time was 0.013888 milliseconds in repetition 44
tcp_ping received 192 bytes back
Round trip time was 0.012482 milliseconds in repetition 45
tcp_ping received 192 bytes back
Round trip time was 0.047533 milliseconds in repetition 46
tcp_ping received 192 bytes back
Round trip time was 0.013581 milliseconds in repetition 47
tcp_ping received 192 bytes back
Round trip time was 0.05336 milliseconds in repetition 48
tcp_ping received 192 bytes back
Round trip time was 0.117451 milliseconds in repetition 49
tcp_ping received 192 bytes back
Round trip time was 0.013137 milliseconds in repetition 50
tcp_ping received 192 bytes back
Round trip time was 0.011733 milliseconds in repetition 51
tcp_ping received 192 bytes back
Round trip time was 0.033853 milliseconds in repetition 52
tcp_ping received 192 bytes back
Round trip time was 0.011981 milliseconds in repetition 53
tcp_ping received 192 bytes back
Round trip time was 0.011989 milliseconds in repetition 54
tcp_ping received 192 bytes back
Round trip time was 0.011932 milliseconds in repetition 55
tcp_ping received 192 bytes back
Round trip time was 0.012067 milliseconds in repetition 56
tcp_ping received 192 bytes back
Round trip time was 0.012182 milliseconds in repetition 57
tcp_ping received 192 bytes back
Round trip time was 0.012006 milliseconds in repetition 58
tcp_ping received 192 bytes back
Round trip time was 0.011963 milliseconds in repetition 59
tcp_ping received 192 bytes back
Round trip time was 0.012084 milliseconds in repetition 60
tcp_ping received 192 bytes back
Round trip time was 0.011951 milliseconds in repetition 61
tcp_ping received 192 bytes back
Round trip time was 0.01199 milliseconds in repetition 62
tcp_ping received 192 bytes back
Round trip time was 0.011937 milliseconds in repetition 63
tcp_ping received 192 bytes back
Round trip time was 0.011984 milliseconds in repetition 64
tcp_ping received 192 bytes back
Round trip time was 0.011977 milliseconds in repetition 65
tcp_ping received 192 bytes back
Round trip time was 0.011976 milliseconds in repetition 66
tcp_ping received 192 bytes back
Round trip time was 0.011931 milliseconds in repetition 67
tcp_ping received 192 bytes back
Round trip time was 0.012085 milliseconds in repetition 68
tcp_ping received 192 bytes back
Round trip time was 0.011936 milliseconds in repetition 69
tcp_ping received 192 bytes back
Round trip time was 0.012036 milliseconds in repetition 70
tcp_ping received 192 bytes back
Round trip time was 0.011921 milliseconds in repetition 71
tcp_ping received 192 bytes back
Round trip time was 0.012412 milliseconds in repetition 72
tcp_ping received 192 bytes back
Round trip time was 0.011983 milliseconds in repetition 73
tcp_ping received 192 bytes back
Round trip time was 0.012001 milliseconds in repetition 74
tcp_ping received 192 bytes back
Round trip time was 0.0339 milliseconds in repetition 75
tcp_ping received 192 bytes back
Round trip time was 0.0117 milliseconds in repetition 76
tcp_ping received 192 bytes back
Round trip time was 0.011635 milliseconds in repetition 77
tcp_ping received 192 bytes back
Round trip time was 0.011801 milliseconds in repetition 78
tcp_ping received 192 bytes back
Round trip time was 0.011628 milliseconds in repetition 79
tcp_ping received 192 bytes back
Round trip time was 0.011701 milliseconds in repetition 80
tcp_ping received 192 bytes back
Round trip time was 0.011711 milliseconds in repetition 81
tcp_ping received 192 bytes back
Round trip time was 0.011719 milliseconds in repetition 82
tcp_ping received 192 bytes back
Round trip time was 0.011693 milliseconds in repetition 83
tcp_ping received 192 bytes back
Round trip time was 0.011699 milliseconds in repetition 84
tcp_ping received 192 bytes back
Round trip time was 0.026335 milliseconds in repetition 85
tcp_ping received 192 bytes back
Round trip time was 0.01607 milliseconds in repetition 86
tcp_ping received 192 bytes back
Round trip time was 0.011792 milliseconds in repetition 87
tcp_ping received 192 bytes back
Round trip time was 0.011709 milliseconds in repetition 88
tcp_ping received 192 bytes back
Round trip time was 0.01272 milliseconds in repetition 89
tcp_ping received 192 bytes back
Round trip time was 0.011729 milliseconds in repetition 90
tcp_ping received 192 bytes back
Round trip time was 0.011854 milliseconds in repetition 91
tcp_ping received 192 bytes back
Round trip time was 0.011635 milliseconds in repetition 92
tcp_ping received 192 bytes back
Round trip time was 0.011741 milliseconds in repetition 93
tcp_ping received 192 bytes back
Round trip time was 0.011647 milliseconds in repetition 94
tcp_ping received 192 bytes back
Round trip time was 0.011748 milliseconds in repetition 95
tcp_ping received 192 bytes back
Round trip time was 0.011649 milliseconds in repetition 96
tcp_ping received 192 bytes back
Round trip time was 0.011656 milliseconds in repetition 97
tcp_ping received 192 bytes back
Round trip time was 0.011657 milliseconds in repetition 98
tcp_ping received 192 bytes back
Round trip time was 0.011699 milliseconds in repetition 99
tcp_ping received 192 bytes back
Round trip time was 0.01169 milliseconds in repetition 100
tcp_ping received 192 bytes back
Round trip time was 0.011653 milliseconds in repetition 101
tcp_ping received 192 bytes back
Round trip time was 0.011672 milliseconds in repetition 102
tcp_ping received 192 bytes back
Round trip time was 0.011845 milliseconds in repetition 103
tcp_ping received 192 bytes back
Round trip time was 0.011614 milliseconds in repetition 104
tcp_ping received 192 bytes back
Round trip time was 0.011707 milliseconds in repetition 105
tcp_ping received 192 bytes back
Round trip time was 0.011633 milliseconds in repetition 106
tcp_ping received 192 bytes back
Round trip time was 0.011795 milliseconds in repetition 107
tcp_ping received 192 bytes back
Round trip time was 0.210706 milliseconds in repetition 108
tcp_ping received 192 bytes back
Round trip time was 0.0157 milliseconds in repetition 109
tcp_ping received 192 bytes back
Round trip time was 0.012368 milliseconds in repetition 110
tcp_ping received 192 bytes back
Round trip time was 0.012197 milliseconds in repetition 111
tcp_ping received 192 bytes back
Round trip time was 0.012186 milliseconds in repetition 112
tcp_ping received 192 bytes back
Round trip time was 0.011978 milliseconds in repetition 113
tcp_ping received 192 bytes back
Round trip time was 0.012043 milliseconds in repetition 114
tcp_ping received 192 bytes back
Round trip time was 0.012008 milliseconds in repetition 115
tcp_ping received 192 bytes back
Round trip time was 0.012019 milliseconds in repetition 116
tcp_ping received 192 bytes back
Round trip time was 0.012026 milliseconds in repetition 117
tcp_ping received 192 bytes back
Round trip time was 0.012046 milliseconds in repetition 118
tcp_ping received 192 bytes back
Round trip time was 0.011999 milliseconds in repetition 119
tcp_ping received 192 bytes back
Round trip time was 0.012149 milliseconds in repetition 120
tcp_ping received 192 bytes back
Round trip time was 0.012042 milliseconds in repetition 121
tcp_ping received 192 bytes back
Round trip time was 0.012018 milliseconds in repetition 122
tcp_ping received 192 bytes back
Round trip time was 0.012028 milliseconds in repetition 123
tcp_ping received 192 bytes back
Round trip time was 0.018298 milliseconds in repetition 124
tcp_ping received 192 bytes back
Round trip time was 0.011711 milliseconds in repetition 125
tcp_ping received 192 bytes back
Round trip time was 0.011787 milliseconds in repetition 126
tcp_ping received 192 bytes back
Round trip time was 0.011772 milliseconds in repetition 127
tcp_ping received 192 bytes back
Round trip time was 0.011751 milliseconds in repetition 128
tcp_ping received 192 bytes back
Round trip time was 0.01164 milliseconds in repetition 129
tcp_ping received 192 bytes back
Round trip time was 0.011728 milliseconds in repetition 130
tcp_ping received 192 bytes back
Round trip time was 0.011659 milliseconds in repetition 131
tcp_ping received 192 bytes back
Round trip time was 0.011742 milliseconds in repetition 132
tcp_ping received 192 bytes back
Round trip time was 0.012729 milliseconds in repetition 133
tcp_ping received 192 bytes back
Round trip time was 0.011794 milliseconds in repetition 134
tcp_ping received 192 bytes back
Round trip time was 0.011739 milliseconds in repetition 135
tcp_ping received 192 bytes back
Round trip time was 0.011746 milliseconds in repetition 136
tcp_ping received 192 bytes back
Round trip time was 0.01174 milliseconds in repetition 137
tcp_ping received 192 bytes back
Round trip time was 0.011716 milliseconds in repetition 138
tcp_ping received 192 bytes back
Round trip time was 0.011675 milliseconds in repetition 139
tcp_ping received 192 bytes back
Round trip time was 0.011832 milliseconds in repetition 140
tcp_ping received 192 bytes back
Round trip time was 0.011687 milliseconds in repetition 141
tcp_ping received 192 bytes back
Round trip time was 0.011802 milliseconds in repetition 142
tcp_ping received 192 bytes back
Round trip time was 0.011702 milliseconds in repetition 143
tcp_ping received 192 bytes back
Round trip time was 0.011716 milliseconds in repetition 144
tcp_ping received 192 bytes back
Round trip time was 0.011693 milliseconds in repetition 145
tcp_ping received 192 bytes back
Round trip time was 0.011743 milliseconds in repetition 146
tcp_ping received 192 bytes back
Round trip time was 0.011687 milliseconds in repetition 147
tcp_ping received 192 bytes back
Round trip time was 0.011694 milliseconds in repetition 148
tcp_ping received 192 bytes back
Round trip time was 0.011648 milliseconds in repetition 149
tcp_ping received 192 bytes back
Round trip time was 0.011755 milliseconds in repetition 150
tcp_ping received 192 bytes back
Round trip time was 0.011652 milliseconds in repetition 151
tcp_ping received 192 bytes back
Round trip time was 0.011747 milliseconds in repetition 152
tcp_ping received 192 bytes back
Round trip time was 0.011632 milliseconds in repetition 153
tcp_ping received 192 bytes back
Round trip time was 0.011774 milliseconds in repetition 154
tcp_ping received 192 bytes back
Round trip time was 0.011678 milliseconds in repetition 155
tcp_ping received 192 bytes back
Round trip time was 0.011709 milliseconds in repetition 156
tcp_ping received 192 bytes back
Round trip time was 0.011673 milliseconds in repetition 157
tcp_ping received 192 bytes back
Round trip time was 0.011737 milliseconds in repetition 158
tcp_ping received 192 bytes back
Round trip time was 0.0117 milliseconds in repetition 159
tcp_ping received 192 bytes back
Round trip time was 0.011722 milliseconds in repetition 160
tcp_ping received 192 bytes back
Round trip time was 0.011667 milliseconds in repetition 161
tcp_ping received 192 bytes back
Round trip time was 0.011805 milliseconds in repetition 162
tcp_ping received 192 bytes back
Round trip time was 0.011645 milliseconds in repetition 163
tcp_ping received 192 bytes back
Round trip time was 0.011727 milliseconds in repetition 164
tcp_ping received 192 bytes back
Round trip time was 0.011682 milliseconds in repetition 165
tcp_ping received 192 bytes back
Round trip time was 0.032693 milliseconds in repetition 166
tcp_ping received 192 bytes back
Round trip time was 0.026411 milliseconds in repetition 167
tcp_ping received 192 bytes back
Round trip time was 0.029185 milliseconds in repetition 168
tcp_ping received 192 bytes back
Round trip time was 0.011665 milliseconds in repetition 169
tcp_ping received 192 bytes back
Round trip time was 0.011674 milliseconds in repetition 170
tcp_ping received 192 bytes back
Round trip time was 0.011764 milliseconds in repetition 171
tcp_ping received 192 bytes back
Round trip time was 0.011729 milliseconds in repetition 172
tcp_ping received 192 bytes back
Round trip time was 0.011625 milliseconds in repetition 173
tcp_ping received 192 bytes back
Round trip time was 0.011719 milliseconds in repetition 174
tcp_ping received 192 bytes back
Round trip time was 0.011648 milliseconds in repetition 175
tcp_ping received 192 bytes back
Round trip time was 0.011721 milliseconds in repetition 176
tcp_ping received 192 bytes back
Round trip time was 0.012239 milliseconds in repetition 177
tcp_ping received 192 bytes back
Round trip time was 0.011806 milliseconds in repetition 178
tcp_ping received 192 bytes back
Round trip time was 0.011647 milliseconds in repetition 179
tcp_ping received 192 bytes back
Round trip time was 0.011703 milliseconds in repetition 180
tcp_ping received 192 bytes back
Round trip time was 0.011664 milliseconds in repetition 181
tcp_ping received 192 bytes back
Round trip time was 0.011726 milliseconds in repetition 182
tcp_ping received 192 bytes back
Round trip time was 0.011642 milliseconds in repetition 183
tcp_ping received 192 bytes back
Round trip time was 0.011673 milliseconds in repetition 184
tcp_ping received 192 bytes back
Round trip time was 0.011639 milliseconds in repetition 185
tcp_ping received 192 bytes back
Round trip time was 0.011673 milliseconds in repetition 186
tcp_ping received 192 bytes back
Round trip time was 0.01163 milliseconds in repetition 187
tcp_ping received 192 bytes back
Round trip time was 0.011683 milliseconds in repetition 188
tcp_ping received 192 bytes back
Round trip time was 0.011622 milliseconds in repetition 189
tcp_ping received 192 bytes back
Round trip time was 0.011678 milliseconds in repetition 190
tcp_ping received 192 bytes back
Round trip time was 0.011623 milliseconds in repetition 191
tcp_ping received 192 bytes back
Round trip time was 0.011707 milliseconds in repetition 192
tcp_ping received 192 bytes back
Round trip time was 0.011593 milliseconds in repetition 193
tcp_ping received 192 bytes back
Round trip time was 0.011745 milliseconds in repetition 194
tcp_ping received 192 bytes back
Round trip time was 0.011661 milliseconds in repetition 195
tcp_ping received 192 bytes back
Round trip time was 0.011672 milliseconds in repetition 196
tcp_ping received 192 bytes back
Round trip time was 0.011604 milliseconds in repetition 197
tcp_ping received 192 bytes back
Round trip time was 0.011675 milliseconds in repetition 198
tcp_ping received 192 bytes back
Round trip time was 0.011629 milliseconds in repetition 199
tcp_ping received 192 bytes back
Round trip time was 0.011681 milliseconds in repetition 200
tcp_ping received 192 bytes back
Round trip time was 0.01165 milliseconds in repetition 201
tcp_ping received 192 bytes back
Round trip time was 0.011686 milliseconds in repetition 202
tcp_ping received 192 bytes back
Round trip time was 0.011599 milliseconds in repetition 203
tcp_ping received 192 bytes back
Round trip time was 0.060463 milliseconds in repetition 204
tcp_ping received 192 bytes back
Round trip time was 0.012615 milliseconds in repetition 205
tcp_ping received 192 bytes back
Round trip time was 0.011796 milliseconds in repetition 206
tcp_ping received 192 bytes back
Round trip time was 0.011731 milliseconds in repetition 207
tcp_ping received 192 bytes back
Round trip time was 0.011727 milliseconds in repetition 208
tcp_ping received 192 bytes back
Round trip time was 0.011776 milliseconds in repetition 209
tcp_ping received 192 bytes back
Round trip time was 0.011736 milliseconds in repetition 210
tcp_ping received 192 bytes back
Round trip time was 0.011734 milliseconds in repetition 211
tcp_ping received 192 bytes back
Round trip time was 0.011756 milliseconds in repetition 212
tcp_ping received 192 bytes back
Round trip time was 0.011767 milliseconds in repetition 213
tcp_ping received 192 bytes back
Round trip time was 0.011711 milliseconds in repetition 214
tcp_ping received 192 bytes back
Round trip time was 0.01177 milliseconds in repetition 215
tcp_ping received 192 bytes back
Round trip time was 0.011688 milliseconds in repetition 216
tcp_ping received 192 bytes back
Round trip time was 0.011716 milliseconds in repetition 217
tcp_ping received 192 bytes back
Round trip time was 0.011704 milliseconds in repetition 218
tcp_ping received 192 bytes back
Round trip time was 0.011784 milliseconds in repetition 219
tcp_ping received 192 bytes back
Round trip time was 0.011756 milliseconds in repetition 220
tcp_ping received 192 bytes back
Round trip time was 0.012535 milliseconds in repetition 221
tcp_ping received 192 bytes back
Round trip time was 0.011823 milliseconds in repetition 222
tcp_ping received 192 bytes back
Round trip time was 0.011732 milliseconds in repetition 223
tcp_ping received 192 bytes back
Round trip time was 0.011707 milliseconds in repetition 224
tcp_ping received 192 bytes back
Round trip time was 0.011809 milliseconds in repetition 225
tcp_ping received 192 bytes back
Round trip time was 0.011775 milliseconds in repetition 226
tcp_ping received 192 bytes back
Round trip time was 0.011768 milliseconds in repetition 227
tcp_ping received 192 bytes back
Round trip time was 0.011729 milliseconds in repetition 228
tcp_ping received 192 bytes back
Round trip time was 0.011807 milliseconds in repetition 229
tcp_ping received 192 bytes back
Round trip time was 0.011707 milliseconds in repetition 230
tcp_ping received 192 bytes back
Round trip time was 0.011818 milliseconds in repetition 231
tcp_ping received 192 bytes back
Round trip time was 0.011742 milliseconds in repetition 232
tcp_ping received 192 bytes back
Round trip time was 0.032744 milliseconds in repetition 233
tcp_ping received 192 bytes back
Round trip time was 1.22682 milliseconds in repetition 234
tcp_ping received 192 bytes back
Round trip time was 0.01737 milliseconds in repetition 235
tcp_ping received 192 bytes back
Round trip time was 0.011867 milliseconds in repetition 236
tcp_ping received 192 bytes back
Round trip time was 0.011777 milliseconds in repetition 237
tcp_ping received 192 bytes back
Round trip time was 0.011754 milliseconds in repetition 238
tcp_ping received 192 bytes back
Round trip time was 0.011747 milliseconds in repetition 239
tcp_ping received 192 bytes back
Round trip time was 0.011723 milliseconds in repetition 240
tcp_ping received 192 bytes back
Round trip time was 0.011764 milliseconds in repetition 241
tcp_ping received 192 bytes back
Round trip time was 0.011684 milliseconds in repetition 242
tcp_ping received 192 bytes back
Round trip time was 0.011775 milliseconds in repetition 243
tcp_ping received 192 bytes back
Round trip time was 0.011694 milliseconds in repetition 244
tcp_ping received 192 bytes back
Round trip time was 0.011873 milliseconds in repetition 245
tcp_ping received 192 bytes back
Round trip time was 0.0117 milliseconds in repetition 246
tcp_ping received 192 bytes back
Round trip time was 0.011751 milliseconds in repetition 247
tcp_ping received 192 bytes back
Round trip time was 0.011749 milliseconds in repetition 248
tcp_ping received 192 bytes back
Round trip time was 0.011726 milliseconds in repetition 249
tcp_ping received 192 bytes back
Round trip time was 0.01173 milliseconds in repetition 250
tcp_ping received 192 bytes back
Round trip time was 0.01176 milliseconds in repetition 251
tcp_ping received 192 bytes back
Round trip time was 0.011776 milliseconds in repetition 252
tcp_ping received 192 bytes back
Round trip time was 0.011799 milliseconds in repetition 253
tcp_ping received 192 bytes back
Round trip time was 0.011726 milliseconds in repetition 254
tcp_ping received 192 bytes back
Round trip time was 0.011763 milliseconds in repetition 255
tcp_ping received 192 bytes back
Round trip time was 0.011742 milliseconds in repetition 256
tcp_ping received 192 bytes back
Round trip time was 0.011776 milliseconds in repetition 257
tcp_ping received 192 bytes back
Round trip time was 0.011736 milliseconds in repetition 258
tcp_ping received 192 bytes back
Round trip time was 0.01175 milliseconds in repetition 259
tcp_ping received 192 bytes back
Round trip time was 0.011724 milliseconds in repetition 260
tcp_ping received 192 bytes back
Round trip time was 0.011819 milliseconds in repetition 261
tcp_ping received 192 bytes back
Round trip time was 0.0117 milliseconds in repetition 262
tcp_ping received 192 bytes back
Round trip time was 0.011821 milliseconds in repetition 263
tcp_ping received 192 bytes back
Round trip time was 0.011718 milliseconds in repetition 264
tcp_ping received 192 bytes back
Round trip time was 0.012594 milliseconds in repetition 265
tcp_ping received 192 bytes back
Round trip time was 0.01177 milliseconds in repetition 266
tcp_ping received 192 bytes back
Round trip time was 0.011789 milliseconds in repetition 267
tcp_ping received 192 bytes back
Round trip time was 0.011699 milliseconds in repetition 268
tcp_ping received 192 bytes back
Round trip time was 0.011801 milliseconds in repetition 269
tcp_ping received 192 bytes back
Round trip time was 0.011906 milliseconds in repetition 270
tcp_ping received 192 bytes back
Round trip time was 0.011826 milliseconds in repetition 271
tcp_ping received 192 bytes back
Round trip time was 0.011763 milliseconds in repetition 272
tcp_ping received 192 bytes back
Round trip time was 0.0118 milliseconds in repetition 273
tcp_ping received 192 bytes back
Round trip time was 0.011768 milliseconds in repetition 274
tcp_ping received 192 bytes back
Round trip time was 0.011771 milliseconds in repetition 275
tcp_ping received 192 bytes back
Round trip time was 0.011756 milliseconds in repetition 276
tcp_ping received 192 bytes back
Round trip time was 0.01179 milliseconds in repetition 277
tcp_ping received 192 bytes back
Round trip time was 0.011727 milliseconds in repetition 278
tcp_ping received 192 bytes back
Round trip time was 0.011823 milliseconds in repetition 279
tcp_ping received 192 bytes back
Round trip time was 0.011782 milliseconds in repetition 280
tcp_ping received 192 bytes back
Round trip time was 0.011824 milliseconds in repetition 281
tcp_ping received 192 bytes back
Round trip time was 0.011822 milliseconds in repetition 282
tcp_ping received 192 bytes back
Round trip time was 0.011758 milliseconds in repetition 283
tcp_ping received 192 bytes back
Round trip time was 0.011868 milliseconds in repetition 284
tcp_ping received 192 bytes back
Round trip time was 0.01182 milliseconds in repetition 285
tcp_ping received 192 bytes back
Round trip time was 0.072692 milliseconds in repetition 286
tcp_ping received 192 bytes back
Round trip time was 0.052157 milliseconds in repetition 287
tcp_ping received 192 bytes back
Round trip time was 0.088274 milliseconds in repetition 288
tcp_ping received 192 bytes back
Round trip time was 0.012132 milliseconds in repetition 289
tcp_ping received 192 bytes back
Round trip time was 0.028947 milliseconds in repetition 290
tcp_ping received 192 bytes back
Round trip time was 0.011748 milliseconds in repetition 291
tcp_ping received 192 bytes back
Round trip time was 0.011728 milliseconds in repetition 292
tcp_ping received 192 bytes back
Round trip time was 0.011757 milliseconds in repetition 293
tcp_ping received 192 bytes back
Round trip time was 0.011717 milliseconds in repetition 294
tcp_ping received 192 bytes back
Round trip time was 0.011865 milliseconds in repetition 295
tcp_ping received 192 bytes back
Round trip time was 0.011709 milliseconds in repetition 296
tcp_ping received 192 bytes back
Round trip time was 0.011881 milliseconds in repetition 297
tcp_ping received 192 bytes back
Round trip time was 0.011684 milliseconds in repetition 298
tcp_ping received 192 bytes back
Round trip time was 0.011791 milliseconds in repetition 299
tcp_ping received 192 bytes back
Round trip time was 0.011748 milliseconds in repetition 300
tcp_ping received 192 bytes back
Round trip time was 0.011806 milliseconds in repetition 301
tcp_ping received 192 bytes back
Round trip time was 0.011753 milliseconds in repetition 302
tcp_ping received 192 bytes back
Round trip time was 0.011778 milliseconds in repetition 303
tcp_ping received 192 bytes back
Round trip time was 0.011734 milliseconds in repetition 304
tcp_ping received 192 bytes back
Round trip time was 0.011851 milliseconds in repetition 305
tcp_ping received 192 bytes back
Round trip time was 0.011733 milliseconds in repetition 306
tcp_ping received 192 bytes back
Round trip time was 0.01182 milliseconds in repetition 307
tcp_ping received 192 bytes back
Round trip time was 0.011718 milliseconds in repetition 308
tcp_ping received 192 bytes back
Round trip time was 0.012419 milliseconds in repetition 309
tcp_ping received 192 bytes back
Round trip time was 0.011775 milliseconds in repetition 310
tcp_ping received 192 bytes back
Round trip time was 0.011888 milliseconds in repetition 311
tcp_ping received 192 bytes back
Round trip time was 0.011817 milliseconds in repetition 312
tcp_ping received 192 bytes back
Round trip time was 0.011879 milliseconds in repetition 313
tcp_ping received 192 bytes back
Round trip time was 0.011842 milliseconds in repetition 314
tcp_ping received 192 bytes back
Round trip time was 0.011785 milliseconds in repetition 315
tcp_ping received 192 bytes back
Round trip time was 0.011798 milliseconds in repetition 316
tcp_ping received 192 bytes back
Round trip time was 0.011789 milliseconds in repetition 317
tcp_ping received 192 bytes back
Round trip time was 0.011742 milliseconds in repetition 318
tcp_ping received 192 bytes back
Round trip time was 0.011904 milliseconds in repetition 319
tcp_ping received 192 bytes back
Round trip time was 0.011739 milliseconds in repetition 320
tcp_ping received 192 bytes back
Round trip time was 0.011816 milliseconds in repetition 321
tcp_ping received 192 bytes back
Round trip time was 0.011785 milliseconds in repetition 322
tcp_ping received 192 bytes back
Round trip time was 0.011772 milliseconds in repetition 323
tcp_ping received 192 bytes back
Round trip time was 0.011736 milliseconds in repetition 324
tcp_ping received 192 bytes back
Round trip time was 0.011823 milliseconds in repetition 325
tcp_ping received 192 bytes back
Round trip time was 0.01177 milliseconds in repetition 326
tcp_ping received 192 bytes back
Round trip time was 0.011785 milliseconds in repetition 327
tcp_ping received 192 bytes back
Round trip time was 0.011772 milliseconds in repetition 328
tcp_ping received 192 bytes back
Round trip time was 0.0119 milliseconds in repetition 329
tcp_ping received 192 bytes back
Round trip time was 0.01171 milliseconds in repetition 330
tcp_ping received 192 bytes back
Round trip time was 0.011838 milliseconds in repetition 331
tcp_ping received 192 bytes back
Round trip time was 0.011788 milliseconds in repetition 332
tcp_ping received 192 bytes back
Round trip time was 0.011834 milliseconds in repetition 333
tcp_ping received 192 bytes back
Round trip time was 0.011997 milliseconds in repetition 334
tcp_ping received 192 bytes back
Round trip time was 0.011799 milliseconds in repetition 335
tcp_ping received 192 bytes back
Round trip time was 0.011789 milliseconds in repetition 336
tcp_ping received 192 bytes back
Round trip time was 0.011793 milliseconds in repetition 337
tcp_ping received 192 bytes back
Round trip time was 0.011772 milliseconds in repetition 338
tcp_ping received 192 bytes back
Round trip time was 0.011853 milliseconds in repetition 339
tcp_ping received 192 bytes back
Round trip time was 0.01172 milliseconds in repetition 340
tcp_ping received 192 bytes back
Round trip time was 0.011797 milliseconds in repetition 341
tcp_ping received 192 bytes back
Round trip time was 0.012984 milliseconds in repetition 342
tcp_ping received 192 bytes back
Round trip time was 0.012971 milliseconds in repetition 343
tcp_ping received 192 bytes back
Round trip time was 0.050837 milliseconds in repetition 344
tcp_ping received 192 bytes back
Round trip time was 0.030651 milliseconds in repetition 345
tcp_ping received 192 bytes back
Round trip time was 0.011877 milliseconds in repetition 346
tcp_ping received 192 bytes back
Round trip time was 0.011676 milliseconds in repetition 347
tcp_ping received 192 bytes back
Round trip time was 0.011699 milliseconds in repetition 348
tcp_ping received 192 bytes back
Round trip time was 0.01166 milliseconds in repetition 349
tcp_ping received 192 bytes back
Round trip time was 0.011605 milliseconds in repetition 350
tcp_ping received 192 bytes back
Round trip time was 0.011583 milliseconds in repetition 351
tcp_ping received 192 bytes back
Round trip time was 0.011619 milliseconds in repetition 352
tcp_ping received 192 bytes back
Round trip time was 0.012275 milliseconds in repetition 353
tcp_ping received 192 bytes back
Round trip time was 0.011756 milliseconds in repetition 354
tcp_ping received 192 bytes back
Round trip time was 0.011623 milliseconds in repetition 355
tcp_ping received 192 bytes back
Round trip time was 0.011673 milliseconds in repetition 356
tcp_ping received 192 bytes back
Round trip time was 0.011618 milliseconds in repetition 357
tcp_ping received 192 bytes back
Round trip time was 0.011677 milliseconds in repetition 358
tcp_ping received 192 bytes back
Round trip time was 0.011566 milliseconds in repetition 359
tcp_ping received 192 bytes back
Round trip time was 0.011675 milliseconds in repetition 360
tcp_ping received 192 bytes back
Round trip time was 0.011575 milliseconds in repetition 361
tcp_ping received 192 bytes back
Round trip time was 0.011634 milliseconds in repetition 362
tcp_ping received 192 bytes back
Round trip time was 0.011589 milliseconds in repetition 363
tcp_ping received 192 bytes back
Round trip time was 0.011622 milliseconds in repetition 364
tcp_ping received 192 bytes back
Round trip time was 0.011658 milliseconds in repetition 365
tcp_ping received 192 bytes back
Round trip time was 0.011649 milliseconds in repetition 366
tcp_ping received 192 bytes back
Round trip time was 0.011549 milliseconds in repetition 367
tcp_ping received 192 bytes back
Round trip time was 0.011675 milliseconds in repetition 368
tcp_ping received 192 bytes back
Round trip time was 0.011549 milliseconds in repetition 369
tcp_ping received 192 bytes back
Round trip time was 0.011623 milliseconds in repetition 370
tcp_ping received 192 bytes back
Round trip time was 0.011578 milliseconds in repetition 371
tcp_ping received 192 bytes back
Round trip time was 0.011618 milliseconds in repetition 372
tcp_ping received 192 bytes back
Round trip time was 0.011613 milliseconds in repetition 373
tcp_ping received 192 bytes back
Round trip time was 0.011642 milliseconds in repetition 374
tcp_ping received 192 bytes back
Round trip time was 0.011701 milliseconds in repetition 375
tcp_ping received 192 bytes back
Round trip time was 0.011672 milliseconds in repetition 376
tcp_ping received 192 bytes back
Round trip time was 0.011578 milliseconds in repetition 377
tcp_ping received 192 bytes back
Round trip time was 0.011726 milliseconds in repetition 378
tcp_ping received 192 bytes back
Round trip time was 0.011631 milliseconds in repetition 379
tcp_ping received 192 bytes back
Round trip time was 0.011694 milliseconds in repetition 380
tcp_ping received 192 bytes back
Round trip time was 0.011571 milliseconds in repetition 381
tcp_ping received 192 bytes back
Round trip time was 0.011672 milliseconds in repetition 382
tcp_ping received 192 bytes back
Round trip time was 0.011663 milliseconds in repetition 383
tcp_ping received 192 bytes back
Round trip time was 0.011669 milliseconds in repetition 384
tcp_ping received 192 bytes back
Round trip time was 0.011637 milliseconds in repetition 385
tcp_ping received 192 bytes back
Round trip time was 0.011672 milliseconds in repetition 386
tcp_ping received 192 bytes back
Round trip time was 0.01154 milliseconds in repetition 387
tcp_ping received 192 bytes back
Round trip time was 0.011641 milliseconds in repetition 388
tcp_ping received 192 bytes back
Round trip time was 0.434492 milliseconds in repetition 389
tcp_ping received 192 bytes back
Round trip time was 0.015517 milliseconds in repetition 390
tcp_ping received 192 bytes back
Round trip time was 0.011753 milliseconds in repetition 391
tcp_ping received 192 bytes back
Round trip time was 0.011577 milliseconds in repetition 392
tcp_ping received 192 bytes back
Round trip time was 0.011671 milliseconds in repetition 393
tcp_ping received 192 bytes back
Round trip time was 0.011625 milliseconds in repetition 394
tcp_ping received 192 bytes back
Round trip time was 0.011558 milliseconds in repetition 395
tcp_ping received 192 bytes back
Round trip time was 0.011537 milliseconds in repetition 396
tcp_ping received 192 bytes back
Round trip time was 0.011634 milliseconds in repetition 397
tcp_ping received 192 bytes back
Round trip time was 0.012694 milliseconds in repetition 398
tcp_ping received 192 bytes back
Round trip time was 0.011731 milliseconds in repetition 399
tcp_ping received 192 bytes back
Round trip time was 0.011565 milliseconds in repetition 400
tcp_ping received 192 bytes back
Round trip time was 0.011733 milliseconds in repetition 401
tcp_ping received 192 bytes back
Round trip time was 0.011639 milliseconds in repetition 402
tcp_ping received 192 bytes back
Round trip time was 0.011693 milliseconds in repetition 403
tcp_ping received 192 bytes back
Round trip time was 0.011644 milliseconds in repetition 404
tcp_ping received 192 bytes back
Round trip time was 0.011689 milliseconds in repetition 405
tcp_ping received 192 bytes back
Round trip time was 0.011604 milliseconds in repetition 406
tcp_ping received 192 bytes back
Round trip time was 0.011651 milliseconds in repetition 407
tcp_ping received 192 bytes back
Round trip time was 0.011638 milliseconds in repetition 408
tcp_ping received 192 bytes back
Round trip time was 0.011661 milliseconds in repetition 409
tcp_ping received 192 bytes back
Round trip time was 0.011597 milliseconds in repetition 410
tcp_ping received 192 bytes back
Round trip time was 0.011727 milliseconds in repetition 411
tcp_ping received 192 bytes back
Round trip time was 0.011542 milliseconds in repetition 412
tcp_ping received 192 bytes back
Round trip time was 0.011663 milliseconds in repetition 413
tcp_ping received 192 bytes back
Round trip time was 0.011606 milliseconds in repetition 414
tcp_ping received 192 bytes back
Round trip time was 0.011658 milliseconds in repetition 415
tcp_ping received 192 bytes back
Round trip time was 0.01156 milliseconds in repetition 416
tcp_ping received 192 bytes back
Round trip time was 0.011656 milliseconds in repetition 417
tcp_ping received 192 bytes back
Round trip time was 0.011619 milliseconds in repetition 418
tcp_ping received 192 bytes back
Round trip time was 0.011664 milliseconds in repetition 419
tcp_ping received 192 bytes back
Round trip time was 0.011589 milliseconds in repetition 420
tcp_ping received 192 bytes back
Round trip time was 0.011635 milliseconds in repetition 421
tcp_ping received 192 bytes back
Round trip time was 0.011612 milliseconds in repetition 422
tcp_ping received 192 bytes back
Round trip time was 0.01164 milliseconds in repetition 423
tcp_ping received 192 bytes back
Round trip time was 0.011573 milliseconds in repetition 424
tcp_ping received 192 bytes back
Round trip time was 0.011664 milliseconds in repetition 425
tcp_ping received 192 bytes back
Round trip time was 0.011683 milliseconds in repetition 426
tcp_ping received 192 bytes back
Round trip time was 0.01161 milliseconds in repetition 427
tcp_ping received 192 bytes back
Round trip time was 0.011636 milliseconds in repetition 428
tcp_ping received 192 bytes back
Round trip time was 0.011623 milliseconds in repetition 429
tcp_ping received 192 bytes back
Round trip time was 0.011624 milliseconds in repetition 430
tcp_ping received 192 bytes back
Round trip time was 0.011717 milliseconds in repetition 431
tcp_ping received 192 bytes back
Round trip time was 0.011557 milliseconds in repetition 432
tcp_ping received 192 bytes back
Round trip time was 0.011666 milliseconds in repetition 433
tcp_ping received 192 bytes back
Round trip time was 0.011577 milliseconds in repetition 434
tcp_ping received 192 bytes back
Round trip time was 0.011716 milliseconds in repetition 435
tcp_ping received 192 bytes back
Round trip time was 0.011631 milliseconds in repetition 436
tcp_ping received 192 bytes back
Round trip time was 0.011623 milliseconds in repetition 437
tcp_ping received 192 bytes back
Round trip time was 0.011673 milliseconds in repetition 438
tcp_ping received 192 bytes back
Round trip time was 0.011692 milliseconds in repetition 439
tcp_ping received 192 bytes back
Round trip time was 0.011603 milliseconds in repetition 440
tcp_ping received 192 bytes back
Round trip time was 0.011655 milliseconds in repetition 441
tcp_ping received 192 bytes back
Round trip time was 0.012312 milliseconds in repetition 442
tcp_ping received 192 bytes back
Round trip time was 0.011663 milliseconds in repetition 443
tcp_ping received 192 bytes back
Round trip time was 0.011619 milliseconds in repetition 444
tcp_ping received 192 bytes back
Round trip time was 0.0117 milliseconds in repetition 445
tcp_ping received 192 bytes back
Round trip time was 0.011514 milliseconds in repetition 446
tcp_ping received 192 bytes back
Round trip time was 0.011651 milliseconds in repetition 447
tcp_ping received 192 bytes back
Round trip time was 0.011557 milliseconds in repetition 448
tcp_ping received 192 bytes back
Round trip time was 0.011651 milliseconds in repetition 449
tcp_ping received 192 bytes back
Round trip time was 1.37885 milliseconds in repetition 450
tcp_ping received 192 bytes back
Round trip time was 0.016595 milliseconds in repetition 451
tcp_ping received 192 bytes back
Round trip time was 0.011852 milliseconds in repetition 452
tcp_ping received 192 bytes back
Round trip time was 0.011654 milliseconds in repetition 453
tcp_ping received 192 bytes back
Round trip time was 0.01164 milliseconds in repetition 454
tcp_ping received 192 bytes back
Round trip time was 0.011777 milliseconds in repetition 455
tcp_ping received 192 bytes back
Round trip time was 0.011656 milliseconds in repetition 456
tcp_ping received 192 bytes back
Round trip time was 0.011648 milliseconds in repetition 457
tcp_ping received 192 bytes back
Round trip time was 0.011629 milliseconds in repetition 458
tcp_ping received 192 bytes back
Round trip time was 0.011727 milliseconds in repetition 459
tcp_ping received 192 bytes back
Round trip time was 0.011599 milliseconds in repetition 460
tcp_ping received 192 bytes back
Round trip time was 0.011722 milliseconds in repetition 461
tcp_ping received 192 bytes back
Round trip time was 0.011601 milliseconds in repetition 462
tcp_ping received 192 bytes back
Round trip time was 0.011688 milliseconds in repetition 463
tcp_ping received 192 bytes back
Round trip time was 0.011598 milliseconds in repetition 464
tcp_ping received 192 bytes back
Round trip time was 0.011563 milliseconds in repetition 465
tcp_ping received 192 bytes back
Round trip time was 0.011597 milliseconds in repetition 466
tcp_ping received 192 bytes back
Round trip time was 0.011668 milliseconds in repetition 467
tcp_ping received 192 bytes back
Round trip time was 0.011573 milliseconds in repetition 468
tcp_ping received 192 bytes back
Round trip time was 0.011616 milliseconds in repetition 469
tcp_ping received 192 bytes back
Round trip time was 0.011686 milliseconds in repetition 470
tcp_ping received 192 bytes back
Round trip time was 0.0118 milliseconds in repetition 471
tcp_ping received 192 bytes back
Round trip time was 0.011595 milliseconds in repetition 472
tcp_ping received 192 bytes back
Round trip time was 0.011631 milliseconds in repetition 473
tcp_ping received 192 bytes back
Round trip time was 0.011654 milliseconds in repetition 474
tcp_ping received 192 bytes back
Round trip time was 0.011672 milliseconds in repetition 475
tcp_ping received 192 bytes back
Round trip time was 0.011617 milliseconds in repetition 476
tcp_ping received 192 bytes back
Round trip time was 0.011638 milliseconds in repetition 477
tcp_ping received 192 bytes back
Round trip time was 0.011622 milliseconds in repetition 478
tcp_ping received 192 bytes back
Round trip time was 0.011588 milliseconds in repetition 479
tcp_ping received 192 bytes back
Round trip time was 0.011582 milliseconds in repetition 480
tcp_ping received 192 bytes back
Round trip time was 0.011663 milliseconds in repetition 481
tcp_ping received 192 bytes back
Round trip time was 0.01156 milliseconds in repetition 482
tcp_ping received 192 bytes back
Round trip time was 0.011586 milliseconds in repetition 483
tcp_ping received 192 bytes back
Round trip time was 0.011653 milliseconds in repetition 484
tcp_ping received 192 bytes back
Round trip time was 0.011618 milliseconds in repetition 485
tcp_ping received 192 bytes back
Round trip time was 0.012504 milliseconds in repetition 486
tcp_ping received 192 bytes back
Round trip time was 0.011608 milliseconds in repetition 487
tcp_ping received 192 bytes back
Round trip time was 0.011969 milliseconds in repetition 488
tcp_ping received 192 bytes back
Round trip time was 0.011951 milliseconds in repetition 489
tcp_ping received 192 bytes back
Round trip time was 0.011889 milliseconds in repetition 490
tcp_ping received 192 bytes back
Round trip time was 0.011993 milliseconds in repetition 491
tcp_ping received 192 bytes back
Round trip time was 0.011863 milliseconds in repetition 492
tcp_ping received 192 bytes back
Round trip time was 0.011972 milliseconds in repetition 493
tcp_ping received 192 bytes back
Round trip time was 0.011936 milliseconds in repetition 494
tcp_ping received 192 bytes back
Round trip time was 0.011877 milliseconds in repetition 495
tcp_ping received 192 bytes back
Round trip time was 0.011925 milliseconds in repetition 496
tcp_ping received 192 bytes back
Round trip time was 0.011891 milliseconds in repetition 497
tcp_ping received 192 bytes back
Round trip time was 0.011951 milliseconds in repetition 498
tcp_ping received 192 bytes back
Round trip time was 0.051309 milliseconds in repetition 499
tcp_ping received 192 bytes back
Round trip time was 0.064625 milliseconds in repetition 500
tcp_ping received 192 bytes back
Round trip time was 0.148853 milliseconds in repetition 501

 ... clock resolution was 1e-06
TCP Ping:  Statistics over 501 repetitions of 192 byte messages

RTT : percentile 10: 0.011618, median: 0.011736, percentile 90: 0.012333, average: 0.0199875, variance: 0.00717191

RTT histogram:
0.0115135 486
0.0798802 9
0.148247 2
0.216614 1
0.28498 0
0.353347 0
0.421714 1
0.49008 0
0.558447 0
0.626814 0
0.69518 0
0.763547 0
0.831914 0
0.900281 0
0.968647 0
1.03701 0
1.10538 0
1.17375 0
1.24211 1
1.31048 0
1.37885 1
   median Throughput : 32719.8 KB/s   overall Throughput : 19212 KB/s

