TCP Ping trying to connect to server localhost (127.0.0.1) on port 1491
 ... connected to Pong server: asking for 501 repetitions of 256 bytes TCP messages
 ... Pong server agreed :-)
tcp_ping received 256 bytes back
Round trip time was 0.016455 milliseconds in repetition 1
tcp_ping received 256 bytes back
Round trip time was 0.012479 milliseconds in repetition 2
tcp_ping received 256 bytes back
Round trip time was 0.011945 milliseconds in repetition 3
tcp_ping received 256 bytes back
Round trip time was 0.011956 milliseconds in repetition 4
tcp_ping received 256 bytes back
Round trip time was 0.011931 milliseconds in repetition 5
tcp_ping received 256 bytes back
Round trip time was 0.011931 milliseconds in repetition 6
tcp_ping received 256 bytes back
Round trip time was 0.012009 milliseconds in repetition 7
tcp_ping received 256 bytes back
Round trip time was 0.012634 milliseconds in repetition 8
tcp_ping received 256 bytes back
Round trip time was 0.011952 milliseconds in repetition 9
tcp_ping received 256 bytes back
Round trip time was 0.011876 milliseconds in repetition 10
tcp_ping received 256 bytes back
Round trip time was 0.011783 milliseconds in repetition 11
tcp_ping received 256 bytes back
Round trip time was 0.011854 milliseconds in repetition 12
tcp_ping received 256 bytes back
Round trip time was 0.011783 milliseconds in repetition 13
tcp_ping received 256 bytes back
Round trip time was 0.011952 milliseconds in repetition 14
tcp_ping received 256 bytes back
Round trip time was 0.011866 milliseconds in repetition 15
tcp_ping received 256 bytes back
Round trip time was 0.011908 milliseconds in repetition 16
tcp_ping received 256 bytes back
Round trip time was 0.011881 milliseconds in repetition 17
tcp_ping received 256 bytes back
Round trip time was 0.011901 milliseconds in repetition 18
tcp_ping received 256 bytes back
Round trip time was 0.011908 milliseconds in repetition 19
tcp_ping received 256 bytes back
Round trip time was 0.011829 milliseconds in repetition 20
tcp_ping received 256 bytes back
Round trip time was 0.011781 milliseconds in repetition 21
tcp_ping received 256 bytes back
Round trip time was 0.011884 milliseconds in repetition 22
tcp_ping received 256 bytes back
Round trip time was 0.011755 milliseconds in repetition 23
tcp_ping received 256 bytes back
Round trip time was 0.011891 milliseconds in repetition 24
tcp_ping received 256 bytes back
Round trip time was 0.011885 milliseconds in repetition 25
tcp_ping received 256 bytes back
Round trip time was 0.011927 milliseconds in repetition 26
tcp_ping received 256 bytes back
Round trip time was 0.011783 milliseconds in repetition 27
tcp_ping received 256 bytes back
Round trip time was 0.011845 milliseconds in repetition 28
tcp_ping received 256 bytes back
Round trip time was 0.011821 milliseconds in repetition 29
tcp_ping received 256 bytes back
Round trip time was 0.011897 milliseconds in repetition 30
tcp_ping received 256 bytes back
Round trip time was 0.011783 milliseconds in repetition 31
tcp_ping received 256 bytes back
Round trip time was 0.012141 milliseconds in repetition 32
tcp_ping received 256 bytes back
Round trip time was 0.011773 milliseconds in repetition 33
tcp_ping received 256 bytes back
Round trip time was 0.01191 milliseconds in repetition 34
tcp_ping received 256 bytes back
Round trip time was 0.011772 milliseconds in repetition 35
tcp_ping received 256 bytes back
Round trip time was 0.011895 milliseconds in repetition 36
tcp_ping received 256 bytes back
Round trip time was 0.011811 milliseconds in repetition 37
tcp_ping received 256 bytes back
Round trip time was 0.011881 milliseconds in repetition 38
tcp_ping received 256 bytes back
Round trip time was 0.011776 milliseconds in repetition 39
tcp_ping received 256 bytes back
Round trip time was 0.011809 milliseconds in repetition 40
tcp_ping received 256 bytes back
Round trip time was 0.011897 milliseconds in repetition 41
tcp_ping received 256 bytes back
Round trip time was 0.011897 milliseconds in repetition 42
tcp_ping received 256 bytes back
Round trip time was 0.01179 milliseconds in repetition 43
tcp_ping received 256 bytes back
Round trip time was 0.01316 milliseconds in repetition 44
tcp_ping received 256 bytes back
Round trip time was 0.011847 milliseconds in repetition 45
tcp_ping received 256 bytes back
Round trip time was 0.011854 milliseconds in repetition 46
tcp_ping received 256 bytes back
Round trip time was 0.011902 milliseconds in repetition 47
tcp_ping received 256 bytes back
Round trip time was 0.011888 milliseconds in repetition 48
tcp_ping received 256 bytes back
Round trip time was 0.01185 milliseconds in repetition 49
tcp_ping received 256 bytes back
Round trip time was 0.011923 milliseconds in repetition 50
tcp_ping received 256 bytes back
Round trip time was 0.011779 milliseconds in repetition 51
tcp_ping received 256 bytes back
Round trip time was 0.011911 milliseconds in repetition 52
tcp_ping received 256 bytes back
Round trip time was 0.011787 milliseconds in repetition 53
tcp_ping received 256 bytes back
Round trip time was 0.011907 milliseconds in repetition 54
tcp_ping received 256 bytes back
Round trip time was 0.011957 milliseconds in repetition 55
tcp_ping received 256 bytes back
Round trip time was 0.011875 milliseconds in repetition 56
tcp_ping received 256 bytes back
Round trip time was 0.011842 milliseconds in repetition 57
tcp_ping received 256 bytes back
Round trip time was 0.011873 milliseconds in repetition 58
tcp_ping received 256 bytes back
Round trip time was 0.011814 milliseconds in repetition 59
tcp_ping received 256 bytes back
Round trip time was 0.011869 milliseconds in repetition 60
tcp_ping received 256 bytes back
Round trip time was 0.011811 milliseconds in repetition 61
tcp_ping received 256 bytes back
Round trip time was 0.01192 milliseconds in repetition 62
tcp_ping received 256 bytes back
Round trip time was 0.011788 milliseconds in repetition 63
tcp_ping received 256 bytes back
Round trip time was 0.011937 milliseconds in repetition 64
tcp_ping received 256 bytes back
Round trip time was 1.32283 milliseconds in repetition 65
tcp_ping received 256 bytes back
Round trip time was 0.038696 milliseconds in repetition 66
tcp_ping received 256 bytes back
Round trip time was 0.012106 milliseconds in repetition 67
tcp_ping received 256 bytes back
Round trip time was 0.023319 milliseconds in repetition 68
tcp_ping received 256 bytes back
Round trip time was 0.011944 milliseconds in repetition 69
tcp_ping received 256 bytes back
Round trip time was 0.011866 milliseconds in repetition 70
tcp_ping received 256 bytes back
Round trip time was 0.011784 milliseconds in repetition 71
tcp_ping received 256 bytes back
Round trip time was 0.011722 milliseconds in repetition 72
tcp_ping received 256 bytes back
Round trip time was 0.011783 milliseconds in repetition 73
tcp_ping received 256 bytes back
Round trip time was 0.011703 milliseconds in repetition 74
tcp_ping received 256 bytes back
Round trip time was 0.012286 milliseconds in repetition 75
tcp_ping received 256 bytes back
Round trip time was 0.011694 milliseconds in repetition 76
tcp_ping received 256 bytes back
Round trip time was 0.011777 milliseconds in repetition 77
tcp_ping received 256 bytes back
Round trip time was 0.011772 milliseconds in repetition 78
tcp_ping received 256 bytes back
Round trip time was 0.011816 milliseconds in repetition 79
tcp_ping received 256 bytes back
Round trip time was 0.011803 milliseconds in repetition 80
tcp_ping received 256 bytes back
Round trip time was 0.011826 milliseconds in repetition 81
tcp_ping received 256 bytes back
Round trip time was 0.011746 milliseconds in repetition 82
tcp_ping received 256 bytes back
Round trip time was 0.039472 milliseconds in repetition 83
tcp_ping received 256 bytes back
Round trip time was 0.012027 milliseconds in repetition 84
tcp_ping received 256 bytes back
Round trip time was 0.012189 milliseconds in repetition 85
tcp_ping received 256 bytes back
Round trip time was 0.012224 milliseconds in repetition 86
tcp_ping received 256 bytes back
Round trip time was 0.012709 milliseconds in repetition 87
tcp_ping received 256 bytes back
Round trip time was 0.012265 milliseconds in repetition 88
tcp_ping received 256 bytes back
Round trip time was 0.015128 milliseconds in repetition 89
tcp_ping received 256 bytes back
Round trip time was 0.014629 milliseconds in repetition 90
tcp_ping received 256 bytes back
Round trip time was 0.013807 milliseconds in repetition 91
tcp_ping received 256 bytes back
Round trip time was 0.015737 milliseconds in repetition 92
tcp_ping received 256 bytes back
Round trip time was 0.015742 milliseconds in repetition 93
tcp_ping received 256 bytes back
Round trip time was 0.015474 milliseconds in repetition 94
tcp_ping received 256 bytes back
Round trip time was 0.121154 milliseconds in repetition 95
tcp_ping received 256 bytes back
Round trip time was 1.84854 milliseconds in repetition 96
tcp_ping received 256 bytes back
Round trip time was 0.033535 milliseconds in repetition 97
tcp_ping received 256 bytes back
Round trip time was 0.012403 milliseconds in repetition 98
tcp_ping received 256 bytes back
Round trip time was 0.012188 milliseconds in repetition 99
tcp_ping received 256 bytes back
Round trip time was 0.01215 milliseconds in repetition 100
tcp_ping received 256 bytes back
Round trip time was 0.047959 milliseconds in repetition 101
tcp_ping received 256 bytes back
Round trip time was 0.098809 milliseconds in repetition 102
tcp_ping received 256 bytes back
Round trip time was 0.012325 milliseconds in repetition 103
tcp_ping received 256 bytes back
Round trip time was 0.012162 milliseconds in repetition 104
tcp_ping received 256 bytes back
Round trip time was 0.051919 milliseconds in repetition 105
tcp_ping received 256 bytes back
Round trip time was 0.013216 milliseconds in repetition 106
tcp_ping received 256 bytes back
Round trip time was 0.013183 milliseconds in repetition 107
tcp_ping received 256 bytes back
Round trip time was 0.013169 milliseconds in repetition 108
tcp_ping received 256 bytes back
Round trip time was 0.013198 milliseconds in repetition 109
tcp_ping received 256 bytes back
Round trip time was 0.013258 milliseconds in repetition 110
tcp_ping received 256 bytes back
Round trip time was 0.013259 milliseconds in repetition 111
tcp_ping received 256 bytes back
Round trip time was 0.013269 milliseconds in repetition 112
tcp_ping received 256 bytes back
Round trip time was 0.013183 milliseconds in repetition 113
tcp_ping received 256 bytes back
Round trip time was 0.013569 milliseconds in repetition 114
tcp_ping received 256 bytes back
Round trip time was 0.013136 milliseconds in repetition 115
tcp_ping received 256 bytes back
Round trip time was 0.049199 milliseconds in repetition 116
tcp_ping received 256 bytes back
Round trip time was 0.013159 milliseconds in repetition 117
tcp_ping received 256 bytes back
Round trip time was 0.02908 milliseconds in repetition 118
tcp_ping received 256 bytes back
Round trip time was 0.013572 milliseconds in repetition 119
tcp_ping received 256 bytes back
Round trip time was 0.013608 milliseconds in repetition 120
tcp_ping received 256 bytes back
Round trip time was 0.013194 milliseconds in repetition 121
tcp_ping received 256 bytes back
Round trip time was 0.01276 milliseconds in repetition 122
tcp_ping received 256 bytes back
Round trip time was 0.012966 milliseconds in repetition 123
tcp_ping received 256 bytes back
Round trip time was 0.013291 milliseconds in repetition 124
tcp_ping received 256 bytes back
Round trip time was 0.012947 milliseconds in repetition 125
tcp_ping received 256 bytes back
Round trip time was 0.01285 milliseconds in repetition 126
tcp_ping received 256 bytes back
Round trip time was 0.013004 milliseconds in repetition 127
tcp_ping received 256 bytes back
Round trip time was 0.013196 milliseconds in repetition 128
tcp_ping received 256 bytes back
Round trip time was 0.012839 milliseconds in repetition 129
tcp_ping received 256 bytes back
Round trip time was 0.102413 milliseconds in repetition 130
tcp_ping received 256 bytes back
Round trip time was 0.124612 milliseconds in repetition 131
tcp_ping received 256 bytes back
Round trip time was 0.060915 milliseconds in repetition 132
tcp_ping received 256 bytes back
Round trip time was 0.014683 milliseconds in repetition 133
tcp_ping received 256 bytes back
Round trip time was 0.031903 milliseconds in repetition 134
tcp_ping received 256 bytes back
Round trip time was 0.105931 milliseconds in repetition 135
tcp_ping received 256 bytes back
Round trip time was 0.015804 milliseconds in repetition 136
tcp_ping received 256 bytes back
Round trip time was 0.01375 milliseconds in repetition 137
tcp_ping received 256 bytes back
Round trip time was 0.018364 milliseconds in repetition 138
tcp_ping received 256 bytes back
Round trip time was 0.018589 milliseconds in repetition 139
tcp_ping received 256 bytes back
Round trip time was 0.018834 milliseconds in repetition 140
tcp_ping received 256 bytes back
Round trip time was 0.014848 milliseconds in repetition 141
tcp_ping received 256 bytes back
Round trip time was 0.016901 milliseconds in repetition 142
tcp_ping received 256 bytes back
Round trip time was 0.017023 milliseconds in repetition 143
tcp_ping received 256 bytes back
Round trip time was 0.013795 milliseconds in repetition 144
tcp_ping received 256 bytes back
Round trip time was 0.015164 milliseconds in repetition 145
tcp_ping received 256 bytes back
Round trip time was 0.014915 milliseconds in repetition 146
tcp_ping received 256 bytes back
Round trip time was 0.016214 milliseconds in repetition 147
tcp_ping received 256 bytes back
Round trip time was 0.015206 milliseconds in repetition 148
tcp_ping received 256 bytes back
Round trip time was 0.017257 milliseconds in repetition 149
tcp_ping received 256 bytes back
Round trip time was 0.014476 milliseconds in repetition 150
tcp_ping received 256 bytes back
Round trip time was 0.058515 milliseconds in repetition 151
tcp_ping received 256 bytes back
Round trip time was 0.016046 milliseconds in repetition 152
tcp_ping received 256 bytes back
Round trip time was 0.014399 milliseconds in repetition 153
tcp_ping received 256 bytes back
Round trip time was 0.014537 milliseconds in repetition 154
tcp_ping received 256 bytes back
Round trip time was 0.01649 milliseconds in repetition 155
tcp_ping received 256 bytes back
Round trip time was 0.016118 milliseconds in repetition 156
tcp_ping received 256 bytes back
Round trip time was 0.014751 milliseconds in repetition 157
tcp_ping received 256 bytes back
Round trip time was 0.015568 milliseconds in repetition 158
tcp_ping received 256 bytes back
Round trip time was 0.01459 milliseconds in repetition 159
tcp_ping received 256 bytes back
Round trip time was 0.013976 milliseconds in repetition 160
tcp_ping received 256 bytes back
Round trip time was 0.016222 milliseconds in repetition 161
tcp_ping received 256 bytes back
Round trip time was 0.014346 milliseconds in repetition 162
tcp_ping received 256 bytes back
Round trip time was 0.016101 milliseconds in repetition 163
tcp_ping received 256 bytes back
Round trip time was 0.019339 milliseconds in repetition 164
tcp_ping received 256 bytes back
Round trip time was 0.014071 milliseconds in repetition 165
tcp_ping received 256 bytes back
Round trip time was 0.015185 milliseconds in repetition 166
tcp_ping received 256 bytes back
Round trip time was 0.015783 milliseconds in repetition 167
tcp_ping received 256 bytes back
Round trip time was 0.019566 milliseconds in repetition 168
tcp_ping received 256 bytes back
Round trip time was 0.017438 milliseconds in repetition 169
tcp_ping received 256 bytes back
Round trip time was 0.035051 milliseconds in repetition 170
tcp_ping received 256 bytes back
Round trip time was 0.018234 milliseconds in repetition 171
tcp_ping received 256 bytes back
Round trip time was 0.014313 milliseconds in repetition 172
tcp_ping received 256 bytes back
Round trip time was 0.01858 milliseconds in repetition 173
tcp_ping received 256 bytes back
Round trip time was 0.013417 milliseconds in repetition 174
tcp_ping received 256 bytes back
Round trip time was 0.014064 milliseconds in repetition 175
tcp_ping received 256 bytes back
Round trip time was 0.012845 milliseconds in repetition 176
tcp_ping received 256 bytes back
Round trip time was 0.032473 milliseconds in repetition 177
tcp_ping received 256 bytes back
Round trip time was 0.014626 milliseconds in repetition 178
tcp_ping received 256 bytes back
Round trip time was 0.060448 milliseconds in repetition 179
tcp_ping received 256 bytes back
Round trip time was 0.06624 milliseconds in repetition 180
tcp_ping received 256 bytes back
Round trip time was 0.015414 milliseconds in repetition 181
tcp_ping received 256 bytes back
Round trip time was 0.014482 milliseconds in repetition 182
tcp_ping received 256 bytes back
Round trip time was 0.014393 milliseconds in repetition 183
tcp_ping received 256 bytes back
Round trip time was 0.014823 milliseconds in repetition 184
tcp_ping received 256 bytes back
Round trip time was 0.013574 milliseconds in repetition 185
tcp_ping received 256 bytes back
Round trip time was 0.013605 milliseconds in repetition 186
tcp_ping received 256 bytes back
Round trip time was 0.014182 milliseconds in repetition 187
tcp_ping received 256 bytes back
Round trip time was 0.013597 milliseconds in repetition 188
tcp_ping received 256 bytes back
Round trip time was 0.085022 milliseconds in repetition 189
tcp_ping received 256 bytes back
Round trip time was 0.013659 milliseconds in repetition 190
tcp_ping received 256 bytes back
Round trip time was 0.013249 milliseconds in repetition 191
tcp_ping received 256 bytes back
Round trip time was 0.014009 milliseconds in repetition 192
tcp_ping received 256 bytes back
Round trip time was 0.013449 milliseconds in repetition 193
tcp_ping received 256 bytes back
Round trip time was 0.013621 milliseconds in repetition 194
tcp_ping received 256 bytes back
Round trip time was 0.013871 milliseconds in repetition 195
tcp_ping received 256 bytes back
Round trip time was 0.013145 milliseconds in repetition 196
tcp_ping received 256 bytes back
Round trip time was 0.013787 milliseconds in repetition 197
tcp_ping received 256 bytes back
Round trip time was 0.01374 milliseconds in repetition 198
tcp_ping received 256 bytes back
Round trip time was 0.013724 milliseconds in repetition 199
tcp_ping received 256 bytes back
Round trip time was 0.013464 milliseconds in repetition 200
tcp_ping received 256 bytes back
Round trip time was 0.013198 milliseconds in repetition 201
tcp_ping received 256 bytes back
Round trip time was 0.013793 milliseconds in repetition 202
tcp_ping received 256 bytes back
Round trip time was 0.013278 milliseconds in repetition 203
tcp_ping received 256 bytes back
Round trip time was 0.013278 milliseconds in repetition 204
tcp_ping received 256 bytes back
Round trip time was 0.013582 milliseconds in repetition 205
tcp_ping received 256 bytes back
Round trip time was 0.013325 milliseconds in repetition 206
tcp_ping received 256 bytes back
Round trip time was 0.013165 milliseconds in repetition 207
tcp_ping received 256 bytes back
Round trip time was 0.019657 milliseconds in repetition 208
tcp_ping received 256 bytes back
Round trip time was 0.012833 milliseconds in repetition 209
tcp_ping received 256 bytes back
Round trip time was 0.012534 milliseconds in repetition 210
tcp_ping received 256 bytes back
Round trip time was 0.013324 milliseconds in repetition 211
tcp_ping received 256 bytes back
Round trip time was 0.013089 milliseconds in repetition 212
tcp_ping received 256 bytes back
Round trip time was 0.013152 milliseconds in repetition 213
tcp_ping received 256 bytes back
Round trip time was 0.013538 milliseconds in repetition 214
tcp_ping received 256 bytes back
Round trip time was 0.013195 milliseconds in repetition 215
tcp_ping received 256 bytes back
Round trip time was 0.01318 milliseconds in repetition 216
tcp_ping received 256 bytes back
Round trip time was 0.051606 milliseconds in repetition 217
tcp_ping received 256 bytes back
Round trip time was 0.013111 milliseconds in repetition 218
tcp_ping received 256 bytes back
Round trip time was 0.047977 milliseconds in repetition 219
tcp_ping received 256 bytes back
Round trip time was 0.0124 milliseconds in repetition 220
tcp_ping received 256 bytes back
Round trip time was 0.137248 milliseconds in repetition 221
tcp_ping received 256 bytes back
Round trip time was 0.019324 milliseconds in repetition 222
tcp_ping received 256 bytes back
Round trip time was 0.011491 milliseconds in repetition 223
tcp_ping received 256 bytes back
Round trip time was 0.011313 milliseconds in repetition 224
tcp_ping received 256 bytes back
Round trip time was 0.011296 milliseconds in repetition 225
tcp_ping received 256 bytes back
Round trip time was 0.011162 milliseconds in repetition 226
tcp_ping received 256 bytes back
Round trip time was 0.011314 milliseconds in repetition 227
tcp_ping received 256 bytes back
Round trip time was 0.011205 milliseconds in repetition 228
tcp_ping received 256 bytes back
Round trip time was 0.011256 milliseconds in repetition 229
tcp_ping received 256 bytes back
Round trip time was 0.011265 milliseconds in repetition 230
tcp_ping received 256 bytes back
Round trip time was 0.011242 milliseconds in repetition 231
tcp_ping received 256 bytes back
Round trip time was 0.011202 milliseconds in repetition 232
tcp_ping received 256 bytes back
Round trip time was 0.011283 milliseconds in repetition 233
tcp_ping received 256 bytes back
Round trip time was 0.011182 milliseconds in repetition 234
tcp_ping received 256 bytes back
Round trip time was 0.011252 milliseconds in repetition 235
tcp_ping received 256 bytes back
Round trip time was 0.011168 milliseconds in repetition 236
tcp_ping received 256 bytes back
Round trip time was 0.033092 milliseconds in repetition 237
tcp_ping received 256 bytes back
Round trip time was 0.010626 milliseconds in repetition 238
tcp_ping received 256 bytes back
Round trip time was 0.010792 milliseconds in repetition 239
tcp_ping received 256 bytes back
Round trip time was 0.010616 milliseconds in repetition 240
tcp_ping received 256 bytes back
Round trip time was 0.01068 milliseconds in repetition 241
tcp_ping received 256 bytes back
Round trip time was 0.010636 milliseconds in repetition 242
tcp_ping received 256 bytes back
Round trip time was 0.010644 milliseconds in repetition 243
tcp_ping received 256 bytes back
Round trip time was 0.010608 milliseconds in repetition 244
tcp_ping received 256 bytes back
Round trip time was 0.010717 milliseconds in repetition 245
tcp_ping received 256 bytes back
Round trip time was 0.01065 milliseconds in repetition 246
tcp_ping received 256 bytes back
Round trip time was 0.010792 milliseconds in repetition 247
tcp_ping received 256 bytes back
Round trip time was 0.010594 milliseconds in repetition 248
tcp_ping received 256 bytes back
Round trip time was 0.010684 milliseconds in repetition 249
tcp_ping received 256 bytes back
Round trip time was 0.01061 milliseconds in repetition 250
tcp_ping received 256 bytes back
Round trip time was 0.010675 milliseconds in repetition 251
tcp_ping received 256 bytes back
Round trip time was 0.01062 milliseconds in repetition 252
tcp_ping received 256 bytes back
Round trip time was 0.010671 milliseconds in repetition 253
tcp_ping received 256 bytes back
Round trip time was 0.010599 milliseconds in repetition 254
tcp_ping received 256 bytes back
Round trip time was 0.010695 milliseconds in repetition 255
tcp_ping received 256 bytes back
Round trip time was 0.011917 milliseconds in repetition 256
tcp_ping received 256 bytes back
Round trip time was 0.012176 milliseconds in repetition 257
tcp_ping received 256 bytes back
Round trip time was 0.011171 milliseconds in repetition 258
tcp_ping received 256 bytes back
Round trip time was 0.010865 milliseconds in repetition 259
tcp_ping received 256 bytes back
Round trip time was 0.010581 milliseconds in repetition 260
tcp_ping received 256 bytes back
Round trip time was 0.010603 milliseconds in repetition 261
tcp_ping received 256 bytes back
Round trip time was 0.010609 milliseconds in repetition 262
tcp_ping received 256 bytes back
Round trip time was 0.010675 milliseconds in repetition 263
tcp_ping received 256 bytes back
Round trip time was 0.010505 milliseconds in repetition 264
tcp_ping received 256 bytes back
Round trip time was 0.01151 milliseconds in repetition 265
tcp_ping received 256 bytes back
Round trip time was 0.010699 milliseconds in repetition 266
tcp_ping received 256 bytes back
Round trip time was 0.010545 milliseconds in repetition 267
tcp_ping received 256 bytes back
Round trip time was 0.010626 milliseconds in repetition 268
tcp_ping received 256 bytes back
Round trip time was 0.010578 milliseconds in repetition 269
tcp_ping received 256 bytes back
Round trip time was 0.010642 milliseconds in repetition 270
tcp_ping received 256 bytes back
Round trip time was 0.010653 milliseconds in repetition 271
tcp_ping received 256 bytes back
Round trip time was 1.06122 milliseconds in repetition 272
tcp_ping received 256 bytes back
Round trip time was 0.024768 milliseconds in repetition 273
tcp_ping received 256 bytes back
Round trip time was 0.010787 milliseconds in repetition 274
tcp_ping received 256 bytes back
Round trip time was 0.010544 milliseconds in repetition 275
tcp_ping received 256 bytes back
Round trip time was 0.010693 milliseconds in repetition 276
tcp_ping received 256 bytes back
Round trip time was 0.010524 milliseconds in repetition 277
tcp_ping received 256 bytes back
Round trip time was 0.010537 milliseconds in repetition 278
tcp_ping received 256 bytes back
Round trip time was 0.010524 milliseconds in repetition 279
tcp_ping received 256 bytes back
Round trip time was 0.010583 milliseconds in repetition 280
tcp_ping received 256 bytes back
Round trip time was 0.010487 milliseconds in repetition 281
tcp_ping received 256 bytes back
Round trip time was 0.010625 milliseconds in repetition 282
tcp_ping received 256 bytes back
Round trip time was 0.010503 milliseconds in repetition 283
tcp_ping received 256 bytes back
Round trip time was 0.031413 milliseconds in repetition 284
tcp_ping received 256 bytes back
Round trip time was 0.031932 milliseconds in repetition 285
tcp_ping received 256 bytes back
Round trip time was 0.010687 milliseconds in repetition 286
tcp_ping received 256 bytes back
Round trip time was 0.01053 milliseconds in repetition 287
tcp_ping received 256 bytes back
Round trip time was 0.010501 milliseconds in repetition 288
tcp_ping received 256 bytes back
Round trip time was 0.010517 milliseconds in repetition 289
tcp_ping received 256 bytes back
Round trip time was 0.010465 milliseconds in repetition 290
tcp_ping received 256 bytes back
Round trip time was 0.01057 milliseconds in repetition 291
tcp_ping received 256 bytes back
Round trip time was 0.010699 milliseconds in repetition 292
tcp_ping received 256 bytes back
Round trip time was 0.010523 milliseconds in repetition 293
tcp_ping received 256 bytes back
Round trip time was 0.01056 milliseconds in repetition 294
tcp_ping received 256 bytes back
Round trip time was 0.010478 milliseconds in repetition 295
tcp_ping received 256 bytes back
Round trip time was 0.010474 milliseconds in repetition 296
tcp_ping received 256 bytes back
Round trip time was 0.010559 milliseconds in repetition 297
tcp_ping received 256 bytes back
Round trip time was 0.010495 milliseconds in repetition 298
tcp_ping received 256 bytes back
Round trip time was 0.010527 milliseconds in repetition 299
tcp_ping received 256 bytes back
Round trip time was 0.010684 milliseconds in repetition 300
tcp_ping received 256 bytes back
Round trip time was 0.010523 milliseconds in repetition 301
tcp_ping received 256 bytes back
Round trip time was 0.010463 milliseconds in repetition 302
tcp_ping received 256 bytes back
Round trip time was 0.010502 milliseconds in repetition 303
tcp_ping received 256 bytes back
Round trip time was 0.010469 milliseconds in repetition 304
tcp_ping received 256 bytes back
Round trip time was 0.010536 milliseconds in repetition 305
tcp_ping received 256 bytes back
Round trip time was 0.010454 milliseconds in repetition 306
tcp_ping received 256 bytes back
Round trip time was 0.010621 milliseconds in repetition 307
tcp_ping received 256 bytes back
Round trip time was 0.01049 milliseconds in repetition 308
tcp_ping received 256 bytes back
Round trip time was 0.011357 milliseconds in repetition 309
tcp_ping received 256 bytes back
Round trip time was 0.010572 milliseconds in repetition 310
tcp_ping received 256 bytes back
Round trip time was 0.010579 milliseconds in repetition 311
tcp_ping received 256 bytes back
Round trip time was 0.010588 milliseconds in repetition 312
tcp_ping received 256 bytes back
Round trip time was 0.010625 milliseconds in repetition 313
tcp_ping received 256 bytes back
Round trip time was 0.010557 milliseconds in repetition 314
tcp_ping received 256 bytes back
Round trip time was 0.010607 milliseconds in repetition 315
tcp_ping received 256 bytes back
Round trip time was 0.01053 milliseconds in repetition 316
tcp_ping received 256 bytes back
Round trip time was 0.010652 milliseconds in repetition 317
tcp_ping received 256 bytes back
Round trip time was 0.010648 milliseconds in repetition 318
tcp_ping received 256 bytes back
Round trip time was 0.01061 milliseconds in repetition 319
tcp_ping received 256 bytes back
Round trip time was 0.010619 milliseconds in repetition 320
tcp_ping received 256 bytes back
Round trip time was 0.010657 milliseconds in repetition 321
tcp_ping received 256 bytes back
Round trip time was 0.010539 milliseconds in repetition 322
tcp_ping received 256 bytes back
Round trip time was 0.010632 milliseconds in repetition 323
tcp_ping received 256 bytes back
Round trip time was 0.010597 milliseconds in repetition 324
tcp_ping received 256 bytes back
Round trip time was 0.010563 milliseconds in repetition 325
tcp_ping received 256 bytes back
Round trip time was 0.010583 milliseconds in repetition 326
tcp_ping received 256 bytes back
Round trip time was 0.010579 milliseconds in repetition 327
tcp_ping received 256 bytes back
Round trip time was 0.010615 milliseconds in repetition 328
tcp_ping received 256 bytes back
Round trip time was 0.010568 milliseconds in repetition 329
tcp_ping received 256 bytes back
Round trip time was 0.010521 milliseconds in repetition 330
tcp_ping received 256 bytes back
Round trip time was 0.01057 milliseconds in repetition 331
tcp_ping received 256 bytes back
Round trip time was 0.010537 milliseconds in repetition 332
tcp_ping received 256 bytes back
Round trip time was 0.010557 milliseconds in repetition 333
tcp_ping received 256 bytes back
Round trip time was 0.010574 milliseconds in repetition 334
tcp_ping received 256 bytes back
Round trip time was 0.010517 milliseconds in repetition 335
tcp_ping received 256 bytes back
Round trip time was 0.010595 milliseconds in repetition 336
tcp_ping received 256 bytes back
Round trip time was 0.010557 milliseconds in repetition 337
tcp_ping received 256 bytes back
Round trip time was 0.010548 milliseconds in repetition 338
tcp_ping received 256 bytes back
Round trip time was 0.010613 milliseconds in repetition 339
tcp_ping received 256 bytes back
Round trip time was 0.010546 milliseconds in repetition 340
tcp_ping received 256 bytes back
Round trip time was 0.010524 milliseconds in repetition 341
tcp_ping received 256 bytes back
Round trip time was 0.01058 milliseconds in repetition 342
tcp_ping received 256 bytes back
Round trip time was 0.010588 milliseconds in repetition 343
tcp_ping received 256 bytes back
Round trip time was 0.010569 milliseconds in repetition 344
tcp_ping received 256 bytes back
Round trip time was 0.01062 milliseconds in repetition 345
tcp_ping received 256 bytes back
Round trip time was 0.010562 milliseconds in repetition 346
tcp_ping received 256 bytes back
Round trip time was 0.010597 milliseconds in repetition 347
tcp_ping received 256 bytes back
Round trip time was 0.010573 milliseconds in repetition 348
tcp_ping received 256 bytes back
Round trip time was 0.010545 milliseconds in repetition 349
tcp_ping received 256 bytes back
Round trip time was 0.01065 milliseconds in repetition 350
tcp_ping received 256 bytes back
Round trip time was 0.01059 milliseconds in repetition 351
tcp_ping received 256 bytes back
Round trip time was 0.010566 milliseconds in repetition 352
tcp_ping received 256 bytes back
Round trip time was 0.011152 milliseconds in repetition 353
tcp_ping received 256 bytes back
Round trip time was 0.010581 milliseconds in repetition 354
tcp_ping received 256 bytes back
Round trip time was 0.010601 milliseconds in repetition 355
tcp_ping received 256 bytes back
Round trip time was 0.010558 milliseconds in repetition 356
tcp_ping received 256 bytes back
Round trip time was 0.010561 milliseconds in repetition 357
tcp_ping received 256 bytes back
Round trip time was 0.010533 milliseconds in repetition 358
tcp_ping received 256 bytes back
Round trip time was 0.010565 milliseconds in repetition 359
tcp_ping received 256 bytes back
Round trip time was 0.010525 milliseconds in repetition 360
tcp_ping received 256 bytes back
Round trip time was 0.010567 milliseconds in repetition 361
tcp_ping received 256 bytes back
Round trip time was 0.031009 milliseconds in repetition 362
tcp_ping received 256 bytes back
Round trip time was 0.022813 milliseconds in repetition 363
tcp_ping received 256 bytes back
Round trip time was 0.027093 milliseconds in repetition 364
tcp_ping received 256 bytes back
Round trip time was 0.010604 milliseconds in repetition 365
tcp_ping received 256 bytes back
Round trip time was 0.010539 milliseconds in repetition 366
tcp_ping received 256 bytes back
Round trip time was 0.010514 milliseconds in repetition 367
tcp_ping received 256 bytes back
Round trip time was 0.010546 milliseconds in repetition 368
tcp_ping received 256 bytes back
Round trip time was 0.010576 milliseconds in repetition 369
tcp_ping received 256 bytes back
Round trip time was 0.010569 milliseconds in repetition 370
tcp_ping received 256 bytes back
Round trip time was 0.010504 milliseconds in repetition 371
tcp_ping received 256 bytes back
Round trip time was 0.010497 milliseconds in repetition 372
tcp_ping received 256 bytes back
Round trip time was 0.010544 milliseconds in repetition 373
tcp_ping received 256 bytes back
Round trip time was 0.010547 milliseconds in repetition 374
tcp_ping received 256 bytes back
Round trip time was 0.010544 milliseconds in repetition 375
tcp_ping received 256 bytes back
Round trip time was 0.010509 milliseconds in repetition 376
tcp_ping received 256 bytes back
Round trip time was 0.010564 milliseconds in repetition 377
tcp_ping received 256 bytes back
Round trip time was 0.010538 milliseconds in repetition 378
tcp_ping received 256 bytes back
Round trip time was 0.010535 milliseconds in repetition 379
tcp_ping received 256 bytes back
Round trip time was 0.010481 milliseconds in repetition 380
tcp_ping received 256 bytes back
Round trip time was 0.010546 milliseconds in repetition 381
tcp_ping received 256 bytes back
Round trip time was 0.010575 milliseconds in repetition 382
tcp_ping received 256 bytes back
Round trip time was 0.010464 milliseconds in repetition 383
tcp_ping received 256 bytes back
Round trip time was 0.010513 milliseconds in repetition 384
tcp_ping received 256 bytes back
Round trip time was 0.0106 milliseconds in repetition 385
tcp_ping received 256 bytes back
Round trip time was 0.010614 milliseconds in repetition 386
tcp_ping received 256 bytes back
Round trip time was 0.010538 milliseconds in repetition 387
tcp_ping received 256 bytes back
Round trip time was 0.010568 milliseconds in repetition 388
tcp_ping received 256 bytes back
Round trip time was 0.010553 milliseconds in repetition 389
tcp_ping received 256 bytes back
Round trip time was 0.010589 milliseconds in repetition 390
tcp_ping received 256 bytes back
Round trip time was 0.010517 milliseconds in repetition 391
tcp_ping received 256 bytes back
Round trip time was 0.01053 milliseconds in repetition 392
tcp_ping received 256 bytes back
Round trip time was 0.010473 milliseconds in repetition 393
tcp_ping received 256 bytes back
Round trip time was 0.010597 milliseconds in repetition 394
tcp_ping received 256 bytes back
Round trip time was 0.010496 milliseconds in repetition 395
tcp_ping received 256 bytes back
Round trip time was 0.0106 milliseconds in repetition 396
tcp_ping received 256 bytes back
Round trip time was 0.010488 milliseconds in repetition 397
tcp_ping received 256 bytes back
Round trip time was 0.011271 milliseconds in repetition 398
tcp_ping received 256 bytes back
Round trip time was 0.010647 milliseconds in repetition 399
tcp_ping received 256 bytes back
Round trip time was 0.010551 milliseconds in repetition 400
tcp_ping received 256 bytes back
Round trip time was 0.010554 milliseconds in repetition 401
tcp_ping received 256 bytes back
Round trip time was 0.010562 milliseconds in repetition 402
tcp_ping received 256 bytes back
Round trip time was 0.025869 milliseconds in repetition 403
tcp_ping received 256 bytes back
Round trip time was 0.014677 milliseconds in repetition 404
tcp_ping received 256 bytes back
Round trip time was 0.010593 milliseconds in repetition 405
tcp_ping received 256 bytes back
Round trip time was 0.010858 milliseconds in repetition 406
tcp_ping received 256 bytes back
Round trip time was 0.010576 milliseconds in repetition 407
tcp_ping received 256 bytes back
Round trip time was 0.010647 milliseconds in repetition 408
tcp_ping received 256 bytes back
Round trip time was 0.010565 milliseconds in repetition 409
tcp_ping received 256 bytes back
Round trip time was 0.010603 milliseconds in repetition 410
tcp_ping received 256 bytes back
Round trip time was 0.010556 milliseconds in repetition 411
tcp_ping received 256 bytes back
Round trip time was 0.010613 milliseconds in repetition 412
tcp_ping received 256 bytes back
Round trip time was 0.010514 milliseconds in repetition 413
tcp_ping received 256 bytes back
Round trip time was 0.010599 milliseconds in repetition 414
tcp_ping received 256 bytes back
Round trip time was 0.010534 milliseconds in repetition 415
tcp_ping received 256 bytes back
Round trip time was 0.010594 milliseconds in repetition 416
tcp_ping received 256 bytes back
Round trip time was 0.010553 milliseconds in repetition 417
tcp_ping received 256 bytes back
Round trip time was 0.010618 milliseconds in repetition 418
tcp_ping received 256 bytes back
Round trip time was 0.010503 milliseconds in repetition 419
tcp_ping received 256 bytes back
Round trip time was 0.010579 milliseconds in repetition 420
tcp_ping received 256 bytes back
Round trip time was 0.010517 milliseconds in repetition 421
tcp_ping received 256 bytes back
Round trip time was 0.010574 milliseconds in repetition 422
tcp_ping received 256 bytes back
Round trip time was 0.010511 milliseconds in repetition 423
tcp_ping received 256 bytes back
Round trip time was 0.010578 milliseconds in repetition 424
tcp_ping received 256 bytes back
Round trip time was 0.010529 milliseconds in repetition 425
tcp_ping received 256 bytes back
Round trip time was 0.010551 milliseconds in repetition 426
tcp_ping received 256 bytes back
Round trip time was 0.010605 milliseconds in repetition 427
tcp_ping received 256 bytes back
Round trip time was 0.010617 milliseconds in repetition 428
tcp_ping received 256 bytes back
Round trip time was 0.010603 milliseconds in repetition 429
tcp_ping received 256 bytes back
Round trip time was 0.010637 milliseconds in repetition 430
tcp_ping received 256 bytes back
Round trip time was 0.010587 milliseconds in repetition 431
tcp_ping received 256 bytes back
Round trip time was 0.010547 milliseconds in repetition 432
tcp_ping received 256 bytes back
Round trip time was 0.010569 milliseconds in repetition 433
tcp_ping received 256 bytes back
Round trip time was 0.010594 milliseconds in repetition 434
tcp_ping received 256 bytes back
Round trip time was 0.010512 milliseconds in repetition 435
tcp_ping received 256 bytes back
Round trip time was 0.010624 milliseconds in repetition 436
tcp_ping received 256 bytes back
Round trip time was 0.010512 milliseconds in repetition 437
tcp_ping received 256 bytes back
Round trip time was 0.010564 milliseconds in repetition 438
tcp_ping received 256 bytes back
Round trip time was 0.010552 milliseconds in repetition 439
tcp_ping received 256 bytes back
Round trip time was 0.063687 milliseconds in repetition 440
tcp_ping received 256 bytes back
Round trip time was 0.011518 milliseconds in repetition 441
tcp_ping received 256 bytes back
Round trip time was 0.011347 milliseconds in repetition 442
tcp_ping received 256 bytes back
Round trip time was 0.010604 milliseconds in repetition 443
tcp_ping received 256 bytes back
Round trip time was 0.010572 milliseconds in repetition 444
tcp_ping received 256 bytes back
Round trip time was 0.010656 milliseconds in repetition 445
tcp_ping received 256 bytes back
Round trip time was 0.010519 milliseconds in repetition 446
tcp_ping received 256 bytes back
Round trip time was 0.010573 milliseconds in repetition 447
tcp_ping received 256 bytes back
Round trip time was 0.010533 milliseconds in repetition 448
tcp_ping received 256 bytes back
Round trip time was 0.010624 milliseconds in repetition 449
tcp_ping received 256 bytes back
Round trip time was 0.010552 milliseconds in repetition 450
tcp_ping received 256 bytes back
Round trip time was 0.010611 milliseconds in repetition 451
tcp_ping received 256 bytes back
Round trip time was 0.010532 milliseconds in repetition 452
tcp_ping received 256 bytes back
Round trip time was 0.010616 milliseconds in repetition 453
tcp_ping received 256 bytes back
Round trip time was 0.010498 milliseconds in repetition 454
tcp_ping received 256 bytes back
Round trip time was 0.010658 milliseconds in repetition 455
tcp_ping received 256 bytes back
Round trip time was 0.010526 milliseconds in repetition 456
tcp_ping received 256 bytes back
Round trip time was 0.010582 milliseconds in repetition 457
tcp_ping received 256 bytes back
Round trip time was 0.010554 milliseconds in repetition 458
tcp_ping received 256 bytes back
Round trip time was 0.010654 milliseconds in repetition 459
tcp_ping received 256 bytes back
Round trip time was 0.010612 milliseconds in repetition 460
tcp_ping received 256 bytes back
Round trip time was 0.010568 milliseconds in repetition 461
tcp_ping received 256 bytes back
Round trip time was 0.01049 milliseconds in repetition 462
tcp_ping received 256 bytes back
Round trip time was 0.010588 milliseconds in repetition 463
tcp_ping received 256 bytes back
Round trip time was 0.010616 milliseconds in repetition 464
tcp_ping received 256 bytes back
Round trip time was 0.010552 milliseconds in repetition 465
tcp_ping received 256 bytes back
Round trip time was 0.010515 milliseconds in repetition 466
tcp_ping received 256 bytes back
Round trip time was 0.010632 milliseconds in repetition 467
tcp_ping received 256 bytes back
Round trip time was 0.010645 milliseconds in repetition 468
tcp_ping received 256 bytes back
Round trip time was 0.010672 milliseconds in repetition 469
tcp_ping received 256 bytes back
Round trip time was 0.010628 milliseconds in repetition 470
tcp_ping received 256 bytes back
Round trip time was 0.010577 milliseconds in repetition 471
tcp_ping received 256 bytes back
Round trip time was 0.010571 milliseconds in repetition 472
tcp_ping received 256 bytes back
Round trip time was 0.010598 milliseconds in repetition 473
tcp_ping received 256 bytes back
Round trip time was 0.0105 milliseconds in repetition 474
tcp_ping received 256 bytes back
Round trip time was 0.010552 milliseconds in repetition 475
tcp_ping received 256 bytes back
Round trip time was 0.010519 milliseconds in repetition 476
tcp_ping received 256 bytes back
Round trip time was 0.010569 milliseconds in repetition 477
tcp_ping received 256 bytes back
Round trip time was 0.010557 milliseconds in repetition 478
tcp_ping received 256 bytes back
Round trip time was 0.575789 milliseconds in repetition 479
tcp_ping received 256 bytes back
Round trip time was 0.026763 milliseconds in repetition 480
tcp_ping received 256 bytes back
Round trip time was 0.011361 milliseconds in repetition 481
tcp_ping received 256 bytes back
Round trip time was 0.010986 milliseconds in repetition 482
tcp_ping received 256 bytes back
Round trip time was 0.010894 milliseconds in repetition 483
tcp_ping received 256 bytes back
Round trip time was 0.010932 milliseconds in repetition 484
tcp_ping received 256 bytes back
Round trip time was 0.010848 milliseconds in repetition 485
tcp_ping received 256 bytes back
Round trip time was 0.012718 milliseconds in repetition 486
tcp_ping received 256 bytes back
Round trip time was 0.01105 milliseconds in repetition 487
tcp_ping received 256 bytes back
Round trip time was 0.010928 milliseconds in repetition 488
tcp_ping received 256 bytes back
Round trip time was 0.010886 milliseconds in repetition 489
tcp_ping received 256 bytes back
Round trip time was 0.010898 milliseconds in repetition 490
tcp_ping received 256 bytes back
Round trip time was 0.010982 milliseconds in repetition 491
tcp_ping received 256 bytes back
Round trip time was 0.010883 milliseconds in repetition 492
tcp_ping received 256 bytes back
Round trip time was 0.011353 milliseconds in repetition 493
tcp_ping received 256 bytes back
Round trip time was 0.010853 milliseconds in repetition 494
tcp_ping received 256 bytes back
Round trip time was 0.01088 milliseconds in repetition 495
tcp_ping received 256 bytes back
Round trip time was 0.010946 milliseconds in repetition 496
tcp_ping received 256 bytes back
Round trip time was 0.010821 milliseconds in repetition 497
tcp_ping received 256 bytes back
Round trip time was 0.010832 milliseconds in repetition 498
tcp_ping received 256 bytes back
Round trip time was 0.010815 milliseconds in repetition 499
tcp_ping received 256 bytes back
Round trip time was 0.010891 milliseconds in repetition 500
tcp_ping received 256 bytes back
Round trip time was 0.29245 milliseconds in repetition 501

 ... clock resolution was 1e-06
TCP Ping:  Statistics over 501 repetitions of 256 byte messages

RTT : percentile 10: 0.01053, median: 0.011271, percentile 90: 0.017023, average: 0.0247872, variance: 0.0132083

RTT histogram:
0.0104535 484
0.102358 12
0.194263 0
0.286167 1
0.378072 0
0.469976 0
0.561881 1
0.653785 0
0.74569 0
0.837594 0
0.929499 0
1.0214 1
1.11331 0
1.20521 0
1.29712 1
1.38902 0
1.48093 0
1.57283 0
1.66474 0
1.75664 0
1.84854 1
   median Throughput : 45426.3 KB/s   overall Throughput : 20655.8 KB/s

