TCP Ping trying to connect to server localhost (127.0.0.1) on port 1491
 ... connected to Pong server: asking for 501 repetitions of 1536 bytes TCP messages
 ... Pong server agreed :-)
tcp_ping received 1536 bytes back
Round trip time was 0.036041 milliseconds in repetition 1
tcp_ping received 1536 bytes back
Round trip time was 0.015946 milliseconds in repetition 2
tcp_ping received 1536 bytes back
Round trip time was 0.015414 milliseconds in repetition 3
tcp_ping received 1536 bytes back
Round trip time was 0.015235 milliseconds in repetition 4
tcp_ping received 1536 bytes back
Round trip time was 0.01525 milliseconds in repetition 5
tcp_ping received 1536 bytes back
Round trip time was 0.015158 milliseconds in repetition 6
tcp_ping received 1536 bytes back
Round trip time was 0.015369 milliseconds in repetition 7
tcp_ping received 1536 bytes back
Round trip time was 0.013149 milliseconds in repetition 8
tcp_ping received 1536 bytes back
Round trip time was 0.013115 milliseconds in repetition 9
tcp_ping received 1536 bytes back
Round trip time was 0.01279 milliseconds in repetition 10
tcp_ping received 1536 bytes back
Round trip time was 0.013019 milliseconds in repetition 11
tcp_ping received 1536 bytes back
Round trip time was 0.01286 milliseconds in repetition 12
tcp_ping received 1536 bytes back
Round trip time was 0.012849 milliseconds in repetition 13
tcp_ping received 1536 bytes back
Round trip time was 0.012826 milliseconds in repetition 14
tcp_ping received 1536 bytes back
Round trip time was 0.012866 milliseconds in repetition 15
tcp_ping received 1536 bytes back
Round trip time was 0.012773 milliseconds in repetition 16
tcp_ping received 1536 bytes back
Round trip time was 0.012882 milliseconds in repetition 17
tcp_ping received 1536 bytes back
Round trip time was 0.012899 milliseconds in repetition 18
tcp_ping received 1536 bytes back
Round trip time was 0.047951 milliseconds in repetition 19
tcp_ping received 1536 bytes back
Round trip time was 0.061656 milliseconds in repetition 20
tcp_ping received 1536 bytes back
Round trip time was 0.015276 milliseconds in repetition 21
tcp_ping received 1536 bytes back
Round trip time was 0.074841 milliseconds in repetition 22
tcp_ping received 1536 bytes back
Round trip time was 0.017281 milliseconds in repetition 23
tcp_ping received 1536 bytes back
Round trip time was 0.013019 milliseconds in repetition 24
tcp_ping received 1536 bytes back
Round trip time was 0.012984 milliseconds in repetition 25
tcp_ping received 1536 bytes back
Round trip time was 0.01288 milliseconds in repetition 26
tcp_ping received 1536 bytes back
Round trip time was 0.012983 milliseconds in repetition 27
tcp_ping received 1536 bytes back
Round trip time was 0.012876 milliseconds in repetition 28
tcp_ping received 1536 bytes back
Round trip time was 0.012896 milliseconds in repetition 29
tcp_ping received 1536 bytes back
Round trip time was 0.012863 milliseconds in repetition 30
tcp_ping received 1536 bytes back
Round trip time was 0.012892 milliseconds in repetition 31
tcp_ping received 1536 bytes back
Round trip time was 0.012868 milliseconds in repetition 32
tcp_ping received 1536 bytes back
Round trip time was 0.012852 milliseconds in repetition 33
tcp_ping received 1536 bytes back
Round trip time was 0.012849 milliseconds in repetition 34
tcp_ping received 1536 bytes back
Round trip time was 0.012886 milliseconds in repetition 35
tcp_ping received 1536 bytes back
Round trip time was 0.012853 milliseconds in repetition 36
tcp_ping received 1536 bytes back
Round trip time was 0.012916 milliseconds in repetition 37
tcp_ping received 1536 bytes back
Round trip time was 0.012815 milliseconds in repetition 38
tcp_ping received 1536 bytes back
Round trip time was 0.012938 milliseconds in repetition 39
tcp_ping received 1536 bytes back
Round trip time was 0.012771 milliseconds in repetition 40
tcp_ping received 1536 bytes back
Round trip time was 0.012885 milliseconds in repetition 41
tcp_ping received 1536 bytes back
Round trip time was 0.01279 milliseconds in repetition 42
tcp_ping received 1536 bytes back
Round trip time was 0.013027 milliseconds in repetition 43
tcp_ping received 1536 bytes back
Round trip time was 0.014158 milliseconds in repetition 44
tcp_ping received 1536 bytes back
Round trip time was 0.012852 milliseconds in repetition 45
tcp_ping received 1536 bytes back
Round trip time was 0.012909 milliseconds in repetition 46
tcp_ping received 1536 bytes back
Round trip time was 0.012807 milliseconds in repetition 47
tcp_ping received 1536 bytes back
Round trip time was 0.01288 milliseconds in repetition 48
tcp_ping received 1536 bytes back
Round trip time was 0.01282 milliseconds in repetition 49
tcp_ping received 1536 bytes back
Round trip time was 0.012907 milliseconds in repetition 50
tcp_ping received 1536 bytes back
Round trip time was 0.012793 milliseconds in repetition 51
tcp_ping received 1536 bytes back
Round trip time was 0.012833 milliseconds in repetition 52
tcp_ping received 1536 bytes back
Round trip time was 0.012838 milliseconds in repetition 53
tcp_ping received 1536 bytes back
Round trip time was 0.012843 milliseconds in repetition 54
tcp_ping received 1536 bytes back
Round trip time was 0.012859 milliseconds in repetition 55
tcp_ping received 1536 bytes back
Round trip time was 0.012849 milliseconds in repetition 56
tcp_ping received 1536 bytes back
Round trip time was 0.012826 milliseconds in repetition 57
tcp_ping received 1536 bytes back
Round trip time was 0.012854 milliseconds in repetition 58
tcp_ping received 1536 bytes back
Round trip time was 0.012793 milliseconds in repetition 59
tcp_ping received 1536 bytes back
Round trip time was 0.012867 milliseconds in repetition 60
tcp_ping received 1536 bytes back
Round trip time was 0.012792 milliseconds in repetition 61
tcp_ping received 1536 bytes back
Round trip time was 0.012886 milliseconds in repetition 62
tcp_ping received 1536 bytes back
Round trip time was 0.012856 milliseconds in repetition 63
tcp_ping received 1536 bytes back
Round trip time was 0.012915 milliseconds in repetition 64
tcp_ping received 1536 bytes back
Round trip time was 0.012839 milliseconds in repetition 65
tcp_ping received 1536 bytes back
Round trip time was 0.01296 milliseconds in repetition 66
tcp_ping received 1536 bytes back
Round trip time was 0.012839 milliseconds in repetition 67
tcp_ping received 1536 bytes back
Round trip time was 0.012905 milliseconds in repetition 68
tcp_ping received 1536 bytes back
Round trip time was 0.01349 milliseconds in repetition 69
tcp_ping received 1536 bytes back
Round trip time was 0.01493 milliseconds in repetition 70
tcp_ping received 1536 bytes back
Round trip time was 0.014142 milliseconds in repetition 71
tcp_ping received 1536 bytes back
Round trip time was 0.013988 milliseconds in repetition 72
tcp_ping received 1536 bytes back
Round trip time was 0.013946 milliseconds in repetition 73
tcp_ping received 1536 bytes back
Round trip time was 0.013887 milliseconds in repetition 74
tcp_ping received 1536 bytes back
Round trip time was 0.034717 milliseconds in repetition 75
tcp_ping received 1536 bytes back
Round trip time was 0.029325 milliseconds in repetition 76
tcp_ping received 1536 bytes back
Round trip time was 0.033243 milliseconds in repetition 77
tcp_ping received 1536 bytes back
Round trip time was 0.016449 milliseconds in repetition 78
tcp_ping received 1536 bytes back
Round trip time was 0.016138 milliseconds in repetition 79
tcp_ping received 1536 bytes back
Round trip time was 0.015939 milliseconds in repetition 80
tcp_ping received 1536 bytes back
Round trip time was 0.015916 milliseconds in repetition 81
tcp_ping received 1536 bytes back
Round trip time was 0.014746 milliseconds in repetition 82
tcp_ping received 1536 bytes back
Round trip time was 0.015018 milliseconds in repetition 83
tcp_ping received 1536 bytes back
Round trip time was 0.014969 milliseconds in repetition 84
tcp_ping received 1536 bytes back
Round trip time was 0.014904 milliseconds in repetition 85
tcp_ping received 1536 bytes back
Round trip time was 0.015025 milliseconds in repetition 86
tcp_ping received 1536 bytes back
Round trip time was 0.014925 milliseconds in repetition 87
tcp_ping received 1536 bytes back
Round trip time was 0.015705 milliseconds in repetition 88
tcp_ping received 1536 bytes back
Round trip time was 0.015 milliseconds in repetition 89
tcp_ping received 1536 bytes back
Round trip time was 0.015017 milliseconds in repetition 90
tcp_ping received 1536 bytes back
Round trip time was 0.014974 milliseconds in repetition 91
tcp_ping received 1536 bytes back
Round trip time was 0.014167 milliseconds in repetition 92
tcp_ping received 1536 bytes back
Round trip time was 0.014027 milliseconds in repetition 93
tcp_ping received 1536 bytes back
Round trip time was 0.013937 milliseconds in repetition 94
tcp_ping received 1536 bytes back
Round trip time was 0.013944 milliseconds in repetition 95
tcp_ping received 1536 bytes back
Round trip time was 0.013933 milliseconds in repetition 96
tcp_ping received 1536 bytes back
Round trip time was 0.013903 milliseconds in repetition 97
tcp_ping received 1536 bytes back
Round trip time was 0.014002 milliseconds in repetition 98
tcp_ping received 1536 bytes back
Round trip time was 0.01397 milliseconds in repetition 99
tcp_ping received 1536 bytes back
Round trip time was 0.013993 milliseconds in repetition 100
tcp_ping received 1536 bytes back
Round trip time was 0.013886 milliseconds in repetition 101
tcp_ping received 1536 bytes back
Round trip time was 0.013926 milliseconds in repetition 102
tcp_ping received 1536 bytes back
Round trip time was 0.013891 milliseconds in repetition 103
tcp_ping received 1536 bytes back
Round trip time was 0.013945 milliseconds in repetition 104
tcp_ping received 1536 bytes back
Round trip time was 0.013858 milliseconds in repetition 105
tcp_ping received 1536 bytes back
Round trip time was 0.014033 milliseconds in repetition 106
tcp_ping received 1536 bytes back
Round trip time was 0.013848 milliseconds in repetition 107
tcp_ping received 1536 bytes back
Round trip time was 0.013941 milliseconds in repetition 108
tcp_ping received 1536 bytes back
Round trip time was 0.013901 milliseconds in repetition 109
tcp_ping received 1536 bytes back
Round trip time was 0.013934 milliseconds in repetition 110
tcp_ping received 1536 bytes back
Round trip time was 0.013911 milliseconds in repetition 111
tcp_ping received 1536 bytes back
Round trip time was 0.014009 milliseconds in repetition 112
tcp_ping received 1536 bytes back
Round trip time was 0.013878 milliseconds in repetition 113
tcp_ping received 1536 bytes back
Round trip time was 0.013934 milliseconds in repetition 114
tcp_ping received 1536 bytes back
Round trip time was 0.013856 milliseconds in repetition 115
tcp_ping received 1536 bytes back
Round trip time was 0.034989 milliseconds in repetition 116
tcp_ping received 1536 bytes back
Round trip time was 0.01447 milliseconds in repetition 117
tcp_ping received 1536 bytes back
Round trip time was 0.014277 milliseconds in repetition 118
tcp_ping received 1536 bytes back
Round trip time was 0.059644 milliseconds in repetition 119
tcp_ping received 1536 bytes back
Round trip time was 0.014413 milliseconds in repetition 120
tcp_ping received 1536 bytes back
Round trip time was 0.01425 milliseconds in repetition 121
tcp_ping received 1536 bytes back
Round trip time was 0.014316 milliseconds in repetition 122
tcp_ping received 1536 bytes back
Round trip time was 0.01421 milliseconds in repetition 123
tcp_ping received 1536 bytes back
Round trip time was 0.014405 milliseconds in repetition 124
tcp_ping received 1536 bytes back
Round trip time was 0.014197 milliseconds in repetition 125
tcp_ping received 1536 bytes back
Round trip time was 0.028274 milliseconds in repetition 126
tcp_ping received 1536 bytes back
Round trip time was 0.015415 milliseconds in repetition 127
tcp_ping received 1536 bytes back
Round trip time was 0.013985 milliseconds in repetition 128
tcp_ping received 1536 bytes back
Round trip time was 0.014007 milliseconds in repetition 129
tcp_ping received 1536 bytes back
Round trip time was 0.013932 milliseconds in repetition 130
tcp_ping received 1536 bytes back
Round trip time was 0.013916 milliseconds in repetition 131
tcp_ping received 1536 bytes back
Round trip time was 0.01449 milliseconds in repetition 132
tcp_ping received 1536 bytes back
Round trip time was 0.013964 milliseconds in repetition 133
tcp_ping received 1536 bytes back
Round trip time was 0.013966 milliseconds in repetition 134
tcp_ping received 1536 bytes back
Round trip time was 0.014012 milliseconds in repetition 135
tcp_ping received 1536 bytes back
Round trip time was 0.013884 milliseconds in repetition 136
tcp_ping received 1536 bytes back
Round trip time was 0.013924 milliseconds in repetition 137
tcp_ping received 1536 bytes back
Round trip time was 0.014141 milliseconds in repetition 138
tcp_ping received 1536 bytes back
Round trip time was 0.013983 milliseconds in repetition 139
tcp_ping received 1536 bytes back
Round trip time was 0.013925 milliseconds in repetition 140
tcp_ping received 1536 bytes back
Round trip time was 0.01394 milliseconds in repetition 141
tcp_ping received 1536 bytes back
Round trip time was 0.013983 milliseconds in repetition 142
tcp_ping received 1536 bytes back
Round trip time was 0.013929 milliseconds in repetition 143
tcp_ping received 1536 bytes back
Round trip time was 0.013877 milliseconds in repetition 144
tcp_ping received 1536 bytes back
Round trip time was 0.013972 milliseconds in repetition 145
tcp_ping received 1536 bytes back
Round trip time was 0.013881 milliseconds in repetition 146
tcp_ping received 1536 bytes back
Round trip time was 0.014 milliseconds in repetition 147
tcp_ping received 1536 bytes back
Round trip time was 0.013926 milliseconds in repetition 148
tcp_ping received 1536 bytes back
Round trip time was 0.014081 milliseconds in repetition 149
tcp_ping received 1536 bytes back
Round trip time was 0.013894 milliseconds in repetition 150
tcp_ping received 1536 bytes back
Round trip time was 0.014059 milliseconds in repetition 151
tcp_ping received 1536 bytes back
Round trip time was 0.013906 milliseconds in repetition 152
tcp_ping received 1536 bytes back
Round trip time was 0.014003 milliseconds in repetition 153
tcp_ping received 1536 bytes back
Round trip time was 0.01393 milliseconds in repetition 154
tcp_ping received 1536 bytes back
Round trip time was 0.013966 milliseconds in repetition 155
tcp_ping received 1536 bytes back
Round trip time was 0.013925 milliseconds in repetition 156
tcp_ping received 1536 bytes back
Round trip time was 0.013957 milliseconds in repetition 157
tcp_ping received 1536 bytes back
Round trip time was 0.013915 milliseconds in repetition 158
tcp_ping received 1536 bytes back
Round trip time was 0.013947 milliseconds in repetition 159
tcp_ping received 1536 bytes back
Round trip time was 0.013893 milliseconds in repetition 160
tcp_ping received 1536 bytes back
Round trip time was 0.013972 milliseconds in repetition 161
tcp_ping received 1536 bytes back
Round trip time was 0.013899 milliseconds in repetition 162
tcp_ping received 1536 bytes back
Round trip time was 0.013977 milliseconds in repetition 163
tcp_ping received 1536 bytes back
Round trip time was 0.01389 milliseconds in repetition 164
tcp_ping received 1536 bytes back
Round trip time was 0.013933 milliseconds in repetition 165
tcp_ping received 1536 bytes back
Round trip time was 0.0139 milliseconds in repetition 166
tcp_ping received 1536 bytes back
Round trip time was 0.013946 milliseconds in repetition 167
tcp_ping received 1536 bytes back
Round trip time was 0.013947 milliseconds in repetition 168
tcp_ping received 1536 bytes back
Round trip time was 0.013945 milliseconds in repetition 169
tcp_ping received 1536 bytes back
Round trip time was 0.013889 milliseconds in repetition 170
tcp_ping received 1536 bytes back
Round trip time was 0.013934 milliseconds in repetition 171
tcp_ping received 1536 bytes back
Round trip time was 0.013869 milliseconds in repetition 172
tcp_ping received 1536 bytes back
Round trip time was 0.013881 milliseconds in repetition 173
tcp_ping received 1536 bytes back
Round trip time was 0.013872 milliseconds in repetition 174
tcp_ping received 1536 bytes back
Round trip time was 0.018684 milliseconds in repetition 175
tcp_ping received 1536 bytes back
Round trip time was 0.014006 milliseconds in repetition 176
tcp_ping received 1536 bytes back
Round trip time was 0.013957 milliseconds in repetition 177
tcp_ping received 1536 bytes back
Round trip time was 0.013974 milliseconds in repetition 178
tcp_ping received 1536 bytes back
Round trip time was 0.013894 milliseconds in repetition 179
tcp_ping received 1536 bytes back
Round trip time was 0.013956 milliseconds in repetition 180
tcp_ping received 1536 bytes back
Round trip time was 0.013901 milliseconds in repetition 181
tcp_ping received 1536 bytes back
Round trip time was 0.013916 milliseconds in repetition 182
tcp_ping received 1536 bytes back
Round trip time was 0.013903 milliseconds in repetition 183
tcp_ping received 1536 bytes back
Round trip time was 0.013904 milliseconds in repetition 184
tcp_ping received 1536 bytes back
Round trip time was 0.013888 milliseconds in repetition 185
tcp_ping received 1536 bytes back
Round trip time was 0.01392 milliseconds in repetition 186
tcp_ping received 1536 bytes back
Round trip time was 0.013891 milliseconds in repetition 187
tcp_ping received 1536 bytes back
Round trip time was 0.013952 milliseconds in repetition 188
tcp_ping received 1536 bytes back
Round trip time was 0.045482 milliseconds in repetition 189
tcp_ping received 1536 bytes back
Round trip time was 0.033005 milliseconds in repetition 190
tcp_ping received 1536 bytes back
Round trip time was 0.013966 milliseconds in repetition 191
tcp_ping received 1536 bytes back
Round trip time was 0.013944 milliseconds in repetition 192
tcp_ping received 1536 bytes back
Round trip time was 0.013874 milliseconds in repetition 193
tcp_ping received 1536 bytes back
Round trip time was 0.013927 milliseconds in repetition 194
tcp_ping received 1536 bytes back
Round trip time was 0.013876 milliseconds in repetition 195
tcp_ping received 1536 bytes back
Round trip time was 0.013928 milliseconds in repetition 196
tcp_ping received 1536 bytes back
Round trip time was 0.013901 milliseconds in repetition 197
tcp_ping received 1536 bytes back
Round trip time was 0.01391 milliseconds in repetition 198
tcp_ping received 1536 bytes back
Round trip time was 0.013882 milliseconds in repetition 199
tcp_ping received 1536 bytes back
Round trip time was 0.013918 milliseconds in repetition 200
tcp_ping received 1536 bytes back
Round trip time was 0.013959 milliseconds in repetition 201
tcp_ping received 1536 bytes back
Round trip time was 0.013957 milliseconds in repetition 202
tcp_ping received 1536 bytes back
Round trip time was 0.014119 milliseconds in repetition 203
tcp_ping received 1536 bytes back
Round trip time was 0.013961 milliseconds in repetition 204
tcp_ping received 1536 bytes back
Round trip time was 0.013886 milliseconds in repetition 205
tcp_ping received 1536 bytes back
Round trip time was 0.013902 milliseconds in repetition 206
tcp_ping received 1536 bytes back
Round trip time was 0.013937 milliseconds in repetition 207
tcp_ping received 1536 bytes back
Round trip time was 0.013931 milliseconds in repetition 208
tcp_ping received 1536 bytes back
Round trip time was 0.013924 milliseconds in repetition 209
tcp_ping received 1536 bytes back
Round trip time was 0.013933 milliseconds in repetition 210
tcp_ping received 1536 bytes back
Round trip time was 0.013937 milliseconds in repetition 211
tcp_ping received 1536 bytes back
Round trip time was 0.013929 milliseconds in repetition 212
tcp_ping received 1536 bytes back
Round trip time was 0.013877 milliseconds in repetition 213
tcp_ping received 1536 bytes back
Round trip time was 0.013924 milliseconds in repetition 214
tcp_ping received 1536 bytes back
Round trip time was 0.013886 milliseconds in repetition 215
tcp_ping received 1536 bytes back
Round trip time was 0.013933 milliseconds in repetition 216
tcp_ping received 1536 bytes back
Round trip time was 0.013857 milliseconds in repetition 217
tcp_ping received 1536 bytes back
Round trip time was 0.013938 milliseconds in repetition 218
tcp_ping received 1536 bytes back
Round trip time was 0.014443 milliseconds in repetition 219
tcp_ping received 1536 bytes back
Round trip time was 0.013997 milliseconds in repetition 220
tcp_ping received 1536 bytes back
Round trip time was 0.053846 milliseconds in repetition 221
tcp_ping received 1536 bytes back
Round trip time was 0.015111 milliseconds in repetition 222
tcp_ping received 1536 bytes back
Round trip time was 0.013989 milliseconds in repetition 223
tcp_ping received 1536 bytes back
Round trip time was 0.013925 milliseconds in repetition 224
tcp_ping received 1536 bytes back
Round trip time was 0.01404 milliseconds in repetition 225
tcp_ping received 1536 bytes back
Round trip time was 0.013885 milliseconds in repetition 226
tcp_ping received 1536 bytes back
Round trip time was 0.014001 milliseconds in repetition 227
tcp_ping received 1536 bytes back
Round trip time was 0.013936 milliseconds in repetition 228
tcp_ping received 1536 bytes back
Round trip time was 0.013962 milliseconds in repetition 229
tcp_ping received 1536 bytes back
Round trip time was 0.013919 milliseconds in repetition 230
tcp_ping received 1536 bytes back
Round trip time was 0.013954 milliseconds in repetition 231
tcp_ping received 1536 bytes back
Round trip time was 0.013903 milliseconds in repetition 232
tcp_ping received 1536 bytes back
Round trip time was 0.013995 milliseconds in repetition 233
tcp_ping received 1536 bytes back
Round trip time was 0.013971 milliseconds in repetition 234
tcp_ping received 1536 bytes back
Round trip time was 0.013978 milliseconds in repetition 235
tcp_ping received 1536 bytes back
Round trip time was 0.01398 milliseconds in repetition 236
tcp_ping received 1536 bytes back
Round trip time was 0.013992 milliseconds in repetition 237
tcp_ping received 1536 bytes back
Round trip time was 0.014039 milliseconds in repetition 238
tcp_ping received 1536 bytes back
Round trip time was 0.014008 milliseconds in repetition 239
tcp_ping received 1536 bytes back
Round trip time was 0.013922 milliseconds in repetition 240
tcp_ping received 1536 bytes back
Round trip time was 0.01397 milliseconds in repetition 241
tcp_ping received 1536 bytes back
Round trip time was 0.013919 milliseconds in repetition 242
tcp_ping received 1536 bytes back
Round trip time was 0.013963 milliseconds in repetition 243
tcp_ping received 1536 bytes back
Round trip time was 0.013946 milliseconds in repetition 244
tcp_ping received 1536 bytes back
Round trip time was 0.014063 milliseconds in repetition 245
tcp_ping received 1536 bytes back
Round trip time was 0.0139 milliseconds in repetition 246
tcp_ping received 1536 bytes back
Round trip time was 0.044101 milliseconds in repetition 247
tcp_ping received 1536 bytes back
Round trip time was 0.033918 milliseconds in repetition 248
tcp_ping received 1536 bytes back
Round trip time was 0.014088 milliseconds in repetition 249
tcp_ping received 1536 bytes back
Round trip time was 0.014026 milliseconds in repetition 250
tcp_ping received 1536 bytes back
Round trip time was 0.014075 milliseconds in repetition 251
tcp_ping received 1536 bytes back
Round trip time was 0.014008 milliseconds in repetition 252
tcp_ping received 1536 bytes back
Round trip time was 0.014112 milliseconds in repetition 253
tcp_ping received 1536 bytes back
Round trip time was 0.013997 milliseconds in repetition 254
tcp_ping received 1536 bytes back
Round trip time was 0.014079 milliseconds in repetition 255
tcp_ping received 1536 bytes back
Round trip time was 0.014013 milliseconds in repetition 256
tcp_ping received 1536 bytes back
Round trip time was 0.013988 milliseconds in repetition 257
tcp_ping received 1536 bytes back
Round trip time was 0.014033 milliseconds in repetition 258
tcp_ping received 1536 bytes back
Round trip time was 0.014072 milliseconds in repetition 259
tcp_ping received 1536 bytes back
Round trip time was 0.014051 milliseconds in repetition 260
tcp_ping received 1536 bytes back
Round trip time was 0.014032 milliseconds in repetition 261
tcp_ping received 1536 bytes back
Round trip time was 0.014654 milliseconds in repetition 262
tcp_ping received 1536 bytes back
Round trip time was 0.013974 milliseconds in repetition 263
tcp_ping received 1536 bytes back
Round trip time was 0.013872 milliseconds in repetition 264
tcp_ping received 1536 bytes back
Round trip time was 0.014007 milliseconds in repetition 265
tcp_ping received 1536 bytes back
Round trip time was 0.014097 milliseconds in repetition 266
tcp_ping received 1536 bytes back
Round trip time was 0.013979 milliseconds in repetition 267
tcp_ping received 1536 bytes back
Round trip time was 0.013928 milliseconds in repetition 268
tcp_ping received 1536 bytes back
Round trip time was 0.013961 milliseconds in repetition 269
tcp_ping received 1536 bytes back
Round trip time was 0.013975 milliseconds in repetition 270
tcp_ping received 1536 bytes back
Round trip time was 0.013934 milliseconds in repetition 271
tcp_ping received 1536 bytes back
Round trip time was 0.013943 milliseconds in repetition 272
tcp_ping received 1536 bytes back
Round trip time was 0.013946 milliseconds in repetition 273
tcp_ping received 1536 bytes back
Round trip time was 0.013933 milliseconds in repetition 274
tcp_ping received 1536 bytes back
Round trip time was 0.013941 milliseconds in repetition 275
tcp_ping received 1536 bytes back
Round trip time was 0.013933 milliseconds in repetition 276
tcp_ping received 1536 bytes back
Round trip time was 0.013939 milliseconds in repetition 277
tcp_ping received 1536 bytes back
Round trip time was 0.013932 milliseconds in repetition 278
tcp_ping received 1536 bytes back
Round trip time was 0.013944 milliseconds in repetition 279
tcp_ping received 1536 bytes back
Round trip time was 0.013947 milliseconds in repetition 280
tcp_ping received 1536 bytes back
Round trip time was 0.014094 milliseconds in repetition 281
tcp_ping received 1536 bytes back
Round trip time was 0.014 milliseconds in repetition 282
tcp_ping received 1536 bytes back
Round trip time was 0.014035 milliseconds in repetition 283
tcp_ping received 1536 bytes back
Round trip time was 0.013951 milliseconds in repetition 284
tcp_ping received 1536 bytes back
Round trip time was 0.014017 milliseconds in repetition 285
tcp_ping received 1536 bytes back
Round trip time was 0.013973 milliseconds in repetition 286
tcp_ping received 1536 bytes back
Round trip time was 0.014047 milliseconds in repetition 287
tcp_ping received 1536 bytes back
Round trip time was 0.013926 milliseconds in repetition 288
tcp_ping received 1536 bytes back
Round trip time was 0.014041 milliseconds in repetition 289
tcp_ping received 1536 bytes back
Round trip time was 0.013986 milliseconds in repetition 290
tcp_ping received 1536 bytes back
Round trip time was 0.014026 milliseconds in repetition 291
tcp_ping received 1536 bytes back
Round trip time was 0.013855 milliseconds in repetition 292
tcp_ping received 1536 bytes back
Round trip time was 0.014007 milliseconds in repetition 293
tcp_ping received 1536 bytes back
Round trip time was 0.014009 milliseconds in repetition 294
tcp_ping received 1536 bytes back
Round trip time was 0.013961 milliseconds in repetition 295
tcp_ping received 1536 bytes back
Round trip time was 0.013918 milliseconds in repetition 296
tcp_ping received 1536 bytes back
Round trip time was 0.013949 milliseconds in repetition 297
tcp_ping received 1536 bytes back
Round trip time was 0.013915 milliseconds in repetition 298
tcp_ping received 1536 bytes back
Round trip time was 0.014012 milliseconds in repetition 299
tcp_ping received 1536 bytes back
Round trip time was 0.013868 milliseconds in repetition 300
tcp_ping received 1536 bytes back
Round trip time was 0.013973 milliseconds in repetition 301
tcp_ping received 1536 bytes back
Round trip time was 0.014447 milliseconds in repetition 302
tcp_ping received 1536 bytes back
Round trip time was 0.01398 milliseconds in repetition 303
tcp_ping received 1536 bytes back
Round trip time was 0.013879 milliseconds in repetition 304
tcp_ping received 1536 bytes back
Round trip time was 0.013934 milliseconds in repetition 305
tcp_ping received 1536 bytes back
Round trip time was 0.014372 milliseconds in repetition 306
tcp_ping received 1536 bytes back
Round trip time was 0.034151 milliseconds in repetition 307
tcp_ping received 1536 bytes back
Round trip time was 0.027646 milliseconds in repetition 308
tcp_ping received 1536 bytes back
Round trip time was 0.057391 milliseconds in repetition 309
tcp_ping received 1536 bytes back
Round trip time was 0.050558 milliseconds in repetition 310
tcp_ping received 1536 bytes back
Round trip time was 0.013913 milliseconds in repetition 311
tcp_ping received 1536 bytes back
Round trip time was 0.013962 milliseconds in repetition 312
tcp_ping received 1536 bytes back
Round trip time was 0.013951 milliseconds in repetition 313
tcp_ping received 1536 bytes back
Round trip time was 0.013985 milliseconds in repetition 314
tcp_ping received 1536 bytes back
Round trip time was 0.013898 milliseconds in repetition 315
tcp_ping received 1536 bytes back
Round trip time was 0.013955 milliseconds in repetition 316
tcp_ping received 1536 bytes back
Round trip time was 0.013934 milliseconds in repetition 317
tcp_ping received 1536 bytes back
Round trip time was 0.013905 milliseconds in repetition 318
tcp_ping received 1536 bytes back
Round trip time was 0.013884 milliseconds in repetition 319
tcp_ping received 1536 bytes back
Round trip time was 0.013899 milliseconds in repetition 320
tcp_ping received 1536 bytes back
Round trip time was 0.016191 milliseconds in repetition 321
tcp_ping received 1536 bytes back
Round trip time was 0.013886 milliseconds in repetition 322
tcp_ping received 1536 bytes back
Round trip time was 0.013942 milliseconds in repetition 323
tcp_ping received 1536 bytes back
Round trip time was 0.013947 milliseconds in repetition 324
tcp_ping received 1536 bytes back
Round trip time was 0.013908 milliseconds in repetition 325
tcp_ping received 1536 bytes back
Round trip time was 0.013914 milliseconds in repetition 326
tcp_ping received 1536 bytes back
Round trip time was 0.014005 milliseconds in repetition 327
tcp_ping received 1536 bytes back
Round trip time was 0.014036 milliseconds in repetition 328
tcp_ping received 1536 bytes back
Round trip time was 0.013902 milliseconds in repetition 329
tcp_ping received 1536 bytes back
Round trip time was 0.013965 milliseconds in repetition 330
tcp_ping received 1536 bytes back
Round trip time was 0.013885 milliseconds in repetition 331
tcp_ping received 1536 bytes back
Round trip time was 0.013899 milliseconds in repetition 332
tcp_ping received 1536 bytes back
Round trip time was 0.013903 milliseconds in repetition 333
tcp_ping received 1536 bytes back
Round trip time was 0.013918 milliseconds in repetition 334
tcp_ping received 1536 bytes back
Round trip time was 0.013984 milliseconds in repetition 335
tcp_ping received 1536 bytes back
Round trip time was 0.013977 milliseconds in repetition 336
tcp_ping received 1536 bytes back
Round trip time was 0.013898 milliseconds in repetition 337
tcp_ping received 1536 bytes back
Round trip time was 0.014004 milliseconds in repetition 338
tcp_ping received 1536 bytes back
Round trip time was 0.013927 milliseconds in repetition 339
tcp_ping received 1536 bytes back
Round trip time was 0.01394 milliseconds in repetition 340
tcp_ping received 1536 bytes back
Round trip time was 0.013882 milliseconds in repetition 341
tcp_ping received 1536 bytes back
Round trip time was 0.013924 milliseconds in repetition 342
tcp_ping received 1536 bytes back
Round trip time was 0.01394 milliseconds in repetition 343
tcp_ping received 1536 bytes back
Round trip time was 0.013958 milliseconds in repetition 344
tcp_ping received 1536 bytes back
Round trip time was 0.013876 milliseconds in repetition 345
tcp_ping received 1536 bytes back
Round trip time was 0.013944 milliseconds in repetition 346
tcp_ping received 1536 bytes back
Round trip time was 0.013935 milliseconds in repetition 347
tcp_ping received 1536 bytes back
Round trip time was 0.013954 milliseconds in repetition 348
tcp_ping received 1536 bytes back
Round trip time was 0.01391 milliseconds in repetition 349
tcp_ping received 1536 bytes back
Round trip time was 0.014666 milliseconds in repetition 350
tcp_ping received 1536 bytes back
Round trip time was 0.014015 milliseconds in repetition 351
tcp_ping received 1536 bytes back
Round trip time was 0.014073 milliseconds in repetition 352
tcp_ping received 1536 bytes back
Round trip time was 0.013927 milliseconds in repetition 353
tcp_ping received 1536 bytes back
Round trip time was 0.014006 milliseconds in repetition 354
tcp_ping received 1536 bytes back
Round trip time was 0.013952 milliseconds in repetition 355
tcp_ping received 1536 bytes back
Round trip time was 0.013974 milliseconds in repetition 356
tcp_ping received 1536 bytes back
Round trip time was 0.013974 milliseconds in repetition 357
tcp_ping received 1536 bytes back
Round trip time was 0.013954 milliseconds in repetition 358
tcp_ping received 1536 bytes back
Round trip time was 0.013986 milliseconds in repetition 359
tcp_ping received 1536 bytes back
Round trip time was 0.013975 milliseconds in repetition 360
tcp_ping received 1536 bytes back
Round trip time was 0.013892 milliseconds in repetition 361
tcp_ping received 1536 bytes back
Round trip time was 0.01405 milliseconds in repetition 362
tcp_ping received 1536 bytes back
Round trip time was 0.013921 milliseconds in repetition 363
tcp_ping received 1536 bytes back
Round trip time was 0.013943 milliseconds in repetition 364
tcp_ping received 1536 bytes back
Round trip time was 0.048573 milliseconds in repetition 365
tcp_ping received 1536 bytes back
Round trip time was 0.031854 milliseconds in repetition 366
tcp_ping received 1536 bytes back
Round trip time was 0.014044 milliseconds in repetition 367
tcp_ping received 1536 bytes back
Round trip time was 0.013962 milliseconds in repetition 368
tcp_ping received 1536 bytes back
Round trip time was 0.01392 milliseconds in repetition 369
tcp_ping received 1536 bytes back
Round trip time was 0.013899 milliseconds in repetition 370
tcp_ping received 1536 bytes back
Round trip time was 0.014001 milliseconds in repetition 371
tcp_ping received 1536 bytes back
Round trip time was 0.013974 milliseconds in repetition 372
tcp_ping received 1536 bytes back
Round trip time was 0.013958 milliseconds in repetition 373
tcp_ping received 1536 bytes back
Round trip time was 0.013894 milliseconds in repetition 374
tcp_ping received 1536 bytes back
Round trip time was 0.013894 milliseconds in repetition 375
tcp_ping received 1536 bytes back
Round trip time was 0.013924 milliseconds in repetition 376
tcp_ping received 1536 bytes back
Round trip time was 0.013934 milliseconds in repetition 377
tcp_ping received 1536 bytes back
Round trip time was 0.013939 milliseconds in repetition 378
tcp_ping received 1536 bytes back
Round trip time was 0.013959 milliseconds in repetition 379
tcp_ping received 1536 bytes back
Round trip time was 0.013886 milliseconds in repetition 380
tcp_ping received 1536 bytes back
Round trip time was 0.013964 milliseconds in repetition 381
tcp_ping received 1536 bytes back
Round trip time was 0.013849 milliseconds in repetition 382
tcp_ping received 1536 bytes back
Round trip time was 0.01397 milliseconds in repetition 383
tcp_ping received 1536 bytes back
Round trip time was 0.013862 milliseconds in repetition 384
tcp_ping received 1536 bytes back
Round trip time was 0.013956 milliseconds in repetition 385
tcp_ping received 1536 bytes back
Round trip time was 0.013946 milliseconds in repetition 386
tcp_ping received 1536 bytes back
Round trip time was 0.013944 milliseconds in repetition 387
tcp_ping received 1536 bytes back
Round trip time was 0.013911 milliseconds in repetition 388
tcp_ping received 1536 bytes back
Round trip time was 0.01405 milliseconds in repetition 389
tcp_ping received 1536 bytes back
Round trip time was 0.013844 milliseconds in repetition 390
tcp_ping received 1536 bytes back
Round trip time was 0.013937 milliseconds in repetition 391
tcp_ping received 1536 bytes back
Round trip time was 0.013862 milliseconds in repetition 392
tcp_ping received 1536 bytes back
Round trip time was 0.014478 milliseconds in repetition 393
tcp_ping received 1536 bytes back
Round trip time was 0.014216 milliseconds in repetition 394
tcp_ping received 1536 bytes back
Round trip time was 0.013991 milliseconds in repetition 395
tcp_ping received 1536 bytes back
Round trip time was 0.034729 milliseconds in repetition 396
tcp_ping received 1536 bytes back
Round trip time was 0.014341 milliseconds in repetition 397
tcp_ping received 1536 bytes back
Round trip time was 0.014311 milliseconds in repetition 398
tcp_ping received 1536 bytes back
Round trip time was 0.014368 milliseconds in repetition 399
tcp_ping received 1536 bytes back
Round trip time was 0.014306 milliseconds in repetition 400
tcp_ping received 1536 bytes back
Round trip time was 0.014345 milliseconds in repetition 401
tcp_ping received 1536 bytes back
Round trip time was 0.014375 milliseconds in repetition 402
tcp_ping received 1536 bytes back
Round trip time was 0.014348 milliseconds in repetition 403
tcp_ping received 1536 bytes back
Round trip time was 0.014274 milliseconds in repetition 404
tcp_ping received 1536 bytes back
Round trip time was 0.014332 milliseconds in repetition 405
tcp_ping received 1536 bytes back
Round trip time was 0.014322 milliseconds in repetition 406
tcp_ping received 1536 bytes back
Round trip time was 0.014357 milliseconds in repetition 407
tcp_ping received 1536 bytes back
Round trip time was 0.014493 milliseconds in repetition 408
tcp_ping received 1536 bytes back
Round trip time was 0.014358 milliseconds in repetition 409
tcp_ping received 1536 bytes back
Round trip time was 0.014604 milliseconds in repetition 410
tcp_ping received 1536 bytes back
Round trip time was 0.014694 milliseconds in repetition 411
tcp_ping received 1536 bytes back
Round trip time was 0.014326 milliseconds in repetition 412
tcp_ping received 1536 bytes back
Round trip time was 0.014272 milliseconds in repetition 413
tcp_ping received 1536 bytes back
Round trip time was 0.014319 milliseconds in repetition 414
tcp_ping received 1536 bytes back
Round trip time was 0.051083 milliseconds in repetition 415
tcp_ping received 1536 bytes back
Round trip time was 0.054947 milliseconds in repetition 416
tcp_ping received 1536 bytes back
Round trip time was 0.014347 milliseconds in repetition 417
tcp_ping received 1536 bytes back
Round trip time was 0.09161 milliseconds in repetition 418
tcp_ping received 1536 bytes back
Round trip time was 0.018401 milliseconds in repetition 419
tcp_ping received 1536 bytes back
Round trip time was 0.029777 milliseconds in repetition 420
tcp_ping received 1536 bytes back
Round trip time was 0.013962 milliseconds in repetition 421
tcp_ping received 1536 bytes back
Round trip time was 0.042241 milliseconds in repetition 422
tcp_ping received 1536 bytes back
Round trip time was 0.014708 milliseconds in repetition 423
tcp_ping received 1536 bytes back
Round trip time was 0.014588 milliseconds in repetition 424
tcp_ping received 1536 bytes back
Round trip time was 0.014672 milliseconds in repetition 425
tcp_ping received 1536 bytes back
Round trip time was 0.014618 milliseconds in repetition 426
tcp_ping received 1536 bytes back
Round trip time was 0.01469 milliseconds in repetition 427
tcp_ping received 1536 bytes back
Round trip time was 0.014617 milliseconds in repetition 428
tcp_ping received 1536 bytes back
Round trip time was 0.014705 milliseconds in repetition 429
tcp_ping received 1536 bytes back
Round trip time was 0.014646 milliseconds in repetition 430
tcp_ping received 1536 bytes back
Round trip time was 0.014702 milliseconds in repetition 431
tcp_ping received 1536 bytes back
Round trip time was 0.014576 milliseconds in repetition 432
tcp_ping received 1536 bytes back
Round trip time was 0.014689 milliseconds in repetition 433
tcp_ping received 1536 bytes back
Round trip time was 0.014608 milliseconds in repetition 434
tcp_ping received 1536 bytes back
Round trip time was 0.014703 milliseconds in repetition 435
tcp_ping received 1536 bytes back
Round trip time was 0.282299 milliseconds in repetition 436
tcp_ping received 1536 bytes back
Round trip time was 0.015864 milliseconds in repetition 437
tcp_ping received 1536 bytes back
Round trip time was 0.013951 milliseconds in repetition 438
tcp_ping received 1536 bytes back
Round trip time was 0.013851 milliseconds in repetition 439
tcp_ping received 1536 bytes back
Round trip time was 0.013926 milliseconds in repetition 440
tcp_ping received 1536 bytes back
Round trip time was 0.013839 milliseconds in repetition 441
tcp_ping received 1536 bytes back
Round trip time was 0.013918 milliseconds in repetition 442
tcp_ping received 1536 bytes back
Round trip time was 0.013909 milliseconds in repetition 443
tcp_ping received 1536 bytes back
Round trip time was 0.013972 milliseconds in repetition 444
tcp_ping received 1536 bytes back
Round trip time was 0.013889 milliseconds in repetition 445
tcp_ping received 1536 bytes back
Round trip time was 0.013993 milliseconds in repetition 446
tcp_ping received 1536 bytes back
Round trip time was 0.013839 milliseconds in repetition 447
tcp_ping received 1536 bytes back
Round trip time was 0.013981 milliseconds in repetition 448
tcp_ping received 1536 bytes back
Round trip time was 0.013915 milliseconds in repetition 449
tcp_ping received 1536 bytes back
Round trip time was 0.013984 milliseconds in repetition 450
tcp_ping received 1536 bytes back
Round trip time was 0.013858 milliseconds in repetition 451
tcp_ping received 1536 bytes back
Round trip time was 0.013953 milliseconds in repetition 452
tcp_ping received 1536 bytes back
Round trip time was 0.013897 milliseconds in repetition 453
tcp_ping received 1536 bytes back
Round trip time was 0.013959 milliseconds in repetition 454
tcp_ping received 1536 bytes back
Round trip time was 0.01385 milliseconds in repetition 455
tcp_ping received 1536 bytes back
Round trip time was 0.064246 milliseconds in repetition 456
tcp_ping received 1536 bytes back
Round trip time was 0.015544 milliseconds in repetition 457
tcp_ping received 1536 bytes back
Round trip time was 0.013914 milliseconds in repetition 458
tcp_ping received 1536 bytes back
Round trip time was 1.0353 milliseconds in repetition 459
tcp_ping received 1536 bytes back
Round trip time was 0.014743 milliseconds in repetition 460
tcp_ping received 1536 bytes back
Round trip time was 0.013992 milliseconds in repetition 461
tcp_ping received 1536 bytes back
Round trip time was 0.013882 milliseconds in repetition 462
tcp_ping received 1536 bytes back
Round trip time was 0.013952 milliseconds in repetition 463
tcp_ping received 1536 bytes back
Round trip time was 0.013851 milliseconds in repetition 464
tcp_ping received 1536 bytes back
Round trip time was 0.014053 milliseconds in repetition 465
tcp_ping received 1536 bytes back
Round trip time was 0.013861 milliseconds in repetition 466
tcp_ping received 1536 bytes back
Round trip time was 0.013926 milliseconds in repetition 467
tcp_ping received 1536 bytes back
Round trip time was 0.013883 milliseconds in repetition 468
tcp_ping received 1536 bytes back
Round trip time was 0.013972 milliseconds in repetition 469
tcp_ping received 1536 bytes back
Round trip time was 0.013844 milliseconds in repetition 470
tcp_ping received 1536 bytes back
Round trip time was 0.013945 milliseconds in repetition 471
tcp_ping received 1536 bytes back
Round trip time was 0.013905 milliseconds in repetition 472
tcp_ping received 1536 bytes back
Round trip time was 0.013963 milliseconds in repetition 473
tcp_ping received 1536 bytes back
Round trip time was 0.013894 milliseconds in repetition 474
tcp_ping received 1536 bytes back
Round trip time was 0.013921 milliseconds in repetition 475
tcp_ping received 1536 bytes back
Round trip time was 0.013938 milliseconds in repetition 476
tcp_ping received 1536 bytes back
Round trip time was 0.013958 milliseconds in repetition 477
tcp_ping received 1536 bytes back
Round trip time was 0.013874 milliseconds in repetition 478
tcp_ping received 1536 bytes back
Round trip time was 0.013903 milliseconds in repetition 479
tcp_ping received 1536 bytes back
Round trip time was 0.017725 milliseconds in repetition 480
tcp_ping received 1536 bytes back
Round trip time was 0.014715 milliseconds in repetition 481
tcp_ping received 1536 bytes back
Round trip time was 0.013964 milliseconds in repetition 482
tcp_ping received 1536 bytes back
Round trip time was 0.014002 milliseconds in repetition 483
tcp_ping received 1536 bytes back
Round trip time was 0.013925 milliseconds in repetition 484
tcp_ping received 1536 bytes back
Round trip time was 0.013955 milliseconds in repetition 485
tcp_ping received 1536 bytes back
Round trip time was 0.013866 milliseconds in repetition 486
tcp_ping received 1536 bytes back
Round trip time was 0.013947 milliseconds in repetition 487
tcp_ping received 1536 bytes back
Round trip time was 0.013887 milliseconds in repetition 488
tcp_ping received 1536 bytes back
Round trip time was 0.013879 milliseconds in repetition 489
tcp_ping received 1536 bytes back
Round trip time was 0.01384 milliseconds in repetition 490
tcp_ping received 1536 bytes back
Round trip time was 0.013939 milliseconds in repetition 491
tcp_ping received 1536 bytes back
Round trip time was 0.013885 milliseconds in repetition 492
tcp_ping received 1536 bytes back
Round trip time was 0.013987 milliseconds in repetition 493
tcp_ping received 1536 bytes back
Round trip time was 0.013902 milliseconds in repetition 494
tcp_ping received 1536 bytes back
Round trip time was 0.03525 milliseconds in repetition 495
tcp_ping received 1536 bytes back
Round trip time was 0.014516 milliseconds in repetition 496
tcp_ping received 1536 bytes back
Round trip time was 0.013893 milliseconds in repetition 497
tcp_ping received 1536 bytes back
Round trip time was 0.013936 milliseconds in repetition 498
tcp_ping received 1536 bytes back
Round trip time was 0.013961 milliseconds in repetition 499
tcp_ping received 1536 bytes back
Round trip time was 0.013891 milliseconds in repetition 500
tcp_ping received 1536 bytes back
Round trip time was 0.111357 milliseconds in repetition 501

 ... clock resolution was 1e-06
TCP Ping:  Statistics over 501 repetitions of 1536 byte messages

RTT : percentile 10: 0.013019, median: 0.013952, percentile 90: 0.015235, average: 0.0185583, variance: 0.00229758

RTT histogram:
0.0127705 483
0.0638971 14
0.115024 2
0.16615 0
0.217277 0
0.268404 1
0.31953 0
0.370657 0
0.421784 0
0.47291 0
0.524037 0
0.575164 0
0.62629 0
0.677417 0
0.728544 0
0.77967 0
0.830797 0
0.881924 0
0.93305 0
0.984177 0
1.0353 1
   median Throughput : 220183 KB/s   overall Throughput : 165532 KB/s

