TCP Ping trying to connect to server localhost (127.0.0.1) on port 1491
 ... connected to Pong server: asking for 501 repetitions of 1024 bytes TCP messages
 ... Pong server agreed :-)
tcp_ping received 1024 bytes back
Round trip time was 0.018721 milliseconds in repetition 1
tcp_ping received 1024 bytes back
Round trip time was 0.015199 milliseconds in repetition 2
tcp_ping received 1024 bytes back
Round trip time was 0.014754 milliseconds in repetition 3
tcp_ping received 1024 bytes back
Round trip time was 0.014819 milliseconds in repetition 4
tcp_ping received 1024 bytes back
Round trip time was 0.014741 milliseconds in repetition 5
tcp_ping received 1024 bytes back
Round trip time was 0.014778 milliseconds in repetition 6
tcp_ping received 1024 bytes back
Round trip time was 0.014745 milliseconds in repetition 7
tcp_ping received 1024 bytes back
Round trip time was 0.012671 milliseconds in repetition 8
tcp_ping received 1024 bytes back
Round trip time was 0.012545 milliseconds in repetition 9
tcp_ping received 1024 bytes back
Round trip time was 0.012429 milliseconds in repetition 10
tcp_ping received 1024 bytes back
Round trip time was 0.012417 milliseconds in repetition 11
tcp_ping received 1024 bytes back
Round trip time was 0.012394 milliseconds in repetition 12
tcp_ping received 1024 bytes back
Round trip time was 0.01224 milliseconds in repetition 13
tcp_ping received 1024 bytes back
Round trip time was 0.034058 milliseconds in repetition 14
tcp_ping received 1024 bytes back
Round trip time was 0.011617 milliseconds in repetition 15
tcp_ping received 1024 bytes back
Round trip time was 0.011649 milliseconds in repetition 16
tcp_ping received 1024 bytes back
Round trip time was 0.011588 milliseconds in repetition 17
tcp_ping received 1024 bytes back
Round trip time was 0.011706 milliseconds in repetition 18
tcp_ping received 1024 bytes back
Round trip time was 0.011608 milliseconds in repetition 19
tcp_ping received 1024 bytes back
Round trip time was 0.011657 milliseconds in repetition 20
tcp_ping received 1024 bytes back
Round trip time was 0.011576 milliseconds in repetition 21
tcp_ping received 1024 bytes back
Round trip time was 0.011647 milliseconds in repetition 22
tcp_ping received 1024 bytes back
Round trip time was 0.011578 milliseconds in repetition 23
tcp_ping received 1024 bytes back
Round trip time was 0.011598 milliseconds in repetition 24
tcp_ping received 1024 bytes back
Round trip time was 0.011499 milliseconds in repetition 25
tcp_ping received 1024 bytes back
Round trip time was 0.011593 milliseconds in repetition 26
tcp_ping received 1024 bytes back
Round trip time was 0.01155 milliseconds in repetition 27
tcp_ping received 1024 bytes back
Round trip time was 0.011617 milliseconds in repetition 28
tcp_ping received 1024 bytes back
Round trip time was 0.011544 milliseconds in repetition 29
tcp_ping received 1024 bytes back
Round trip time was 0.011597 milliseconds in repetition 30
tcp_ping received 1024 bytes back
Round trip time was 0.011593 milliseconds in repetition 31
tcp_ping received 1024 bytes back
Round trip time was 0.011614 milliseconds in repetition 32
tcp_ping received 1024 bytes back
Round trip time was 0.011559 milliseconds in repetition 33
tcp_ping received 1024 bytes back
Round trip time was 0.011631 milliseconds in repetition 34
tcp_ping received 1024 bytes back
Round trip time was 0.011568 milliseconds in repetition 35
tcp_ping received 1024 bytes back
Round trip time was 0.011701 milliseconds in repetition 36
tcp_ping received 1024 bytes back
Round trip time was 0.032584 milliseconds in repetition 37
tcp_ping received 1024 bytes back
Round trip time was 0.027129 milliseconds in repetition 38
tcp_ping received 1024 bytes back
Round trip time was 0.016523 milliseconds in repetition 39
tcp_ping received 1024 bytes back
Round trip time was 0.016113 milliseconds in repetition 40
tcp_ping received 1024 bytes back
Round trip time was 0.016229 milliseconds in repetition 41
tcp_ping received 1024 bytes back
Round trip time was 0.016166 milliseconds in repetition 42
tcp_ping received 1024 bytes back
Round trip time was 0.016069 milliseconds in repetition 43
tcp_ping received 1024 bytes back
Round trip time was 0.016989 milliseconds in repetition 44
tcp_ping received 1024 bytes back
Round trip time was 0.016537 milliseconds in repetition 45
tcp_ping received 1024 bytes back
Round trip time was 0.092157 milliseconds in repetition 46
tcp_ping received 1024 bytes back
Round trip time was 0.018864 milliseconds in repetition 47
tcp_ping received 1024 bytes back
Round trip time was 0.016327 milliseconds in repetition 48
tcp_ping received 1024 bytes back
Round trip time was 0.016484 milliseconds in repetition 49
tcp_ping received 1024 bytes back
Round trip time was 0.016366 milliseconds in repetition 50
tcp_ping received 1024 bytes back
Round trip time was 0.016382 milliseconds in repetition 51
tcp_ping received 1024 bytes back
Round trip time was 1.81641 milliseconds in repetition 52
tcp_ping received 1024 bytes back
Round trip time was 2.68135 milliseconds in repetition 53
tcp_ping received 1024 bytes back
Round trip time was 0.142567 milliseconds in repetition 54
tcp_ping received 1024 bytes back
Round trip time was 0.106203 milliseconds in repetition 55
tcp_ping received 1024 bytes back
Round trip time was 0.0131 milliseconds in repetition 56
tcp_ping received 1024 bytes back
Round trip time was 0.012928 milliseconds in repetition 57
tcp_ping received 1024 bytes back
Round trip time was 0.013141 milliseconds in repetition 58
tcp_ping received 1024 bytes back
Round trip time was 0.037145 milliseconds in repetition 59
tcp_ping received 1024 bytes back
Round trip time was 0.012888 milliseconds in repetition 60
tcp_ping received 1024 bytes back
Round trip time was 0.012957 milliseconds in repetition 61
tcp_ping received 1024 bytes back
Round trip time was 0.013239 milliseconds in repetition 62
tcp_ping received 1024 bytes back
Round trip time was 0.012453 milliseconds in repetition 63
tcp_ping received 1024 bytes back
Round trip time was 0.013449 milliseconds in repetition 64
tcp_ping received 1024 bytes back
Round trip time was 0.012263 milliseconds in repetition 65
tcp_ping received 1024 bytes back
Round trip time was 0.012322 milliseconds in repetition 66
tcp_ping received 1024 bytes back
Round trip time was 0.012563 milliseconds in repetition 67
tcp_ping received 1024 bytes back
Round trip time was 0.012419 milliseconds in repetition 68
tcp_ping received 1024 bytes back
Round trip time was 0.012822 milliseconds in repetition 69
tcp_ping received 1024 bytes back
Round trip time was 0.012307 milliseconds in repetition 70
tcp_ping received 1024 bytes back
Round trip time was 0.01223 milliseconds in repetition 71
tcp_ping received 1024 bytes back
Round trip time was 0.012308 milliseconds in repetition 72
tcp_ping received 1024 bytes back
Round trip time was 0.012202 milliseconds in repetition 73
tcp_ping received 1024 bytes back
Round trip time was 0.012334 milliseconds in repetition 74
tcp_ping received 1024 bytes back
Round trip time was 0.012219 milliseconds in repetition 75
tcp_ping received 1024 bytes back
Round trip time was 0.013596 milliseconds in repetition 76
tcp_ping received 1024 bytes back
Round trip time was 0.012241 milliseconds in repetition 77
tcp_ping received 1024 bytes back
Round trip time was 0.012325 milliseconds in repetition 78
tcp_ping received 1024 bytes back
Round trip time was 0.03918 milliseconds in repetition 79
tcp_ping received 1024 bytes back
Round trip time was 0.011828 milliseconds in repetition 80
tcp_ping received 1024 bytes back
Round trip time was 0.011606 milliseconds in repetition 81
tcp_ping received 1024 bytes back
Round trip time was 0.011847 milliseconds in repetition 82
tcp_ping received 1024 bytes back
Round trip time was 0.011582 milliseconds in repetition 83
tcp_ping received 1024 bytes back
Round trip time was 0.011655 milliseconds in repetition 84
tcp_ping received 1024 bytes back
Round trip time was 0.011993 milliseconds in repetition 85
tcp_ping received 1024 bytes back
Round trip time was 0.011766 milliseconds in repetition 86
tcp_ping received 1024 bytes back
Round trip time was 0.011669 milliseconds in repetition 87
tcp_ping received 1024 bytes back
Round trip time was 0.046163 milliseconds in repetition 88
tcp_ping received 1024 bytes back
Round trip time was 0.013394 milliseconds in repetition 89
tcp_ping received 1024 bytes back
Round trip time was 0.012308 milliseconds in repetition 90
tcp_ping received 1024 bytes back
Round trip time was 0.012639 milliseconds in repetition 91
tcp_ping received 1024 bytes back
Round trip time was 0.011573 milliseconds in repetition 92
tcp_ping received 1024 bytes back
Round trip time was 0.011652 milliseconds in repetition 93
tcp_ping received 1024 bytes back
Round trip time was 0.011613 milliseconds in repetition 94
tcp_ping received 1024 bytes back
Round trip time was 0.011703 milliseconds in repetition 95
tcp_ping received 1024 bytes back
Round trip time was 0.030095 milliseconds in repetition 96
tcp_ping received 1024 bytes back
Round trip time was 0.011953 milliseconds in repetition 97
tcp_ping received 1024 bytes back
Round trip time was 0.011895 milliseconds in repetition 98
tcp_ping received 1024 bytes back
Round trip time was 0.01204 milliseconds in repetition 99
tcp_ping received 1024 bytes back
Round trip time was 0.012048 milliseconds in repetition 100
tcp_ping received 1024 bytes back
Round trip time was 0.011915 milliseconds in repetition 101
tcp_ping received 1024 bytes back
Round trip time was 0.040545 milliseconds in repetition 102
tcp_ping received 1024 bytes back
Round trip time was 0.011999 milliseconds in repetition 103
tcp_ping received 1024 bytes back
Round trip time was 0.011876 milliseconds in repetition 104
tcp_ping received 1024 bytes back
Round trip time was 0.012168 milliseconds in repetition 105
tcp_ping received 1024 bytes back
Round trip time was 0.011887 milliseconds in repetition 106
tcp_ping received 1024 bytes back
Round trip time was 0.026202 milliseconds in repetition 107
tcp_ping received 1024 bytes back
Round trip time was 0.011573 milliseconds in repetition 108
tcp_ping received 1024 bytes back
Round trip time was 0.011609 milliseconds in repetition 109
tcp_ping received 1024 bytes back
Round trip time was 0.029452 milliseconds in repetition 110
tcp_ping received 1024 bytes back
Round trip time was 0.012012 milliseconds in repetition 111
tcp_ping received 1024 bytes back
Round trip time was 0.012082 milliseconds in repetition 112
tcp_ping received 1024 bytes back
Round trip time was 0.011914 milliseconds in repetition 113
tcp_ping received 1024 bytes back
Round trip time was 0.051543 milliseconds in repetition 114
tcp_ping received 1024 bytes back
Round trip time was 0.045745 milliseconds in repetition 115
tcp_ping received 1024 bytes back
Round trip time was 0.026922 milliseconds in repetition 116
tcp_ping received 1024 bytes back
Round trip time was 0.011589 milliseconds in repetition 117
tcp_ping received 1024 bytes back
Round trip time was 0.01154 milliseconds in repetition 118
tcp_ping received 1024 bytes back
Round trip time was 0.011595 milliseconds in repetition 119
tcp_ping received 1024 bytes back
Round trip time was 0.011552 milliseconds in repetition 120
tcp_ping received 1024 bytes back
Round trip time was 0.011644 milliseconds in repetition 121
tcp_ping received 1024 bytes back
Round trip time was 0.011547 milliseconds in repetition 122
tcp_ping received 1024 bytes back
Round trip time was 0.011607 milliseconds in repetition 123
tcp_ping received 1024 bytes back
Round trip time was 0.011532 milliseconds in repetition 124
tcp_ping received 1024 bytes back
Round trip time was 0.011615 milliseconds in repetition 125
tcp_ping received 1024 bytes back
Round trip time was 0.011552 milliseconds in repetition 126
tcp_ping received 1024 bytes back
Round trip time was 0.011638 milliseconds in repetition 127
tcp_ping received 1024 bytes back
Round trip time was 0.011585 milliseconds in repetition 128
tcp_ping received 1024 bytes back
Round trip time was 0.011576 milliseconds in repetition 129
tcp_ping received 1024 bytes back
Round trip time was 0.01161 milliseconds in repetition 130
tcp_ping received 1024 bytes back
Round trip time was 0.011879 milliseconds in repetition 131
tcp_ping received 1024 bytes back
Round trip time was 0.012108 milliseconds in repetition 132
tcp_ping received 1024 bytes back
Round trip time was 0.012064 milliseconds in repetition 133
tcp_ping received 1024 bytes back
Round trip time was 0.123149 milliseconds in repetition 134
tcp_ping received 1024 bytes back
Round trip time was 0.012051 milliseconds in repetition 135
tcp_ping received 1024 bytes back
Round trip time was 0.025226 milliseconds in repetition 136
tcp_ping received 1024 bytes back
Round trip time was 0.011524 milliseconds in repetition 137
tcp_ping received 1024 bytes back
Round trip time was 0.011622 milliseconds in repetition 138
tcp_ping received 1024 bytes back
Round trip time was 0.011574 milliseconds in repetition 139
tcp_ping received 1024 bytes back
Round trip time was 0.011614 milliseconds in repetition 140
tcp_ping received 1024 bytes back
Round trip time was 0.011602 milliseconds in repetition 141
tcp_ping received 1024 bytes back
Round trip time was 0.01158 milliseconds in repetition 142
tcp_ping received 1024 bytes back
Round trip time was 0.011534 milliseconds in repetition 143
tcp_ping received 1024 bytes back
Round trip time was 0.011652 milliseconds in repetition 144
tcp_ping received 1024 bytes back
Round trip time was 0.01152 milliseconds in repetition 145
tcp_ping received 1024 bytes back
Round trip time was 0.011602 milliseconds in repetition 146
tcp_ping received 1024 bytes back
Round trip time was 0.011525 milliseconds in repetition 147
tcp_ping received 1024 bytes back
Round trip time was 0.011623 milliseconds in repetition 148
tcp_ping received 1024 bytes back
Round trip time was 0.011551 milliseconds in repetition 149
tcp_ping received 1024 bytes back
Round trip time was 0.011577 milliseconds in repetition 150
tcp_ping received 1024 bytes back
Round trip time was 0.011667 milliseconds in repetition 151
tcp_ping received 1024 bytes back
Round trip time was 0.018304 milliseconds in repetition 152
tcp_ping received 1024 bytes back
Round trip time was 0.011903 milliseconds in repetition 153
tcp_ping received 1024 bytes back
Round trip time was 0.011874 milliseconds in repetition 154
tcp_ping received 1024 bytes back
Round trip time was 0.011918 milliseconds in repetition 155
tcp_ping received 1024 bytes back
Round trip time was 0.011892 milliseconds in repetition 156
tcp_ping received 1024 bytes back
Round trip time was 0.011811 milliseconds in repetition 157
tcp_ping received 1024 bytes back
Round trip time was 0.011901 milliseconds in repetition 158
tcp_ping received 1024 bytes back
Round trip time was 0.011834 milliseconds in repetition 159
tcp_ping received 1024 bytes back
Round trip time was 0.011912 milliseconds in repetition 160
tcp_ping received 1024 bytes back
Round trip time was 0.011849 milliseconds in repetition 161
tcp_ping received 1024 bytes back
Round trip time was 0.011859 milliseconds in repetition 162
tcp_ping received 1024 bytes back
Round trip time was 0.011864 milliseconds in repetition 163
tcp_ping received 1024 bytes back
Round trip time was 0.011922 milliseconds in repetition 164
tcp_ping received 1024 bytes back
Round trip time was 0.011908 milliseconds in repetition 165
tcp_ping received 1024 bytes back
Round trip time was 0.011881 milliseconds in repetition 166
tcp_ping received 1024 bytes back
Round trip time was 0.017574 milliseconds in repetition 167
tcp_ping received 1024 bytes back
Round trip time was 0.0117 milliseconds in repetition 168
tcp_ping received 1024 bytes back
Round trip time was 0.011559 milliseconds in repetition 169
tcp_ping received 1024 bytes back
Round trip time was 0.011597 milliseconds in repetition 170
tcp_ping received 1024 bytes back
Round trip time was 0.011549 milliseconds in repetition 171
tcp_ping received 1024 bytes back
Round trip time was 0.011595 milliseconds in repetition 172
tcp_ping received 1024 bytes back
Round trip time was 0.01162 milliseconds in repetition 173
tcp_ping received 1024 bytes back
Round trip time was 0.011569 milliseconds in repetition 174
tcp_ping received 1024 bytes back
Round trip time was 0.012189 milliseconds in repetition 175
tcp_ping received 1024 bytes back
Round trip time was 0.011789 milliseconds in repetition 176
tcp_ping received 1024 bytes back
Round trip time was 0.011628 milliseconds in repetition 177
tcp_ping received 1024 bytes back
Round trip time was 0.011785 milliseconds in repetition 178
tcp_ping received 1024 bytes back
Round trip time was 0.011691 milliseconds in repetition 179
tcp_ping received 1024 bytes back
Round trip time was 0.011619 milliseconds in repetition 180
tcp_ping received 1024 bytes back
Round trip time was 0.01157 milliseconds in repetition 181
tcp_ping received 1024 bytes back
Round trip time was 0.011643 milliseconds in repetition 182
tcp_ping received 1024 bytes back
Round trip time was 0.011575 milliseconds in repetition 183
tcp_ping received 1024 bytes back
Round trip time was 0.011694 milliseconds in repetition 184
tcp_ping received 1024 bytes back
Round trip time was 0.011601 milliseconds in repetition 185
tcp_ping received 1024 bytes back
Round trip time was 0.011668 milliseconds in repetition 186
tcp_ping received 1024 bytes back
Round trip time was 0.011584 milliseconds in repetition 187
tcp_ping received 1024 bytes back
Round trip time was 0.011608 milliseconds in repetition 188
tcp_ping received 1024 bytes back
Round trip time was 0.011556 milliseconds in repetition 189
tcp_ping received 1024 bytes back
Round trip time was 0.011628 milliseconds in repetition 190
tcp_ping received 1024 bytes back
Round trip time was 0.011558 milliseconds in repetition 191
tcp_ping received 1024 bytes back
Round trip time was 0.011664 milliseconds in repetition 192
tcp_ping received 1024 bytes back
Round trip time was 0.011598 milliseconds in repetition 193
tcp_ping received 1024 bytes back
Round trip time was 0.011659 milliseconds in repetition 194
tcp_ping received 1024 bytes back
Round trip time was 0.011581 milliseconds in repetition 195
tcp_ping received 1024 bytes back
Round trip time was 0.011613 milliseconds in repetition 196
tcp_ping received 1024 bytes back
Round trip time was 0.032076 milliseconds in repetition 197
tcp_ping received 1024 bytes back
Round trip time was 0.117466 milliseconds in repetition 198
tcp_ping received 1024 bytes back
Round trip time was 0.012173 milliseconds in repetition 199
tcp_ping received 1024 bytes back
Round trip time was 0.027753 milliseconds in repetition 200
tcp_ping received 1024 bytes back
Round trip time was 0.011896 milliseconds in repetition 201
tcp_ping received 1024 bytes back
Round trip time was 0.012031 milliseconds in repetition 202
tcp_ping received 1024 bytes back
Round trip time was 0.011922 milliseconds in repetition 203
tcp_ping received 1024 bytes back
Round trip time was 0.011904 milliseconds in repetition 204
tcp_ping received 1024 bytes back
Round trip time was 0.011989 milliseconds in repetition 205
tcp_ping received 1024 bytes back
Round trip time was 0.012077 milliseconds in repetition 206
tcp_ping received 1024 bytes back
Round trip time was 0.013019 milliseconds in repetition 207
tcp_ping received 1024 bytes back
Round trip time was 0.015149 milliseconds in repetition 208
tcp_ping received 1024 bytes back
Round trip time was 0.013664 milliseconds in repetition 209
tcp_ping received 1024 bytes back
Round trip time was 0.013452 milliseconds in repetition 210
tcp_ping received 1024 bytes back
Round trip time was 0.013201 milliseconds in repetition 211
tcp_ping received 1024 bytes back
Round trip time was 0.01318 milliseconds in repetition 212
tcp_ping received 1024 bytes back
Round trip time was 0.013483 milliseconds in repetition 213
tcp_ping received 1024 bytes back
Round trip time was 0.013294 milliseconds in repetition 214
tcp_ping received 1024 bytes back
Round trip time was 0.013332 milliseconds in repetition 215
tcp_ping received 1024 bytes back
Round trip time was 0.013049 milliseconds in repetition 216
tcp_ping received 1024 bytes back
Round trip time was 0.013281 milliseconds in repetition 217
tcp_ping received 1024 bytes back
Round trip time was 0.013486 milliseconds in repetition 218
tcp_ping received 1024 bytes back
Round trip time was 0.014674 milliseconds in repetition 219
tcp_ping received 1024 bytes back
Round trip time was 0.013757 milliseconds in repetition 220
tcp_ping received 1024 bytes back
Round trip time was 0.013304 milliseconds in repetition 221
tcp_ping received 1024 bytes back
Round trip time was 0.013269 milliseconds in repetition 222
tcp_ping received 1024 bytes back
Round trip time was 0.027407 milliseconds in repetition 223
tcp_ping received 1024 bytes back
Round trip time was 0.012995 milliseconds in repetition 224
tcp_ping received 1024 bytes back
Round trip time was 0.013588 milliseconds in repetition 225
tcp_ping received 1024 bytes back
Round trip time was 0.013131 milliseconds in repetition 226
tcp_ping received 1024 bytes back
Round trip time was 0.013034 milliseconds in repetition 227
tcp_ping received 1024 bytes back
Round trip time was 0.013038 milliseconds in repetition 228
tcp_ping received 1024 bytes back
Round trip time was 0.034861 milliseconds in repetition 229
tcp_ping received 1024 bytes back
Round trip time was 0.015791 milliseconds in repetition 230
tcp_ping received 1024 bytes back
Round trip time was 0.014276 milliseconds in repetition 231
tcp_ping received 1024 bytes back
Round trip time was 0.014549 milliseconds in repetition 232
tcp_ping received 1024 bytes back
Round trip time was 0.014567 milliseconds in repetition 233
tcp_ping received 1024 bytes back
Round trip time was 0.014214 milliseconds in repetition 234
tcp_ping received 1024 bytes back
Round trip time was 0.014919 milliseconds in repetition 235
tcp_ping received 1024 bytes back
Round trip time was 0.014893 milliseconds in repetition 236
tcp_ping received 1024 bytes back
Round trip time was 0.014719 milliseconds in repetition 237
tcp_ping received 1024 bytes back
Round trip time was 0.014357 milliseconds in repetition 238
tcp_ping received 1024 bytes back
Round trip time was 0.014175 milliseconds in repetition 239
tcp_ping received 1024 bytes back
Round trip time was 0.014466 milliseconds in repetition 240
tcp_ping received 1024 bytes back
Round trip time was 0.014531 milliseconds in repetition 241
tcp_ping received 1024 bytes back
Round trip time was 0.013934 milliseconds in repetition 242
tcp_ping received 1024 bytes back
Round trip time was 0.014017 milliseconds in repetition 243
tcp_ping received 1024 bytes back
Round trip time was 0.014021 milliseconds in repetition 244
tcp_ping received 1024 bytes back
Round trip time was 0.014751 milliseconds in repetition 245
tcp_ping received 1024 bytes back
Round trip time was 0.014081 milliseconds in repetition 246
tcp_ping received 1024 bytes back
Round trip time was 0.014267 milliseconds in repetition 247
tcp_ping received 1024 bytes back
Round trip time was 0.014602 milliseconds in repetition 248
tcp_ping received 1024 bytes back
Round trip time was 0.014208 milliseconds in repetition 249
tcp_ping received 1024 bytes back
Round trip time was 0.051735 milliseconds in repetition 250
tcp_ping received 1024 bytes back
Round trip time was 0.083703 milliseconds in repetition 251
tcp_ping received 1024 bytes back
Round trip time was 0.014854 milliseconds in repetition 252
tcp_ping received 1024 bytes back
Round trip time was 0.014159 milliseconds in repetition 253
tcp_ping received 1024 bytes back
Round trip time was 0.014246 milliseconds in repetition 254
tcp_ping received 1024 bytes back
Round trip time was 0.014354 milliseconds in repetition 255
tcp_ping received 1024 bytes back
Round trip time was 0.014839 milliseconds in repetition 256
tcp_ping received 1024 bytes back
Round trip time was 0.014413 milliseconds in repetition 257
tcp_ping received 1024 bytes back
Round trip time was 0.014264 milliseconds in repetition 258
tcp_ping received 1024 bytes back
Round trip time was 0.014714 milliseconds in repetition 259
tcp_ping received 1024 bytes back
Round trip time was 0.014097 milliseconds in repetition 260
tcp_ping received 1024 bytes back
Round trip time was 0.0144 milliseconds in repetition 261
tcp_ping received 1024 bytes back
Round trip time was 0.015177 milliseconds in repetition 262
tcp_ping received 1024 bytes back
Round trip time was 0.01408 milliseconds in repetition 263
tcp_ping received 1024 bytes back
Round trip time was 0.014238 milliseconds in repetition 264
tcp_ping received 1024 bytes back
Round trip time was 0.014098 milliseconds in repetition 265
tcp_ping received 1024 bytes back
Round trip time was 0.01423 milliseconds in repetition 266
tcp_ping received 1024 bytes back
Round trip time was 0.01402 milliseconds in repetition 267
tcp_ping received 1024 bytes back
Round trip time was 0.014077 milliseconds in repetition 268
tcp_ping received 1024 bytes back
Round trip time was 0.014196 milliseconds in repetition 269
tcp_ping received 1024 bytes back
Round trip time was 0.014594 milliseconds in repetition 270
tcp_ping received 1024 bytes back
Round trip time was 0.014657 milliseconds in repetition 271
tcp_ping received 1024 bytes back
Round trip time was 0.014518 milliseconds in repetition 272
tcp_ping received 1024 bytes back
Round trip time was 0.014039 milliseconds in repetition 273
tcp_ping received 1024 bytes back
Round trip time was 0.014141 milliseconds in repetition 274
tcp_ping received 1024 bytes back
Round trip time was 0.014211 milliseconds in repetition 275
tcp_ping received 1024 bytes back
Round trip time was 0.014421 milliseconds in repetition 276
tcp_ping received 1024 bytes back
Round trip time was 0.014098 milliseconds in repetition 277
tcp_ping received 1024 bytes back
Round trip time was 0.014094 milliseconds in repetition 278
tcp_ping received 1024 bytes back
Round trip time was 0.014042 milliseconds in repetition 279
tcp_ping received 1024 bytes back
Round trip time was 0.014421 milliseconds in repetition 280
tcp_ping received 1024 bytes back
Round trip time was 0.014574 milliseconds in repetition 281
tcp_ping received 1024 bytes back
Round trip time was 0.014052 milliseconds in repetition 282
tcp_ping received 1024 bytes back
Round trip time was 0.014351 milliseconds in repetition 283
tcp_ping received 1024 bytes back
Round trip time was 0.015189 milliseconds in repetition 284
tcp_ping received 1024 bytes back
Round trip time was 0.014414 milliseconds in repetition 285
tcp_ping received 1024 bytes back
Round trip time was 0.015009 milliseconds in repetition 286
tcp_ping received 1024 bytes back
Round trip time was 0.015024 milliseconds in repetition 287
tcp_ping received 1024 bytes back
Round trip time was 0.014322 milliseconds in repetition 288
tcp_ping received 1024 bytes back
Round trip time was 0.051428 milliseconds in repetition 289
tcp_ping received 1024 bytes back
Round trip time was 0.056623 milliseconds in repetition 290
tcp_ping received 1024 bytes back
Round trip time was 0.014302 milliseconds in repetition 291
tcp_ping received 1024 bytes back
Round trip time was 0.026628 milliseconds in repetition 292
tcp_ping received 1024 bytes back
Round trip time was 0.037042 milliseconds in repetition 293
tcp_ping received 1024 bytes back
Round trip time was 0.014486 milliseconds in repetition 294
tcp_ping received 1024 bytes back
Round trip time was 0.014361 milliseconds in repetition 295
tcp_ping received 1024 bytes back
Round trip time was 0.014484 milliseconds in repetition 296
tcp_ping received 1024 bytes back
Round trip time was 0.014398 milliseconds in repetition 297
tcp_ping received 1024 bytes back
Round trip time was 0.014458 milliseconds in repetition 298
tcp_ping received 1024 bytes back
Round trip time was 0.014408 milliseconds in repetition 299
tcp_ping received 1024 bytes back
Round trip time was 0.028276 milliseconds in repetition 300
tcp_ping received 1024 bytes back
Round trip time was 0.015845 milliseconds in repetition 301
tcp_ping received 1024 bytes back
Round trip time was 0.014499 milliseconds in repetition 302
tcp_ping received 1024 bytes back
Round trip time was 0.014395 milliseconds in repetition 303
tcp_ping received 1024 bytes back
Round trip time was 0.014447 milliseconds in repetition 304
tcp_ping received 1024 bytes back
Round trip time was 0.014509 milliseconds in repetition 305
tcp_ping received 1024 bytes back
Round trip time was 0.01544 milliseconds in repetition 306
tcp_ping received 1024 bytes back
Round trip time was 0.020502 milliseconds in repetition 307
tcp_ping received 1024 bytes back
Round trip time was 0.014133 milliseconds in repetition 308
tcp_ping received 1024 bytes back
Round trip time was 0.014308 milliseconds in repetition 309
tcp_ping received 1024 bytes back
Round trip time was 0.014161 milliseconds in repetition 310
tcp_ping received 1024 bytes back
Round trip time was 0.014044 milliseconds in repetition 311
tcp_ping received 1024 bytes back
Round trip time was 0.014084 milliseconds in repetition 312
tcp_ping received 1024 bytes back
Round trip time was 0.014054 milliseconds in repetition 313
tcp_ping received 1024 bytes back
Round trip time was 0.014236 milliseconds in repetition 314
tcp_ping received 1024 bytes back
Round trip time was 0.014028 milliseconds in repetition 315
tcp_ping received 1024 bytes back
Round trip time was 0.014078 milliseconds in repetition 316
tcp_ping received 1024 bytes back
Round trip time was 0.014067 milliseconds in repetition 317
tcp_ping received 1024 bytes back
Round trip time was 0.014109 milliseconds in repetition 318
tcp_ping received 1024 bytes back
Round trip time was 0.013979 milliseconds in repetition 319
tcp_ping received 1024 bytes back
Round trip time was 0.014026 milliseconds in repetition 320
tcp_ping received 1024 bytes back
Round trip time was 0.014049 milliseconds in repetition 321
tcp_ping received 1024 bytes back
Round trip time was 0.014045 milliseconds in repetition 322
tcp_ping received 1024 bytes back
Round trip time was 0.01405 milliseconds in repetition 323
tcp_ping received 1024 bytes back
Round trip time was 0.014019 milliseconds in repetition 324
tcp_ping received 1024 bytes back
Round trip time was 0.014002 milliseconds in repetition 325
tcp_ping received 1024 bytes back
Round trip time was 0.035943 milliseconds in repetition 326
tcp_ping received 1024 bytes back
Round trip time was 0.013663 milliseconds in repetition 327
tcp_ping received 1024 bytes back
Round trip time was 0.013686 milliseconds in repetition 328
tcp_ping received 1024 bytes back
Round trip time was 0.013615 milliseconds in repetition 329
tcp_ping received 1024 bytes back
Round trip time was 0.013741 milliseconds in repetition 330
tcp_ping received 1024 bytes back
Round trip time was 0.013612 milliseconds in repetition 331
tcp_ping received 1024 bytes back
Round trip time was 0.013657 milliseconds in repetition 332
tcp_ping received 1024 bytes back
Round trip time was 0.013566 milliseconds in repetition 333
tcp_ping received 1024 bytes back
Round trip time was 0.013657 milliseconds in repetition 334
tcp_ping received 1024 bytes back
Round trip time was 0.013641 milliseconds in repetition 335
tcp_ping received 1024 bytes back
Round trip time was 0.013685 milliseconds in repetition 336
tcp_ping received 1024 bytes back
Round trip time was 0.013573 milliseconds in repetition 337
tcp_ping received 1024 bytes back
Round trip time was 0.013663 milliseconds in repetition 338
tcp_ping received 1024 bytes back
Round trip time was 0.013605 milliseconds in repetition 339
tcp_ping received 1024 bytes back
Round trip time was 0.013639 milliseconds in repetition 340
tcp_ping received 1024 bytes back
Round trip time was 0.01364 milliseconds in repetition 341
tcp_ping received 1024 bytes back
Round trip time was 0.013623 milliseconds in repetition 342
tcp_ping received 1024 bytes back
Round trip time was 0.013642 milliseconds in repetition 343
tcp_ping received 1024 bytes back
Round trip time was 0.013666 milliseconds in repetition 344
tcp_ping received 1024 bytes back
Round trip time was 0.01367 milliseconds in repetition 345
tcp_ping received 1024 bytes back
Round trip time was 0.013669 milliseconds in repetition 346
tcp_ping received 1024 bytes back
Round trip time was 0.013663 milliseconds in repetition 347
tcp_ping received 1024 bytes back
Round trip time was 0.013724 milliseconds in repetition 348
tcp_ping received 1024 bytes back
Round trip time was 0.013667 milliseconds in repetition 349
tcp_ping received 1024 bytes back
Round trip time was 0.033264 milliseconds in repetition 350
tcp_ping received 1024 bytes back
Round trip time was 0.013709 milliseconds in repetition 351
tcp_ping received 1024 bytes back
Round trip time was 0.013716 milliseconds in repetition 352
tcp_ping received 1024 bytes back
Round trip time was 0.013649 milliseconds in repetition 353
tcp_ping received 1024 bytes back
Round trip time was 0.013656 milliseconds in repetition 354
tcp_ping received 1024 bytes back
Round trip time was 0.013692 milliseconds in repetition 355
tcp_ping received 1024 bytes back
Round trip time was 0.013657 milliseconds in repetition 356
tcp_ping received 1024 bytes back
Round trip time was 0.013625 milliseconds in repetition 357
tcp_ping received 1024 bytes back
Round trip time was 0.013593 milliseconds in repetition 358
tcp_ping received 1024 bytes back
Round trip time was 0.01367 milliseconds in repetition 359
tcp_ping received 1024 bytes back
Round trip time was 0.05672 milliseconds in repetition 360
tcp_ping received 1024 bytes back
Round trip time was 0.017876 milliseconds in repetition 361
tcp_ping received 1024 bytes back
Round trip time was 0.013771 milliseconds in repetition 362
tcp_ping received 1024 bytes back
Round trip time was 0.013662 milliseconds in repetition 363
tcp_ping received 1024 bytes back
Round trip time was 0.013663 milliseconds in repetition 364
tcp_ping received 1024 bytes back
Round trip time was 0.013788 milliseconds in repetition 365
tcp_ping received 1024 bytes back
Round trip time was 0.013581 milliseconds in repetition 366
tcp_ping received 1024 bytes back
Round trip time was 0.013616 milliseconds in repetition 367
tcp_ping received 1024 bytes back
Round trip time was 0.013567 milliseconds in repetition 368
tcp_ping received 1024 bytes back
Round trip time was 0.013628 milliseconds in repetition 369
tcp_ping received 1024 bytes back
Round trip time was 0.013616 milliseconds in repetition 370
tcp_ping received 1024 bytes back
Round trip time was 0.01363 milliseconds in repetition 371
tcp_ping received 1024 bytes back
Round trip time was 0.013556 milliseconds in repetition 372
tcp_ping received 1024 bytes back
Round trip time was 0.013904 milliseconds in repetition 373
tcp_ping received 1024 bytes back
Round trip time was 0.013558 milliseconds in repetition 374
tcp_ping received 1024 bytes back
Round trip time was 0.013671 milliseconds in repetition 375
tcp_ping received 1024 bytes back
Round trip time was 0.013583 milliseconds in repetition 376
tcp_ping received 1024 bytes back
Round trip time was 0.013629 milliseconds in repetition 377
tcp_ping received 1024 bytes back
Round trip time was 0.013582 milliseconds in repetition 378
tcp_ping received 1024 bytes back
Round trip time was 0.013602 milliseconds in repetition 379
tcp_ping received 1024 bytes back
Round trip time was 0.013561 milliseconds in repetition 380
tcp_ping received 1024 bytes back
Round trip time was 0.013638 milliseconds in repetition 381
tcp_ping received 1024 bytes back
Round trip time was 0.01356 milliseconds in repetition 382
tcp_ping received 1024 bytes back
Round trip time was 0.013631 milliseconds in repetition 383
tcp_ping received 1024 bytes back
Round trip time was 0.013621 milliseconds in repetition 384
tcp_ping received 1024 bytes back
Round trip time was 0.013632 milliseconds in repetition 385
tcp_ping received 1024 bytes back
Round trip time was 0.013569 milliseconds in repetition 386
tcp_ping received 1024 bytes back
Round trip time was 0.013696 milliseconds in repetition 387
tcp_ping received 1024 bytes back
Round trip time was 0.013584 milliseconds in repetition 388
tcp_ping received 1024 bytes back
Round trip time was 0.013615 milliseconds in repetition 389
tcp_ping received 1024 bytes back
Round trip time was 0.01358 milliseconds in repetition 390
tcp_ping received 1024 bytes back
Round trip time was 0.013653 milliseconds in repetition 391
tcp_ping received 1024 bytes back
Round trip time was 0.013591 milliseconds in repetition 392
tcp_ping received 1024 bytes back
Round trip time was 0.014635 milliseconds in repetition 393
tcp_ping received 1024 bytes back
Round trip time was 0.01372 milliseconds in repetition 394
tcp_ping received 1024 bytes back
Round trip time was 1.43969 milliseconds in repetition 395
tcp_ping received 1024 bytes back
Round trip time was 0.038051 milliseconds in repetition 396
tcp_ping received 1024 bytes back
Round trip time was 0.013868 milliseconds in repetition 397
tcp_ping received 1024 bytes back
Round trip time was 0.013751 milliseconds in repetition 398
tcp_ping received 1024 bytes back
Round trip time was 0.013801 milliseconds in repetition 399
tcp_ping received 1024 bytes back
Round trip time was 0.01371 milliseconds in repetition 400
tcp_ping received 1024 bytes back
Round trip time was 0.013826 milliseconds in repetition 401
tcp_ping received 1024 bytes back
Round trip time was 0.013719 milliseconds in repetition 402
tcp_ping received 1024 bytes back
Round trip time was 0.013753 milliseconds in repetition 403
tcp_ping received 1024 bytes back
Round trip time was 0.013691 milliseconds in repetition 404
tcp_ping received 1024 bytes back
Round trip time was 0.013818 milliseconds in repetition 405
tcp_ping received 1024 bytes back
Round trip time was 0.013675 milliseconds in repetition 406
tcp_ping received 1024 bytes back
Round trip time was 0.013735 milliseconds in repetition 407
tcp_ping received 1024 bytes back
Round trip time was 0.013679 milliseconds in repetition 408
tcp_ping received 1024 bytes back
Round trip time was 0.013748 milliseconds in repetition 409
tcp_ping received 1024 bytes back
Round trip time was 0.013652 milliseconds in repetition 410
tcp_ping received 1024 bytes back
Round trip time was 0.013759 milliseconds in repetition 411
tcp_ping received 1024 bytes back
Round trip time was 0.0137 milliseconds in repetition 412
tcp_ping received 1024 bytes back
Round trip time was 0.013779 milliseconds in repetition 413
tcp_ping received 1024 bytes back
Round trip time was 0.013657 milliseconds in repetition 414
tcp_ping received 1024 bytes back
Round trip time was 0.013866 milliseconds in repetition 415
tcp_ping received 1024 bytes back
Round trip time was 0.013714 milliseconds in repetition 416
tcp_ping received 1024 bytes back
Round trip time was 0.013725 milliseconds in repetition 417
tcp_ping received 1024 bytes back
Round trip time was 0.013666 milliseconds in repetition 418
tcp_ping received 1024 bytes back
Round trip time was 0.013687 milliseconds in repetition 419
tcp_ping received 1024 bytes back
Round trip time was 0.013664 milliseconds in repetition 420
tcp_ping received 1024 bytes back
Round trip time was 0.013776 milliseconds in repetition 421
tcp_ping received 1024 bytes back
Round trip time was 0.0137 milliseconds in repetition 422
tcp_ping received 1024 bytes back
Round trip time was 0.013703 milliseconds in repetition 423
tcp_ping received 1024 bytes back
Round trip time was 0.013677 milliseconds in repetition 424
tcp_ping received 1024 bytes back
Round trip time was 0.013688 milliseconds in repetition 425
tcp_ping received 1024 bytes back
Round trip time was 0.013652 milliseconds in repetition 426
tcp_ping received 1024 bytes back
Round trip time was 0.013736 milliseconds in repetition 427
tcp_ping received 1024 bytes back
Round trip time was 0.013705 milliseconds in repetition 428
tcp_ping received 1024 bytes back
Round trip time was 0.013755 milliseconds in repetition 429
tcp_ping received 1024 bytes back
Round trip time was 0.013688 milliseconds in repetition 430
tcp_ping received 1024 bytes back
Round trip time was 0.013772 milliseconds in repetition 431
tcp_ping received 1024 bytes back
Round trip time was 0.013653 milliseconds in repetition 432
tcp_ping received 1024 bytes back
Round trip time was 0.013721 milliseconds in repetition 433
tcp_ping received 1024 bytes back
Round trip time was 0.01364 milliseconds in repetition 434
tcp_ping received 1024 bytes back
Round trip time was 0.013674 milliseconds in repetition 435
tcp_ping received 1024 bytes back
Round trip time was 0.013625 milliseconds in repetition 436
tcp_ping received 1024 bytes back
Round trip time was 0.014635 milliseconds in repetition 437
tcp_ping received 1024 bytes back
Round trip time was 0.013693 milliseconds in repetition 438
tcp_ping received 1024 bytes back
Round trip time was 0.013649 milliseconds in repetition 439
tcp_ping received 1024 bytes back
Round trip time was 0.013669 milliseconds in repetition 440
tcp_ping received 1024 bytes back
Round trip time was 0.013701 milliseconds in repetition 441
tcp_ping received 1024 bytes back
Round trip time was 0.013593 milliseconds in repetition 442
tcp_ping received 1024 bytes back
Round trip time was 0.013673 milliseconds in repetition 443
tcp_ping received 1024 bytes back
Round trip time was 0.013593 milliseconds in repetition 444
tcp_ping received 1024 bytes back
Round trip time was 0.013748 milliseconds in repetition 445
tcp_ping received 1024 bytes back
Round trip time was 0.013606 milliseconds in repetition 446
tcp_ping received 1024 bytes back
Round trip time was 0.013745 milliseconds in repetition 447
tcp_ping received 1024 bytes back
Round trip time was 0.013609 milliseconds in repetition 448
tcp_ping received 1024 bytes back
Round trip time was 0.013704 milliseconds in repetition 449
tcp_ping received 1024 bytes back
Round trip time was 0.01366 milliseconds in repetition 450
tcp_ping received 1024 bytes back
Round trip time was 0.013672 milliseconds in repetition 451
tcp_ping received 1024 bytes back
Round trip time was 0.013647 milliseconds in repetition 452
tcp_ping received 1024 bytes back
Round trip time was 0.031884 milliseconds in repetition 453
tcp_ping received 1024 bytes back
Round trip time was 0.013615 milliseconds in repetition 454
tcp_ping received 1024 bytes back
Round trip time was 0.047965 milliseconds in repetition 455
tcp_ping received 1024 bytes back
Round trip time was 0.097593 milliseconds in repetition 456
tcp_ping received 1024 bytes back
Round trip time was 0.014084 milliseconds in repetition 457
tcp_ping received 1024 bytes back
Round trip time was 0.013986 milliseconds in repetition 458
tcp_ping received 1024 bytes back
Round trip time was 0.013339 milliseconds in repetition 459
tcp_ping received 1024 bytes back
Round trip time was 0.013404 milliseconds in repetition 460
tcp_ping received 1024 bytes back
Round trip time was 0.013378 milliseconds in repetition 461
tcp_ping received 1024 bytes back
Round trip time was 0.013422 milliseconds in repetition 462
tcp_ping received 1024 bytes back
Round trip time was 0.013415 milliseconds in repetition 463
tcp_ping received 1024 bytes back
Round trip time was 0.013445 milliseconds in repetition 464
tcp_ping received 1024 bytes back
Round trip time was 0.013379 milliseconds in repetition 465
tcp_ping received 1024 bytes back
Round trip time was 0.013406 milliseconds in repetition 466
tcp_ping received 1024 bytes back
Round trip time was 0.013398 milliseconds in repetition 467
tcp_ping received 1024 bytes back
Round trip time was 0.013449 milliseconds in repetition 468
tcp_ping received 1024 bytes back
Round trip time was 0.013463 milliseconds in repetition 469
tcp_ping received 1024 bytes back
Round trip time was 0.013499 milliseconds in repetition 470
tcp_ping received 1024 bytes back
Round trip time was 0.013424 milliseconds in repetition 471
tcp_ping received 1024 bytes back
Round trip time was 0.013443 milliseconds in repetition 472
tcp_ping received 1024 bytes back
Round trip time was 0.013413 milliseconds in repetition 473
tcp_ping received 1024 bytes back
Round trip time was 0.013401 milliseconds in repetition 474
tcp_ping received 1024 bytes back
Round trip time was 0.013382 milliseconds in repetition 475
tcp_ping received 1024 bytes back
Round trip time was 0.013705 milliseconds in repetition 476
tcp_ping received 1024 bytes back
Round trip time was 0.013379 milliseconds in repetition 477
tcp_ping received 1024 bytes back
Round trip time was 0.013454 milliseconds in repetition 478
tcp_ping received 1024 bytes back
Round trip time was 0.013364 milliseconds in repetition 479
tcp_ping received 1024 bytes back
Round trip time was 0.013925 milliseconds in repetition 480
tcp_ping received 1024 bytes back
Round trip time was 0.013403 milliseconds in repetition 481
tcp_ping received 1024 bytes back
Round trip time was 0.013423 milliseconds in repetition 482
tcp_ping received 1024 bytes back
Round trip time was 0.013324 milliseconds in repetition 483
tcp_ping received 1024 bytes back
Round trip time was 0.013434 milliseconds in repetition 484
tcp_ping received 1024 bytes back
Round trip time was 0.013335 milliseconds in repetition 485
tcp_ping received 1024 bytes back
Round trip time was 0.013435 milliseconds in repetition 486
tcp_ping received 1024 bytes back
Round trip time was 0.013355 milliseconds in repetition 487
tcp_ping received 1024 bytes back
Round trip time was 0.013507 milliseconds in repetition 488
tcp_ping received 1024 bytes back
Round trip time was 0.013377 milliseconds in repetition 489
tcp_ping received 1024 bytes back
Round trip time was 0.01344 milliseconds in repetition 490
tcp_ping received 1024 bytes back
Round trip time was 0.013394 milliseconds in repetition 491
tcp_ping received 1024 bytes back
Round trip time was 0.013441 milliseconds in repetition 492
tcp_ping received 1024 bytes back
Round trip time was 0.013336 milliseconds in repetition 493
tcp_ping received 1024 bytes back
Round trip time was 0.013423 milliseconds in repetition 494
tcp_ping received 1024 bytes back
Round trip time was 0.013351 milliseconds in repetition 495
tcp_ping received 1024 bytes back
Round trip time was 0.013355 milliseconds in repetition 496
tcp_ping received 1024 bytes back
Round trip time was 0.013367 milliseconds in repetition 497
tcp_ping received 1024 bytes back
Round trip time was 0.013429 milliseconds in repetition 498
tcp_ping received 1024 bytes back
Round trip time was 0.013294 milliseconds in repetition 499
tcp_ping received 1024 bytes back
Round trip time was 0.013414 milliseconds in repetition 500
tcp_ping received 1024 bytes back
Round trip time was 0.10908 milliseconds in repetition 501

 ... clock resolution was 1e-06
TCP Ping:  Statistics over 501 repetitions of 1024 byte messages

RTT : percentile 10: 0.011608, median: 0.013628, percentile 90: 0.016484, average: 0.0280154, variance: 0.0247837

RTT histogram:
0.0114985 490
0.144991 8
0.278484 0
0.411977 0
0.545469 0
0.678962 0
0.812455 0
0.945948 0
1.07944 0
1.21293 0
1.34643 0
1.47992 1
1.61341 0
1.7469 0
1.8804 1
2.01389 0
2.14738 0
2.28088 0
2.41437 0
2.54786 0
2.68135 1
   median Throughput : 150279 KB/s   overall Throughput : 73102.6 KB/s

