TCP Ping trying to connect to server localhost (127.0.0.1) on port 1491
 ... connected to Pong server: asking for 501 repetitions of 12288 bytes TCP messages
 ... Pong server agreed :-)
tcp_ping received 12288 bytes back
Round trip time was 0.101781 milliseconds in repetition 1
tcp_ping received 12288 bytes back
Round trip time was 0.046161 milliseconds in repetition 2
tcp_ping received 12288 bytes back
Round trip time was 0.044825 milliseconds in repetition 3
tcp_ping received 12288 bytes back
Round trip time was 0.044666 milliseconds in repetition 4
tcp_ping received 12288 bytes back
Round trip time was 0.044635 milliseconds in repetition 5
tcp_ping received 12288 bytes back
Round trip time was 0.045981 milliseconds in repetition 6
tcp_ping received 12288 bytes back
Round trip time was 0.045025 milliseconds in repetition 7
tcp_ping received 12288 bytes back
Round trip time was 0.044679 milliseconds in repetition 8
tcp_ping received 12288 bytes back
Round trip time was 0.044539 milliseconds in repetition 9
tcp_ping received 12288 bytes back
Round trip time was 0.044575 milliseconds in repetition 10
tcp_ping received 12288 bytes back
Round trip time was 0.064122 milliseconds in repetition 11
tcp_ping received 12288 bytes back
Round trip time was 0.045921 milliseconds in repetition 12
tcp_ping received 12288 bytes back
Round trip time was 0.044639 milliseconds in repetition 13
tcp_ping received 12288 bytes back
Round trip time was 0.044574 milliseconds in repetition 14
tcp_ping received 12288 bytes back
Round trip time was 0.044516 milliseconds in repetition 15
tcp_ping received 12288 bytes back
Round trip time was 0.044551 milliseconds in repetition 16
tcp_ping received 12288 bytes back
Round trip time was 0.112442 milliseconds in repetition 17
tcp_ping received 12288 bytes back
Round trip time was 1.219 milliseconds in repetition 18
tcp_ping received 12288 bytes back
Round trip time was 0.047295 milliseconds in repetition 19
tcp_ping received 12288 bytes back
Round trip time was 0.04389 milliseconds in repetition 20
tcp_ping received 12288 bytes back
Round trip time was 0.043384 milliseconds in repetition 21
tcp_ping received 12288 bytes back
Round trip time was 0.043411 milliseconds in repetition 22
tcp_ping received 12288 bytes back
Round trip time was 0.04345 milliseconds in repetition 23
tcp_ping received 12288 bytes back
Round trip time was 0.065881 milliseconds in repetition 24
tcp_ping received 12288 bytes back
Round trip time was 0.042367 milliseconds in repetition 25
tcp_ping received 12288 bytes back
Round trip time was 0.042256 milliseconds in repetition 26
tcp_ping received 12288 bytes back
Round trip time was 0.042915 milliseconds in repetition 27
tcp_ping received 12288 bytes back
Round trip time was 0.043326 milliseconds in repetition 28
tcp_ping received 12288 bytes back
Round trip time was 0.043401 milliseconds in repetition 29
tcp_ping received 12288 bytes back
Round trip time was 0.04343 milliseconds in repetition 30
tcp_ping received 12288 bytes back
Round trip time was 0.043357 milliseconds in repetition 31
tcp_ping received 12288 bytes back
Round trip time was 0.04326 milliseconds in repetition 32
tcp_ping received 12288 bytes back
Round trip time was 0.043874 milliseconds in repetition 33
tcp_ping received 12288 bytes back
Round trip time was 0.044363 milliseconds in repetition 34
tcp_ping received 12288 bytes back
Round trip time was 0.087739 milliseconds in repetition 35
tcp_ping received 12288 bytes back
Round trip time was 0.062568 milliseconds in repetition 36
tcp_ping received 12288 bytes back
Round trip time was 0.043413 milliseconds in repetition 37
tcp_ping received 12288 bytes back
Round trip time was 0.043642 milliseconds in repetition 38
tcp_ping received 12288 bytes back
Round trip time was 0.043282 milliseconds in repetition 39
tcp_ping received 12288 bytes back
Round trip time was 0.043336 milliseconds in repetition 40
tcp_ping received 12288 bytes back
Round trip time was 0.043369 milliseconds in repetition 41
tcp_ping received 12288 bytes back
Round trip time was 0.710575 milliseconds in repetition 42
tcp_ping received 12288 bytes back
Round trip time was 0.044817 milliseconds in repetition 43
tcp_ping received 12288 bytes back
Round trip time was 0.043719 milliseconds in repetition 44
tcp_ping received 12288 bytes back
Round trip time was 0.042412 milliseconds in repetition 45
tcp_ping received 12288 bytes back
Round trip time was 0.042515 milliseconds in repetition 46
tcp_ping received 12288 bytes back
Round trip time was 0.042468 milliseconds in repetition 47
tcp_ping received 12288 bytes back
Round trip time was 0.0423 milliseconds in repetition 48
tcp_ping received 12288 bytes back
Round trip time was 0.042358 milliseconds in repetition 49
tcp_ping received 12288 bytes back
Round trip time was 0.042213 milliseconds in repetition 50
tcp_ping received 12288 bytes back
Round trip time was 0.042303 milliseconds in repetition 51
tcp_ping received 12288 bytes back
Round trip time was 0.043469 milliseconds in repetition 52
tcp_ping received 12288 bytes back
Round trip time was 0.042335 milliseconds in repetition 53
tcp_ping received 12288 bytes back
Round trip time was 0.042263 milliseconds in repetition 54
tcp_ping received 12288 bytes back
Round trip time was 0.04228 milliseconds in repetition 55
tcp_ping received 12288 bytes back
Round trip time was 0.042255 milliseconds in repetition 56
tcp_ping received 12288 bytes back
Round trip time was 0.042291 milliseconds in repetition 57
tcp_ping received 12288 bytes back
Round trip time was 0.042228 milliseconds in repetition 58
tcp_ping received 12288 bytes back
Round trip time was 0.372945 milliseconds in repetition 59
tcp_ping received 12288 bytes back
Round trip time was 0.044689 milliseconds in repetition 60
tcp_ping received 12288 bytes back
Round trip time was 0.852724 milliseconds in repetition 61
tcp_ping received 12288 bytes back
Round trip time was 0.085201 milliseconds in repetition 62
tcp_ping received 12288 bytes back
Round trip time was 0.051402 milliseconds in repetition 63
tcp_ping received 12288 bytes back
Round trip time was 0.043036 milliseconds in repetition 64
tcp_ping received 12288 bytes back
Round trip time was 0.042388 milliseconds in repetition 65
tcp_ping received 12288 bytes back
Round trip time was 0.042251 milliseconds in repetition 66
tcp_ping received 12288 bytes back
Round trip time was 0.042488 milliseconds in repetition 67
tcp_ping received 12288 bytes back
Round trip time was 0.04242 milliseconds in repetition 68
tcp_ping received 12288 bytes back
Round trip time was 0.042281 milliseconds in repetition 69
tcp_ping received 12288 bytes back
Round trip time was 0.042324 milliseconds in repetition 70
tcp_ping received 12288 bytes back
Round trip time was 0.042368 milliseconds in repetition 71
tcp_ping received 12288 bytes back
Round trip time was 0.042242 milliseconds in repetition 72
tcp_ping received 12288 bytes back
Round trip time was 0.042844 milliseconds in repetition 73
tcp_ping received 12288 bytes back
Round trip time was 0.042196 milliseconds in repetition 74
tcp_ping received 12288 bytes back
Round trip time was 0.042933 milliseconds in repetition 75
tcp_ping received 12288 bytes back
Round trip time was 0.042355 milliseconds in repetition 76
tcp_ping received 12288 bytes back
Round trip time was 0.042259 milliseconds in repetition 77
tcp_ping received 12288 bytes back
Round trip time was 0.684426 milliseconds in repetition 78
tcp_ping received 12288 bytes back
Round trip time was 0.043624 milliseconds in repetition 79
tcp_ping received 12288 bytes back
Round trip time was 0.042341 milliseconds in repetition 80
tcp_ping received 12288 bytes back
Round trip time was 0.0423 milliseconds in repetition 81
tcp_ping received 12288 bytes back
Round trip time was 0.042379 milliseconds in repetition 82
tcp_ping received 12288 bytes back
Round trip time was 0.042308 milliseconds in repetition 83
tcp_ping received 12288 bytes back
Round trip time was 0.042418 milliseconds in repetition 84
tcp_ping received 12288 bytes back
Round trip time was 0.04224 milliseconds in repetition 85
tcp_ping received 12288 bytes back
Round trip time was 0.042257 milliseconds in repetition 86
tcp_ping received 12288 bytes back
Round trip time was 0.051583 milliseconds in repetition 87
tcp_ping received 12288 bytes back
Round trip time was 0.042588 milliseconds in repetition 88
tcp_ping received 12288 bytes back
Round trip time was 0.04226 milliseconds in repetition 89
tcp_ping received 12288 bytes back
Round trip time was 0.042324 milliseconds in repetition 90
tcp_ping received 12288 bytes back
Round trip time was 0.042297 milliseconds in repetition 91
tcp_ping received 12288 bytes back
Round trip time was 2.50321 milliseconds in repetition 92
tcp_ping received 12288 bytes back
Round trip time was 0.046834 milliseconds in repetition 93
tcp_ping received 12288 bytes back
Round trip time was 0.043964 milliseconds in repetition 94
tcp_ping received 12288 bytes back
Round trip time was 0.044363 milliseconds in repetition 95
tcp_ping received 12288 bytes back
Round trip time was 1.24185 milliseconds in repetition 96
tcp_ping received 12288 bytes back
Round trip time was 0.044291 milliseconds in repetition 97
tcp_ping received 12288 bytes back
Round trip time was 0.042449 milliseconds in repetition 98
tcp_ping received 12288 bytes back
Round trip time was 0.042323 milliseconds in repetition 99
tcp_ping received 12288 bytes back
Round trip time was 0.042454 milliseconds in repetition 100
tcp_ping received 12288 bytes back
Round trip time was 0.042147 milliseconds in repetition 101
tcp_ping received 12288 bytes back
Round trip time was 0.042394 milliseconds in repetition 102
tcp_ping received 12288 bytes back
Round trip time was 0.042229 milliseconds in repetition 103
tcp_ping received 12288 bytes back
Round trip time was 0.064342 milliseconds in repetition 104
tcp_ping received 12288 bytes back
Round trip time was 0.042977 milliseconds in repetition 105
tcp_ping received 12288 bytes back
Round trip time was 0.042282 milliseconds in repetition 106
tcp_ping received 12288 bytes back
Round trip time was 0.042308 milliseconds in repetition 107
tcp_ping received 12288 bytes back
Round trip time was 0.042399 milliseconds in repetition 108
tcp_ping received 12288 bytes back
Round trip time was 0.736671 milliseconds in repetition 109
tcp_ping received 12288 bytes back
Round trip time was 0.04354 milliseconds in repetition 110
tcp_ping received 12288 bytes back
Round trip time was 0.042483 milliseconds in repetition 111
tcp_ping received 12288 bytes back
Round trip time was 0.04233 milliseconds in repetition 112
tcp_ping received 12288 bytes back
Round trip time was 0.04234 milliseconds in repetition 113
tcp_ping received 12288 bytes back
Round trip time was 0.042318 milliseconds in repetition 114
tcp_ping received 12288 bytes back
Round trip time was 0.042325 milliseconds in repetition 115
tcp_ping received 12288 bytes back
Round trip time was 0.042314 milliseconds in repetition 116
tcp_ping received 12288 bytes back
Round trip time was 0.042335 milliseconds in repetition 117
tcp_ping received 12288 bytes back
Round trip time was 0.042289 milliseconds in repetition 118
tcp_ping received 12288 bytes back
Round trip time was 0.062082 milliseconds in repetition 119
tcp_ping received 12288 bytes back
Round trip time was 0.042965 milliseconds in repetition 120
tcp_ping received 12288 bytes back
Round trip time was 0.042396 milliseconds in repetition 121
tcp_ping received 12288 bytes back
Round trip time was 0.042395 milliseconds in repetition 122
tcp_ping received 12288 bytes back
Round trip time was 0.042358 milliseconds in repetition 123
tcp_ping received 12288 bytes back
Round trip time was 0.843896 milliseconds in repetition 124
tcp_ping received 12288 bytes back
Round trip time was 0.043729 milliseconds in repetition 125
tcp_ping received 12288 bytes back
Round trip time was 0.042466 milliseconds in repetition 126
tcp_ping received 12288 bytes back
Round trip time was 0.042432 milliseconds in repetition 127
tcp_ping received 12288 bytes back
Round trip time was 0.064122 milliseconds in repetition 128
tcp_ping received 12288 bytes back
Round trip time was 0.043478 milliseconds in repetition 129
tcp_ping received 12288 bytes back
Round trip time was 0.07989 milliseconds in repetition 130
tcp_ping received 12288 bytes back
Round trip time was 0.043671 milliseconds in repetition 131
tcp_ping received 12288 bytes back
Round trip time was 0.043605 milliseconds in repetition 132
tcp_ping received 12288 bytes back
Round trip time was 0.043604 milliseconds in repetition 133
tcp_ping received 12288 bytes back
Round trip time was 0.043475 milliseconds in repetition 134
tcp_ping received 12288 bytes back
Round trip time was 0.043759 milliseconds in repetition 135
tcp_ping received 12288 bytes back
Round trip time was 0.043616 milliseconds in repetition 136
tcp_ping received 12288 bytes back
Round trip time was 0.043535 milliseconds in repetition 137
tcp_ping received 12288 bytes back
Round trip time was 0.043453 milliseconds in repetition 138
tcp_ping received 12288 bytes back
Round trip time was 0.043531 milliseconds in repetition 139
tcp_ping received 12288 bytes back
Round trip time was 0.044228 milliseconds in repetition 140
tcp_ping received 12288 bytes back
Round trip time was 0.044136 milliseconds in repetition 141
tcp_ping received 12288 bytes back
Round trip time was 0.060711 milliseconds in repetition 142
tcp_ping received 12288 bytes back
Round trip time was 1.24074 milliseconds in repetition 143
tcp_ping received 12288 bytes back
Round trip time was 0.123289 milliseconds in repetition 144
tcp_ping received 12288 bytes back
Round trip time was 0.042393 milliseconds in repetition 145
tcp_ping received 12288 bytes back
Round trip time was 0.042402 milliseconds in repetition 146
tcp_ping received 12288 bytes back
Round trip time was 0.042321 milliseconds in repetition 147
tcp_ping received 12288 bytes back
Round trip time was 0.062515 milliseconds in repetition 148
tcp_ping received 12288 bytes back
Round trip time was 0.043074 milliseconds in repetition 149
tcp_ping received 12288 bytes back
Round trip time was 0.042324 milliseconds in repetition 150
tcp_ping received 12288 bytes back
Round trip time was 0.042323 milliseconds in repetition 151
tcp_ping received 12288 bytes back
Round trip time was 0.042177 milliseconds in repetition 152
tcp_ping received 12288 bytes back
Round trip time was 0.042258 milliseconds in repetition 153
tcp_ping received 12288 bytes back
Round trip time was 0.042283 milliseconds in repetition 154
tcp_ping received 12288 bytes back
Round trip time was 0.042238 milliseconds in repetition 155
tcp_ping received 12288 bytes back
Round trip time was 0.103314 milliseconds in repetition 156
tcp_ping received 12288 bytes back
Round trip time was 0.043242 milliseconds in repetition 157
tcp_ping received 12288 bytes back
Round trip time was 0.04232 milliseconds in repetition 158
tcp_ping received 12288 bytes back
Round trip time was 0.042893 milliseconds in repetition 159
tcp_ping received 12288 bytes back
Round trip time was 0.042318 milliseconds in repetition 160
tcp_ping received 12288 bytes back
Round trip time was 0.042525 milliseconds in repetition 161
tcp_ping received 12288 bytes back
Round trip time was 0.04238 milliseconds in repetition 162
tcp_ping received 12288 bytes back
Round trip time was 0.042296 milliseconds in repetition 163
tcp_ping received 12288 bytes back
Round trip time was 0.042335 milliseconds in repetition 164
tcp_ping received 12288 bytes back
Round trip time was 0.042266 milliseconds in repetition 165
tcp_ping received 12288 bytes back
Round trip time was 0.042315 milliseconds in repetition 166
tcp_ping received 12288 bytes back
Round trip time was 0.042333 milliseconds in repetition 167
tcp_ping received 12288 bytes back
Round trip time was 0.042321 milliseconds in repetition 168
tcp_ping received 12288 bytes back
Round trip time was 0.042189 milliseconds in repetition 169
tcp_ping received 12288 bytes back
Round trip time was 0.440877 milliseconds in repetition 170
tcp_ping received 12288 bytes back
Round trip time was 0.043697 milliseconds in repetition 171
tcp_ping received 12288 bytes back
Round trip time was 0.042339 milliseconds in repetition 172
tcp_ping received 12288 bytes back
Round trip time was 0.043294 milliseconds in repetition 173
tcp_ping received 12288 bytes back
Round trip time was 0.042367 milliseconds in repetition 174
tcp_ping received 12288 bytes back
Round trip time was 0.042529 milliseconds in repetition 175
tcp_ping received 12288 bytes back
Round trip time was 0.042456 milliseconds in repetition 176
tcp_ping received 12288 bytes back
Round trip time was 0.04246 milliseconds in repetition 177
tcp_ping received 12288 bytes back
Round trip time was 0.361856 milliseconds in repetition 178
tcp_ping received 12288 bytes back
Round trip time was 0.042958 milliseconds in repetition 179
tcp_ping received 12288 bytes back
Round trip time was 0.042423 milliseconds in repetition 180
tcp_ping received 12288 bytes back
Round trip time was 0.042281 milliseconds in repetition 181
tcp_ping received 12288 bytes back
Round trip time was 0.06414 milliseconds in repetition 182
tcp_ping received 12288 bytes back
Round trip time was 0.117646 milliseconds in repetition 183
tcp_ping received 12288 bytes back
Round trip time was 3.16822 milliseconds in repetition 184
tcp_ping received 12288 bytes back
Round trip time was 0.045253 milliseconds in repetition 185
tcp_ping received 12288 bytes back
Round trip time was 0.043952 milliseconds in repetition 186
tcp_ping received 12288 bytes back
Round trip time was 0.063081 milliseconds in repetition 187
tcp_ping received 12288 bytes back
Round trip time was 0.042901 milliseconds in repetition 188
tcp_ping received 12288 bytes back
Round trip time was 0.042305 milliseconds in repetition 189
tcp_ping received 12288 bytes back
Round trip time was 0.042529 milliseconds in repetition 190
tcp_ping received 12288 bytes back
Round trip time was 0.042324 milliseconds in repetition 191
tcp_ping received 12288 bytes back
Round trip time was 0.04243 milliseconds in repetition 192
tcp_ping received 12288 bytes back
Round trip time was 0.042282 milliseconds in repetition 193
tcp_ping received 12288 bytes back
Round trip time was 0.042368 milliseconds in repetition 194
tcp_ping received 12288 bytes back
Round trip time was 0.042232 milliseconds in repetition 195
tcp_ping received 12288 bytes back
Round trip time was 0.042385 milliseconds in repetition 196
tcp_ping received 12288 bytes back
Round trip time was 0.093385 milliseconds in repetition 197
tcp_ping received 12288 bytes back
Round trip time was 0.12154 milliseconds in repetition 198
tcp_ping received 12288 bytes back
Round trip time was 0.132885 milliseconds in repetition 199
tcp_ping received 12288 bytes back
Round trip time was 0.042386 milliseconds in repetition 200
tcp_ping received 12288 bytes back
Round trip time was 0.04244 milliseconds in repetition 201
tcp_ping received 12288 bytes back
Round trip time was 0.04239 milliseconds in repetition 202
tcp_ping received 12288 bytes back
Round trip time was 0.042388 milliseconds in repetition 203
tcp_ping received 12288 bytes back
Round trip time was 0.042284 milliseconds in repetition 204
tcp_ping received 12288 bytes back
Round trip time was 0.042367 milliseconds in repetition 205
tcp_ping received 12288 bytes back
Round trip time was 0.042318 milliseconds in repetition 206
tcp_ping received 12288 bytes back
Round trip time was 0.04233 milliseconds in repetition 207
tcp_ping received 12288 bytes back
Round trip time was 0.042316 milliseconds in repetition 208
tcp_ping received 12288 bytes back
Round trip time was 0.042603 milliseconds in repetition 209
tcp_ping received 12288 bytes back
Round trip time was 0.04238 milliseconds in repetition 210
tcp_ping received 12288 bytes back
Round trip time was 0.042348 milliseconds in repetition 211
tcp_ping received 12288 bytes back
Round trip time was 0.042241 milliseconds in repetition 212
tcp_ping received 12288 bytes back
Round trip time was 0.042277 milliseconds in repetition 213
tcp_ping received 12288 bytes back
Round trip time was 0.056087 milliseconds in repetition 214
tcp_ping received 12288 bytes back
Round trip time was 0.044553 milliseconds in repetition 215
tcp_ping received 12288 bytes back
Round trip time was 0.042585 milliseconds in repetition 216
tcp_ping received 12288 bytes back
Round trip time was 0.043561 milliseconds in repetition 217
tcp_ping received 12288 bytes back
Round trip time was 0.042736 milliseconds in repetition 218
tcp_ping received 12288 bytes back
Round trip time was 0.042628 milliseconds in repetition 219
tcp_ping received 12288 bytes back
Round trip time was 0.042539 milliseconds in repetition 220
tcp_ping received 12288 bytes back
Round trip time was 0.043219 milliseconds in repetition 221
tcp_ping received 12288 bytes back
Round trip time was 0.042977 milliseconds in repetition 222
tcp_ping received 12288 bytes back
Round trip time was 0.042483 milliseconds in repetition 223
tcp_ping received 12288 bytes back
Round trip time was 0.042615 milliseconds in repetition 224
tcp_ping received 12288 bytes back
Round trip time was 0.062948 milliseconds in repetition 225
tcp_ping received 12288 bytes back
Round trip time was 0.043419 milliseconds in repetition 226
tcp_ping received 12288 bytes back
Round trip time was 0.119939 milliseconds in repetition 227
tcp_ping received 12288 bytes back
Round trip time was 0.04338 milliseconds in repetition 228
tcp_ping received 12288 bytes back
Round trip time was 0.043406 milliseconds in repetition 229
tcp_ping received 12288 bytes back
Round trip time was 0.043477 milliseconds in repetition 230
tcp_ping received 12288 bytes back
Round trip time was 0.043454 milliseconds in repetition 231
tcp_ping received 12288 bytes back
Round trip time was 0.0434 milliseconds in repetition 232
tcp_ping received 12288 bytes back
Round trip time was 0.043481 milliseconds in repetition 233
tcp_ping received 12288 bytes back
Round trip time was 0.109267 milliseconds in repetition 234
tcp_ping received 12288 bytes back
Round trip time was 0.085357 milliseconds in repetition 235
tcp_ping received 12288 bytes back
Round trip time was 0.084932 milliseconds in repetition 236
tcp_ping received 12288 bytes back
Round trip time was 0.080975 milliseconds in repetition 237
tcp_ping received 12288 bytes back
Round trip time was 0.084235 milliseconds in repetition 238
tcp_ping received 12288 bytes back
Round trip time was 0.047075 milliseconds in repetition 239
tcp_ping received 12288 bytes back
Round trip time was 0.047258 milliseconds in repetition 240
tcp_ping received 12288 bytes back
Round trip time was 0.047105 milliseconds in repetition 241
tcp_ping received 12288 bytes back
Round trip time was 0.081703 milliseconds in repetition 242
tcp_ping received 12288 bytes back
Round trip time was 0.205735 milliseconds in repetition 243
tcp_ping received 12288 bytes back
Round trip time was 0.046046 milliseconds in repetition 244
tcp_ping received 12288 bytes back
Round trip time was 0.046183 milliseconds in repetition 245
tcp_ping received 12288 bytes back
Round trip time was 0.070918 milliseconds in repetition 246
tcp_ping received 12288 bytes back
Round trip time was 0.226475 milliseconds in repetition 247
tcp_ping received 12288 bytes back
Round trip time was 0.043381 milliseconds in repetition 248
tcp_ping received 12288 bytes back
Round trip time was 0.042667 milliseconds in repetition 249
tcp_ping received 12288 bytes back
Round trip time was 0.042558 milliseconds in repetition 250
tcp_ping received 12288 bytes back
Round trip time was 1.23764 milliseconds in repetition 251
tcp_ping received 12288 bytes back
Round trip time was 0.043526 milliseconds in repetition 252
tcp_ping received 12288 bytes back
Round trip time was 0.042437 milliseconds in repetition 253
tcp_ping received 12288 bytes back
Round trip time was 0.042275 milliseconds in repetition 254
tcp_ping received 12288 bytes back
Round trip time was 0.042365 milliseconds in repetition 255
tcp_ping received 12288 bytes back
Round trip time was 0.042304 milliseconds in repetition 256
tcp_ping received 12288 bytes back
Round trip time was 0.065029 milliseconds in repetition 257
tcp_ping received 12288 bytes back
Round trip time was 0.061819 milliseconds in repetition 258
tcp_ping received 12288 bytes back
Round trip time was 0.042384 milliseconds in repetition 259
tcp_ping received 12288 bytes back
Round trip time was 0.043143 milliseconds in repetition 260
tcp_ping received 12288 bytes back
Round trip time was 0.042447 milliseconds in repetition 261
tcp_ping received 12288 bytes back
Round trip time was 0.042424 milliseconds in repetition 262
tcp_ping received 12288 bytes back
Round trip time was 0.042333 milliseconds in repetition 263
tcp_ping received 12288 bytes back
Round trip time was 0.042298 milliseconds in repetition 264
tcp_ping received 12288 bytes back
Round trip time was 0.054043 milliseconds in repetition 265
tcp_ping received 12288 bytes back
Round trip time was 0.042307 milliseconds in repetition 266
tcp_ping received 12288 bytes back
Round trip time was 0.0424 milliseconds in repetition 267
tcp_ping received 12288 bytes back
Round trip time was 0.04216 milliseconds in repetition 268
tcp_ping received 12288 bytes back
Round trip time was 0.042322 milliseconds in repetition 269
tcp_ping received 12288 bytes back
Round trip time was 0.042348 milliseconds in repetition 270
tcp_ping received 12288 bytes back
Round trip time was 0.042289 milliseconds in repetition 271
tcp_ping received 12288 bytes back
Round trip time was 0.042302 milliseconds in repetition 272
tcp_ping received 12288 bytes back
Round trip time was 0.042255 milliseconds in repetition 273
tcp_ping received 12288 bytes back
Round trip time was 0.042306 milliseconds in repetition 274
tcp_ping received 12288 bytes back
Round trip time was 0.042357 milliseconds in repetition 275
tcp_ping received 12288 bytes back
Round trip time was 0.042231 milliseconds in repetition 276
tcp_ping received 12288 bytes back
Round trip time was 0.042302 milliseconds in repetition 277
tcp_ping received 12288 bytes back
Round trip time was 0.110615 milliseconds in repetition 278
tcp_ping received 12288 bytes back
Round trip time was 1.93393 milliseconds in repetition 279
tcp_ping received 12288 bytes back
Round trip time was 0.045251 milliseconds in repetition 280
tcp_ping received 12288 bytes back
Round trip time was 0.043784 milliseconds in repetition 281
tcp_ping received 12288 bytes back
Round trip time was 0.043719 milliseconds in repetition 282
tcp_ping received 12288 bytes back
Round trip time was 0.043601 milliseconds in repetition 283
tcp_ping received 12288 bytes back
Round trip time was 0.04366 milliseconds in repetition 284
tcp_ping received 12288 bytes back
Round trip time was 0.043671 milliseconds in repetition 285
tcp_ping received 12288 bytes back
Round trip time was 0.043572 milliseconds in repetition 286
tcp_ping received 12288 bytes back
Round trip time was 0.04352 milliseconds in repetition 287
tcp_ping received 12288 bytes back
Round trip time was 0.043502 milliseconds in repetition 288
tcp_ping received 12288 bytes back
Round trip time was 0.04349 milliseconds in repetition 289
tcp_ping received 12288 bytes back
Round trip time was 0.043696 milliseconds in repetition 290
tcp_ping received 12288 bytes back
Round trip time was 0.04375 milliseconds in repetition 291
tcp_ping received 12288 bytes back
Round trip time was 0.043667 milliseconds in repetition 292
tcp_ping received 12288 bytes back
Round trip time was 0.04366 milliseconds in repetition 293
tcp_ping received 12288 bytes back
Round trip time was 0.043732 milliseconds in repetition 294
tcp_ping received 12288 bytes back
Round trip time was 0.04361 milliseconds in repetition 295
tcp_ping received 12288 bytes back
Round trip time was 0.043451 milliseconds in repetition 296
tcp_ping received 12288 bytes back
Round trip time was 0.043504 milliseconds in repetition 297
tcp_ping received 12288 bytes back
Round trip time was 0.043553 milliseconds in repetition 298
tcp_ping received 12288 bytes back
Round trip time was 0.066902 milliseconds in repetition 299
tcp_ping received 12288 bytes back
Round trip time was 0.043111 milliseconds in repetition 300
tcp_ping received 12288 bytes back
Round trip time was 0.042404 milliseconds in repetition 301
tcp_ping received 12288 bytes back
Round trip time was 0.042329 milliseconds in repetition 302
tcp_ping received 12288 bytes back
Round trip time was 0.04315 milliseconds in repetition 303
tcp_ping received 12288 bytes back
Round trip time was 0.042485 milliseconds in repetition 304
tcp_ping received 12288 bytes back
Round trip time was 0.042381 milliseconds in repetition 305
tcp_ping received 12288 bytes back
Round trip time was 0.042568 milliseconds in repetition 306
tcp_ping received 12288 bytes back
Round trip time was 0.042382 milliseconds in repetition 307
tcp_ping received 12288 bytes back
Round trip time was 0.04238 milliseconds in repetition 308
tcp_ping received 12288 bytes back
Round trip time was 0.042356 milliseconds in repetition 309
tcp_ping received 12288 bytes back
Round trip time was 0.042348 milliseconds in repetition 310
tcp_ping received 12288 bytes back
Round trip time was 0.04228 milliseconds in repetition 311
tcp_ping received 12288 bytes back
Round trip time was 0.042376 milliseconds in repetition 312
tcp_ping received 12288 bytes back
Round trip time was 0.042351 milliseconds in repetition 313
tcp_ping received 12288 bytes back
Round trip time was 0.042292 milliseconds in repetition 314
tcp_ping received 12288 bytes back
Round trip time was 0.042313 milliseconds in repetition 315
tcp_ping received 12288 bytes back
Round trip time was 0.042284 milliseconds in repetition 316
tcp_ping received 12288 bytes back
Round trip time was 0.042239 milliseconds in repetition 317
tcp_ping received 12288 bytes back
Round trip time was 0.042303 milliseconds in repetition 318
tcp_ping received 12288 bytes back
Round trip time was 0.042216 milliseconds in repetition 319
tcp_ping received 12288 bytes back
Round trip time was 0.042788 milliseconds in repetition 320
tcp_ping received 12288 bytes back
Round trip time was 0.056872 milliseconds in repetition 321
tcp_ping received 12288 bytes back
Round trip time was 0.042645 milliseconds in repetition 322
tcp_ping received 12288 bytes back
Round trip time was 0.042297 milliseconds in repetition 323
tcp_ping received 12288 bytes back
Round trip time was 0.042313 milliseconds in repetition 324
tcp_ping received 12288 bytes back
Round trip time was 0.042338 milliseconds in repetition 325
tcp_ping received 12288 bytes back
Round trip time was 0.042329 milliseconds in repetition 326
tcp_ping received 12288 bytes back
Round trip time was 1.80955 milliseconds in repetition 327
tcp_ping received 12288 bytes back
Round trip time was 0.050199 milliseconds in repetition 328
tcp_ping received 12288 bytes back
Round trip time was 0.197391 milliseconds in repetition 329
tcp_ping received 12288 bytes back
Round trip time was 0.047325 milliseconds in repetition 330
tcp_ping received 12288 bytes back
Round trip time was 0.111575 milliseconds in repetition 331
tcp_ping received 12288 bytes back
Round trip time was 0.168841 milliseconds in repetition 332
tcp_ping received 12288 bytes back
Round trip time was 0.077631 milliseconds in repetition 333
tcp_ping received 12288 bytes back
Round trip time was 0.048199 milliseconds in repetition 334
tcp_ping received 12288 bytes back
Round trip time was 0.051223 milliseconds in repetition 335
tcp_ping received 12288 bytes back
Round trip time was 0.128183 milliseconds in repetition 336
tcp_ping received 12288 bytes back
Round trip time was 0.069496 milliseconds in repetition 337
tcp_ping received 12288 bytes back
Round trip time was 0.071394 milliseconds in repetition 338
tcp_ping received 12288 bytes back
Round trip time was 0.062206 milliseconds in repetition 339
tcp_ping received 12288 bytes back
Round trip time was 0.09699 milliseconds in repetition 340
tcp_ping received 12288 bytes back
Round trip time was 0.08411 milliseconds in repetition 341
tcp_ping received 12288 bytes back
Round trip time was 0.073867 milliseconds in repetition 342
tcp_ping received 12288 bytes back
Round trip time was 0.078837 milliseconds in repetition 343
tcp_ping received 12288 bytes back
Round trip time was 0.07597 milliseconds in repetition 344
tcp_ping received 12288 bytes back
Round trip time was 0.084077 milliseconds in repetition 345
tcp_ping received 12288 bytes back
Round trip time was 0.226951 milliseconds in repetition 346
tcp_ping received 12288 bytes back
Round trip time was 0.055959 milliseconds in repetition 347
tcp_ping received 12288 bytes back
Round trip time was 0.051134 milliseconds in repetition 348
tcp_ping received 12288 bytes back
Round trip time was 0.050486 milliseconds in repetition 349
tcp_ping received 12288 bytes back
Round trip time was 0.056522 milliseconds in repetition 350
tcp_ping received 12288 bytes back
Round trip time was 1.68151 milliseconds in repetition 351
tcp_ping received 12288 bytes back
Round trip time was 0.047689 milliseconds in repetition 352
tcp_ping received 12288 bytes back
Round trip time was 0.045094 milliseconds in repetition 353
tcp_ping received 12288 bytes back
Round trip time was 0.044999 milliseconds in repetition 354
tcp_ping received 12288 bytes back
Round trip time was 0.045025 milliseconds in repetition 355
tcp_ping received 12288 bytes back
Round trip time was 0.045556 milliseconds in repetition 356
tcp_ping received 12288 bytes back
Round trip time was 0.045975 milliseconds in repetition 357
tcp_ping received 12288 bytes back
Round trip time was 0.045671 milliseconds in repetition 358
tcp_ping received 12288 bytes back
Round trip time was 0.04709 milliseconds in repetition 359
tcp_ping received 12288 bytes back
Round trip time was 0.046153 milliseconds in repetition 360
tcp_ping received 12288 bytes back
Round trip time was 0.046004 milliseconds in repetition 361
tcp_ping received 12288 bytes back
Round trip time was 0.045946 milliseconds in repetition 362
tcp_ping received 12288 bytes back
Round trip time was 0.046759 milliseconds in repetition 363
tcp_ping received 12288 bytes back
Round trip time was 0.075109 milliseconds in repetition 364
tcp_ping received 12288 bytes back
Round trip time was 0.043936 milliseconds in repetition 365
tcp_ping received 12288 bytes back
Round trip time was 0.109032 milliseconds in repetition 366
tcp_ping received 12288 bytes back
Round trip time was 0.615493 milliseconds in repetition 367
tcp_ping received 12288 bytes back
Round trip time was 0.046409 milliseconds in repetition 368
tcp_ping received 12288 bytes back
Round trip time was 0.074044 milliseconds in repetition 369
tcp_ping received 12288 bytes back
Round trip time was 0.126801 milliseconds in repetition 370
tcp_ping received 12288 bytes back
Round trip time was 0.042887 milliseconds in repetition 371
tcp_ping received 12288 bytes back
Round trip time was 0.042297 milliseconds in repetition 372
tcp_ping received 12288 bytes back
Round trip time was 0.054929 milliseconds in repetition 373
tcp_ping received 12288 bytes back
Round trip time was 0.077181 milliseconds in repetition 374
tcp_ping received 12288 bytes back
Round trip time was 0.042775 milliseconds in repetition 375
tcp_ping received 12288 bytes back
Round trip time was 0.042588 milliseconds in repetition 376
tcp_ping received 12288 bytes back
Round trip time was 0.042535 milliseconds in repetition 377
tcp_ping received 12288 bytes back
Round trip time was 0.042705 milliseconds in repetition 378
tcp_ping received 12288 bytes back
Round trip time was 0.04264 milliseconds in repetition 379
tcp_ping received 12288 bytes back
Round trip time was 0.042569 milliseconds in repetition 380
tcp_ping received 12288 bytes back
Round trip time was 0.042483 milliseconds in repetition 381
tcp_ping received 12288 bytes back
Round trip time was 0.042717 milliseconds in repetition 382
tcp_ping received 12288 bytes back
Round trip time was 0.042542 milliseconds in repetition 383
tcp_ping received 12288 bytes back
Round trip time was 0.058193 milliseconds in repetition 384
tcp_ping received 12288 bytes back
Round trip time was 0.044957 milliseconds in repetition 385
tcp_ping received 12288 bytes back
Round trip time was 0.042305 milliseconds in repetition 386
tcp_ping received 12288 bytes back
Round trip time was 0.042365 milliseconds in repetition 387
tcp_ping received 12288 bytes back
Round trip time was 0.423445 milliseconds in repetition 388
tcp_ping received 12288 bytes back
Round trip time was 0.044646 milliseconds in repetition 389
tcp_ping received 12288 bytes back
Round trip time was 0.042662 milliseconds in repetition 390
tcp_ping received 12288 bytes back
Round trip time was 0.042604 milliseconds in repetition 391
tcp_ping received 12288 bytes back
Round trip time was 0.04251 milliseconds in repetition 392
tcp_ping received 12288 bytes back
Round trip time was 0.042358 milliseconds in repetition 393
tcp_ping received 12288 bytes back
Round trip time was 0.042461 milliseconds in repetition 394
tcp_ping received 12288 bytes back
Round trip time was 0.78186 milliseconds in repetition 395
tcp_ping received 12288 bytes back
Round trip time was 0.043449 milliseconds in repetition 396
tcp_ping received 12288 bytes back
Round trip time was 0.042504 milliseconds in repetition 397
tcp_ping received 12288 bytes back
Round trip time was 0.042314 milliseconds in repetition 398
tcp_ping received 12288 bytes back
Round trip time was 0.042254 milliseconds in repetition 399
tcp_ping received 12288 bytes back
Round trip time was 0.042272 milliseconds in repetition 400
tcp_ping received 12288 bytes back
Round trip time was 0.042327 milliseconds in repetition 401
tcp_ping received 12288 bytes back
Round trip time was 0.042344 milliseconds in repetition 402
tcp_ping received 12288 bytes back
Round trip time was 0.042218 milliseconds in repetition 403
tcp_ping received 12288 bytes back
Round trip time was 0.047113 milliseconds in repetition 404
tcp_ping received 12288 bytes back
Round trip time was 0.042544 milliseconds in repetition 405
tcp_ping received 12288 bytes back
Round trip time was 0.042392 milliseconds in repetition 406
tcp_ping received 12288 bytes back
Round trip time was 0.04239 milliseconds in repetition 407
tcp_ping received 12288 bytes back
Round trip time was 0.042365 milliseconds in repetition 408
tcp_ping received 12288 bytes back
Round trip time was 0.042336 milliseconds in repetition 409
tcp_ping received 12288 bytes back
Round trip time was 0.042379 milliseconds in repetition 410
tcp_ping received 12288 bytes back
Round trip time was 0.042347 milliseconds in repetition 411
tcp_ping received 12288 bytes back
Round trip time was 1.71973 milliseconds in repetition 412
tcp_ping received 12288 bytes back
Round trip time was 0.055409 milliseconds in repetition 413
tcp_ping received 12288 bytes back
Round trip time was 0.047662 milliseconds in repetition 414
tcp_ping received 12288 bytes back
Round trip time was 0.047546 milliseconds in repetition 415
tcp_ping received 12288 bytes back
Round trip time was 0.047548 milliseconds in repetition 416
tcp_ping received 12288 bytes back
Round trip time was 0.081405 milliseconds in repetition 417
tcp_ping received 12288 bytes back
Round trip time was 0.061638 milliseconds in repetition 418
tcp_ping received 12288 bytes back
Round trip time was 0.049088 milliseconds in repetition 419
tcp_ping received 12288 bytes back
Round trip time was 0.048725 milliseconds in repetition 420
tcp_ping received 12288 bytes back
Round trip time was 0.048465 milliseconds in repetition 421
tcp_ping received 12288 bytes back
Round trip time was 0.047294 milliseconds in repetition 422
tcp_ping received 12288 bytes back
Round trip time was 0.048164 milliseconds in repetition 423
tcp_ping received 12288 bytes back
Round trip time was 0.048398 milliseconds in repetition 424
tcp_ping received 12288 bytes back
Round trip time was 0.04782 milliseconds in repetition 425
tcp_ping received 12288 bytes back
Round trip time was 0.048654 milliseconds in repetition 426
tcp_ping received 12288 bytes back
Round trip time was 0.04828 milliseconds in repetition 427
tcp_ping received 12288 bytes back
Round trip time was 0.049459 milliseconds in repetition 428
tcp_ping received 12288 bytes back
Round trip time was 0.048934 milliseconds in repetition 429
tcp_ping received 12288 bytes back
Round trip time was 0.048849 milliseconds in repetition 430
tcp_ping received 12288 bytes back
Round trip time was 0.047877 milliseconds in repetition 431
tcp_ping received 12288 bytes back
Round trip time was 0.049317 milliseconds in repetition 432
tcp_ping received 12288 bytes back
Round trip time was 0.049649 milliseconds in repetition 433
tcp_ping received 12288 bytes back
Round trip time was 0.048764 milliseconds in repetition 434
tcp_ping received 12288 bytes back
Round trip time was 0.080267 milliseconds in repetition 435
tcp_ping received 12288 bytes back
Round trip time was 0.048299 milliseconds in repetition 436
tcp_ping received 12288 bytes back
Round trip time was 0.048183 milliseconds in repetition 437
tcp_ping received 12288 bytes back
Round trip time was 0.048905 milliseconds in repetition 438
tcp_ping received 12288 bytes back
Round trip time was 0.050439 milliseconds in repetition 439
tcp_ping received 12288 bytes back
Round trip time was 0.050223 milliseconds in repetition 440
tcp_ping received 12288 bytes back
Round trip time was 0.049766 milliseconds in repetition 441
tcp_ping received 12288 bytes back
Round trip time was 0.075749 milliseconds in repetition 442
tcp_ping received 12288 bytes back
Round trip time was 0.048132 milliseconds in repetition 443
tcp_ping received 12288 bytes back
Round trip time was 0.056022 milliseconds in repetition 444
tcp_ping received 12288 bytes back
Round trip time was 0.045393 milliseconds in repetition 445
tcp_ping received 12288 bytes back
Round trip time was 0.046747 milliseconds in repetition 446
tcp_ping received 12288 bytes back
Round trip time was 0.047645 milliseconds in repetition 447
tcp_ping received 12288 bytes back
Round trip time was 0.047016 milliseconds in repetition 448
tcp_ping received 12288 bytes back
Round trip time was 0.532705 milliseconds in repetition 449
tcp_ping received 12288 bytes back
Round trip time was 0.043564 milliseconds in repetition 450
tcp_ping received 12288 bytes back
Round trip time was 0.042222 milliseconds in repetition 451
tcp_ping received 12288 bytes back
Round trip time was 0.042263 milliseconds in repetition 452
tcp_ping received 12288 bytes back
Round trip time was 0.042278 milliseconds in repetition 453
tcp_ping received 12288 bytes back
Round trip time was 0.042354 milliseconds in repetition 454
tcp_ping received 12288 bytes back
Round trip time was 0.042086 milliseconds in repetition 455
tcp_ping received 12288 bytes back
Round trip time was 0.042245 milliseconds in repetition 456
tcp_ping received 12288 bytes back
Round trip time was 0.042232 milliseconds in repetition 457
tcp_ping received 12288 bytes back
Round trip time was 1.38671 milliseconds in repetition 458
tcp_ping received 12288 bytes back
Round trip time was 0.045151 milliseconds in repetition 459
tcp_ping received 12288 bytes back
Round trip time was 0.04398 milliseconds in repetition 460
tcp_ping received 12288 bytes back
Round trip time was 0.043757 milliseconds in repetition 461
tcp_ping received 12288 bytes back
Round trip time was 0.043682 milliseconds in repetition 462
tcp_ping received 12288 bytes back
Round trip time was 0.043791 milliseconds in repetition 463
tcp_ping received 12288 bytes back
Round trip time was 0.043624 milliseconds in repetition 464
tcp_ping received 12288 bytes back
Round trip time was 0.043751 milliseconds in repetition 465
tcp_ping received 12288 bytes back
Round trip time was 0.043593 milliseconds in repetition 466
tcp_ping received 12288 bytes back
Round trip time was 0.044026 milliseconds in repetition 467
tcp_ping received 12288 bytes back
Round trip time was 0.043518 milliseconds in repetition 468
tcp_ping received 12288 bytes back
Round trip time was 0.043618 milliseconds in repetition 469
tcp_ping received 12288 bytes back
Round trip time was 0.04357 milliseconds in repetition 470
tcp_ping received 12288 bytes back
Round trip time was 0.043994 milliseconds in repetition 471
tcp_ping received 12288 bytes back
Round trip time was 0.043601 milliseconds in repetition 472
tcp_ping received 12288 bytes back
Round trip time was 0.043683 milliseconds in repetition 473
tcp_ping received 12288 bytes back
Round trip time was 0.04358 milliseconds in repetition 474
tcp_ping received 12288 bytes back
Round trip time was 0.043758 milliseconds in repetition 475
tcp_ping received 12288 bytes back
Round trip time was 0.044309 milliseconds in repetition 476
tcp_ping received 12288 bytes back
Round trip time was 0.043782 milliseconds in repetition 477
tcp_ping received 12288 bytes back
Round trip time was 0.084226 milliseconds in repetition 478
tcp_ping received 12288 bytes back
Round trip time was 0.043318 milliseconds in repetition 479
tcp_ping received 12288 bytes back
Round trip time was 0.042512 milliseconds in repetition 480
tcp_ping received 12288 bytes back
Round trip time was 0.042404 milliseconds in repetition 481
tcp_ping received 12288 bytes back
Round trip time was 0.0424 milliseconds in repetition 482
tcp_ping received 12288 bytes back
Round trip time was 0.042316 milliseconds in repetition 483
tcp_ping received 12288 bytes back
Round trip time was 0.042373 milliseconds in repetition 484
tcp_ping received 12288 bytes back
Round trip time was 0.042317 milliseconds in repetition 485
tcp_ping received 12288 bytes back
Round trip time was 0.042459 milliseconds in repetition 486
tcp_ping received 12288 bytes back
Round trip time was 0.042297 milliseconds in repetition 487
tcp_ping received 12288 bytes back
Round trip time was 0.042359 milliseconds in repetition 488
tcp_ping received 12288 bytes back
Round trip time was 0.042418 milliseconds in repetition 489
tcp_ping received 12288 bytes back
Round trip time was 0.042377 milliseconds in repetition 490
tcp_ping received 12288 bytes back
Round trip time was 0.042378 milliseconds in repetition 491
tcp_ping received 12288 bytes back
Round trip time was 0.472581 milliseconds in repetition 492
tcp_ping received 12288 bytes back
Round trip time was 0.043536 milliseconds in repetition 493
tcp_ping received 12288 bytes back
Round trip time was 0.042567 milliseconds in repetition 494
tcp_ping received 12288 bytes back
Round trip time was 0.042389 milliseconds in repetition 495
tcp_ping received 12288 bytes back
Round trip time was 0.042386 milliseconds in repetition 496
tcp_ping received 12288 bytes back
Round trip time was 0.042348 milliseconds in repetition 497
tcp_ping received 12288 bytes back
Round trip time was 0.04239 milliseconds in repetition 498
tcp_ping received 12288 bytes back
Round trip time was 0.042351 milliseconds in repetition 499
tcp_ping received 12288 bytes back
Round trip time was 0.042351 milliseconds in repetition 500
tcp_ping received 12288 bytes back
Round trip time was 1.04828 milliseconds in repetition 501

 ... clock resolution was 1e-06
TCP Ping:  Statistics over 501 repetitions of 12288 byte messages

RTT : percentile 10: 0.042296, median: 0.043413, percentile 90: 0.084235, average: 0.103786, variance: 0.0787278

RTT histogram:
0.0420855 466
0.198392 10
0.354699 3
0.511006 3
0.667313 4
0.823619 3
0.979926 1
1.13623 0
1.29254 4
1.44885 1
1.60515 1
1.76146 2
1.91777 1
2.07407 0
2.23038 0
2.38669 0
2.54299 1
2.6993 0
2.85561 0
3.01191 0
3.16822 1
   median Throughput : 566098 KB/s   overall Throughput : 236796 KB/s

