TCP Ping trying to connect to server localhost (127.0.0.1) on port 1491
 ... connected to Pong server: asking for 501 repetitions of 32768 bytes TCP messages
 ... Pong server agreed :-)
tcp_ping received 32768 bytes back
Round trip time was 0.12714 milliseconds in repetition 1
tcp_ping received 32768 bytes back
Round trip time was 0.107033 milliseconds in repetition 2
tcp_ping received 32768 bytes back
Round trip time was 0.166173 milliseconds in repetition 3
tcp_ping received 32768 bytes back
Round trip time was 0.113583 milliseconds in repetition 4
tcp_ping received 32768 bytes back
Round trip time was 0.104693 milliseconds in repetition 5
tcp_ping received 32768 bytes back
Round trip time was 0.104331 milliseconds in repetition 6
tcp_ping received 32768 bytes back
Round trip time was 0.104767 milliseconds in repetition 7
tcp_ping received 32768 bytes back
Round trip time was 0.104925 milliseconds in repetition 8
tcp_ping received 32768 bytes back
Round trip time was 0.104372 milliseconds in repetition 9
tcp_ping received 32768 bytes back
Round trip time was 0.104146 milliseconds in repetition 10
tcp_ping received 32768 bytes back
Round trip time was 0.120457 milliseconds in repetition 11
tcp_ping received 32768 bytes back
Round trip time was 0.105629 milliseconds in repetition 12
tcp_ping received 32768 bytes back
Round trip time was 0.104677 milliseconds in repetition 13
tcp_ping received 32768 bytes back
Round trip time was 0.10422 milliseconds in repetition 14
tcp_ping received 32768 bytes back
Round trip time was 0.103549 milliseconds in repetition 15
tcp_ping received 32768 bytes back
Round trip time was 0.103261 milliseconds in repetition 16
tcp_ping received 32768 bytes back
Round trip time was 0.103572 milliseconds in repetition 17
tcp_ping received 32768 bytes back
Round trip time was 0.103279 milliseconds in repetition 18
tcp_ping received 32768 bytes back
Round trip time was 0.102966 milliseconds in repetition 19
tcp_ping received 32768 bytes back
Round trip time was 0.117744 milliseconds in repetition 20
tcp_ping received 32768 bytes back
Round trip time was 0.104516 milliseconds in repetition 21
tcp_ping received 32768 bytes back
Round trip time was 0.102465 milliseconds in repetition 22
tcp_ping received 32768 bytes back
Round trip time was 0.103368 milliseconds in repetition 23
tcp_ping received 32768 bytes back
Round trip time was 0.102208 milliseconds in repetition 24
tcp_ping received 32768 bytes back
Round trip time was 0.121864 milliseconds in repetition 25
tcp_ping received 32768 bytes back
Round trip time was 0.115739 milliseconds in repetition 26
tcp_ping received 32768 bytes back
Round trip time was 0.102707 milliseconds in repetition 27
tcp_ping received 32768 bytes back
Round trip time was 0.10329 milliseconds in repetition 28
tcp_ping received 32768 bytes back
Round trip time was 1.34172 milliseconds in repetition 29
tcp_ping received 32768 bytes back
Round trip time was 0.110176 milliseconds in repetition 30
tcp_ping received 32768 bytes back
Round trip time was 0.105431 milliseconds in repetition 31
tcp_ping received 32768 bytes back
Round trip time was 0.10389 milliseconds in repetition 32
tcp_ping received 32768 bytes back
Round trip time was 0.10275 milliseconds in repetition 33
tcp_ping received 32768 bytes back
Round trip time was 0.104219 milliseconds in repetition 34
tcp_ping received 32768 bytes back
Round trip time was 0.103881 milliseconds in repetition 35
tcp_ping received 32768 bytes back
Round trip time was 0.126064 milliseconds in repetition 36
tcp_ping received 32768 bytes back
Round trip time was 0.192079 milliseconds in repetition 37
tcp_ping received 32768 bytes back
Round trip time was 0.115841 milliseconds in repetition 38
tcp_ping received 32768 bytes back
Round trip time was 0.118206 milliseconds in repetition 39
tcp_ping received 32768 bytes back
Round trip time was 0.117354 milliseconds in repetition 40
tcp_ping received 32768 bytes back
Round trip time was 0.116931 milliseconds in repetition 41
tcp_ping received 32768 bytes back
Round trip time was 0.139402 milliseconds in repetition 42
tcp_ping received 32768 bytes back
Round trip time was 0.137906 milliseconds in repetition 43
tcp_ping received 32768 bytes back
Round trip time was 0.114331 milliseconds in repetition 44
tcp_ping received 32768 bytes back
Round trip time was 0.113071 milliseconds in repetition 45
tcp_ping received 32768 bytes back
Round trip time was 0.1127 milliseconds in repetition 46
tcp_ping received 32768 bytes back
Round trip time was 0.112381 milliseconds in repetition 47
tcp_ping received 32768 bytes back
Round trip time was 0.116877 milliseconds in repetition 48
tcp_ping received 32768 bytes back
Round trip time was 0.121971 milliseconds in repetition 49
tcp_ping received 32768 bytes back
Round trip time was 0.127303 milliseconds in repetition 50
tcp_ping received 32768 bytes back
Round trip time was 0.174152 milliseconds in repetition 51
tcp_ping received 32768 bytes back
Round trip time was 0.195471 milliseconds in repetition 52
tcp_ping received 32768 bytes back
Round trip time was 0.443018 milliseconds in repetition 53
tcp_ping received 32768 bytes back
Round trip time was 0.4123 milliseconds in repetition 54
tcp_ping received 32768 bytes back
Round trip time was 0.15451 milliseconds in repetition 55
tcp_ping received 32768 bytes back
Round trip time was 0.119964 milliseconds in repetition 56
tcp_ping received 32768 bytes back
Round trip time was 0.125956 milliseconds in repetition 57
tcp_ping received 32768 bytes back
Round trip time was 0.118073 milliseconds in repetition 58
tcp_ping received 32768 bytes back
Round trip time was 0.117179 milliseconds in repetition 59
tcp_ping received 32768 bytes back
Round trip time was 0.15871 milliseconds in repetition 60
tcp_ping received 32768 bytes back
Round trip time was 0.119791 milliseconds in repetition 61
tcp_ping received 32768 bytes back
Round trip time was 0.120009 milliseconds in repetition 62
tcp_ping received 32768 bytes back
Round trip time was 0.118117 milliseconds in repetition 63
tcp_ping received 32768 bytes back
Round trip time was 0.164897 milliseconds in repetition 64
tcp_ping received 32768 bytes back
Round trip time was 0.234576 milliseconds in repetition 65
tcp_ping received 32768 bytes back
Round trip time was 6.55487 milliseconds in repetition 66
tcp_ping received 32768 bytes back
Round trip time was 0.441098 milliseconds in repetition 67
tcp_ping received 32768 bytes back
Round trip time was 2.56857 milliseconds in repetition 68
tcp_ping received 32768 bytes back
Round trip time was 0.112898 milliseconds in repetition 69
tcp_ping received 32768 bytes back
Round trip time was 0.123775 milliseconds in repetition 70
tcp_ping received 32768 bytes back
Round trip time was 0.103356 milliseconds in repetition 71
tcp_ping received 32768 bytes back
Round trip time was 0.1021 milliseconds in repetition 72
tcp_ping received 32768 bytes back
Round trip time was 0.102134 milliseconds in repetition 73
tcp_ping received 32768 bytes back
Round trip time was 0.102014 milliseconds in repetition 74
tcp_ping received 32768 bytes back
Round trip time was 0.132053 milliseconds in repetition 75
tcp_ping received 32768 bytes back
Round trip time was 0.103421 milliseconds in repetition 76
tcp_ping received 32768 bytes back
Round trip time was 0.111095 milliseconds in repetition 77
tcp_ping received 32768 bytes back
Round trip time was 0.102397 milliseconds in repetition 78
tcp_ping received 32768 bytes back
Round trip time was 0.118162 milliseconds in repetition 79
tcp_ping received 32768 bytes back
Round trip time was 0.103314 milliseconds in repetition 80
tcp_ping received 32768 bytes back
Round trip time was 0.102246 milliseconds in repetition 81
tcp_ping received 32768 bytes back
Round trip time was 0.102069 milliseconds in repetition 82
tcp_ping received 32768 bytes back
Round trip time was 0.102575 milliseconds in repetition 83
tcp_ping received 32768 bytes back
Round trip time was 0.102038 milliseconds in repetition 84
tcp_ping received 32768 bytes back
Round trip time was 0.102262 milliseconds in repetition 85
tcp_ping received 32768 bytes back
Round trip time was 0.102022 milliseconds in repetition 86
tcp_ping received 32768 bytes back
Round trip time was 0.103953 milliseconds in repetition 87
tcp_ping received 32768 bytes back
Round trip time was 0.2076 milliseconds in repetition 88
tcp_ping received 32768 bytes back
Round trip time was 0.103425 milliseconds in repetition 89
tcp_ping received 32768 bytes back
Round trip time was 0.10215 milliseconds in repetition 90
tcp_ping received 32768 bytes back
Round trip time was 0.24624 milliseconds in repetition 91
tcp_ping received 32768 bytes back
Round trip time was 1.4243 milliseconds in repetition 92
tcp_ping received 32768 bytes back
Round trip time was 0.104347 milliseconds in repetition 93
tcp_ping received 32768 bytes back
Round trip time was 0.106202 milliseconds in repetition 94
tcp_ping received 32768 bytes back
Round trip time was 0.101841 milliseconds in repetition 95
tcp_ping received 32768 bytes back
Round trip time was 0.125851 milliseconds in repetition 96
tcp_ping received 32768 bytes back
Round trip time was 0.103577 milliseconds in repetition 97
tcp_ping received 32768 bytes back
Round trip time was 0.102227 milliseconds in repetition 98
tcp_ping received 32768 bytes back
Round trip time was 0.10217 milliseconds in repetition 99
tcp_ping received 32768 bytes back
Round trip time was 0.108222 milliseconds in repetition 100
tcp_ping received 32768 bytes back
Round trip time was 0.195188 milliseconds in repetition 101
tcp_ping received 32768 bytes back
Round trip time was 1.07694 milliseconds in repetition 102
tcp_ping received 32768 bytes back
Round trip time was 0.103707 milliseconds in repetition 103
tcp_ping received 32768 bytes back
Round trip time was 0.102144 milliseconds in repetition 104
tcp_ping received 32768 bytes back
Round trip time was 0.125142 milliseconds in repetition 105
tcp_ping received 32768 bytes back
Round trip time was 0.10325 milliseconds in repetition 106
tcp_ping received 32768 bytes back
Round trip time was 0.102019 milliseconds in repetition 107
tcp_ping received 32768 bytes back
Round trip time was 0.108404 milliseconds in repetition 108
tcp_ping received 32768 bytes back
Round trip time was 0.192181 milliseconds in repetition 109
tcp_ping received 32768 bytes back
Round trip time was 0.103344 milliseconds in repetition 110
tcp_ping received 32768 bytes back
Round trip time was 0.102083 milliseconds in repetition 111
tcp_ping received 32768 bytes back
Round trip time was 2.95791 milliseconds in repetition 112
tcp_ping received 32768 bytes back
Round trip time was 0.10366 milliseconds in repetition 113
tcp_ping received 32768 bytes back
Round trip time was 0.099572 milliseconds in repetition 114
tcp_ping received 32768 bytes back
Round trip time was 0.099419 milliseconds in repetition 115
tcp_ping received 32768 bytes back
Round trip time was 0.099589 milliseconds in repetition 116
tcp_ping received 32768 bytes back
Round trip time was 0.099511 milliseconds in repetition 117
tcp_ping received 32768 bytes back
Round trip time was 0.22381 milliseconds in repetition 118
tcp_ping received 32768 bytes back
Round trip time was 0.101097 milliseconds in repetition 119
tcp_ping received 32768 bytes back
Round trip time was 0.099814 milliseconds in repetition 120
tcp_ping received 32768 bytes back
Round trip time was 0.099466 milliseconds in repetition 121
tcp_ping received 32768 bytes back
Round trip time was 0.099431 milliseconds in repetition 122
tcp_ping received 32768 bytes back
Round trip time was 0.099367 milliseconds in repetition 123
tcp_ping received 32768 bytes back
Round trip time was 0.099498 milliseconds in repetition 124
tcp_ping received 32768 bytes back
Round trip time was 0.099405 milliseconds in repetition 125
tcp_ping received 32768 bytes back
Round trip time was 0.168478 milliseconds in repetition 126
tcp_ping received 32768 bytes back
Round trip time was 0.26572 milliseconds in repetition 127
tcp_ping received 32768 bytes back
Round trip time was 0.313601 milliseconds in repetition 128
tcp_ping received 32768 bytes back
Round trip time was 4.08577 milliseconds in repetition 129
tcp_ping received 32768 bytes back
Round trip time was 0.148902 milliseconds in repetition 130
tcp_ping received 32768 bytes back
Round trip time was 0.104365 milliseconds in repetition 131
tcp_ping received 32768 bytes back
Round trip time was 0.143417 milliseconds in repetition 132
tcp_ping received 32768 bytes back
Round trip time was 0.212875 milliseconds in repetition 133
tcp_ping received 32768 bytes back
Round trip time was 0.221921 milliseconds in repetition 134
tcp_ping received 32768 bytes back
Round trip time was 0.114665 milliseconds in repetition 135
tcp_ping received 32768 bytes back
Round trip time was 0.205816 milliseconds in repetition 136
tcp_ping received 32768 bytes back
Round trip time was 0.128866 milliseconds in repetition 137
tcp_ping received 32768 bytes back
Round trip time was 0.118483 milliseconds in repetition 138
tcp_ping received 32768 bytes back
Round trip time was 0.150007 milliseconds in repetition 139
tcp_ping received 32768 bytes back
Round trip time was 0.22386 milliseconds in repetition 140
tcp_ping received 32768 bytes back
Round trip time was 0.183965 milliseconds in repetition 141
tcp_ping received 32768 bytes back
Round trip time was 0.147285 milliseconds in repetition 142
tcp_ping received 32768 bytes back
Round trip time was 0.107162 milliseconds in repetition 143
tcp_ping received 32768 bytes back
Round trip time was 0.104612 milliseconds in repetition 144
tcp_ping received 32768 bytes back
Round trip time was 0.104445 milliseconds in repetition 145
tcp_ping received 32768 bytes back
Round trip time was 0.103126 milliseconds in repetition 146
tcp_ping received 32768 bytes back
Round trip time was 0.104391 milliseconds in repetition 147
tcp_ping received 32768 bytes back
Round trip time was 0.143127 milliseconds in repetition 148
tcp_ping received 32768 bytes back
Round trip time was 0.11504 milliseconds in repetition 149
tcp_ping received 32768 bytes back
Round trip time was 0.279561 milliseconds in repetition 150
tcp_ping received 32768 bytes back
Round trip time was 0.108627 milliseconds in repetition 151
tcp_ping received 32768 bytes back
Round trip time was 0.107677 milliseconds in repetition 152
tcp_ping received 32768 bytes back
Round trip time was 0.122397 milliseconds in repetition 153
tcp_ping received 32768 bytes back
Round trip time was 0.122921 milliseconds in repetition 154
tcp_ping received 32768 bytes back
Round trip time was 0.100657 milliseconds in repetition 155
tcp_ping received 32768 bytes back
Round trip time was 0.099414 milliseconds in repetition 156
tcp_ping received 32768 bytes back
Round trip time was 0.178569 milliseconds in repetition 157
tcp_ping received 32768 bytes back
Round trip time was 2.74263 milliseconds in repetition 158
tcp_ping received 32768 bytes back
Round trip time was 0.133771 milliseconds in repetition 159
tcp_ping received 32768 bytes back
Round trip time was 0.101271 milliseconds in repetition 160
tcp_ping received 32768 bytes back
Round trip time was 0.099961 milliseconds in repetition 161
tcp_ping received 32768 bytes back
Round trip time was 0.099695 milliseconds in repetition 162
tcp_ping received 32768 bytes back
Round trip time was 0.099612 milliseconds in repetition 163
tcp_ping received 32768 bytes back
Round trip time was 0.119762 milliseconds in repetition 164
tcp_ping received 32768 bytes back
Round trip time was 0.10054 milliseconds in repetition 165
tcp_ping received 32768 bytes back
Round trip time was 0.099447 milliseconds in repetition 166
tcp_ping received 32768 bytes back
Round trip time was 0.100088 milliseconds in repetition 167
tcp_ping received 32768 bytes back
Round trip time was 0.124853 milliseconds in repetition 168
tcp_ping received 32768 bytes back
Round trip time was 0.100851 milliseconds in repetition 169
tcp_ping received 32768 bytes back
Round trip time was 0.099573 milliseconds in repetition 170
tcp_ping received 32768 bytes back
Round trip time was 0.099587 milliseconds in repetition 171
tcp_ping received 32768 bytes back
Round trip time was 0.099467 milliseconds in repetition 172
tcp_ping received 32768 bytes back
Round trip time was 0.099497 milliseconds in repetition 173
tcp_ping received 32768 bytes back
Round trip time was 0.101115 milliseconds in repetition 174
tcp_ping received 32768 bytes back
Round trip time was 0.099633 milliseconds in repetition 175
tcp_ping received 32768 bytes back
Round trip time was 0.100036 milliseconds in repetition 176
tcp_ping received 32768 bytes back
Round trip time was 0.115571 milliseconds in repetition 177
tcp_ping received 32768 bytes back
Round trip time was 0.100471 milliseconds in repetition 178
tcp_ping received 32768 bytes back
Round trip time was 0.099567 milliseconds in repetition 179
tcp_ping received 32768 bytes back
Round trip time was 0.09947 milliseconds in repetition 180
tcp_ping received 32768 bytes back
Round trip time was 0.099525 milliseconds in repetition 181
tcp_ping received 32768 bytes back
Round trip time was 0.099435 milliseconds in repetition 182
tcp_ping received 32768 bytes back
Round trip time was 0.09938 milliseconds in repetition 183
tcp_ping received 32768 bytes back
Round trip time was 1.22097 milliseconds in repetition 184
tcp_ping received 32768 bytes back
Round trip time was 0.11774 milliseconds in repetition 185
tcp_ping received 32768 bytes back
Round trip time was 0.123214 milliseconds in repetition 186
tcp_ping received 32768 bytes back
Round trip time was 0.185689 milliseconds in repetition 187
tcp_ping received 32768 bytes back
Round trip time was 0.10226 milliseconds in repetition 188
tcp_ping received 32768 bytes back
Round trip time was 0.111441 milliseconds in repetition 189
tcp_ping received 32768 bytes back
Round trip time was 0.101904 milliseconds in repetition 190
tcp_ping received 32768 bytes back
Round trip time was 0.183671 milliseconds in repetition 191
tcp_ping received 32768 bytes back
Round trip time was 0.243603 milliseconds in repetition 192
tcp_ping received 32768 bytes back
Round trip time was 0.101491 milliseconds in repetition 193
tcp_ping received 32768 bytes back
Round trip time was 0.099599 milliseconds in repetition 194
tcp_ping received 32768 bytes back
Round trip time was 0.099398 milliseconds in repetition 195
tcp_ping received 32768 bytes back
Round trip time was 0.099305 milliseconds in repetition 196
tcp_ping received 32768 bytes back
Round trip time was 0.099518 milliseconds in repetition 197
tcp_ping received 32768 bytes back
Round trip time was 0.099356 milliseconds in repetition 198
tcp_ping received 32768 bytes back
Round trip time was 0.099383 milliseconds in repetition 199
tcp_ping received 32768 bytes back
Round trip time was 0.099378 milliseconds in repetition 200
tcp_ping received 32768 bytes back
Round trip time was 0.134525 milliseconds in repetition 201
tcp_ping received 32768 bytes back
Round trip time was 0.100612 milliseconds in repetition 202
tcp_ping received 32768 bytes back
Round trip time was 0.099407 milliseconds in repetition 203
tcp_ping received 32768 bytes back
Round trip time was 0.099423 milliseconds in repetition 204
tcp_ping received 32768 bytes back
Round trip time was 0.099438 milliseconds in repetition 205
tcp_ping received 32768 bytes back
Round trip time was 0.099286 milliseconds in repetition 206
tcp_ping received 32768 bytes back
Round trip time was 0.099482 milliseconds in repetition 207
tcp_ping received 32768 bytes back
Round trip time was 0.09932 milliseconds in repetition 208
tcp_ping received 32768 bytes back
Round trip time was 0.099805 milliseconds in repetition 209
tcp_ping received 32768 bytes back
Round trip time was 0.156226 milliseconds in repetition 210
tcp_ping received 32768 bytes back
Round trip time was 0.157159 milliseconds in repetition 211
tcp_ping received 32768 bytes back
Round trip time was 0.0995 milliseconds in repetition 212
tcp_ping received 32768 bytes back
Round trip time was 0.099385 milliseconds in repetition 213
tcp_ping received 32768 bytes back
Round trip time was 0.099445 milliseconds in repetition 214
tcp_ping received 32768 bytes back
Round trip time was 0.128189 milliseconds in repetition 215
tcp_ping received 32768 bytes back
Round trip time was 0.10067 milliseconds in repetition 216
tcp_ping received 32768 bytes back
Round trip time was 0.100651 milliseconds in repetition 217
tcp_ping received 32768 bytes back
Round trip time was 0.176303 milliseconds in repetition 218
tcp_ping received 32768 bytes back
Round trip time was 0.182815 milliseconds in repetition 219
tcp_ping received 32768 bytes back
Round trip time was 0.104853 milliseconds in repetition 220
tcp_ping received 32768 bytes back
Round trip time was 0.130361 milliseconds in repetition 221
tcp_ping received 32768 bytes back
Round trip time was 0.099449 milliseconds in repetition 222
tcp_ping received 32768 bytes back
Round trip time was 0.099343 milliseconds in repetition 223
tcp_ping received 32768 bytes back
Round trip time was 0.127634 milliseconds in repetition 224
tcp_ping received 32768 bytes back
Round trip time was 0.100358 milliseconds in repetition 225
tcp_ping received 32768 bytes back
Round trip time was 0.120365 milliseconds in repetition 226
tcp_ping received 32768 bytes back
Round trip time was 0.100383 milliseconds in repetition 227
tcp_ping received 32768 bytes back
Round trip time was 0.099309 milliseconds in repetition 228
tcp_ping received 32768 bytes back
Round trip time was 0.099417 milliseconds in repetition 229
tcp_ping received 32768 bytes back
Round trip time was 0.099387 milliseconds in repetition 230
tcp_ping received 32768 bytes back
Round trip time was 0.099159 milliseconds in repetition 231
tcp_ping received 32768 bytes back
Round trip time was 0.099283 milliseconds in repetition 232
tcp_ping received 32768 bytes back
Round trip time was 0.099174 milliseconds in repetition 233
tcp_ping received 32768 bytes back
Round trip time was 0.099358 milliseconds in repetition 234
tcp_ping received 32768 bytes back
Round trip time was 0.130894 milliseconds in repetition 235
tcp_ping received 32768 bytes back
Round trip time was 0.10081 milliseconds in repetition 236
tcp_ping received 32768 bytes back
Round trip time was 0.099463 milliseconds in repetition 237
tcp_ping received 32768 bytes back
Round trip time was 0.099363 milliseconds in repetition 238
tcp_ping received 32768 bytes back
Round trip time was 0.099371 milliseconds in repetition 239
tcp_ping received 32768 bytes back
Round trip time was 0.099226 milliseconds in repetition 240
tcp_ping received 32768 bytes back
Round trip time was 0.099366 milliseconds in repetition 241
tcp_ping received 32768 bytes back
Round trip time was 0.099302 milliseconds in repetition 242
tcp_ping received 32768 bytes back
Round trip time was 0.099317 milliseconds in repetition 243
tcp_ping received 32768 bytes back
Round trip time was 3.94631 milliseconds in repetition 244
tcp_ping received 32768 bytes back
Round trip time was 0.399848 milliseconds in repetition 245
tcp_ping received 32768 bytes back
Round trip time was 2.7696 milliseconds in repetition 246
tcp_ping received 32768 bytes back
Round trip time was 0.107343 milliseconds in repetition 247
tcp_ping received 32768 bytes back
Round trip time was 0.103457 milliseconds in repetition 248
tcp_ping received 32768 bytes back
Round trip time was 0.103075 milliseconds in repetition 249
tcp_ping received 32768 bytes back
Round trip time was 0.102856 milliseconds in repetition 250
tcp_ping received 32768 bytes back
Round trip time was 0.103019 milliseconds in repetition 251
tcp_ping received 32768 bytes back
Round trip time was 0.102708 milliseconds in repetition 252
tcp_ping received 32768 bytes back
Round trip time was 0.11874 milliseconds in repetition 253
tcp_ping received 32768 bytes back
Round trip time was 0.100848 milliseconds in repetition 254
tcp_ping received 32768 bytes back
Round trip time was 0.099467 milliseconds in repetition 255
tcp_ping received 32768 bytes back
Round trip time was 0.099337 milliseconds in repetition 256
tcp_ping received 32768 bytes back
Round trip time was 0.099297 milliseconds in repetition 257
tcp_ping received 32768 bytes back
Round trip time was 0.099927 milliseconds in repetition 258
tcp_ping received 32768 bytes back
Round trip time was 0.099469 milliseconds in repetition 259
tcp_ping received 32768 bytes back
Round trip time was 0.100963 milliseconds in repetition 260
tcp_ping received 32768 bytes back
Round trip time was 0.099511 milliseconds in repetition 261
tcp_ping received 32768 bytes back
Round trip time was 0.099402 milliseconds in repetition 262
tcp_ping received 32768 bytes back
Round trip time was 0.11666 milliseconds in repetition 263
tcp_ping received 32768 bytes back
Round trip time was 0.100659 milliseconds in repetition 264
tcp_ping received 32768 bytes back
Round trip time was 0.099669 milliseconds in repetition 265
tcp_ping received 32768 bytes back
Round trip time was 0.099556 milliseconds in repetition 266
tcp_ping received 32768 bytes back
Round trip time was 0.099433 milliseconds in repetition 267
tcp_ping received 32768 bytes back
Round trip time was 0.117142 milliseconds in repetition 268
tcp_ping received 32768 bytes back
Round trip time was 0.100893 milliseconds in repetition 269
tcp_ping received 32768 bytes back
Round trip time was 0.099427 milliseconds in repetition 270
tcp_ping received 32768 bytes back
Round trip time was 0.099358 milliseconds in repetition 271
tcp_ping received 32768 bytes back
Round trip time was 0.113598 milliseconds in repetition 272
tcp_ping received 32768 bytes back
Round trip time was 0.560862 milliseconds in repetition 273
tcp_ping received 32768 bytes back
Round trip time was 0.101748 milliseconds in repetition 274
tcp_ping received 32768 bytes back
Round trip time was 0.099743 milliseconds in repetition 275
tcp_ping received 32768 bytes back
Round trip time was 0.09995 milliseconds in repetition 276
tcp_ping received 32768 bytes back
Round trip time was 0.318682 milliseconds in repetition 277
tcp_ping received 32768 bytes back
Round trip time was 0.120084 milliseconds in repetition 278
tcp_ping received 32768 bytes back
Round trip time was 0.091564 milliseconds in repetition 279
tcp_ping received 32768 bytes back
Round trip time was 0.090804 milliseconds in repetition 280
tcp_ping received 32768 bytes back
Round trip time was 0.090498 milliseconds in repetition 281
tcp_ping received 32768 bytes back
Round trip time was 0.090692 milliseconds in repetition 282
tcp_ping received 32768 bytes back
Round trip time was 0.090589 milliseconds in repetition 283
tcp_ping received 32768 bytes back
Round trip time was 0.090511 milliseconds in repetition 284
tcp_ping received 32768 bytes back
Round trip time was 0.225871 milliseconds in repetition 285
tcp_ping received 32768 bytes back
Round trip time was 0.118984 milliseconds in repetition 286
tcp_ping received 32768 bytes back
Round trip time was 0.099425 milliseconds in repetition 287
tcp_ping received 32768 bytes back
Round trip time was 0.099469 milliseconds in repetition 288
tcp_ping received 32768 bytes back
Round trip time was 0.099379 milliseconds in repetition 289
tcp_ping received 32768 bytes back
Round trip time was 0.099451 milliseconds in repetition 290
tcp_ping received 32768 bytes back
Round trip time was 0.099214 milliseconds in repetition 291
tcp_ping received 32768 bytes back
Round trip time was 0.099276 milliseconds in repetition 292
tcp_ping received 32768 bytes back
Round trip time was 0.114862 milliseconds in repetition 293
tcp_ping received 32768 bytes back
Round trip time was 0.100656 milliseconds in repetition 294
tcp_ping received 32768 bytes back
Round trip time was 0.099514 milliseconds in repetition 295
tcp_ping received 32768 bytes back
Round trip time was 0.099517 milliseconds in repetition 296
tcp_ping received 32768 bytes back
Round trip time was 0.099454 milliseconds in repetition 297
tcp_ping received 32768 bytes back
Round trip time was 0.099338 milliseconds in repetition 298
tcp_ping received 32768 bytes back
Round trip time was 0.159243 milliseconds in repetition 299
tcp_ping received 32768 bytes back
Round trip time was 0.140619 milliseconds in repetition 300
tcp_ping received 32768 bytes back
Round trip time was 0.122976 milliseconds in repetition 301
tcp_ping received 32768 bytes back
Round trip time was 0.103377 milliseconds in repetition 302
tcp_ping received 32768 bytes back
Round trip time was 0.103653 milliseconds in repetition 303
tcp_ping received 32768 bytes back
Round trip time was 0.101998 milliseconds in repetition 304
tcp_ping received 32768 bytes back
Round trip time was 0.102338 milliseconds in repetition 305
tcp_ping received 32768 bytes back
Round trip time was 0.102214 milliseconds in repetition 306
tcp_ping received 32768 bytes back
Round trip time was 0.101998 milliseconds in repetition 307
tcp_ping received 32768 bytes back
Round trip time was 0.1022 milliseconds in repetition 308
tcp_ping received 32768 bytes back
Round trip time was 0.124465 milliseconds in repetition 309
tcp_ping received 32768 bytes back
Round trip time was 0.11846 milliseconds in repetition 310
tcp_ping received 32768 bytes back
Round trip time was 0.103106 milliseconds in repetition 311
tcp_ping received 32768 bytes back
Round trip time was 0.102921 milliseconds in repetition 312
tcp_ping received 32768 bytes back
Round trip time was 0.20051 milliseconds in repetition 313
tcp_ping received 32768 bytes back
Round trip time was 0.099523 milliseconds in repetition 314
tcp_ping received 32768 bytes back
Round trip time was 0.116511 milliseconds in repetition 315
tcp_ping received 32768 bytes back
Round trip time was 0.100112 milliseconds in repetition 316
tcp_ping received 32768 bytes back
Round trip time was 0.09942 milliseconds in repetition 317
tcp_ping received 32768 bytes back
Round trip time was 0.133236 milliseconds in repetition 318
tcp_ping received 32768 bytes back
Round trip time was 0.118343 milliseconds in repetition 319
tcp_ping received 32768 bytes back
Round trip time was 0.099359 milliseconds in repetition 320
tcp_ping received 32768 bytes back
Round trip time was 0.09938 milliseconds in repetition 321
tcp_ping received 32768 bytes back
Round trip time was 0.099132 milliseconds in repetition 322
tcp_ping received 32768 bytes back
Round trip time was 0.099324 milliseconds in repetition 323
tcp_ping received 32768 bytes back
Round trip time was 0.099244 milliseconds in repetition 324
tcp_ping received 32768 bytes back
Round trip time was 0.099298 milliseconds in repetition 325
tcp_ping received 32768 bytes back
Round trip time was 0.099084 milliseconds in repetition 326
tcp_ping received 32768 bytes back
Round trip time was 0.099648 milliseconds in repetition 327
tcp_ping received 32768 bytes back
Round trip time was 0.180912 milliseconds in repetition 328
tcp_ping received 32768 bytes back
Round trip time was 0.100517 milliseconds in repetition 329
tcp_ping received 32768 bytes back
Round trip time was 0.099502 milliseconds in repetition 330
tcp_ping received 32768 bytes back
Round trip time was 0.099429 milliseconds in repetition 331
tcp_ping received 32768 bytes back
Round trip time was 0.099504 milliseconds in repetition 332
tcp_ping received 32768 bytes back
Round trip time was 0.099311 milliseconds in repetition 333
tcp_ping received 32768 bytes back
Round trip time was 0.099517 milliseconds in repetition 334
tcp_ping received 32768 bytes back
Round trip time was 0.099214 milliseconds in repetition 335
tcp_ping received 32768 bytes back
Round trip time was 0.548381 milliseconds in repetition 336
tcp_ping received 32768 bytes back
Round trip time was 0.100835 milliseconds in repetition 337
tcp_ping received 32768 bytes back
Round trip time was 0.125851 milliseconds in repetition 338
tcp_ping received 32768 bytes back
Round trip time was 0.100699 milliseconds in repetition 339
tcp_ping received 32768 bytes back
Round trip time was 0.09949 milliseconds in repetition 340
tcp_ping received 32768 bytes back
Round trip time was 0.191091 milliseconds in repetition 341
tcp_ping received 32768 bytes back
Round trip time was 0.248091 milliseconds in repetition 342
tcp_ping received 32768 bytes back
Round trip time was 0.168339 milliseconds in repetition 343
tcp_ping received 32768 bytes back
Round trip time was 0.100216 milliseconds in repetition 344
tcp_ping received 32768 bytes back
Round trip time was 0.253184 milliseconds in repetition 345
tcp_ping received 32768 bytes back
Round trip time was 0.113515 milliseconds in repetition 346
tcp_ping received 32768 bytes back
Round trip time was 0.10039 milliseconds in repetition 347
tcp_ping received 32768 bytes back
Round trip time was 0.099374 milliseconds in repetition 348
tcp_ping received 32768 bytes back
Round trip time was 0.099274 milliseconds in repetition 349
tcp_ping received 32768 bytes back
Round trip time was 0.099468 milliseconds in repetition 350
tcp_ping received 32768 bytes back
Round trip time was 0.099391 milliseconds in repetition 351
tcp_ping received 32768 bytes back
Round trip time was 0.099225 milliseconds in repetition 352
tcp_ping received 32768 bytes back
Round trip time was 0.099298 milliseconds in repetition 353
tcp_ping received 32768 bytes back
Round trip time was 0.099307 milliseconds in repetition 354
tcp_ping received 32768 bytes back
Round trip time was 0.099203 milliseconds in repetition 355
tcp_ping received 32768 bytes back
Round trip time was 0.122369 milliseconds in repetition 356
tcp_ping received 32768 bytes back
Round trip time was 0.101262 milliseconds in repetition 357
tcp_ping received 32768 bytes back
Round trip time was 0.099672 milliseconds in repetition 358
tcp_ping received 32768 bytes back
Round trip time was 0.099631 milliseconds in repetition 359
tcp_ping received 32768 bytes back
Round trip time was 0.099414 milliseconds in repetition 360
tcp_ping received 32768 bytes back
Round trip time was 0.099589 milliseconds in repetition 361
tcp_ping received 32768 bytes back
Round trip time was 0.099388 milliseconds in repetition 362
tcp_ping received 32768 bytes back
Round trip time was 0.099414 milliseconds in repetition 363
tcp_ping received 32768 bytes back
Round trip time was 0.099363 milliseconds in repetition 364
tcp_ping received 32768 bytes back
Round trip time was 0.115122 milliseconds in repetition 365
tcp_ping received 32768 bytes back
Round trip time was 0.10052 milliseconds in repetition 366
tcp_ping received 32768 bytes back
Round trip time was 0.099475 milliseconds in repetition 367
tcp_ping received 32768 bytes back
Round trip time was 0.099401 milliseconds in repetition 368
tcp_ping received 32768 bytes back
Round trip time was 0.099428 milliseconds in repetition 369
tcp_ping received 32768 bytes back
Round trip time was 0.117808 milliseconds in repetition 370
tcp_ping received 32768 bytes back
Round trip time was 0.100837 milliseconds in repetition 371
tcp_ping received 32768 bytes back
Round trip time was 0.099455 milliseconds in repetition 372
tcp_ping received 32768 bytes back
Round trip time was 0.09943 milliseconds in repetition 373
tcp_ping received 32768 bytes back
Round trip time was 0.122105 milliseconds in repetition 374
tcp_ping received 32768 bytes back
Round trip time was 0.101086 milliseconds in repetition 375
tcp_ping received 32768 bytes back
Round trip time was 0.099513 milliseconds in repetition 376
tcp_ping received 32768 bytes back
Round trip time was 0.099441 milliseconds in repetition 377
tcp_ping received 32768 bytes back
Round trip time was 0.099405 milliseconds in repetition 378
tcp_ping received 32768 bytes back
Round trip time was 0.099553 milliseconds in repetition 379
tcp_ping received 32768 bytes back
Round trip time was 0.099413 milliseconds in repetition 380
tcp_ping received 32768 bytes back
Round trip time was 0.099481 milliseconds in repetition 381
tcp_ping received 32768 bytes back
Round trip time was 0.099315 milliseconds in repetition 382
tcp_ping received 32768 bytes back
Round trip time was 0.235507 milliseconds in repetition 383
tcp_ping received 32768 bytes back
Round trip time was 0.106492 milliseconds in repetition 384
tcp_ping received 32768 bytes back
Round trip time was 0.102683 milliseconds in repetition 385
tcp_ping received 32768 bytes back
Round trip time was 0.198708 milliseconds in repetition 386
tcp_ping received 32768 bytes back
Round trip time was 0.102072 milliseconds in repetition 387
tcp_ping received 32768 bytes back
Round trip time was 0.122041 milliseconds in repetition 388
tcp_ping received 32768 bytes back
Round trip time was 0.10641 milliseconds in repetition 389
tcp_ping received 32768 bytes back
Round trip time was 0.099469 milliseconds in repetition 390
tcp_ping received 32768 bytes back
Round trip time was 0.115103 milliseconds in repetition 391
tcp_ping received 32768 bytes back
Round trip time was 0.100518 milliseconds in repetition 392
tcp_ping received 32768 bytes back
Round trip time was 0.099567 milliseconds in repetition 393
tcp_ping received 32768 bytes back
Round trip time was 0.099373 milliseconds in repetition 394
tcp_ping received 32768 bytes back
Round trip time was 0.099407 milliseconds in repetition 395
tcp_ping received 32768 bytes back
Round trip time was 0.099431 milliseconds in repetition 396
tcp_ping received 32768 bytes back
Round trip time was 0.099437 milliseconds in repetition 397
tcp_ping received 32768 bytes back
Round trip time was 0.099367 milliseconds in repetition 398
tcp_ping received 32768 bytes back
Round trip time was 0.099633 milliseconds in repetition 399
tcp_ping received 32768 bytes back
Round trip time was 0.113504 milliseconds in repetition 400
tcp_ping received 32768 bytes back
Round trip time was 0.100425 milliseconds in repetition 401
tcp_ping received 32768 bytes back
Round trip time was 0.099505 milliseconds in repetition 402
tcp_ping received 32768 bytes back
Round trip time was 0.099375 milliseconds in repetition 403
tcp_ping received 32768 bytes back
Round trip time was 0.099399 milliseconds in repetition 404
tcp_ping received 32768 bytes back
Round trip time was 0.116605 milliseconds in repetition 405
tcp_ping received 32768 bytes back
Round trip time was 0.100461 milliseconds in repetition 406
tcp_ping received 32768 bytes back
Round trip time was 0.099243 milliseconds in repetition 407
tcp_ping received 32768 bytes back
Round trip time was 0.099351 milliseconds in repetition 408
tcp_ping received 32768 bytes back
Round trip time was 0.123087 milliseconds in repetition 409
tcp_ping received 32768 bytes back
Round trip time was 0.101221 milliseconds in repetition 410
tcp_ping received 32768 bytes back
Round trip time was 0.099452 milliseconds in repetition 411
tcp_ping received 32768 bytes back
Round trip time was 0.099348 milliseconds in repetition 412
tcp_ping received 32768 bytes back
Round trip time was 0.099293 milliseconds in repetition 413
tcp_ping received 32768 bytes back
Round trip time was 0.099271 milliseconds in repetition 414
tcp_ping received 32768 bytes back
Round trip time was 0.099188 milliseconds in repetition 415
tcp_ping received 32768 bytes back
Round trip time was 0.099363 milliseconds in repetition 416
tcp_ping received 32768 bytes back
Round trip time was 0.099245 milliseconds in repetition 417
tcp_ping received 32768 bytes back
Round trip time was 0.099219 milliseconds in repetition 418
tcp_ping received 32768 bytes back
Round trip time was 0.228713 milliseconds in repetition 419
tcp_ping received 32768 bytes back
Round trip time was 0.103427 milliseconds in repetition 420
tcp_ping received 32768 bytes back
Round trip time was 0.101916 milliseconds in repetition 421
tcp_ping received 32768 bytes back
Round trip time was 0.10809 milliseconds in repetition 422
tcp_ping received 32768 bytes back
Round trip time was 0.099329 milliseconds in repetition 423
tcp_ping received 32768 bytes back
Round trip time was 0.099239 milliseconds in repetition 424
tcp_ping received 32768 bytes back
Round trip time was 0.099223 milliseconds in repetition 425
tcp_ping received 32768 bytes back
Round trip time was 0.099364 milliseconds in repetition 426
tcp_ping received 32768 bytes back
Round trip time was 0.114206 milliseconds in repetition 427
tcp_ping received 32768 bytes back
Round trip time was 0.100811 milliseconds in repetition 428
tcp_ping received 32768 bytes back
Round trip time was 0.099463 milliseconds in repetition 429
tcp_ping received 32768 bytes back
Round trip time was 0.099423 milliseconds in repetition 430
tcp_ping received 32768 bytes back
Round trip time was 0.09934 milliseconds in repetition 431
tcp_ping received 32768 bytes back
Round trip time was 0.099264 milliseconds in repetition 432
tcp_ping received 32768 bytes back
Round trip time was 0.100622 milliseconds in repetition 433
tcp_ping received 32768 bytes back
Round trip time was 0.099599 milliseconds in repetition 434
tcp_ping received 32768 bytes back
Round trip time was 0.099514 milliseconds in repetition 435
tcp_ping received 32768 bytes back
Round trip time was 0.099662 milliseconds in repetition 436
tcp_ping received 32768 bytes back
Round trip time was 0.114282 milliseconds in repetition 437
tcp_ping received 32768 bytes back
Round trip time was 0.099908 milliseconds in repetition 438
tcp_ping received 32768 bytes back
Round trip time was 0.099265 milliseconds in repetition 439
tcp_ping received 32768 bytes back
Round trip time was 0.09941 milliseconds in repetition 440
tcp_ping received 32768 bytes back
Round trip time was 0.117494 milliseconds in repetition 441
tcp_ping received 32768 bytes back
Round trip time was 0.100344 milliseconds in repetition 442
tcp_ping received 32768 bytes back
Round trip time was 0.099493 milliseconds in repetition 443
tcp_ping received 32768 bytes back
Round trip time was 0.099346 milliseconds in repetition 444
tcp_ping received 32768 bytes back
Round trip time was 0.099377 milliseconds in repetition 445
tcp_ping received 32768 bytes back
Round trip time was 0.159608 milliseconds in repetition 446
tcp_ping received 32768 bytes back
Round trip time was 0.256798 milliseconds in repetition 447
tcp_ping received 32768 bytes back
Round trip time was 0.184136 milliseconds in repetition 448
tcp_ping received 32768 bytes back
Round trip time was 0.103401 milliseconds in repetition 449
tcp_ping received 32768 bytes back
Round trip time was 0.107529 milliseconds in repetition 450
tcp_ping received 32768 bytes back
Round trip time was 0.196147 milliseconds in repetition 451
tcp_ping received 32768 bytes back
Round trip time was 0.132479 milliseconds in repetition 452
tcp_ping received 32768 bytes back
Round trip time was 0.142616 milliseconds in repetition 453
tcp_ping received 32768 bytes back
Round trip time was 0.161096 milliseconds in repetition 454
tcp_ping received 32768 bytes back
Round trip time was 0.130262 milliseconds in repetition 455
tcp_ping received 32768 bytes back
Round trip time was 0.197876 milliseconds in repetition 456
tcp_ping received 32768 bytes back
Round trip time was 2.49117 milliseconds in repetition 457
tcp_ping received 32768 bytes back
Round trip time was 0.134475 milliseconds in repetition 458
tcp_ping received 32768 bytes back
Round trip time was 0.127629 milliseconds in repetition 459
tcp_ping received 32768 bytes back
Round trip time was 0.170736 milliseconds in repetition 460
tcp_ping received 32768 bytes back
Round trip time was 0.301634 milliseconds in repetition 461
tcp_ping received 32768 bytes back
Round trip time was 0.188653 milliseconds in repetition 462
tcp_ping received 32768 bytes back
Round trip time was 0.138126 milliseconds in repetition 463
tcp_ping received 32768 bytes back
Round trip time was 0.152856 milliseconds in repetition 464
tcp_ping received 32768 bytes back
Round trip time was 0.153042 milliseconds in repetition 465
tcp_ping received 32768 bytes back
Round trip time was 0.197082 milliseconds in repetition 466
tcp_ping received 32768 bytes back
Round trip time was 0.130918 milliseconds in repetition 467
tcp_ping received 32768 bytes back
Round trip time was 0.195335 milliseconds in repetition 468
tcp_ping received 32768 bytes back
Round trip time was 0.129085 milliseconds in repetition 469
tcp_ping received 32768 bytes back
Round trip time was 0.120931 milliseconds in repetition 470
tcp_ping received 32768 bytes back
Round trip time was 0.116065 milliseconds in repetition 471
tcp_ping received 32768 bytes back
Round trip time was 0.240966 milliseconds in repetition 472
tcp_ping received 32768 bytes back
Round trip time was 0.146136 milliseconds in repetition 473
tcp_ping received 32768 bytes back
Round trip time was 0.104853 milliseconds in repetition 474
tcp_ping received 32768 bytes back
Round trip time was 0.104847 milliseconds in repetition 475
tcp_ping received 32768 bytes back
Round trip time was 0.10631 milliseconds in repetition 476
tcp_ping received 32768 bytes back
Round trip time was 0.180325 milliseconds in repetition 477
tcp_ping received 32768 bytes back
Round trip time was 0.106831 milliseconds in repetition 478
tcp_ping received 32768 bytes back
Round trip time was 0.221334 milliseconds in repetition 479
tcp_ping received 32768 bytes back
Round trip time was 0.112636 milliseconds in repetition 480
tcp_ping received 32768 bytes back
Round trip time was 0.112311 milliseconds in repetition 481
tcp_ping received 32768 bytes back
Round trip time was 0.10756 milliseconds in repetition 482
tcp_ping received 32768 bytes back
Round trip time was 0.157478 milliseconds in repetition 483
tcp_ping received 32768 bytes back
Round trip time was 0.10133 milliseconds in repetition 484
tcp_ping received 32768 bytes back
Round trip time was 0.099568 milliseconds in repetition 485
tcp_ping received 32768 bytes back
Round trip time was 0.113793 milliseconds in repetition 486
tcp_ping received 32768 bytes back
Round trip time was 0.100177 milliseconds in repetition 487
tcp_ping received 32768 bytes back
Round trip time was 0.099346 milliseconds in repetition 488
tcp_ping received 32768 bytes back
Round trip time was 0.099459 milliseconds in repetition 489
tcp_ping received 32768 bytes back
Round trip time was 0.099389 milliseconds in repetition 490
tcp_ping received 32768 bytes back
Round trip time was 0.116537 milliseconds in repetition 491
tcp_ping received 32768 bytes back
Round trip time was 0.100109 milliseconds in repetition 492
tcp_ping received 32768 bytes back
Round trip time was 0.099429 milliseconds in repetition 493
tcp_ping received 32768 bytes back
Round trip time was 0.099276 milliseconds in repetition 494
tcp_ping received 32768 bytes back
Round trip time was 0.145484 milliseconds in repetition 495
tcp_ping received 32768 bytes back
Round trip time was 0.120122 milliseconds in repetition 496
tcp_ping received 32768 bytes back
Round trip time was 0.099543 milliseconds in repetition 497
tcp_ping received 32768 bytes back
Round trip time was 0.09944 milliseconds in repetition 498
tcp_ping received 32768 bytes back
Round trip time was 0.099457 milliseconds in repetition 499
tcp_ping received 32768 bytes back
Round trip time was 0.099467 milliseconds in repetition 500
tcp_ping received 32768 bytes back
Round trip time was 0.099395 milliseconds in repetition 501

 ... clock resolution was 1e-06
TCP Ping:  Statistics over 501 repetitions of 32768 byte messages

RTT : percentile 10: 0.099348, median: 0.102575, percentile 90: 0.191091, average: 0.18563, variance: 0.21978

RTT histogram:
0.0904975 476
0.413716 13
0.736935 0
1.06015 2
1.38337 2
1.70659 0
2.02981 0
2.35303 1
2.67625 3
2.99947 1
3.32269 0
3.6459 0
3.96912 2
4.29234 0
4.61556 0
4.93878 0
5.262 0
5.58522 0
5.90843 0
6.23165 0
6.55487 1
   median Throughput : 638908 KB/s   overall Throughput : 353046 KB/s

