TCP Ping trying to connect to server localhost (127.0.0.1) on port 1491
 ... connected to Pong server: asking for 501 repetitions of 96 bytes TCP messages
 ... Pong server agreed :-)
tcp_ping received 96 bytes back
Round trip time was 0.014806 milliseconds in repetition 1
tcp_ping received 96 bytes back
Round trip time was 0.011883 milliseconds in repetition 2
tcp_ping received 96 bytes back
Round trip time was 0.011429 milliseconds in repetition 3
tcp_ping received 96 bytes back
Round trip time was 0.01131 milliseconds in repetition 4
tcp_ping received 96 bytes back
Round trip time was 0.011383 milliseconds in repetition 5
tcp_ping received 96 bytes back
Round trip time was 0.011344 milliseconds in repetition 6
tcp_ping received 96 bytes back
Round trip time was 0.011429 milliseconds in repetition 7
tcp_ping received 96 bytes back
Round trip time was 0.012033 milliseconds in repetition 8
tcp_ping received 96 bytes back
Round trip time was 0.011517 milliseconds in repetition 9
tcp_ping received 96 bytes back
Round trip time was 0.011378 milliseconds in repetition 10
tcp_ping received 96 bytes back
Round trip time was 0.011407 milliseconds in repetition 11
tcp_ping received 96 bytes back
Round trip time was 0.032242 milliseconds in repetition 12
tcp_ping received 96 bytes back
Round trip time was 0.04862 milliseconds in repetition 13
tcp_ping received 96 bytes back
Round trip time was 0.011611 milliseconds in repetition 14
tcp_ping received 96 bytes back
Round trip time was 0.011342 milliseconds in repetition 15
tcp_ping received 96 bytes back
Round trip time was 0.011302 milliseconds in repetition 16
tcp_ping received 96 bytes back
Round trip time was 0.011361 milliseconds in repetition 17
tcp_ping received 96 bytes back
Round trip time was 0.011348 milliseconds in repetition 18
tcp_ping received 96 bytes back
Round trip time was 0.011269 milliseconds in repetition 19
tcp_ping received 96 bytes back
Round trip time was 0.011373 milliseconds in repetition 20
tcp_ping received 96 bytes back
Round trip time was 0.011299 milliseconds in repetition 21
tcp_ping received 96 bytes back
Round trip time was 0.011334 milliseconds in repetition 22
tcp_ping received 96 bytes back
Round trip time was 0.011369 milliseconds in repetition 23
tcp_ping received 96 bytes back
Round trip time was 0.011362 milliseconds in repetition 24
tcp_ping received 96 bytes back
Round trip time was 0.011347 milliseconds in repetition 25
tcp_ping received 96 bytes back
Round trip time was 0.011311 milliseconds in repetition 26
tcp_ping received 96 bytes back
Round trip time was 0.011255 milliseconds in repetition 27
tcp_ping received 96 bytes back
Round trip time was 0.011363 milliseconds in repetition 28
tcp_ping received 96 bytes back
Round trip time was 0.011269 milliseconds in repetition 29
tcp_ping received 96 bytes back
Round trip time was 0.011344 milliseconds in repetition 30
tcp_ping received 96 bytes back
Round trip time was 0.011311 milliseconds in repetition 31
tcp_ping received 96 bytes back
Round trip time was 0.011305 milliseconds in repetition 32
tcp_ping received 96 bytes back
Round trip time was 0.011349 milliseconds in repetition 33
tcp_ping received 96 bytes back
Round trip time was 0.011295 milliseconds in repetition 34
tcp_ping received 96 bytes back
Round trip time was 0.011301 milliseconds in repetition 35
tcp_ping received 96 bytes back
Round trip time was 0.011331 milliseconds in repetition 36
tcp_ping received 96 bytes back
Round trip time was 0.011278 milliseconds in repetition 37
tcp_ping received 96 bytes back
Round trip time was 0.011372 milliseconds in repetition 38
tcp_ping received 96 bytes back
Round trip time was 0.011302 milliseconds in repetition 39
tcp_ping received 96 bytes back
Round trip time was 0.011389 milliseconds in repetition 40
tcp_ping received 96 bytes back
Round trip time was 0.011293 milliseconds in repetition 41
tcp_ping received 96 bytes back
Round trip time was 0.011299 milliseconds in repetition 42
tcp_ping received 96 bytes back
Round trip time was 0.011342 milliseconds in repetition 43
tcp_ping received 96 bytes back
Round trip time was 0.011318 milliseconds in repetition 44
tcp_ping received 96 bytes back
Round trip time was 0.012366 milliseconds in repetition 45
tcp_ping received 96 bytes back
Round trip time was 0.011429 milliseconds in repetition 46
tcp_ping received 96 bytes back
Round trip time was 0.011417 milliseconds in repetition 47
tcp_ping received 96 bytes back
Round trip time was 0.011415 milliseconds in repetition 48
tcp_ping received 96 bytes back
Round trip time was 0.011424 milliseconds in repetition 49
tcp_ping received 96 bytes back
Round trip time was 0.011435 milliseconds in repetition 50
tcp_ping received 96 bytes back
Round trip time was 0.011327 milliseconds in repetition 51
tcp_ping received 96 bytes back
Round trip time was 0.01141 milliseconds in repetition 52
tcp_ping received 96 bytes back
Round trip time was 0.011396 milliseconds in repetition 53
tcp_ping received 96 bytes back
Round trip time was 0.011398 milliseconds in repetition 54
tcp_ping received 96 bytes back
Round trip time was 0.011339 milliseconds in repetition 55
tcp_ping received 96 bytes back
Round trip time was 0.011408 milliseconds in repetition 56
tcp_ping received 96 bytes back
Round trip time was 0.011356 milliseconds in repetition 57
tcp_ping received 96 bytes back
Round trip time was 0.011417 milliseconds in repetition 58
tcp_ping received 96 bytes back
Round trip time was 0.011352 milliseconds in repetition 59
tcp_ping received 96 bytes back
Round trip time was 0.011363 milliseconds in repetition 60
tcp_ping received 96 bytes back
Round trip time was 0.011301 milliseconds in repetition 61
tcp_ping received 96 bytes back
Round trip time was 0.011446 milliseconds in repetition 62
tcp_ping received 96 bytes back
Round trip time was 0.011336 milliseconds in repetition 63
tcp_ping received 96 bytes back
Round trip time was 0.011369 milliseconds in repetition 64
tcp_ping received 96 bytes back
Round trip time was 0.011367 milliseconds in repetition 65
tcp_ping received 96 bytes back
Round trip time was 0.011404 milliseconds in repetition 66
tcp_ping received 96 bytes back
Round trip time was 0.011324 milliseconds in repetition 67
tcp_ping received 96 bytes back
Round trip time was 0.011398 milliseconds in repetition 68
tcp_ping received 96 bytes back
Round trip time was 0.011394 milliseconds in repetition 69
tcp_ping received 96 bytes back
Round trip time was 0.011373 milliseconds in repetition 70
tcp_ping received 96 bytes back
Round trip time was 0.01131 milliseconds in repetition 71
tcp_ping received 96 bytes back
Round trip time was 0.011397 milliseconds in repetition 72
tcp_ping received 96 bytes back
Round trip time was 0.011369 milliseconds in repetition 73
tcp_ping received 96 bytes back
Round trip time was 0.011363 milliseconds in repetition 74
tcp_ping received 96 bytes back
Round trip time was 0.011347 milliseconds in repetition 75
tcp_ping received 96 bytes back
Round trip time was 0.011376 milliseconds in repetition 76
tcp_ping received 96 bytes back
Round trip time was 0.011404 milliseconds in repetition 77
tcp_ping received 96 bytes back
Round trip time was 0.033935 milliseconds in repetition 78
tcp_ping received 96 bytes back
Round trip time was 0.012262 milliseconds in repetition 79
tcp_ping received 96 bytes back
Round trip time was 0.011438 milliseconds in repetition 80
tcp_ping received 96 bytes back
Round trip time was 0.011394 milliseconds in repetition 81
tcp_ping received 96 bytes back
Round trip time was 0.040945 milliseconds in repetition 82
tcp_ping received 96 bytes back
Round trip time was 0.014632 milliseconds in repetition 83
tcp_ping received 96 bytes back
Round trip time was 0.011707 milliseconds in repetition 84
tcp_ping received 96 bytes back
Round trip time was 0.028374 milliseconds in repetition 85
tcp_ping received 96 bytes back
Round trip time was 0.011371 milliseconds in repetition 86
tcp_ping received 96 bytes back
Round trip time was 0.011384 milliseconds in repetition 87
tcp_ping received 96 bytes back
Round trip time was 0.077806 milliseconds in repetition 88
tcp_ping received 96 bytes back
Round trip time was 0.012977 milliseconds in repetition 89
tcp_ping received 96 bytes back
Round trip time was 0.012387 milliseconds in repetition 90
tcp_ping received 96 bytes back
Round trip time was 0.333377 milliseconds in repetition 91
tcp_ping received 96 bytes back
Round trip time was 0.015287 milliseconds in repetition 92
tcp_ping received 96 bytes back
Round trip time was 0.011486 milliseconds in repetition 93
tcp_ping received 96 bytes back
Round trip time was 0.011391 milliseconds in repetition 94
tcp_ping received 96 bytes back
Round trip time was 0.011397 milliseconds in repetition 95
tcp_ping received 96 bytes back
Round trip time was 0.011355 milliseconds in repetition 96
tcp_ping received 96 bytes back
Round trip time was 0.011472 milliseconds in repetition 97
tcp_ping received 96 bytes back
Round trip time was 0.011373 milliseconds in repetition 98
tcp_ping received 96 bytes back
Round trip time was 0.011458 milliseconds in repetition 99
tcp_ping received 96 bytes back
Round trip time was 0.011429 milliseconds in repetition 100
tcp_ping received 96 bytes back
Round trip time was 0.011415 milliseconds in repetition 101
tcp_ping received 96 bytes back
Round trip time was 0.011355 milliseconds in repetition 102
tcp_ping received 96 bytes back
Round trip time was 0.011397 milliseconds in repetition 103
tcp_ping received 96 bytes back
Round trip time was 0.011358 milliseconds in repetition 104
tcp_ping received 96 bytes back
Round trip time was 0.011412 milliseconds in repetition 105
tcp_ping received 96 bytes back
Round trip time was 0.011352 milliseconds in repetition 106
tcp_ping received 96 bytes back
Round trip time was 0.011463 milliseconds in repetition 107
tcp_ping received 96 bytes back
Round trip time was 0.011369 milliseconds in repetition 108
tcp_ping received 96 bytes back
Round trip time was 0.01135 milliseconds in repetition 109
tcp_ping received 96 bytes back
Round trip time was 0.011348 milliseconds in repetition 110
tcp_ping received 96 bytes back
Round trip time was 0.01136 milliseconds in repetition 111
tcp_ping received 96 bytes back
Round trip time was 0.011355 milliseconds in repetition 112
tcp_ping received 96 bytes back
Round trip time was 0.01137 milliseconds in repetition 113
tcp_ping received 96 bytes back
Round trip time was 0.011323 milliseconds in repetition 114
tcp_ping received 96 bytes back
Round trip time was 0.011402 milliseconds in repetition 115
tcp_ping received 96 bytes back
Round trip time was 0.011367 milliseconds in repetition 116
tcp_ping received 96 bytes back
Round trip time was 0.011373 milliseconds in repetition 117
tcp_ping received 96 bytes back
Round trip time was 0.011326 milliseconds in repetition 118
tcp_ping received 96 bytes back
Round trip time was 0.011384 milliseconds in repetition 119
tcp_ping received 96 bytes back
Round trip time was 0.011345 milliseconds in repetition 120
tcp_ping received 96 bytes back
Round trip time was 0.011404 milliseconds in repetition 121
tcp_ping received 96 bytes back
Round trip time was 0.011355 milliseconds in repetition 122
tcp_ping received 96 bytes back
Round trip time was 0.032018 milliseconds in repetition 123
tcp_ping received 96 bytes back
Round trip time was 0.041088 milliseconds in repetition 124
tcp_ping received 96 bytes back
Round trip time was 0.011865 milliseconds in repetition 125
tcp_ping received 96 bytes back
Round trip time was 0.011331 milliseconds in repetition 126
tcp_ping received 96 bytes back
Round trip time was 0.011414 milliseconds in repetition 127
tcp_ping received 96 bytes back
Round trip time was 0.011418 milliseconds in repetition 128
tcp_ping received 96 bytes back
Round trip time was 0.011521 milliseconds in repetition 129
tcp_ping received 96 bytes back
Round trip time was 0.011332 milliseconds in repetition 130
tcp_ping received 96 bytes back
Round trip time was 0.011455 milliseconds in repetition 131
tcp_ping received 96 bytes back
Round trip time was 0.011329 milliseconds in repetition 132
tcp_ping received 96 bytes back
Round trip time was 0.011487 milliseconds in repetition 133
tcp_ping received 96 bytes back
Round trip time was 0.012216 milliseconds in repetition 134
tcp_ping received 96 bytes back
Round trip time was 0.011395 milliseconds in repetition 135
tcp_ping received 96 bytes back
Round trip time was 0.011422 milliseconds in repetition 136
tcp_ping received 96 bytes back
Round trip time was 0.011304 milliseconds in repetition 137
tcp_ping received 96 bytes back
Round trip time was 0.01145 milliseconds in repetition 138
tcp_ping received 96 bytes back
Round trip time was 3.80587 milliseconds in repetition 139
tcp_ping received 96 bytes back
Round trip time was 0.059304 milliseconds in repetition 140
tcp_ping received 96 bytes back
Round trip time was 0.013264 milliseconds in repetition 141
tcp_ping received 96 bytes back
Round trip time was 0.013305 milliseconds in repetition 142
tcp_ping received 96 bytes back
Round trip time was 0.024711 milliseconds in repetition 143
tcp_ping received 96 bytes back
Round trip time was 0.020206 milliseconds in repetition 144
tcp_ping received 96 bytes back
Round trip time was 0.0165 milliseconds in repetition 145
tcp_ping received 96 bytes back
Round trip time was 0.016796 milliseconds in repetition 146
tcp_ping received 96 bytes back
Round trip time was 0.020147 milliseconds in repetition 147
tcp_ping received 96 bytes back
Round trip time was 0.016802 milliseconds in repetition 148
tcp_ping received 96 bytes back
Round trip time was 0.015702 milliseconds in repetition 149
tcp_ping received 96 bytes back
Round trip time was 0.016928 milliseconds in repetition 150
tcp_ping received 96 bytes back
Round trip time was 0.015121 milliseconds in repetition 151
tcp_ping received 96 bytes back
Round trip time was 0.012973 milliseconds in repetition 152
tcp_ping received 96 bytes back
Round trip time was 0.013465 milliseconds in repetition 153
tcp_ping received 96 bytes back
Round trip time was 0.013161 milliseconds in repetition 154
tcp_ping received 96 bytes back
Round trip time was 0.012738 milliseconds in repetition 155
tcp_ping received 96 bytes back
Round trip time was 0.012637 milliseconds in repetition 156
tcp_ping received 96 bytes back
Round trip time was 0.012683 milliseconds in repetition 157
tcp_ping received 96 bytes back
Round trip time was 0.012594 milliseconds in repetition 158
tcp_ping received 96 bytes back
Round trip time was 0.012675 milliseconds in repetition 159
tcp_ping received 96 bytes back
Round trip time was 0.012563 milliseconds in repetition 160
tcp_ping received 96 bytes back
Round trip time was 0.012674 milliseconds in repetition 161
tcp_ping received 96 bytes back
Round trip time was 0.012712 milliseconds in repetition 162
tcp_ping received 96 bytes back
Round trip time was 0.012736 milliseconds in repetition 163
tcp_ping received 96 bytes back
Round trip time was 0.012637 milliseconds in repetition 164
tcp_ping received 96 bytes back
Round trip time was 0.013235 milliseconds in repetition 165
tcp_ping received 96 bytes back
Round trip time was 0.012665 milliseconds in repetition 166
tcp_ping received 96 bytes back
Round trip time was 0.012756 milliseconds in repetition 167
tcp_ping received 96 bytes back
Round trip time was 0.01272 milliseconds in repetition 168
tcp_ping received 96 bytes back
Round trip time was 0.012798 milliseconds in repetition 169
tcp_ping received 96 bytes back
Round trip time was 0.013309 milliseconds in repetition 170
tcp_ping received 96 bytes back
Round trip time was 0.012641 milliseconds in repetition 171
tcp_ping received 96 bytes back
Round trip time was 0.033436 milliseconds in repetition 172
tcp_ping received 96 bytes back
Round trip time was 0.013215 milliseconds in repetition 173
tcp_ping received 96 bytes back
Round trip time was 0.058258 milliseconds in repetition 174
tcp_ping received 96 bytes back
Round trip time was 0.012091 milliseconds in repetition 175
tcp_ping received 96 bytes back
Round trip time was 0.012137 milliseconds in repetition 176
tcp_ping received 96 bytes back
Round trip time was 0.011735 milliseconds in repetition 177
tcp_ping received 96 bytes back
Round trip time was 0.011731 milliseconds in repetition 178
tcp_ping received 96 bytes back
Round trip time was 0.034351 milliseconds in repetition 179
tcp_ping received 96 bytes back
Round trip time was 0.012839 milliseconds in repetition 180
tcp_ping received 96 bytes back
Round trip time was 0.01273 milliseconds in repetition 181
tcp_ping received 96 bytes back
Round trip time was 0.012713 milliseconds in repetition 182
tcp_ping received 96 bytes back
Round trip time was 0.01269 milliseconds in repetition 183
tcp_ping received 96 bytes back
Round trip time was 0.012612 milliseconds in repetition 184
tcp_ping received 96 bytes back
Round trip time was 0.012723 milliseconds in repetition 185
tcp_ping received 96 bytes back
Round trip time was 0.012691 milliseconds in repetition 186
tcp_ping received 96 bytes back
Round trip time was 0.012805 milliseconds in repetition 187
tcp_ping received 96 bytes back
Round trip time was 0.01265 milliseconds in repetition 188
tcp_ping received 96 bytes back
Round trip time was 0.01281 milliseconds in repetition 189
tcp_ping received 96 bytes back
Round trip time was 0.018484 milliseconds in repetition 190
tcp_ping received 96 bytes back
Round trip time was 0.011414 milliseconds in repetition 191
tcp_ping received 96 bytes back
Round trip time was 0.011381 milliseconds in repetition 192
tcp_ping received 96 bytes back
Round trip time was 0.011429 milliseconds in repetition 193
tcp_ping received 96 bytes back
Round trip time was 0.011448 milliseconds in repetition 194
tcp_ping received 96 bytes back
Round trip time was 0.011408 milliseconds in repetition 195
tcp_ping received 96 bytes back
Round trip time was 0.0114 milliseconds in repetition 196
tcp_ping received 96 bytes back
Round trip time was 0.01146 milliseconds in repetition 197
tcp_ping received 96 bytes back
Round trip time was 0.01141 milliseconds in repetition 198
tcp_ping received 96 bytes back
Round trip time was 0.011463 milliseconds in repetition 199
tcp_ping received 96 bytes back
Round trip time was 0.01134 milliseconds in repetition 200
tcp_ping received 96 bytes back
Round trip time was 0.011466 milliseconds in repetition 201
tcp_ping received 96 bytes back
Round trip time was 0.011289 milliseconds in repetition 202
tcp_ping received 96 bytes back
Round trip time was 0.011463 milliseconds in repetition 203
tcp_ping received 96 bytes back
Round trip time was 0.01137 milliseconds in repetition 204
tcp_ping received 96 bytes back
Round trip time was 0.011744 milliseconds in repetition 205
tcp_ping received 96 bytes back
Round trip time was 0.011438 milliseconds in repetition 206
tcp_ping received 96 bytes back
Round trip time was 0.011391 milliseconds in repetition 207
tcp_ping received 96 bytes back
Round trip time was 0.011357 milliseconds in repetition 208
tcp_ping received 96 bytes back
Round trip time was 0.011479 milliseconds in repetition 209
tcp_ping received 96 bytes back
Round trip time was 0.011342 milliseconds in repetition 210
tcp_ping received 96 bytes back
Round trip time was 0.01148 milliseconds in repetition 211
tcp_ping received 96 bytes back
Round trip time was 0.011405 milliseconds in repetition 212
tcp_ping received 96 bytes back
Round trip time was 0.011414 milliseconds in repetition 213
tcp_ping received 96 bytes back
Round trip time was 0.011323 milliseconds in repetition 214
tcp_ping received 96 bytes back
Round trip time was 0.011478 milliseconds in repetition 215
tcp_ping received 96 bytes back
Round trip time was 0.011355 milliseconds in repetition 216
tcp_ping received 96 bytes back
Round trip time was 0.01148 milliseconds in repetition 217
tcp_ping received 96 bytes back
Round trip time was 0.01137 milliseconds in repetition 218
tcp_ping received 96 bytes back
Round trip time was 0.011375 milliseconds in repetition 219
tcp_ping received 96 bytes back
Round trip time was 0.011359 milliseconds in repetition 220
tcp_ping received 96 bytes back
Round trip time was 0.011488 milliseconds in repetition 221
tcp_ping received 96 bytes back
Round trip time was 0.011309 milliseconds in repetition 222
tcp_ping received 96 bytes back
Round trip time was 0.011469 milliseconds in repetition 223
tcp_ping received 96 bytes back
Round trip time was 0.011956 milliseconds in repetition 224
tcp_ping received 96 bytes back
Round trip time was 0.011454 milliseconds in repetition 225
tcp_ping received 96 bytes back
Round trip time was 0.011344 milliseconds in repetition 226
tcp_ping received 96 bytes back
Round trip time was 0.011382 milliseconds in repetition 227
tcp_ping received 96 bytes back
Round trip time was 0.011378 milliseconds in repetition 228
tcp_ping received 96 bytes back
Round trip time was 0.011342 milliseconds in repetition 229
tcp_ping received 96 bytes back
Round trip time was 0.011379 milliseconds in repetition 230
tcp_ping received 96 bytes back
Round trip time was 0.011428 milliseconds in repetition 231
tcp_ping received 96 bytes back
Round trip time was 0.011295 milliseconds in repetition 232
tcp_ping received 96 bytes back
Round trip time was 0.011404 milliseconds in repetition 233
tcp_ping received 96 bytes back
Round trip time was 0.011349 milliseconds in repetition 234
tcp_ping received 96 bytes back
Round trip time was 0.011362 milliseconds in repetition 235
tcp_ping received 96 bytes back
Round trip time was 0.011354 milliseconds in repetition 236
tcp_ping received 96 bytes back
Round trip time was 0.011343 milliseconds in repetition 237
tcp_ping received 96 bytes back
Round trip time was 0.011342 milliseconds in repetition 238
tcp_ping received 96 bytes back
Round trip time was 0.011386 milliseconds in repetition 239
tcp_ping received 96 bytes back
Round trip time was 0.011357 milliseconds in repetition 240
tcp_ping received 96 bytes back
Round trip time was 0.011373 milliseconds in repetition 241
tcp_ping received 96 bytes back
Round trip time was 0.011268 milliseconds in repetition 242
tcp_ping received 96 bytes back
Round trip time was 0.011427 milliseconds in repetition 243
tcp_ping received 96 bytes back
Round trip time was 0.011288 milliseconds in repetition 244
tcp_ping received 96 bytes back
Round trip time was 0.011411 milliseconds in repetition 245
tcp_ping received 96 bytes back
Round trip time was 0.01132 milliseconds in repetition 246
tcp_ping received 96 bytes back
Round trip time was 0.011357 milliseconds in repetition 247
tcp_ping received 96 bytes back
Round trip time was 0.011374 milliseconds in repetition 248
tcp_ping received 96 bytes back
Round trip time was 0.011322 milliseconds in repetition 249
tcp_ping received 96 bytes back
Round trip time was 0.011358 milliseconds in repetition 250
tcp_ping received 96 bytes back
Round trip time was 0.031995 milliseconds in repetition 251
tcp_ping received 96 bytes back
Round trip time was 0.16905 milliseconds in repetition 252
tcp_ping received 96 bytes back
Round trip time was 0.012634 milliseconds in repetition 253
tcp_ping received 96 bytes back
Round trip time was 0.011462 milliseconds in repetition 254
tcp_ping received 96 bytes back
Round trip time was 0.011621 milliseconds in repetition 255
tcp_ping received 96 bytes back
Round trip time was 0.01144 milliseconds in repetition 256
tcp_ping received 96 bytes back
Round trip time was 0.011475 milliseconds in repetition 257
tcp_ping received 96 bytes back
Round trip time was 0.011359 milliseconds in repetition 258
tcp_ping received 96 bytes back
Round trip time was 0.01148 milliseconds in repetition 259
tcp_ping received 96 bytes back
Round trip time was 0.011473 milliseconds in repetition 260
tcp_ping received 96 bytes back
Round trip time was 0.01146 milliseconds in repetition 261
tcp_ping received 96 bytes back
Round trip time was 0.011358 milliseconds in repetition 262
tcp_ping received 96 bytes back
Round trip time was 0.011426 milliseconds in repetition 263
tcp_ping received 96 bytes back
Round trip time was 0.01137 milliseconds in repetition 264
tcp_ping received 96 bytes back
Round trip time was 0.01149 milliseconds in repetition 265
tcp_ping received 96 bytes back
Round trip time was 0.011372 milliseconds in repetition 266
tcp_ping received 96 bytes back
Round trip time was 0.011494 milliseconds in repetition 267
tcp_ping received 96 bytes back
Round trip time was 0.012333 milliseconds in repetition 268
tcp_ping received 96 bytes back
Round trip time was 0.01148 milliseconds in repetition 269
tcp_ping received 96 bytes back
Round trip time was 0.011421 milliseconds in repetition 270
tcp_ping received 96 bytes back
Round trip time was 0.011382 milliseconds in repetition 271
tcp_ping received 96 bytes back
Round trip time was 0.011415 milliseconds in repetition 272
tcp_ping received 96 bytes back
Round trip time was 0.011723 milliseconds in repetition 273
tcp_ping received 96 bytes back
Round trip time was 0.011442 milliseconds in repetition 274
tcp_ping received 96 bytes back
Round trip time was 0.011455 milliseconds in repetition 275
tcp_ping received 96 bytes back
Round trip time was 0.011405 milliseconds in repetition 276
tcp_ping received 96 bytes back
Round trip time was 0.011425 milliseconds in repetition 277
tcp_ping received 96 bytes back
Round trip time was 0.011445 milliseconds in repetition 278
tcp_ping received 96 bytes back
Round trip time was 0.011442 milliseconds in repetition 279
tcp_ping received 96 bytes back
Round trip time was 0.011432 milliseconds in repetition 280
tcp_ping received 96 bytes back
Round trip time was 0.011425 milliseconds in repetition 281
tcp_ping received 96 bytes back
Round trip time was 0.011484 milliseconds in repetition 282
tcp_ping received 96 bytes back
Round trip time was 0.011454 milliseconds in repetition 283
tcp_ping received 96 bytes back
Round trip time was 0.011389 milliseconds in repetition 284
tcp_ping received 96 bytes back
Round trip time was 0.011406 milliseconds in repetition 285
tcp_ping received 96 bytes back
Round trip time was 0.011459 milliseconds in repetition 286
tcp_ping received 96 bytes back
Round trip time was 0.011426 milliseconds in repetition 287
tcp_ping received 96 bytes back
Round trip time was 0.011453 milliseconds in repetition 288
tcp_ping received 96 bytes back
Round trip time was 0.011439 milliseconds in repetition 289
tcp_ping received 96 bytes back
Round trip time was 0.011387 milliseconds in repetition 290
tcp_ping received 96 bytes back
Round trip time was 0.011486 milliseconds in repetition 291
tcp_ping received 96 bytes back
Round trip time was 0.011415 milliseconds in repetition 292
tcp_ping received 96 bytes back
Round trip time was 0.011397 milliseconds in repetition 293
tcp_ping received 96 bytes back
Round trip time was 0.011447 milliseconds in repetition 294
tcp_ping received 96 bytes back
Round trip time was 0.01134 milliseconds in repetition 295
tcp_ping received 96 bytes back
Round trip time was 0.011453 milliseconds in repetition 296
tcp_ping received 96 bytes back
Round trip time was 0.011352 milliseconds in repetition 297
tcp_ping received 96 bytes back
Round trip time was 0.011517 milliseconds in repetition 298
tcp_ping received 96 bytes back
Round trip time was 0.011364 milliseconds in repetition 299
tcp_ping received 96 bytes back
Round trip time was 0.011376 milliseconds in repetition 300
tcp_ping received 96 bytes back
Round trip time was 0.011398 milliseconds in repetition 301
tcp_ping received 96 bytes back
Round trip time was 0.011391 milliseconds in repetition 302
tcp_ping received 96 bytes back
Round trip time was 0.011416 milliseconds in repetition 303
tcp_ping received 96 bytes back
Round trip time was 0.01137 milliseconds in repetition 304
tcp_ping received 96 bytes back
Round trip time was 0.011425 milliseconds in repetition 305
tcp_ping received 96 bytes back
Round trip time was 0.011456 milliseconds in repetition 306
tcp_ping received 96 bytes back
Round trip time was 0.011341 milliseconds in repetition 307
tcp_ping received 96 bytes back
Round trip time was 0.011377 milliseconds in repetition 308
tcp_ping received 96 bytes back
Round trip time was 0.011385 milliseconds in repetition 309
tcp_ping received 96 bytes back
Round trip time was 0.011344 milliseconds in repetition 310
tcp_ping received 96 bytes back
Round trip time was 0.011477 milliseconds in repetition 311
tcp_ping received 96 bytes back
Round trip time was 0.011377 milliseconds in repetition 312
tcp_ping received 96 bytes back
Round trip time was 0.011873 milliseconds in repetition 313
tcp_ping received 96 bytes back
Round trip time was 0.043515 milliseconds in repetition 314
tcp_ping received 96 bytes back
Round trip time was 0.032242 milliseconds in repetition 315
tcp_ping received 96 bytes back
Round trip time was 0.011595 milliseconds in repetition 316
tcp_ping received 96 bytes back
Round trip time was 0.011458 milliseconds in repetition 317
tcp_ping received 96 bytes back
Round trip time was 0.01147 milliseconds in repetition 318
tcp_ping received 96 bytes back
Round trip time was 0.011438 milliseconds in repetition 319
tcp_ping received 96 bytes back
Round trip time was 0.011482 milliseconds in repetition 320
tcp_ping received 96 bytes back
Round trip time was 0.011477 milliseconds in repetition 321
tcp_ping received 96 bytes back
Round trip time was 0.011504 milliseconds in repetition 322
tcp_ping received 96 bytes back
Round trip time was 0.011439 milliseconds in repetition 323
tcp_ping received 96 bytes back
Round trip time was 0.011501 milliseconds in repetition 324
tcp_ping received 96 bytes back
Round trip time was 0.011377 milliseconds in repetition 325
tcp_ping received 96 bytes back
Round trip time was 0.011485 milliseconds in repetition 326
tcp_ping received 96 bytes back
Round trip time was 0.011426 milliseconds in repetition 327
tcp_ping received 96 bytes back
Round trip time was 0.011482 milliseconds in repetition 328
tcp_ping received 96 bytes back
Round trip time was 0.011401 milliseconds in repetition 329
tcp_ping received 96 bytes back
Round trip time was 0.0115 milliseconds in repetition 330
tcp_ping received 96 bytes back
Round trip time was 0.011424 milliseconds in repetition 331
tcp_ping received 96 bytes back
Round trip time was 0.011493 milliseconds in repetition 332
tcp_ping received 96 bytes back
Round trip time was 0.01137 milliseconds in repetition 333
tcp_ping received 96 bytes back
Round trip time was 0.011432 milliseconds in repetition 334
tcp_ping received 96 bytes back
Round trip time was 0.011412 milliseconds in repetition 335
tcp_ping received 96 bytes back
Round trip time was 0.011446 milliseconds in repetition 336
tcp_ping received 96 bytes back
Round trip time was 0.011487 milliseconds in repetition 337
tcp_ping received 96 bytes back
Round trip time was 0.011462 milliseconds in repetition 338
tcp_ping received 96 bytes back
Round trip time was 0.011404 milliseconds in repetition 339
tcp_ping received 96 bytes back
Round trip time was 0.011444 milliseconds in repetition 340
tcp_ping received 96 bytes back
Round trip time was 0.011386 milliseconds in repetition 341
tcp_ping received 96 bytes back
Round trip time was 0.011442 milliseconds in repetition 342
tcp_ping received 96 bytes back
Round trip time was 0.011379 milliseconds in repetition 343
tcp_ping received 96 bytes back
Round trip time was 0.01147 milliseconds in repetition 344
tcp_ping received 96 bytes back
Round trip time was 0.011394 milliseconds in repetition 345
tcp_ping received 96 bytes back
Round trip time was 0.011465 milliseconds in repetition 346
tcp_ping received 96 bytes back
Round trip time was 0.011426 milliseconds in repetition 347
tcp_ping received 96 bytes back
Round trip time was 0.011416 milliseconds in repetition 348
tcp_ping received 96 bytes back
Round trip time was 0.011487 milliseconds in repetition 349
tcp_ping received 96 bytes back
Round trip time was 0.011419 milliseconds in repetition 350
tcp_ping received 96 bytes back
Round trip time was 0.011443 milliseconds in repetition 351
tcp_ping received 96 bytes back
Round trip time was 0.011617 milliseconds in repetition 352
tcp_ping received 96 bytes back
Round trip time was 0.011349 milliseconds in repetition 353
tcp_ping received 96 bytes back
Round trip time was 0.011482 milliseconds in repetition 354
tcp_ping received 96 bytes back
Round trip time was 0.011395 milliseconds in repetition 355
tcp_ping received 96 bytes back
Round trip time was 0.011449 milliseconds in repetition 356
tcp_ping received 96 bytes back
Round trip time was 0.012098 milliseconds in repetition 357
tcp_ping received 96 bytes back
Round trip time was 0.011473 milliseconds in repetition 358
tcp_ping received 96 bytes back
Round trip time was 0.011504 milliseconds in repetition 359
tcp_ping received 96 bytes back
Round trip time was 0.011335 milliseconds in repetition 360
tcp_ping received 96 bytes back
Round trip time was 0.011396 milliseconds in repetition 361
tcp_ping received 96 bytes back
Round trip time was 0.055114 milliseconds in repetition 362
tcp_ping received 96 bytes back
Round trip time was 0.012188 milliseconds in repetition 363
tcp_ping received 96 bytes back
Round trip time was 0.011398 milliseconds in repetition 364
tcp_ping received 96 bytes back
Round trip time was 0.01149 milliseconds in repetition 365
tcp_ping received 96 bytes back
Round trip time was 0.011386 milliseconds in repetition 366
tcp_ping received 96 bytes back
Round trip time was 0.011429 milliseconds in repetition 367
tcp_ping received 96 bytes back
Round trip time was 0.011355 milliseconds in repetition 368
tcp_ping received 96 bytes back
Round trip time was 0.011425 milliseconds in repetition 369
tcp_ping received 96 bytes back
Round trip time was 0.011418 milliseconds in repetition 370
tcp_ping received 96 bytes back
Round trip time was 0.011392 milliseconds in repetition 371
tcp_ping received 96 bytes back
Round trip time was 0.011325 milliseconds in repetition 372
tcp_ping received 96 bytes back
Round trip time was 0.011415 milliseconds in repetition 373
tcp_ping received 96 bytes back
Round trip time was 0.011307 milliseconds in repetition 374
tcp_ping received 96 bytes back
Round trip time was 0.011395 milliseconds in repetition 375
tcp_ping received 96 bytes back
Round trip time was 0.011357 milliseconds in repetition 376
tcp_ping received 96 bytes back
Round trip time was 0.011451 milliseconds in repetition 377
tcp_ping received 96 bytes back
Round trip time was 0.011378 milliseconds in repetition 378
tcp_ping received 96 bytes back
Round trip time was 0.011405 milliseconds in repetition 379
tcp_ping received 96 bytes back
Round trip time was 0.011396 milliseconds in repetition 380
tcp_ping received 96 bytes back
Round trip time was 0.011435 milliseconds in repetition 381
tcp_ping received 96 bytes back
Round trip time was 0.011318 milliseconds in repetition 382
tcp_ping received 96 bytes back
Round trip time was 0.011391 milliseconds in repetition 383
tcp_ping received 96 bytes back
Round trip time was 0.043449 milliseconds in repetition 384
tcp_ping received 96 bytes back
Round trip time was 0.012117 milliseconds in repetition 385
tcp_ping received 96 bytes back
Round trip time was 0.011364 milliseconds in repetition 386
tcp_ping received 96 bytes back
Round trip time was 0.011456 milliseconds in repetition 387
tcp_ping received 96 bytes back
Round trip time was 0.011357 milliseconds in repetition 388
tcp_ping received 96 bytes back
Round trip time was 0.011451 milliseconds in repetition 389
tcp_ping received 96 bytes back
Round trip time was 0.01137 milliseconds in repetition 390
tcp_ping received 96 bytes back
Round trip time was 0.011521 milliseconds in repetition 391
tcp_ping received 96 bytes back
Round trip time was 0.011417 milliseconds in repetition 392
tcp_ping received 96 bytes back
Round trip time was 0.011389 milliseconds in repetition 393
tcp_ping received 96 bytes back
Round trip time was 0.011407 milliseconds in repetition 394
tcp_ping received 96 bytes back
Round trip time was 0.011447 milliseconds in repetition 395
tcp_ping received 96 bytes back
Round trip time was 0.011352 milliseconds in repetition 396
tcp_ping received 96 bytes back
Round trip time was 0.011415 milliseconds in repetition 397
tcp_ping received 96 bytes back
Round trip time was 0.011334 milliseconds in repetition 398
tcp_ping received 96 bytes back
Round trip time was 0.011453 milliseconds in repetition 399
tcp_ping received 96 bytes back
Round trip time was 0.011339 milliseconds in repetition 400
tcp_ping received 96 bytes back
Round trip time was 0.011403 milliseconds in repetition 401
tcp_ping received 96 bytes back
Round trip time was 0.012132 milliseconds in repetition 402
tcp_ping received 96 bytes back
Round trip time was 0.011377 milliseconds in repetition 403
tcp_ping received 96 bytes back
Round trip time was 0.011451 milliseconds in repetition 404
tcp_ping received 96 bytes back
Round trip time was 0.011344 milliseconds in repetition 405
tcp_ping received 96 bytes back
Round trip time was 0.011383 milliseconds in repetition 406
tcp_ping received 96 bytes back
Round trip time was 0.011347 milliseconds in repetition 407
tcp_ping received 96 bytes back
Round trip time was 0.01141 milliseconds in repetition 408
tcp_ping received 96 bytes back
Round trip time was 0.01136 milliseconds in repetition 409
tcp_ping received 96 bytes back
Round trip time was 0.011365 milliseconds in repetition 410
tcp_ping received 96 bytes back
Round trip time was 0.011325 milliseconds in repetition 411
tcp_ping received 96 bytes back
Round trip time was 0.011492 milliseconds in repetition 412
tcp_ping received 96 bytes back
Round trip time was 0.011345 milliseconds in repetition 413
tcp_ping received 96 bytes back
Round trip time was 0.011444 milliseconds in repetition 414
tcp_ping received 96 bytes back
Round trip time was 0.011301 milliseconds in repetition 415
tcp_ping received 96 bytes back
Round trip time was 0.011498 milliseconds in repetition 416
tcp_ping received 96 bytes back
Round trip time was 0.011347 milliseconds in repetition 417
tcp_ping received 96 bytes back
Round trip time was 0.011429 milliseconds in repetition 418
tcp_ping received 96 bytes back
Round trip time was 0.011341 milliseconds in repetition 419
tcp_ping received 96 bytes back
Round trip time was 0.011437 milliseconds in repetition 420
tcp_ping received 96 bytes back
Round trip time was 0.01132 milliseconds in repetition 421
tcp_ping received 96 bytes back
Round trip time was 0.011438 milliseconds in repetition 422
tcp_ping received 96 bytes back
Round trip time was 0.01135 milliseconds in repetition 423
tcp_ping received 96 bytes back
Round trip time was 0.01145 milliseconds in repetition 424
tcp_ping received 96 bytes back
Round trip time was 0.011341 milliseconds in repetition 425
tcp_ping received 96 bytes back
Round trip time was 0.011418 milliseconds in repetition 426
tcp_ping received 96 bytes back
Round trip time was 0.01153 milliseconds in repetition 427
tcp_ping received 96 bytes back
Round trip time was 0.011383 milliseconds in repetition 428
tcp_ping received 96 bytes back
Round trip time was 0.011366 milliseconds in repetition 429
tcp_ping received 96 bytes back
Round trip time was 0.011376 milliseconds in repetition 430
tcp_ping received 96 bytes back
Round trip time was 0.011377 milliseconds in repetition 431
tcp_ping received 96 bytes back
Round trip time was 0.011441 milliseconds in repetition 432
tcp_ping received 96 bytes back
Round trip time was 0.011307 milliseconds in repetition 433
tcp_ping received 96 bytes back
Round trip time was 0.011499 milliseconds in repetition 434
tcp_ping received 96 bytes back
Round trip time was 0.011337 milliseconds in repetition 435
tcp_ping received 96 bytes back
Round trip time was 0.011397 milliseconds in repetition 436
tcp_ping received 96 bytes back
Round trip time was 0.011364 milliseconds in repetition 437
tcp_ping received 96 bytes back
Round trip time was 0.011397 milliseconds in repetition 438
tcp_ping received 96 bytes back
Round trip time was 0.011343 milliseconds in repetition 439
tcp_ping received 96 bytes back
Round trip time was 0.011394 milliseconds in repetition 440
tcp_ping received 96 bytes back
Round trip time was 0.011339 milliseconds in repetition 441
tcp_ping received 96 bytes back
Round trip time was 0.0114 milliseconds in repetition 442
tcp_ping received 96 bytes back
Round trip time was 0.011323 milliseconds in repetition 443
tcp_ping received 96 bytes back
Round trip time was 0.011401 milliseconds in repetition 444
tcp_ping received 96 bytes back
Round trip time was 0.011315 milliseconds in repetition 445
tcp_ping received 96 bytes back
Round trip time was 0.011975 milliseconds in repetition 446
tcp_ping received 96 bytes back
Round trip time was 0.011427 milliseconds in repetition 447
tcp_ping received 96 bytes back
Round trip time was 0.011416 milliseconds in repetition 448
tcp_ping received 96 bytes back
Round trip time was 0.011412 milliseconds in repetition 449
tcp_ping received 96 bytes back
Round trip time was 0.011366 milliseconds in repetition 450
tcp_ping received 96 bytes back
Round trip time was 0.011428 milliseconds in repetition 451
tcp_ping received 96 bytes back
Round trip time was 0.011443 milliseconds in repetition 452
tcp_ping received 96 bytes back
Round trip time was 0.011342 milliseconds in repetition 453
tcp_ping received 96 bytes back
Round trip time was 0.011425 milliseconds in repetition 454
tcp_ping received 96 bytes back
Round trip time was 0.011381 milliseconds in repetition 455
tcp_ping received 96 bytes back
Round trip time was 0.031487 milliseconds in repetition 456
tcp_ping received 96 bytes back
Round trip time was 0.03906 milliseconds in repetition 457
tcp_ping received 96 bytes back
Round trip time was 0.011778 milliseconds in repetition 458
tcp_ping received 96 bytes back
Round trip time was 0.011391 milliseconds in repetition 459
tcp_ping received 96 bytes back
Round trip time was 0.011482 milliseconds in repetition 460
tcp_ping received 96 bytes back
Round trip time was 0.01135 milliseconds in repetition 461
tcp_ping received 96 bytes back
Round trip time was 0.011424 milliseconds in repetition 462
tcp_ping received 96 bytes back
Round trip time was 0.01134 milliseconds in repetition 463
tcp_ping received 96 bytes back
Round trip time was 0.011529 milliseconds in repetition 464
tcp_ping received 96 bytes back
Round trip time was 0.011367 milliseconds in repetition 465
tcp_ping received 96 bytes back
Round trip time was 0.011444 milliseconds in repetition 466
tcp_ping received 96 bytes back
Round trip time was 0.011327 milliseconds in repetition 467
tcp_ping received 96 bytes back
Round trip time was 0.011466 milliseconds in repetition 468
tcp_ping received 96 bytes back
Round trip time was 0.011326 milliseconds in repetition 469
tcp_ping received 96 bytes back
Round trip time was 0.011461 milliseconds in repetition 470
tcp_ping received 96 bytes back
Round trip time was 0.01137 milliseconds in repetition 471
tcp_ping received 96 bytes back
Round trip time was 0.011445 milliseconds in repetition 472
tcp_ping received 96 bytes back
Round trip time was 0.011351 milliseconds in repetition 473
tcp_ping received 96 bytes back
Round trip time was 0.011434 milliseconds in repetition 474
tcp_ping received 96 bytes back
Round trip time was 0.011381 milliseconds in repetition 475
tcp_ping received 96 bytes back
Round trip time was 0.011516 milliseconds in repetition 476
tcp_ping received 96 bytes back
Round trip time was 0.011345 milliseconds in repetition 477
tcp_ping received 96 bytes back
Round trip time was 0.011464 milliseconds in repetition 478
tcp_ping received 96 bytes back
Round trip time was 0.011332 milliseconds in repetition 479
tcp_ping received 96 bytes back
Round trip time was 0.011491 milliseconds in repetition 480
tcp_ping received 96 bytes back
Round trip time was 0.011351 milliseconds in repetition 481
tcp_ping received 96 bytes back
Round trip time was 0.011436 milliseconds in repetition 482
tcp_ping received 96 bytes back
Round trip time was 0.011427 milliseconds in repetition 483
tcp_ping received 96 bytes back
Round trip time was 0.011378 milliseconds in repetition 484
tcp_ping received 96 bytes back
Round trip time was 0.011376 milliseconds in repetition 485
tcp_ping received 96 bytes back
Round trip time was 0.011416 milliseconds in repetition 486
tcp_ping received 96 bytes back
Round trip time was 0.011393 milliseconds in repetition 487
tcp_ping received 96 bytes back
Round trip time was 0.011456 milliseconds in repetition 488
tcp_ping received 96 bytes back
Round trip time was 0.011394 milliseconds in repetition 489
tcp_ping received 96 bytes back
Round trip time was 0.011418 milliseconds in repetition 490
tcp_ping received 96 bytes back
Round trip time was 0.011994 milliseconds in repetition 491
tcp_ping received 96 bytes back
Round trip time was 0.01153 milliseconds in repetition 492
tcp_ping received 96 bytes back
Round trip time was 0.011448 milliseconds in repetition 493
tcp_ping received 96 bytes back
Round trip time was 0.01145 milliseconds in repetition 494
tcp_ping received 96 bytes back
Round trip time was 0.011447 milliseconds in repetition 495
tcp_ping received 96 bytes back
Round trip time was 0.011534 milliseconds in repetition 496
tcp_ping received 96 bytes back
Round trip time was 0.011415 milliseconds in repetition 497
tcp_ping received 96 bytes back
Round trip time was 0.011485 milliseconds in repetition 498
tcp_ping received 96 bytes back
Round trip time was 0.011439 milliseconds in repetition 499
tcp_ping received 96 bytes back
Round trip time was 0.011472 milliseconds in repetition 500
tcp_ping received 96 bytes back
Round trip time was 0.151838 milliseconds in repetition 501

 ... clock resolution was 1e-06
TCP Ping:  Statistics over 501 repetitions of 96 byte messages

RTT : percentile 10: 0.011336, median: 0.011416, percentile 90: 0.012738, average: 0.0216552, variance: 0.0290299

RTT histogram:
0.0112545 497
0.200986 2
0.390717 1
0.580448 0
0.770179 0
0.95991 0
1.14964 0
1.33937 0
1.5291 0
1.71883 0
1.90857 0
2.0983 0
2.28803 0
2.47776 0
2.66749 0
2.85722 0
3.04695 0
3.23668 0
3.42641 0
3.61614 0
3.80588 1
   median Throughput : 16818.5 KB/s   overall Throughput : 8866.22 KB/s

