TCP Ping trying to connect to server localhost (127.0.0.1) on port 1491
 ... connected to Pong server: asking for 501 repetitions of 768 bytes TCP messages
 ... Pong server agreed :-)
tcp_ping received 768 bytes back
Round trip time was 0.017813 milliseconds in repetition 1
tcp_ping received 768 bytes back
Round trip time was 0.013843 milliseconds in repetition 2
tcp_ping received 768 bytes back
Round trip time was 0.013423 milliseconds in repetition 3
tcp_ping received 768 bytes back
Round trip time was 0.013458 milliseconds in repetition 4
tcp_ping received 768 bytes back
Round trip time was 0.013385 milliseconds in repetition 5
tcp_ping received 768 bytes back
Round trip time was 0.013289 milliseconds in repetition 6
tcp_ping received 768 bytes back
Round trip time was 0.013376 milliseconds in repetition 7
tcp_ping received 768 bytes back
Round trip time was 0.011212 milliseconds in repetition 8
tcp_ping received 768 bytes back
Round trip time was 0.011081 milliseconds in repetition 9
tcp_ping received 768 bytes back
Round trip time was 0.01089 milliseconds in repetition 10
tcp_ping received 768 bytes back
Round trip time was 0.010841 milliseconds in repetition 11
tcp_ping received 768 bytes back
Round trip time was 0.011153 milliseconds in repetition 12
tcp_ping received 768 bytes back
Round trip time was 0.010951 milliseconds in repetition 13
tcp_ping received 768 bytes back
Round trip time was 0.010838 milliseconds in repetition 14
tcp_ping received 768 bytes back
Round trip time was 0.010988 milliseconds in repetition 15
tcp_ping received 768 bytes back
Round trip time was 0.010797 milliseconds in repetition 16
tcp_ping received 768 bytes back
Round trip time was 0.010893 milliseconds in repetition 17
tcp_ping received 768 bytes back
Round trip time was 0.010887 milliseconds in repetition 18
tcp_ping received 768 bytes back
Round trip time was 0.010906 milliseconds in repetition 19
tcp_ping received 768 bytes back
Round trip time was 0.010859 milliseconds in repetition 20
tcp_ping received 768 bytes back
Round trip time was 0.010883 milliseconds in repetition 21
tcp_ping received 768 bytes back
Round trip time was 0.010865 milliseconds in repetition 22
tcp_ping received 768 bytes back
Round trip time was 0.011007 milliseconds in repetition 23
tcp_ping received 768 bytes back
Round trip time was 0.010804 milliseconds in repetition 24
tcp_ping received 768 bytes back
Round trip time was 0.010909 milliseconds in repetition 25
tcp_ping received 768 bytes back
Round trip time was 0.010838 milliseconds in repetition 26
tcp_ping received 768 bytes back
Round trip time was 0.010861 milliseconds in repetition 27
tcp_ping received 768 bytes back
Round trip time was 0.010837 milliseconds in repetition 28
tcp_ping received 768 bytes back
Round trip time was 0.050102 milliseconds in repetition 29
tcp_ping received 768 bytes back
Round trip time was 0.014394 milliseconds in repetition 30
tcp_ping received 768 bytes back
Round trip time was 0.010986 milliseconds in repetition 31
tcp_ping received 768 bytes back
Round trip time was 0.010842 milliseconds in repetition 32
tcp_ping received 768 bytes back
Round trip time was 0.010881 milliseconds in repetition 33
tcp_ping received 768 bytes back
Round trip time was 0.01079 milliseconds in repetition 34
tcp_ping received 768 bytes back
Round trip time was 0.010987 milliseconds in repetition 35
tcp_ping received 768 bytes back
Round trip time was 0.010796 milliseconds in repetition 36
tcp_ping received 768 bytes back
Round trip time was 0.010856 milliseconds in repetition 37
tcp_ping received 768 bytes back
Round trip time was 0.010799 milliseconds in repetition 38
tcp_ping received 768 bytes back
Round trip time was 0.010838 milliseconds in repetition 39
tcp_ping received 768 bytes back
Round trip time was 0.010782 milliseconds in repetition 40
tcp_ping received 768 bytes back
Round trip time was 0.010844 milliseconds in repetition 41
tcp_ping received 768 bytes back
Round trip time was 0.010811 milliseconds in repetition 42
tcp_ping received 768 bytes back
Round trip time was 0.010842 milliseconds in repetition 43
tcp_ping received 768 bytes back
Round trip time was 0.012114 milliseconds in repetition 44
tcp_ping received 768 bytes back
Round trip time was 0.010961 milliseconds in repetition 45
tcp_ping received 768 bytes back
Round trip time was 0.010754 milliseconds in repetition 46
tcp_ping received 768 bytes back
Round trip time was 0.010934 milliseconds in repetition 47
tcp_ping received 768 bytes back
Round trip time was 0.010827 milliseconds in repetition 48
tcp_ping received 768 bytes back
Round trip time was 0.010844 milliseconds in repetition 49
tcp_ping received 768 bytes back
Round trip time was 0.010777 milliseconds in repetition 50
tcp_ping received 768 bytes back
Round trip time was 0.010816 milliseconds in repetition 51
tcp_ping received 768 bytes back
Round trip time was 0.01078 milliseconds in repetition 52
tcp_ping received 768 bytes back
Round trip time was 0.010847 milliseconds in repetition 53
tcp_ping received 768 bytes back
Round trip time was 0.010775 milliseconds in repetition 54
tcp_ping received 768 bytes back
Round trip time was 0.010845 milliseconds in repetition 55
tcp_ping received 768 bytes back
Round trip time was 0.010823 milliseconds in repetition 56
tcp_ping received 768 bytes back
Round trip time was 0.010945 milliseconds in repetition 57
tcp_ping received 768 bytes back
Round trip time was 0.010822 milliseconds in repetition 58
tcp_ping received 768 bytes back
Round trip time was 0.010852 milliseconds in repetition 59
tcp_ping received 768 bytes back
Round trip time was 0.010839 milliseconds in repetition 60
tcp_ping received 768 bytes back
Round trip time was 0.010918 milliseconds in repetition 61
tcp_ping received 768 bytes back
Round trip time was 0.044025 milliseconds in repetition 62
tcp_ping received 768 bytes back
Round trip time was 0.012041 milliseconds in repetition 63
tcp_ping received 768 bytes back
Round trip time was 0.010956 milliseconds in repetition 64
tcp_ping received 768 bytes back
Round trip time was 0.010761 milliseconds in repetition 65
tcp_ping received 768 bytes back
Round trip time was 0.010882 milliseconds in repetition 66
tcp_ping received 768 bytes back
Round trip time was 0.010813 milliseconds in repetition 67
tcp_ping received 768 bytes back
Round trip time was 0.01084 milliseconds in repetition 68
tcp_ping received 768 bytes back
Round trip time was 0.010846 milliseconds in repetition 69
tcp_ping received 768 bytes back
Round trip time was 0.010872 milliseconds in repetition 70
tcp_ping received 768 bytes back
Round trip time was 0.010806 milliseconds in repetition 71
tcp_ping received 768 bytes back
Round trip time was 0.010846 milliseconds in repetition 72
tcp_ping received 768 bytes back
Round trip time was 0.010824 milliseconds in repetition 73
tcp_ping received 768 bytes back
Round trip time was 0.010843 milliseconds in repetition 74
tcp_ping received 768 bytes back
Round trip time was 0.010816 milliseconds in repetition 75
tcp_ping received 768 bytes back
Round trip time was 0.010834 milliseconds in repetition 76
tcp_ping received 768 bytes back
Round trip time was 0.010771 milliseconds in repetition 77
tcp_ping received 768 bytes back
Round trip time was 0.010942 milliseconds in repetition 78
tcp_ping received 768 bytes back
Round trip time was 0.010775 milliseconds in repetition 79
tcp_ping received 768 bytes back
Round trip time was 0.010892 milliseconds in repetition 80
tcp_ping received 768 bytes back
Round trip time was 0.010753 milliseconds in repetition 81
tcp_ping received 768 bytes back
Round trip time was 0.010838 milliseconds in repetition 82
tcp_ping received 768 bytes back
Round trip time was 0.010787 milliseconds in repetition 83
tcp_ping received 768 bytes back
Round trip time was 0.010855 milliseconds in repetition 84
tcp_ping received 768 bytes back
Round trip time was 0.010805 milliseconds in repetition 85
tcp_ping received 768 bytes back
Round trip time was 0.010888 milliseconds in repetition 86
tcp_ping received 768 bytes back
Round trip time was 0.010766 milliseconds in repetition 87
tcp_ping received 768 bytes back
Round trip time was 0.010891 milliseconds in repetition 88
tcp_ping received 768 bytes back
Round trip time was 0.011567 milliseconds in repetition 89
tcp_ping received 768 bytes back
Round trip time was 0.011242 milliseconds in repetition 90
tcp_ping received 768 bytes back
Round trip time was 0.010798 milliseconds in repetition 91
tcp_ping received 768 bytes back
Round trip time was 0.010833 milliseconds in repetition 92
tcp_ping received 768 bytes back
Round trip time was 0.010758 milliseconds in repetition 93
tcp_ping received 768 bytes back
Round trip time was 0.010793 milliseconds in repetition 94
tcp_ping received 768 bytes back
Round trip time was 0.010748 milliseconds in repetition 95
tcp_ping received 768 bytes back
Round trip time was 0.010881 milliseconds in repetition 96
tcp_ping received 768 bytes back
Round trip time was 0.010703 milliseconds in repetition 97
tcp_ping received 768 bytes back
Round trip time was 0.01088 milliseconds in repetition 98
tcp_ping received 768 bytes back
Round trip time was 0.010742 milliseconds in repetition 99
tcp_ping received 768 bytes back
Round trip time was 0.010824 milliseconds in repetition 100
tcp_ping received 768 bytes back
Round trip time was 0.01078 milliseconds in repetition 101
tcp_ping received 768 bytes back
Round trip time was 0.010841 milliseconds in repetition 102
tcp_ping received 768 bytes back
Round trip time was 0.010731 milliseconds in repetition 103
tcp_ping received 768 bytes back
Round trip time was 0.028043 milliseconds in repetition 104
tcp_ping received 768 bytes back
Round trip time was 0.011387 milliseconds in repetition 105
tcp_ping received 768 bytes back
Round trip time was 0.010863 milliseconds in repetition 106
tcp_ping received 768 bytes back
Round trip time was 0.010757 milliseconds in repetition 107
tcp_ping received 768 bytes back
Round trip time was 0.010832 milliseconds in repetition 108
tcp_ping received 768 bytes back
Round trip time was 0.010764 milliseconds in repetition 109
tcp_ping received 768 bytes back
Round trip time was 0.010881 milliseconds in repetition 110
tcp_ping received 768 bytes back
Round trip time was 0.010685 milliseconds in repetition 111
tcp_ping received 768 bytes back
Round trip time was 0.010784 milliseconds in repetition 112
tcp_ping received 768 bytes back
Round trip time was 0.010809 milliseconds in repetition 113
tcp_ping received 768 bytes back
Round trip time was 0.010809 milliseconds in repetition 114
tcp_ping received 768 bytes back
Round trip time was 0.010787 milliseconds in repetition 115
tcp_ping received 768 bytes back
Round trip time was 0.010851 milliseconds in repetition 116
tcp_ping received 768 bytes back
Round trip time was 0.01072 milliseconds in repetition 117
tcp_ping received 768 bytes back
Round trip time was 0.010831 milliseconds in repetition 118
tcp_ping received 768 bytes back
Round trip time was 0.010748 milliseconds in repetition 119
tcp_ping received 768 bytes back
Round trip time was 0.010827 milliseconds in repetition 120
tcp_ping received 768 bytes back
Round trip time was 0.010737 milliseconds in repetition 121
tcp_ping received 768 bytes back
Round trip time was 0.010816 milliseconds in repetition 122
tcp_ping received 768 bytes back
Round trip time was 0.010833 milliseconds in repetition 123
tcp_ping received 768 bytes back
Round trip time was 0.010833 milliseconds in repetition 124
tcp_ping received 768 bytes back
Round trip time was 0.01073 milliseconds in repetition 125
tcp_ping received 768 bytes back
Round trip time was 0.01081 milliseconds in repetition 126
tcp_ping received 768 bytes back
Round trip time was 0.010745 milliseconds in repetition 127
tcp_ping received 768 bytes back
Round trip time was 0.010837 milliseconds in repetition 128
tcp_ping received 768 bytes back
Round trip time was 0.010763 milliseconds in repetition 129
tcp_ping received 768 bytes back
Round trip time was 0.010828 milliseconds in repetition 130
tcp_ping received 768 bytes back
Round trip time was 0.010743 milliseconds in repetition 131
tcp_ping received 768 bytes back
Round trip time was 0.010893 milliseconds in repetition 132
tcp_ping received 768 bytes back
Round trip time was 0.011321 milliseconds in repetition 133
tcp_ping received 768 bytes back
Round trip time was 0.010897 milliseconds in repetition 134
tcp_ping received 768 bytes back
Round trip time was 0.010837 milliseconds in repetition 135
tcp_ping received 768 bytes back
Round trip time was 0.010828 milliseconds in repetition 136
tcp_ping received 768 bytes back
Round trip time was 0.12113 milliseconds in repetition 137
tcp_ping received 768 bytes back
Round trip time was 0.012169 milliseconds in repetition 138
tcp_ping received 768 bytes back
Round trip time was 0.010873 milliseconds in repetition 139
tcp_ping received 768 bytes back
Round trip time was 0.01094 milliseconds in repetition 140
tcp_ping received 768 bytes back
Round trip time was 0.010784 milliseconds in repetition 141
tcp_ping received 768 bytes back
Round trip time was 0.010831 milliseconds in repetition 142
tcp_ping received 768 bytes back
Round trip time was 0.010778 milliseconds in repetition 143
tcp_ping received 768 bytes back
Round trip time was 0.010883 milliseconds in repetition 144
tcp_ping received 768 bytes back
Round trip time was 0.010868 milliseconds in repetition 145
tcp_ping received 768 bytes back
Round trip time was 0.021798 milliseconds in repetition 146
tcp_ping received 768 bytes back
Round trip time was 0.010742 milliseconds in repetition 147
tcp_ping received 768 bytes back
Round trip time was 0.010809 milliseconds in repetition 148
tcp_ping received 768 bytes back
Round trip time was 0.010751 milliseconds in repetition 149
tcp_ping received 768 bytes back
Round trip time was 0.010819 milliseconds in repetition 150
tcp_ping received 768 bytes back
Round trip time was 0.010779 milliseconds in repetition 151
tcp_ping received 768 bytes back
Round trip time was 0.010808 milliseconds in repetition 152
tcp_ping received 768 bytes back
Round trip time was 0.010864 milliseconds in repetition 153
tcp_ping received 768 bytes back
Round trip time was 0.010797 milliseconds in repetition 154
tcp_ping received 768 bytes back
Round trip time was 0.010802 milliseconds in repetition 155
tcp_ping received 768 bytes back
Round trip time was 0.010827 milliseconds in repetition 156
tcp_ping received 768 bytes back
Round trip time was 0.010816 milliseconds in repetition 157
tcp_ping received 768 bytes back
Round trip time was 0.010879 milliseconds in repetition 158
tcp_ping received 768 bytes back
Round trip time was 0.010737 milliseconds in repetition 159
tcp_ping received 768 bytes back
Round trip time was 0.010839 milliseconds in repetition 160
tcp_ping received 768 bytes back
Round trip time was 0.010803 milliseconds in repetition 161
tcp_ping received 768 bytes back
Round trip time was 0.010868 milliseconds in repetition 162
tcp_ping received 768 bytes back
Round trip time was 0.010778 milliseconds in repetition 163
tcp_ping received 768 bytes back
Round trip time was 0.010814 milliseconds in repetition 164
tcp_ping received 768 bytes back
Round trip time was 0.010756 milliseconds in repetition 165
tcp_ping received 768 bytes back
Round trip time was 0.011012 milliseconds in repetition 166
tcp_ping received 768 bytes back
Round trip time was 0.010744 milliseconds in repetition 167
tcp_ping received 768 bytes back
Round trip time was 0.010819 milliseconds in repetition 168
tcp_ping received 768 bytes back
Round trip time was 0.010858 milliseconds in repetition 169
tcp_ping received 768 bytes back
Round trip time was 0.01085 milliseconds in repetition 170
tcp_ping received 768 bytes back
Round trip time was 0.010765 milliseconds in repetition 171
tcp_ping received 768 bytes back
Round trip time was 0.146449 milliseconds in repetition 172
tcp_ping received 768 bytes back
Round trip time was 0.0147 milliseconds in repetition 173
tcp_ping received 768 bytes back
Round trip time was 0.010909 milliseconds in repetition 174
tcp_ping received 768 bytes back
Round trip time was 0.0108 milliseconds in repetition 175
tcp_ping received 768 bytes back
Round trip time was 0.010883 milliseconds in repetition 176
tcp_ping received 768 bytes back
Round trip time was 0.011659 milliseconds in repetition 177
tcp_ping received 768 bytes back
Round trip time was 0.010865 milliseconds in repetition 178
tcp_ping received 768 bytes back
Round trip time was 0.01084 milliseconds in repetition 179
tcp_ping received 768 bytes back
Round trip time was 0.010857 milliseconds in repetition 180
tcp_ping received 768 bytes back
Round trip time was 0.010786 milliseconds in repetition 181
tcp_ping received 768 bytes back
Round trip time was 0.010918 milliseconds in repetition 182
tcp_ping received 768 bytes back
Round trip time was 0.010796 milliseconds in repetition 183
tcp_ping received 768 bytes back
Round trip time was 0.010795 milliseconds in repetition 184
tcp_ping received 768 bytes back
Round trip time was 0.010819 milliseconds in repetition 185
tcp_ping received 768 bytes back
Round trip time was 0.010879 milliseconds in repetition 186
tcp_ping received 768 bytes back
Round trip time was 0.010774 milliseconds in repetition 187
tcp_ping received 768 bytes back
Round trip time was 0.010871 milliseconds in repetition 188
tcp_ping received 768 bytes back
Round trip time was 0.010755 milliseconds in repetition 189
tcp_ping received 768 bytes back
Round trip time was 0.01087 milliseconds in repetition 190
tcp_ping received 768 bytes back
Round trip time was 0.010772 milliseconds in repetition 191
tcp_ping received 768 bytes back
Round trip time was 0.010793 milliseconds in repetition 192
tcp_ping received 768 bytes back
Round trip time was 0.010812 milliseconds in repetition 193
tcp_ping received 768 bytes back
Round trip time was 0.010805 milliseconds in repetition 194
tcp_ping received 768 bytes back
Round trip time was 0.031671 milliseconds in repetition 195
tcp_ping received 768 bytes back
Round trip time was 1.51907 milliseconds in repetition 196
tcp_ping received 768 bytes back
Round trip time was 0.022509 milliseconds in repetition 197
tcp_ping received 768 bytes back
Round trip time was 0.01127 milliseconds in repetition 198
tcp_ping received 768 bytes back
Round trip time was 0.011164 milliseconds in repetition 199
tcp_ping received 768 bytes back
Round trip time was 0.01104 milliseconds in repetition 200
tcp_ping received 768 bytes back
Round trip time was 0.011099 milliseconds in repetition 201
tcp_ping received 768 bytes back
Round trip time was 0.011113 milliseconds in repetition 202
tcp_ping received 768 bytes back
Round trip time was 0.011113 milliseconds in repetition 203
tcp_ping received 768 bytes back
Round trip time was 0.011092 milliseconds in repetition 204
tcp_ping received 768 bytes back
Round trip time was 0.011106 milliseconds in repetition 205
tcp_ping received 768 bytes back
Round trip time was 0.011039 milliseconds in repetition 206
tcp_ping received 768 bytes back
Round trip time was 0.01111 milliseconds in repetition 207
tcp_ping received 768 bytes back
Round trip time was 0.010982 milliseconds in repetition 208
tcp_ping received 768 bytes back
Round trip time was 0.011097 milliseconds in repetition 209
tcp_ping received 768 bytes back
Round trip time was 0.010999 milliseconds in repetition 210
tcp_ping received 768 bytes back
Round trip time was 0.011054 milliseconds in repetition 211
tcp_ping received 768 bytes back
Round trip time was 0.011036 milliseconds in repetition 212
tcp_ping received 768 bytes back
Round trip time was 0.01108 milliseconds in repetition 213
tcp_ping received 768 bytes back
Round trip time was 0.011013 milliseconds in repetition 214
tcp_ping received 768 bytes back
Round trip time was 0.011094 milliseconds in repetition 215
tcp_ping received 768 bytes back
Round trip time was 0.010998 milliseconds in repetition 216
tcp_ping received 768 bytes back
Round trip time was 0.011093 milliseconds in repetition 217
tcp_ping received 768 bytes back
Round trip time was 0.011019 milliseconds in repetition 218
tcp_ping received 768 bytes back
Round trip time was 0.011137 milliseconds in repetition 219
tcp_ping received 768 bytes back
Round trip time was 0.010995 milliseconds in repetition 220
tcp_ping received 768 bytes back
Round trip time was 0.011834 milliseconds in repetition 221
tcp_ping received 768 bytes back
Round trip time was 0.011114 milliseconds in repetition 222
tcp_ping received 768 bytes back
Round trip time was 0.048569 milliseconds in repetition 223
tcp_ping received 768 bytes back
Round trip time was 0.06397 milliseconds in repetition 224
tcp_ping received 768 bytes back
Round trip time was 0.011636 milliseconds in repetition 225
tcp_ping received 768 bytes back
Round trip time was 0.011154 milliseconds in repetition 226
tcp_ping received 768 bytes back
Round trip time was 0.011044 milliseconds in repetition 227
tcp_ping received 768 bytes back
Round trip time was 0.011069 milliseconds in repetition 228
tcp_ping received 768 bytes back
Round trip time was 0.011011 milliseconds in repetition 229
tcp_ping received 768 bytes back
Round trip time was 0.011138 milliseconds in repetition 230
tcp_ping received 768 bytes back
Round trip time was 0.011318 milliseconds in repetition 231
tcp_ping received 768 bytes back
Round trip time was 0.011115 milliseconds in repetition 232
tcp_ping received 768 bytes back
Round trip time was 0.011059 milliseconds in repetition 233
tcp_ping received 768 bytes back
Round trip time was 0.01112 milliseconds in repetition 234
tcp_ping received 768 bytes back
Round trip time was 0.01115 milliseconds in repetition 235
tcp_ping received 768 bytes back
Round trip time was 0.011087 milliseconds in repetition 236
tcp_ping received 768 bytes back
Round trip time was 0.011024 milliseconds in repetition 237
tcp_ping received 768 bytes back
Round trip time was 0.011063 milliseconds in repetition 238
tcp_ping received 768 bytes back
Round trip time was 0.011005 milliseconds in repetition 239
tcp_ping received 768 bytes back
Round trip time was 0.011171 milliseconds in repetition 240
tcp_ping received 768 bytes back
Round trip time was 0.011048 milliseconds in repetition 241
tcp_ping received 768 bytes back
Round trip time was 0.011095 milliseconds in repetition 242
tcp_ping received 768 bytes back
Round trip time was 0.011015 milliseconds in repetition 243
tcp_ping received 768 bytes back
Round trip time was 0.011064 milliseconds in repetition 244
tcp_ping received 768 bytes back
Round trip time was 0.011038 milliseconds in repetition 245
tcp_ping received 768 bytes back
Round trip time was 0.011083 milliseconds in repetition 246
tcp_ping received 768 bytes back
Round trip time was 0.011013 milliseconds in repetition 247
tcp_ping received 768 bytes back
Round trip time was 0.011135 milliseconds in repetition 248
tcp_ping received 768 bytes back
Round trip time was 0.010987 milliseconds in repetition 249
tcp_ping received 768 bytes back
Round trip time was 0.011167 milliseconds in repetition 250
tcp_ping received 768 bytes back
Round trip time was 0.010994 milliseconds in repetition 251
tcp_ping received 768 bytes back
Round trip time was 0.011081 milliseconds in repetition 252
tcp_ping received 768 bytes back
Round trip time was 0.011072 milliseconds in repetition 253
tcp_ping received 768 bytes back
Round trip time was 0.011202 milliseconds in repetition 254
tcp_ping received 768 bytes back
Round trip time was 0.011041 milliseconds in repetition 255
tcp_ping received 768 bytes back
Round trip time was 0.011052 milliseconds in repetition 256
tcp_ping received 768 bytes back
Round trip time was 0.011961 milliseconds in repetition 257
tcp_ping received 768 bytes back
Round trip time was 0.012044 milliseconds in repetition 258
tcp_ping received 768 bytes back
Round trip time was 0.050553 milliseconds in repetition 259
tcp_ping received 768 bytes back
Round trip time was 0.011085 milliseconds in repetition 260
tcp_ping received 768 bytes back
Round trip time was 0.050018 milliseconds in repetition 261
tcp_ping received 768 bytes back
Round trip time was 0.012082 milliseconds in repetition 262
tcp_ping received 768 bytes back
Round trip time was 0.124591 milliseconds in repetition 263
tcp_ping received 768 bytes back
Round trip time was 0.01185 milliseconds in repetition 264
tcp_ping received 768 bytes back
Round trip time was 0.049844 milliseconds in repetition 265
tcp_ping received 768 bytes back
Round trip time was 0.01206 milliseconds in repetition 266
tcp_ping received 768 bytes back
Round trip time was 0.012112 milliseconds in repetition 267
tcp_ping received 768 bytes back
Round trip time was 0.011992 milliseconds in repetition 268
tcp_ping received 768 bytes back
Round trip time was 0.012096 milliseconds in repetition 269
tcp_ping received 768 bytes back
Round trip time was 0.011998 milliseconds in repetition 270
tcp_ping received 768 bytes back
Round trip time was 0.075455 milliseconds in repetition 271
tcp_ping received 768 bytes back
Round trip time was 0.059082 milliseconds in repetition 272
tcp_ping received 768 bytes back
Round trip time was 0.048235 milliseconds in repetition 273
tcp_ping received 768 bytes back
Round trip time was 0.051029 milliseconds in repetition 274
tcp_ping received 768 bytes back
Round trip time was 0.016782 milliseconds in repetition 275
tcp_ping received 768 bytes back
Round trip time was 0.01649 milliseconds in repetition 276
tcp_ping received 768 bytes back
Round trip time was 0.017308 milliseconds in repetition 277
tcp_ping received 768 bytes back
Round trip time was 0.016614 milliseconds in repetition 278
tcp_ping received 768 bytes back
Round trip time was 0.016605 milliseconds in repetition 279
tcp_ping received 768 bytes back
Round trip time was 0.016241 milliseconds in repetition 280
tcp_ping received 768 bytes back
Round trip time was 0.016972 milliseconds in repetition 281
tcp_ping received 768 bytes back
Round trip time was 0.130564 milliseconds in repetition 282
tcp_ping received 768 bytes back
Round trip time was 0.09802 milliseconds in repetition 283
tcp_ping received 768 bytes back
Round trip time was 0.012062 milliseconds in repetition 284
tcp_ping received 768 bytes back
Round trip time was 0.011677 milliseconds in repetition 285
tcp_ping received 768 bytes back
Round trip time was 0.011733 milliseconds in repetition 286
tcp_ping received 768 bytes back
Round trip time was 0.013095 milliseconds in repetition 287
tcp_ping received 768 bytes back
Round trip time was 0.013 milliseconds in repetition 288
tcp_ping received 768 bytes back
Round trip time was 0.012893 milliseconds in repetition 289
tcp_ping received 768 bytes back
Round trip time was 0.012949 milliseconds in repetition 290
tcp_ping received 768 bytes back
Round trip time was 0.012855 milliseconds in repetition 291
tcp_ping received 768 bytes back
Round trip time was 0.012889 milliseconds in repetition 292
tcp_ping received 768 bytes back
Round trip time was 0.01294 milliseconds in repetition 293
tcp_ping received 768 bytes back
Round trip time was 0.012892 milliseconds in repetition 294
tcp_ping received 768 bytes back
Round trip time was 0.012876 milliseconds in repetition 295
tcp_ping received 768 bytes back
Round trip time was 0.013156 milliseconds in repetition 296
tcp_ping received 768 bytes back
Round trip time was 0.013074 milliseconds in repetition 297
tcp_ping received 768 bytes back
Round trip time was 0.012892 milliseconds in repetition 298
tcp_ping received 768 bytes back
Round trip time was 0.012839 milliseconds in repetition 299
tcp_ping received 768 bytes back
Round trip time was 0.012876 milliseconds in repetition 300
tcp_ping received 768 bytes back
Round trip time was 0.012901 milliseconds in repetition 301
tcp_ping received 768 bytes back
Round trip time was 0.01287 milliseconds in repetition 302
tcp_ping received 768 bytes back
Round trip time was 0.012871 milliseconds in repetition 303
tcp_ping received 768 bytes back
Round trip time was 0.012871 milliseconds in repetition 304
tcp_ping received 768 bytes back
Round trip time was 0.012836 milliseconds in repetition 305
tcp_ping received 768 bytes back
Round trip time was 0.012937 milliseconds in repetition 306
tcp_ping received 768 bytes back
Round trip time was 0.012862 milliseconds in repetition 307
tcp_ping received 768 bytes back
Round trip time was 0.037449 milliseconds in repetition 308
tcp_ping received 768 bytes back
Round trip time was 0.036021 milliseconds in repetition 309
tcp_ping received 768 bytes back
Round trip time was 0.012082 milliseconds in repetition 310
tcp_ping received 768 bytes back
Round trip time was 0.012002 milliseconds in repetition 311
tcp_ping received 768 bytes back
Round trip time was 0.011972 milliseconds in repetition 312
tcp_ping received 768 bytes back
Round trip time was 0.012 milliseconds in repetition 313
tcp_ping received 768 bytes back
Round trip time was 0.011841 milliseconds in repetition 314
tcp_ping received 768 bytes back
Round trip time was 0.011867 milliseconds in repetition 315
tcp_ping received 768 bytes back
Round trip time was 0.011877 milliseconds in repetition 316
tcp_ping received 768 bytes back
Round trip time was 0.011919 milliseconds in repetition 317
tcp_ping received 768 bytes back
Round trip time was 0.011896 milliseconds in repetition 318
tcp_ping received 768 bytes back
Round trip time was 0.011932 milliseconds in repetition 319
tcp_ping received 768 bytes back
Round trip time was 0.011846 milliseconds in repetition 320
tcp_ping received 768 bytes back
Round trip time was 0.011918 milliseconds in repetition 321
tcp_ping received 768 bytes back
Round trip time was 0.011889 milliseconds in repetition 322
tcp_ping received 768 bytes back
Round trip time was 0.011923 milliseconds in repetition 323
tcp_ping received 768 bytes back
Round trip time was 0.011932 milliseconds in repetition 324
tcp_ping received 768 bytes back
Round trip time was 0.01191 milliseconds in repetition 325
tcp_ping received 768 bytes back
Round trip time was 0.011842 milliseconds in repetition 326
tcp_ping received 768 bytes back
Round trip time was 0.011894 milliseconds in repetition 327
tcp_ping received 768 bytes back
Round trip time was 0.011869 milliseconds in repetition 328
tcp_ping received 768 bytes back
Round trip time was 0.011962 milliseconds in repetition 329
tcp_ping received 768 bytes back
Round trip time was 0.011851 milliseconds in repetition 330
tcp_ping received 768 bytes back
Round trip time was 0.011889 milliseconds in repetition 331
tcp_ping received 768 bytes back
Round trip time was 0.011842 milliseconds in repetition 332
tcp_ping received 768 bytes back
Round trip time was 0.011911 milliseconds in repetition 333
tcp_ping received 768 bytes back
Round trip time was 0.011888 milliseconds in repetition 334
tcp_ping received 768 bytes back
Round trip time was 0.011884 milliseconds in repetition 335
tcp_ping received 768 bytes back
Round trip time was 0.011866 milliseconds in repetition 336
tcp_ping received 768 bytes back
Round trip time was 0.011955 milliseconds in repetition 337
tcp_ping received 768 bytes back
Round trip time was 0.011919 milliseconds in repetition 338
tcp_ping received 768 bytes back
Round trip time was 0.011956 milliseconds in repetition 339
tcp_ping received 768 bytes back
Round trip time was 0.011922 milliseconds in repetition 340
tcp_ping received 768 bytes back
Round trip time was 0.011963 milliseconds in repetition 341
tcp_ping received 768 bytes back
Round trip time was 0.011858 milliseconds in repetition 342
tcp_ping received 768 bytes back
Round trip time was 0.011936 milliseconds in repetition 343
tcp_ping received 768 bytes back
Round trip time was 0.011903 milliseconds in repetition 344
tcp_ping received 768 bytes back
Round trip time was 0.011896 milliseconds in repetition 345
tcp_ping received 768 bytes back
Round trip time was 0.011923 milliseconds in repetition 346
tcp_ping received 768 bytes back
Round trip time was 0.01188 milliseconds in repetition 347
tcp_ping received 768 bytes back
Round trip time was 0.011934 milliseconds in repetition 348
tcp_ping received 768 bytes back
Round trip time was 0.011899 milliseconds in repetition 349
tcp_ping received 768 bytes back
Round trip time was 0.011842 milliseconds in repetition 350
tcp_ping received 768 bytes back
Round trip time was 0.011928 milliseconds in repetition 351
tcp_ping received 768 bytes back
Round trip time was 0.011845 milliseconds in repetition 352
tcp_ping received 768 bytes back
Round trip time was 0.012609 milliseconds in repetition 353
tcp_ping received 768 bytes back
Round trip time was 0.011903 milliseconds in repetition 354
tcp_ping received 768 bytes back
Round trip time was 0.012071 milliseconds in repetition 355
tcp_ping received 768 bytes back
Round trip time was 0.011857 milliseconds in repetition 356
tcp_ping received 768 bytes back
Round trip time was 0.011921 milliseconds in repetition 357
tcp_ping received 768 bytes back
Round trip time was 0.011862 milliseconds in repetition 358
tcp_ping received 768 bytes back
Round trip time was 0.011897 milliseconds in repetition 359
tcp_ping received 768 bytes back
Round trip time was 0.011882 milliseconds in repetition 360
tcp_ping received 768 bytes back
Round trip time was 0.01187 milliseconds in repetition 361
tcp_ping received 768 bytes back
Round trip time was 0.011817 milliseconds in repetition 362
tcp_ping received 768 bytes back
Round trip time was 0.011929 milliseconds in repetition 363
tcp_ping received 768 bytes back
Round trip time was 0.011816 milliseconds in repetition 364
tcp_ping received 768 bytes back
Round trip time was 0.011913 milliseconds in repetition 365
tcp_ping received 768 bytes back
Round trip time was 0.011857 milliseconds in repetition 366
tcp_ping received 768 bytes back
Round trip time was 0.011918 milliseconds in repetition 367
tcp_ping received 768 bytes back
Round trip time was 0.011859 milliseconds in repetition 368
tcp_ping received 768 bytes back
Round trip time was 0.01218 milliseconds in repetition 369
tcp_ping received 768 bytes back
Round trip time was 0.011905 milliseconds in repetition 370
tcp_ping received 768 bytes back
Round trip time was 0.011951 milliseconds in repetition 371
tcp_ping received 768 bytes back
Round trip time was 0.01191 milliseconds in repetition 372
tcp_ping received 768 bytes back
Round trip time was 0.011952 milliseconds in repetition 373
tcp_ping received 768 bytes back
Round trip time was 0.011865 milliseconds in repetition 374
tcp_ping received 768 bytes back
Round trip time was 0.01194 milliseconds in repetition 375
tcp_ping received 768 bytes back
Round trip time was 0.01181 milliseconds in repetition 376
tcp_ping received 768 bytes back
Round trip time was 0.011952 milliseconds in repetition 377
tcp_ping received 768 bytes back
Round trip time was 0.044878 milliseconds in repetition 378
tcp_ping received 768 bytes back
Round trip time was 0.031915 milliseconds in repetition 379
tcp_ping received 768 bytes back
Round trip time was 0.011893 milliseconds in repetition 380
tcp_ping received 768 bytes back
Round trip time was 0.492968 milliseconds in repetition 381
tcp_ping received 768 bytes back
Round trip time was 0.018995 milliseconds in repetition 382
tcp_ping received 768 bytes back
Round trip time was 0.011946 milliseconds in repetition 383
tcp_ping received 768 bytes back
Round trip time was 0.011884 milliseconds in repetition 384
tcp_ping received 768 bytes back
Round trip time was 0.011809 milliseconds in repetition 385
tcp_ping received 768 bytes back
Round trip time was 0.011958 milliseconds in repetition 386
tcp_ping received 768 bytes back
Round trip time was 0.011887 milliseconds in repetition 387
tcp_ping received 768 bytes back
Round trip time was 0.011885 milliseconds in repetition 388
tcp_ping received 768 bytes back
Round trip time was 0.011898 milliseconds in repetition 389
tcp_ping received 768 bytes back
Round trip time was 0.011881 milliseconds in repetition 390
tcp_ping received 768 bytes back
Round trip time was 0.011892 milliseconds in repetition 391
tcp_ping received 768 bytes back
Round trip time was 0.01194 milliseconds in repetition 392
tcp_ping received 768 bytes back
Round trip time was 0.011878 milliseconds in repetition 393
tcp_ping received 768 bytes back
Round trip time was 0.01205 milliseconds in repetition 394
tcp_ping received 768 bytes back
Round trip time was 0.011809 milliseconds in repetition 395
tcp_ping received 768 bytes back
Round trip time was 0.011921 milliseconds in repetition 396
tcp_ping received 768 bytes back
Round trip time was 0.011866 milliseconds in repetition 397
tcp_ping received 768 bytes back
Round trip time was 0.012597 milliseconds in repetition 398
tcp_ping received 768 bytes back
Round trip time was 0.011924 milliseconds in repetition 399
tcp_ping received 768 bytes back
Round trip time was 0.011862 milliseconds in repetition 400
tcp_ping received 768 bytes back
Round trip time was 0.011892 milliseconds in repetition 401
tcp_ping received 768 bytes back
Round trip time was 0.011861 milliseconds in repetition 402
tcp_ping received 768 bytes back
Round trip time was 0.011887 milliseconds in repetition 403
tcp_ping received 768 bytes back
Round trip time was 0.011823 milliseconds in repetition 404
tcp_ping received 768 bytes back
Round trip time was 0.011905 milliseconds in repetition 405
tcp_ping received 768 bytes back
Round trip time was 0.011824 milliseconds in repetition 406
tcp_ping received 768 bytes back
Round trip time was 0.012055 milliseconds in repetition 407
tcp_ping received 768 bytes back
Round trip time was 0.011886 milliseconds in repetition 408
tcp_ping received 768 bytes back
Round trip time was 0.01189 milliseconds in repetition 409
tcp_ping received 768 bytes back
Round trip time was 0.032547 milliseconds in repetition 410
tcp_ping received 768 bytes back
Round trip time was 0.04216 milliseconds in repetition 411
tcp_ping received 768 bytes back
Round trip time was 0.012267 milliseconds in repetition 412
tcp_ping received 768 bytes back
Round trip time was 0.011909 milliseconds in repetition 413
tcp_ping received 768 bytes back
Round trip time was 0.011801 milliseconds in repetition 414
tcp_ping received 768 bytes back
Round trip time was 0.011864 milliseconds in repetition 415
tcp_ping received 768 bytes back
Round trip time was 0.011841 milliseconds in repetition 416
tcp_ping received 768 bytes back
Round trip time was 0.011865 milliseconds in repetition 417
tcp_ping received 768 bytes back
Round trip time was 0.011826 milliseconds in repetition 418
tcp_ping received 768 bytes back
Round trip time was 0.011884 milliseconds in repetition 419
tcp_ping received 768 bytes back
Round trip time was 0.011788 milliseconds in repetition 420
tcp_ping received 768 bytes back
Round trip time was 0.011868 milliseconds in repetition 421
tcp_ping received 768 bytes back
Round trip time was 0.011795 milliseconds in repetition 422
tcp_ping received 768 bytes back
Round trip time was 0.011941 milliseconds in repetition 423
tcp_ping received 768 bytes back
Round trip time was 0.0118 milliseconds in repetition 424
tcp_ping received 768 bytes back
Round trip time was 0.011872 milliseconds in repetition 425
tcp_ping received 768 bytes back
Round trip time was 0.011888 milliseconds in repetition 426
tcp_ping received 768 bytes back
Round trip time was 0.011876 milliseconds in repetition 427
tcp_ping received 768 bytes back
Round trip time was 0.011837 milliseconds in repetition 428
tcp_ping received 768 bytes back
Round trip time was 0.01187 milliseconds in repetition 429
tcp_ping received 768 bytes back
Round trip time was 0.01187 milliseconds in repetition 430
tcp_ping received 768 bytes back
Round trip time was 0.011928 milliseconds in repetition 431
tcp_ping received 768 bytes back
Round trip time was 0.011763 milliseconds in repetition 432
tcp_ping received 768 bytes back
Round trip time was 0.01192 milliseconds in repetition 433
tcp_ping received 768 bytes back
Round trip time was 0.01179 milliseconds in repetition 434
tcp_ping received 768 bytes back
Round trip time was 0.011881 milliseconds in repetition 435
tcp_ping received 768 bytes back
Round trip time was 0.011852 milliseconds in repetition 436
tcp_ping received 768 bytes back
Round trip time was 0.011866 milliseconds in repetition 437
tcp_ping received 768 bytes back
Round trip time was 0.011853 milliseconds in repetition 438
tcp_ping received 768 bytes back
Round trip time was 0.011886 milliseconds in repetition 439
tcp_ping received 768 bytes back
Round trip time was 0.011846 milliseconds in repetition 440
tcp_ping received 768 bytes back
Round trip time was 0.011875 milliseconds in repetition 441
tcp_ping received 768 bytes back
Round trip time was 0.012298 milliseconds in repetition 442
tcp_ping received 768 bytes back
Round trip time was 0.01198 milliseconds in repetition 443
tcp_ping received 768 bytes back
Round trip time was 0.011888 milliseconds in repetition 444
tcp_ping received 768 bytes back
Round trip time was 0.011903 milliseconds in repetition 445
tcp_ping received 768 bytes back
Round trip time was 0.011791 milliseconds in repetition 446
tcp_ping received 768 bytes back
Round trip time was 0.011939 milliseconds in repetition 447
tcp_ping received 768 bytes back
Round trip time was 0.01183 milliseconds in repetition 448
tcp_ping received 768 bytes back
Round trip time was 0.011872 milliseconds in repetition 449
tcp_ping received 768 bytes back
Round trip time was 0.011881 milliseconds in repetition 450
tcp_ping received 768 bytes back
Round trip time was 0.01188 milliseconds in repetition 451
tcp_ping received 768 bytes back
Round trip time was 0.011877 milliseconds in repetition 452
tcp_ping received 768 bytes back
Round trip time was 0.011874 milliseconds in repetition 453
tcp_ping received 768 bytes back
Round trip time was 0.011882 milliseconds in repetition 454
tcp_ping received 768 bytes back
Round trip time was 0.011894 milliseconds in repetition 455
tcp_ping received 768 bytes back
Round trip time was 0.011807 milliseconds in repetition 456
tcp_ping received 768 bytes back
Round trip time was 0.011913 milliseconds in repetition 457
tcp_ping received 768 bytes back
Round trip time was 0.011844 milliseconds in repetition 458
tcp_ping received 768 bytes back
Round trip time was 0.011899 milliseconds in repetition 459
tcp_ping received 768 bytes back
Round trip time was 0.011848 milliseconds in repetition 460
tcp_ping received 768 bytes back
Round trip time was 0.011934 milliseconds in repetition 461
tcp_ping received 768 bytes back
Round trip time was 0.541149 milliseconds in repetition 462
tcp_ping received 768 bytes back
Round trip time was 0.017035 milliseconds in repetition 463
tcp_ping received 768 bytes back
Round trip time was 0.011884 milliseconds in repetition 464
tcp_ping received 768 bytes back
Round trip time was 0.011967 milliseconds in repetition 465
tcp_ping received 768 bytes back
Round trip time was 0.011781 milliseconds in repetition 466
tcp_ping received 768 bytes back
Round trip time was 0.011887 milliseconds in repetition 467
tcp_ping received 768 bytes back
Round trip time was 0.011879 milliseconds in repetition 468
tcp_ping received 768 bytes back
Round trip time was 0.011851 milliseconds in repetition 469
tcp_ping received 768 bytes back
Round trip time was 0.011864 milliseconds in repetition 470
tcp_ping received 768 bytes back
Round trip time was 0.011857 milliseconds in repetition 471
tcp_ping received 768 bytes back
Round trip time was 0.011852 milliseconds in repetition 472
tcp_ping received 768 bytes back
Round trip time was 0.011861 milliseconds in repetition 473
tcp_ping received 768 bytes back
Round trip time was 0.011767 milliseconds in repetition 474
tcp_ping received 768 bytes back
Round trip time was 0.01188 milliseconds in repetition 475
tcp_ping received 768 bytes back
Round trip time was 0.011775 milliseconds in repetition 476
tcp_ping received 768 bytes back
Round trip time was 0.011889 milliseconds in repetition 477
tcp_ping received 768 bytes back
Round trip time was 0.01176 milliseconds in repetition 478
tcp_ping received 768 bytes back
Round trip time was 0.011823 milliseconds in repetition 479
tcp_ping received 768 bytes back
Round trip time was 0.011871 milliseconds in repetition 480
tcp_ping received 768 bytes back
Round trip time was 0.011851 milliseconds in repetition 481
tcp_ping received 768 bytes back
Round trip time was 0.011912 milliseconds in repetition 482
tcp_ping received 768 bytes back
Round trip time was 0.011849 milliseconds in repetition 483
tcp_ping received 768 bytes back
Round trip time was 0.011797 milliseconds in repetition 484
tcp_ping received 768 bytes back
Round trip time was 0.011915 milliseconds in repetition 485
tcp_ping received 768 bytes back
Round trip time was 0.012416 milliseconds in repetition 486
tcp_ping received 768 bytes back
Round trip time was 0.011895 milliseconds in repetition 487
tcp_ping received 768 bytes back
Round trip time was 0.011765 milliseconds in repetition 488
tcp_ping received 768 bytes back
Round trip time was 0.01189 milliseconds in repetition 489
tcp_ping received 768 bytes back
Round trip time was 0.01186 milliseconds in repetition 490
tcp_ping received 768 bytes back
Round trip time was 0.011884 milliseconds in repetition 491
tcp_ping received 768 bytes back
Round trip time was 0.011812 milliseconds in repetition 492
tcp_ping received 768 bytes back
Round trip time was 0.011931 milliseconds in repetition 493
tcp_ping received 768 bytes back
Round trip time was 0.01185 milliseconds in repetition 494
tcp_ping received 768 bytes back
Round trip time was 0.011837 milliseconds in repetition 495
tcp_ping received 768 bytes back
Round trip time was 0.011858 milliseconds in repetition 496
tcp_ping received 768 bytes back
Round trip time was 0.011834 milliseconds in repetition 497
tcp_ping received 768 bytes back
Round trip time was 0.011804 milliseconds in repetition 498
tcp_ping received 768 bytes back
Round trip time was 0.011853 milliseconds in repetition 499
tcp_ping received 768 bytes back
Round trip time was 0.011797 milliseconds in repetition 500
tcp_ping received 768 bytes back
Round trip time was 0.130197 milliseconds in repetition 501

 ... clock resolution was 1e-06
TCP Ping:  Statistics over 501 repetitions of 768 byte messages

RTT : percentile 10: 0.010797, median: 0.011807, percentile 90: 0.013074, average: 0.0193368, variance: 0.00571832

RTT histogram:
0.0106835 483
0.086103 11
0.161523 4
0.236942 0
0.312362 0
0.387781 0
0.463201 1
0.53862 1
0.614039 0
0.689459 0
0.764878 0
0.840298 0
0.915717 0
0.991137 0
1.06656 0
1.14198 0
1.2174 0
1.29281 0
1.36823 0
1.44365 0
1.51907 1
   median Throughput : 130092 KB/s   overall Throughput : 79434.1 KB/s

