TCP Ping trying to connect to server localhost (127.0.0.1) on port 1491
 ... connected to Pong server: asking for 501 repetitions of 512 bytes TCP messages
 ... Pong server agreed :-)
tcp_ping received 512 bytes back
Round trip time was 0.016662 milliseconds in repetition 1
tcp_ping received 512 bytes back
Round trip time was 0.013146 milliseconds in repetition 2
tcp_ping received 512 bytes back
Round trip time was 0.012671 milliseconds in repetition 3
tcp_ping received 512 bytes back
Round trip time was 0.012558 milliseconds in repetition 4
tcp_ping received 512 bytes back
Round trip time was 0.012551 milliseconds in repetition 5
tcp_ping received 512 bytes back
Round trip time was 0.012596 milliseconds in repetition 6
tcp_ping received 512 bytes back
Round trip time was 0.012553 milliseconds in repetition 7
tcp_ping received 512 bytes back
Round trip time was 0.013196 milliseconds in repetition 8
tcp_ping received 512 bytes back
Round trip time was 0.012621 milliseconds in repetition 9
tcp_ping received 512 bytes back
Round trip time was 0.012609 milliseconds in repetition 10
tcp_ping received 512 bytes back
Round trip time was 0.012589 milliseconds in repetition 11
tcp_ping received 512 bytes back
Round trip time was 0.012588 milliseconds in repetition 12
tcp_ping received 512 bytes back
Round trip time was 0.012467 milliseconds in repetition 13
tcp_ping received 512 bytes back
Round trip time was 0.01249 milliseconds in repetition 14
tcp_ping received 512 bytes back
Round trip time was 0.012416 milliseconds in repetition 15
tcp_ping received 512 bytes back
Round trip time was 0.012502 milliseconds in repetition 16
tcp_ping received 512 bytes back
Round trip time was 0.012393 milliseconds in repetition 17
tcp_ping received 512 bytes back
Round trip time was 0.012494 milliseconds in repetition 18
tcp_ping received 512 bytes back
Round trip time was 0.012542 milliseconds in repetition 19
tcp_ping received 512 bytes back
Round trip time was 0.012577 milliseconds in repetition 20
tcp_ping received 512 bytes back
Round trip time was 0.012566 milliseconds in repetition 21
tcp_ping received 512 bytes back
Round trip time was 0.012456 milliseconds in repetition 22
tcp_ping received 512 bytes back
Round trip time was 0.012456 milliseconds in repetition 23
tcp_ping received 512 bytes back
Round trip time was 0.012456 milliseconds in repetition 24
tcp_ping received 512 bytes back
Round trip time was 0.012463 milliseconds in repetition 25
tcp_ping received 512 bytes back
Round trip time was 0.012487 milliseconds in repetition 26
tcp_ping received 512 bytes back
Round trip time was 0.012421 milliseconds in repetition 27
tcp_ping received 512 bytes back
Round trip time was 0.01254 milliseconds in repetition 28
tcp_ping received 512 bytes back
Round trip time was 0.012441 milliseconds in repetition 29
tcp_ping received 512 bytes back
Round trip time was 0.01246 milliseconds in repetition 30
tcp_ping received 512 bytes back
Round trip time was 0.012455 milliseconds in repetition 31
tcp_ping received 512 bytes back
Round trip time was 0.012514 milliseconds in repetition 32
tcp_ping received 512 bytes back
Round trip time was 0.012435 milliseconds in repetition 33
tcp_ping received 512 bytes back
Round trip time was 0.012538 milliseconds in repetition 34
tcp_ping received 512 bytes back
Round trip time was 0.012441 milliseconds in repetition 35
tcp_ping received 512 bytes back
Round trip time was 0.012448 milliseconds in repetition 36
tcp_ping received 512 bytes back
Round trip time was 0.012466 milliseconds in repetition 37
tcp_ping received 512 bytes back
Round trip time was 0.012458 milliseconds in repetition 38
tcp_ping received 512 bytes back
Round trip time was 0.012397 milliseconds in repetition 39
tcp_ping received 512 bytes back
Round trip time was 0.012519 milliseconds in repetition 40
tcp_ping received 512 bytes back
Round trip time was 0.012468 milliseconds in repetition 41
tcp_ping received 512 bytes back
Round trip time was 0.012474 milliseconds in repetition 42
tcp_ping received 512 bytes back
Round trip time was 0.012407 milliseconds in repetition 43
tcp_ping received 512 bytes back
Round trip time was 0.013778 milliseconds in repetition 44
tcp_ping received 512 bytes back
Round trip time was 0.012521 milliseconds in repetition 45
tcp_ping received 512 bytes back
Round trip time was 1.23126 milliseconds in repetition 46
tcp_ping received 512 bytes back
Round trip time was 0.093762 milliseconds in repetition 47
tcp_ping received 512 bytes back
Round trip time was 0.013174 milliseconds in repetition 48
tcp_ping received 512 bytes back
Round trip time was 0.012926 milliseconds in repetition 49
tcp_ping received 512 bytes back
Round trip time was 0.012994 milliseconds in repetition 50
tcp_ping received 512 bytes back
Round trip time was 0.019965 milliseconds in repetition 51
tcp_ping received 512 bytes back
Round trip time was 0.012947 milliseconds in repetition 52
tcp_ping received 512 bytes back
Round trip time was 0.012934 milliseconds in repetition 53
tcp_ping received 512 bytes back
Round trip time was 0.012906 milliseconds in repetition 54
tcp_ping received 512 bytes back
Round trip time was 0.012949 milliseconds in repetition 55
tcp_ping received 512 bytes back
Round trip time was 0.029915 milliseconds in repetition 56
tcp_ping received 512 bytes back
Round trip time was 0.014008 milliseconds in repetition 57
tcp_ping received 512 bytes back
Round trip time was 0.013948 milliseconds in repetition 58
tcp_ping received 512 bytes back
Round trip time was 1.91034 milliseconds in repetition 59
tcp_ping received 512 bytes back
Round trip time was 0.03978 milliseconds in repetition 60
tcp_ping received 512 bytes back
Round trip time was 0.013598 milliseconds in repetition 61
tcp_ping received 512 bytes back
Round trip time was 0.013295 milliseconds in repetition 62
tcp_ping received 512 bytes back
Round trip time was 0.013792 milliseconds in repetition 63
tcp_ping received 512 bytes back
Round trip time was 0.013009 milliseconds in repetition 64
tcp_ping received 512 bytes back
Round trip time was 0.012857 milliseconds in repetition 65
tcp_ping received 512 bytes back
Round trip time was 0.012869 milliseconds in repetition 66
tcp_ping received 512 bytes back
Round trip time was 0.012878 milliseconds in repetition 67
tcp_ping received 512 bytes back
Round trip time was 0.01329 milliseconds in repetition 68
tcp_ping received 512 bytes back
Round trip time was 0.012914 milliseconds in repetition 69
tcp_ping received 512 bytes back
Round trip time was 0.012931 milliseconds in repetition 70
tcp_ping received 512 bytes back
Round trip time was 0.01323 milliseconds in repetition 71
tcp_ping received 512 bytes back
Round trip time was 0.013225 milliseconds in repetition 72
tcp_ping received 512 bytes back
Round trip time was 0.013046 milliseconds in repetition 73
tcp_ping received 512 bytes back
Round trip time was 0.013111 milliseconds in repetition 74
tcp_ping received 512 bytes back
Round trip time was 0.012858 milliseconds in repetition 75
tcp_ping received 512 bytes back
Round trip time was 0.013155 milliseconds in repetition 76
tcp_ping received 512 bytes back
Round trip time was 0.012839 milliseconds in repetition 77
tcp_ping received 512 bytes back
Round trip time was 0.012987 milliseconds in repetition 78
tcp_ping received 512 bytes back
Round trip time was 0.013025 milliseconds in repetition 79
tcp_ping received 512 bytes back
Round trip time was 0.013194 milliseconds in repetition 80
tcp_ping received 512 bytes back
Round trip time was 0.013025 milliseconds in repetition 81
tcp_ping received 512 bytes back
Round trip time was 0.01318 milliseconds in repetition 82
tcp_ping received 512 bytes back
Round trip time was 0.013107 milliseconds in repetition 83
tcp_ping received 512 bytes back
Round trip time was 0.012985 milliseconds in repetition 84
tcp_ping received 512 bytes back
Round trip time was 0.012934 milliseconds in repetition 85
tcp_ping received 512 bytes back
Round trip time was 0.012958 milliseconds in repetition 86
tcp_ping received 512 bytes back
Round trip time was 0.012902 milliseconds in repetition 87
tcp_ping received 512 bytes back
Round trip time was 0.01302 milliseconds in repetition 88
tcp_ping received 512 bytes back
Round trip time was 0.022435 milliseconds in repetition 89
tcp_ping received 512 bytes back
Round trip time was 0.012985 milliseconds in repetition 90
tcp_ping received 512 bytes back
Round trip time was 0.012915 milliseconds in repetition 91
tcp_ping received 512 bytes back
Round trip time was 0.012973 milliseconds in repetition 92
tcp_ping received 512 bytes back
Round trip time was 0.049814 milliseconds in repetition 93
tcp_ping received 512 bytes back
Round trip time was 0.014083 milliseconds in repetition 94
tcp_ping received 512 bytes back
Round trip time was 0.014185 milliseconds in repetition 95
tcp_ping received 512 bytes back
Round trip time was 0.014201 milliseconds in repetition 96
tcp_ping received 512 bytes back
Round trip time was 0.014437 milliseconds in repetition 97
tcp_ping received 512 bytes back
Round trip time was 0.06522 milliseconds in repetition 98
tcp_ping received 512 bytes back
Round trip time was 0.013428 milliseconds in repetition 99
tcp_ping received 512 bytes back
Round trip time was 0.031567 milliseconds in repetition 100
tcp_ping received 512 bytes back
Round trip time was 0.013031 milliseconds in repetition 101
tcp_ping received 512 bytes back
Round trip time was 0.013216 milliseconds in repetition 102
tcp_ping received 512 bytes back
Round trip time was 0.013091 milliseconds in repetition 103
tcp_ping received 512 bytes back
Round trip time was 0.012971 milliseconds in repetition 104
tcp_ping received 512 bytes back
Round trip time was 0.012946 milliseconds in repetition 105
tcp_ping received 512 bytes back
Round trip time was 0.012833 milliseconds in repetition 106
tcp_ping received 512 bytes back
Round trip time was 0.013029 milliseconds in repetition 107
tcp_ping received 512 bytes back
Round trip time was 0.012781 milliseconds in repetition 108
tcp_ping received 512 bytes back
Round trip time was 0.012858 milliseconds in repetition 109
tcp_ping received 512 bytes back
Round trip time was 0.141733 milliseconds in repetition 110
tcp_ping received 512 bytes back
Round trip time was 0.014444 milliseconds in repetition 111
tcp_ping received 512 bytes back
Round trip time was 0.014316 milliseconds in repetition 112
tcp_ping received 512 bytes back
Round trip time was 0.059011 milliseconds in repetition 113
tcp_ping received 512 bytes back
Round trip time was 0.030089 milliseconds in repetition 114
tcp_ping received 512 bytes back
Round trip time was 0.013084 milliseconds in repetition 115
tcp_ping received 512 bytes back
Round trip time was 0.012881 milliseconds in repetition 116
tcp_ping received 512 bytes back
Round trip time was 0.012899 milliseconds in repetition 117
tcp_ping received 512 bytes back
Round trip time was 0.012794 milliseconds in repetition 118
tcp_ping received 512 bytes back
Round trip time was 0.01297 milliseconds in repetition 119
tcp_ping received 512 bytes back
Round trip time was 0.012831 milliseconds in repetition 120
tcp_ping received 512 bytes back
Round trip time was 0.012961 milliseconds in repetition 121
tcp_ping received 512 bytes back
Round trip time was 0.013018 milliseconds in repetition 122
tcp_ping received 512 bytes back
Round trip time was 0.013215 milliseconds in repetition 123
tcp_ping received 512 bytes back
Round trip time was 0.013029 milliseconds in repetition 124
tcp_ping received 512 bytes back
Round trip time was 0.01325 milliseconds in repetition 125
tcp_ping received 512 bytes back
Round trip time was 0.013233 milliseconds in repetition 126
tcp_ping received 512 bytes back
Round trip time was 0.033569 milliseconds in repetition 127
tcp_ping received 512 bytes back
Round trip time was 0.016144 milliseconds in repetition 128
tcp_ping received 512 bytes back
Round trip time was 0.014894 milliseconds in repetition 129
tcp_ping received 512 bytes back
Round trip time was 0.013951 milliseconds in repetition 130
tcp_ping received 512 bytes back
Round trip time was 0.013109 milliseconds in repetition 131
tcp_ping received 512 bytes back
Round trip time was 0.013857 milliseconds in repetition 132
tcp_ping received 512 bytes back
Round trip time was 0.015668 milliseconds in repetition 133
tcp_ping received 512 bytes back
Round trip time was 0.013576 milliseconds in repetition 134
tcp_ping received 512 bytes back
Round trip time was 0.013959 milliseconds in repetition 135
tcp_ping received 512 bytes back
Round trip time was 0.043528 milliseconds in repetition 136
tcp_ping received 512 bytes back
Round trip time was 0.013768 milliseconds in repetition 137
tcp_ping received 512 bytes back
Round trip time was 0.01404 milliseconds in repetition 138
tcp_ping received 512 bytes back
Round trip time was 0.014499 milliseconds in repetition 139
tcp_ping received 512 bytes back
Round trip time was 0.015982 milliseconds in repetition 140
tcp_ping received 512 bytes back
Round trip time was 0.013313 milliseconds in repetition 141
tcp_ping received 512 bytes back
Round trip time was 0.015677 milliseconds in repetition 142
tcp_ping received 512 bytes back
Round trip time was 0.014133 milliseconds in repetition 143
tcp_ping received 512 bytes back
Round trip time was 0.014701 milliseconds in repetition 144
tcp_ping received 512 bytes back
Round trip time was 0.014791 milliseconds in repetition 145
tcp_ping received 512 bytes back
Round trip time was 0.013371 milliseconds in repetition 146
tcp_ping received 512 bytes back
Round trip time was 0.012932 milliseconds in repetition 147
tcp_ping received 512 bytes back
Round trip time was 0.014879 milliseconds in repetition 148
tcp_ping received 512 bytes back
Round trip time was 0.014561 milliseconds in repetition 149
tcp_ping received 512 bytes back
Round trip time was 0.013033 milliseconds in repetition 150
tcp_ping received 512 bytes back
Round trip time was 0.013186 milliseconds in repetition 151
tcp_ping received 512 bytes back
Round trip time was 0.01475 milliseconds in repetition 152
tcp_ping received 512 bytes back
Round trip time was 0.01405 milliseconds in repetition 153
tcp_ping received 512 bytes back
Round trip time was 0.04324 milliseconds in repetition 154
tcp_ping received 512 bytes back
Round trip time was 0.708234 milliseconds in repetition 155
tcp_ping received 512 bytes back
Round trip time was 0.021245 milliseconds in repetition 156
tcp_ping received 512 bytes back
Round trip time was 0.012498 milliseconds in repetition 157
tcp_ping received 512 bytes back
Round trip time was 0.012586 milliseconds in repetition 158
tcp_ping received 512 bytes back
Round trip time was 0.032362 milliseconds in repetition 159
tcp_ping received 512 bytes back
Round trip time was 0.01285 milliseconds in repetition 160
tcp_ping received 512 bytes back
Round trip time was 0.012814 milliseconds in repetition 161
tcp_ping received 512 bytes back
Round trip time was 0.086978 milliseconds in repetition 162
tcp_ping received 512 bytes back
Round trip time was 0.013279 milliseconds in repetition 163
tcp_ping received 512 bytes back
Round trip time was 0.028042 milliseconds in repetition 164
tcp_ping received 512 bytes back
Round trip time was 0.01237 milliseconds in repetition 165
tcp_ping received 512 bytes back
Round trip time was 0.012383 milliseconds in repetition 166
tcp_ping received 512 bytes back
Round trip time was 0.012387 milliseconds in repetition 167
tcp_ping received 512 bytes back
Round trip time was 0.012433 milliseconds in repetition 168
tcp_ping received 512 bytes back
Round trip time was 0.012353 milliseconds in repetition 169
tcp_ping received 512 bytes back
Round trip time was 0.012486 milliseconds in repetition 170
tcp_ping received 512 bytes back
Round trip time was 0.012345 milliseconds in repetition 171
tcp_ping received 512 bytes back
Round trip time was 0.012446 milliseconds in repetition 172
tcp_ping received 512 bytes back
Round trip time was 0.012352 milliseconds in repetition 173
tcp_ping received 512 bytes back
Round trip time was 0.012434 milliseconds in repetition 174
tcp_ping received 512 bytes back
Round trip time was 0.012416 milliseconds in repetition 175
tcp_ping received 512 bytes back
Round trip time was 0.012448 milliseconds in repetition 176
tcp_ping received 512 bytes back
Round trip time was 0.01345 milliseconds in repetition 177
tcp_ping received 512 bytes back
Round trip time was 0.012537 milliseconds in repetition 178
tcp_ping received 512 bytes back
Round trip time was 0.012425 milliseconds in repetition 179
tcp_ping received 512 bytes back
Round trip time was 0.012518 milliseconds in repetition 180
tcp_ping received 512 bytes back
Round trip time was 0.012483 milliseconds in repetition 181
tcp_ping received 512 bytes back
Round trip time was 0.012502 milliseconds in repetition 182
tcp_ping received 512 bytes back
Round trip time was 0.012465 milliseconds in repetition 183
tcp_ping received 512 bytes back
Round trip time was 0.01243 milliseconds in repetition 184
tcp_ping received 512 bytes back
Round trip time was 0.01242 milliseconds in repetition 185
tcp_ping received 512 bytes back
Round trip time was 0.012443 milliseconds in repetition 186
tcp_ping received 512 bytes back
Round trip time was 0.01237 milliseconds in repetition 187
tcp_ping received 512 bytes back
Round trip time was 0.012439 milliseconds in repetition 188
tcp_ping received 512 bytes back
Round trip time was 0.012417 milliseconds in repetition 189
tcp_ping received 512 bytes back
Round trip time was 0.012546 milliseconds in repetition 190
tcp_ping received 512 bytes back
Round trip time was 0.012425 milliseconds in repetition 191
tcp_ping received 512 bytes back
Round trip time was 0.012505 milliseconds in repetition 192
tcp_ping received 512 bytes back
Round trip time was 0.012499 milliseconds in repetition 193
tcp_ping received 512 bytes back
Round trip time was 0.012465 milliseconds in repetition 194
tcp_ping received 512 bytes back
Round trip time was 0.012357 milliseconds in repetition 195
tcp_ping received 512 bytes back
Round trip time was 0.031397 milliseconds in repetition 196
tcp_ping received 512 bytes back
Round trip time was 0.078544 milliseconds in repetition 197
tcp_ping received 512 bytes back
Round trip time was 0.041478 milliseconds in repetition 198
tcp_ping received 512 bytes back
Round trip time was 0.013115 milliseconds in repetition 199
tcp_ping received 512 bytes back
Round trip time was 0.013147 milliseconds in repetition 200
tcp_ping received 512 bytes back
Round trip time was 0.01312 milliseconds in repetition 201
tcp_ping received 512 bytes back
Round trip time was 0.013165 milliseconds in repetition 202
tcp_ping received 512 bytes back
Round trip time was 0.013053 milliseconds in repetition 203
tcp_ping received 512 bytes back
Round trip time was 0.013168 milliseconds in repetition 204
tcp_ping received 512 bytes back
Round trip time was 0.013094 milliseconds in repetition 205
tcp_ping received 512 bytes back
Round trip time was 0.013146 milliseconds in repetition 206
tcp_ping received 512 bytes back
Round trip time was 0.013021 milliseconds in repetition 207
tcp_ping received 512 bytes back
Round trip time was 0.013088 milliseconds in repetition 208
tcp_ping received 512 bytes back
Round trip time was 0.013055 milliseconds in repetition 209
tcp_ping received 512 bytes back
Round trip time was 0.013177 milliseconds in repetition 210
tcp_ping received 512 bytes back
Round trip time was 0.013126 milliseconds in repetition 211
tcp_ping received 512 bytes back
Round trip time was 0.013111 milliseconds in repetition 212
tcp_ping received 512 bytes back
Round trip time was 0.013101 milliseconds in repetition 213
tcp_ping received 512 bytes back
Round trip time was 0.013164 milliseconds in repetition 214
tcp_ping received 512 bytes back
Round trip time was 0.013063 milliseconds in repetition 215
tcp_ping received 512 bytes back
Round trip time was 0.013102 milliseconds in repetition 216
tcp_ping received 512 bytes back
Round trip time was 0.013057 milliseconds in repetition 217
tcp_ping received 512 bytes back
Round trip time was 0.013122 milliseconds in repetition 218
tcp_ping received 512 bytes back
Round trip time was 0.013095 milliseconds in repetition 219
tcp_ping received 512 bytes back
Round trip time was 0.013134 milliseconds in repetition 220
tcp_ping received 512 bytes back
Round trip time was 0.035752 milliseconds in repetition 221
tcp_ping received 512 bytes back
Round trip time was 0.01295 milliseconds in repetition 222
tcp_ping received 512 bytes back
Round trip time was 0.012446 milliseconds in repetition 223
tcp_ping received 512 bytes back
Round trip time was 0.012482 milliseconds in repetition 224
tcp_ping received 512 bytes back
Round trip time was 0.012441 milliseconds in repetition 225
tcp_ping received 512 bytes back
Round trip time was 0.012502 milliseconds in repetition 226
tcp_ping received 512 bytes back
Round trip time was 0.012452 milliseconds in repetition 227
tcp_ping received 512 bytes back
Round trip time was 0.012454 milliseconds in repetition 228
tcp_ping received 512 bytes back
Round trip time was 0.012482 milliseconds in repetition 229
tcp_ping received 512 bytes back
Round trip time was 0.012445 milliseconds in repetition 230
tcp_ping received 512 bytes back
Round trip time was 0.012473 milliseconds in repetition 231
tcp_ping received 512 bytes back
Round trip time was 0.012487 milliseconds in repetition 232
tcp_ping received 512 bytes back
Round trip time was 0.012394 milliseconds in repetition 233
tcp_ping received 512 bytes back
Round trip time was 0.012535 milliseconds in repetition 234
tcp_ping received 512 bytes back
Round trip time was 0.012445 milliseconds in repetition 235
tcp_ping received 512 bytes back
Round trip time was 0.012488 milliseconds in repetition 236
tcp_ping received 512 bytes back
Round trip time was 0.012421 milliseconds in repetition 237
tcp_ping received 512 bytes back
Round trip time was 0.012502 milliseconds in repetition 238
tcp_ping received 512 bytes back
Round trip time was 0.012434 milliseconds in repetition 239
tcp_ping received 512 bytes back
Round trip time was 0.012469 milliseconds in repetition 240
tcp_ping received 512 bytes back
Round trip time was 0.012386 milliseconds in repetition 241
tcp_ping received 512 bytes back
Round trip time was 0.012468 milliseconds in repetition 242
tcp_ping received 512 bytes back
Round trip time was 0.012383 milliseconds in repetition 243
tcp_ping received 512 bytes back
Round trip time was 0.012461 milliseconds in repetition 244
tcp_ping received 512 bytes back
Round trip time was 0.012451 milliseconds in repetition 245
tcp_ping received 512 bytes back
Round trip time was 0.012475 milliseconds in repetition 246
tcp_ping received 512 bytes back
Round trip time was 1.15104 milliseconds in repetition 247
tcp_ping received 512 bytes back
Round trip time was 0.017823 milliseconds in repetition 248
tcp_ping received 512 bytes back
Round trip time was 0.012621 milliseconds in repetition 249
tcp_ping received 512 bytes back
Round trip time was 0.012568 milliseconds in repetition 250
tcp_ping received 512 bytes back
Round trip time was 0.012471 milliseconds in repetition 251
tcp_ping received 512 bytes back
Round trip time was 0.012486 milliseconds in repetition 252
tcp_ping received 512 bytes back
Round trip time was 0.012556 milliseconds in repetition 253
tcp_ping received 512 bytes back
Round trip time was 0.012471 milliseconds in repetition 254
tcp_ping received 512 bytes back
Round trip time was 0.012581 milliseconds in repetition 255
tcp_ping received 512 bytes back
Round trip time was 0.012593 milliseconds in repetition 256
tcp_ping received 512 bytes back
Round trip time was 0.013149 milliseconds in repetition 257
tcp_ping received 512 bytes back
Round trip time was 0.012423 milliseconds in repetition 258
tcp_ping received 512 bytes back
Round trip time was 0.012538 milliseconds in repetition 259
tcp_ping received 512 bytes back
Round trip time was 0.012427 milliseconds in repetition 260
tcp_ping received 512 bytes back
Round trip time was 0.01249 milliseconds in repetition 261
tcp_ping received 512 bytes back
Round trip time was 0.012428 milliseconds in repetition 262
tcp_ping received 512 bytes back
Round trip time was 0.012524 milliseconds in repetition 263
tcp_ping received 512 bytes back
Round trip time was 0.012479 milliseconds in repetition 264
tcp_ping received 512 bytes back
Round trip time was 0.013431 milliseconds in repetition 265
tcp_ping received 512 bytes back
Round trip time was 0.012485 milliseconds in repetition 266
tcp_ping received 512 bytes back
Round trip time was 0.012485 milliseconds in repetition 267
tcp_ping received 512 bytes back
Round trip time was 0.012447 milliseconds in repetition 268
tcp_ping received 512 bytes back
Round trip time was 0.012484 milliseconds in repetition 269
tcp_ping received 512 bytes back
Round trip time was 0.012457 milliseconds in repetition 270
tcp_ping received 512 bytes back
Round trip time was 0.012498 milliseconds in repetition 271
tcp_ping received 512 bytes back
Round trip time was 0.012491 milliseconds in repetition 272
tcp_ping received 512 bytes back
Round trip time was 0.012461 milliseconds in repetition 273
tcp_ping received 512 bytes back
Round trip time was 0.012488 milliseconds in repetition 274
tcp_ping received 512 bytes back
Round trip time was 0.012501 milliseconds in repetition 275
tcp_ping received 512 bytes back
Round trip time was 0.012407 milliseconds in repetition 276
tcp_ping received 512 bytes back
Round trip time was 0.012435 milliseconds in repetition 277
tcp_ping received 512 bytes back
Round trip time was 0.012478 milliseconds in repetition 278
tcp_ping received 512 bytes back
Round trip time was 0.03062 milliseconds in repetition 279
tcp_ping received 512 bytes back
Round trip time was 0.017063 milliseconds in repetition 280
tcp_ping received 512 bytes back
Round trip time was 0.012446 milliseconds in repetition 281
tcp_ping received 512 bytes back
Round trip time was 0.01246 milliseconds in repetition 282
tcp_ping received 512 bytes back
Round trip time was 0.012383 milliseconds in repetition 283
tcp_ping received 512 bytes back
Round trip time was 0.012465 milliseconds in repetition 284
tcp_ping received 512 bytes back
Round trip time was 0.012345 milliseconds in repetition 285
tcp_ping received 512 bytes back
Round trip time was 0.012434 milliseconds in repetition 286
tcp_ping received 512 bytes back
Round trip time was 0.012398 milliseconds in repetition 287
tcp_ping received 512 bytes back
Round trip time was 0.012413 milliseconds in repetition 288
tcp_ping received 512 bytes back
Round trip time was 0.012594 milliseconds in repetition 289
tcp_ping received 512 bytes back
Round trip time was 0.012449 milliseconds in repetition 290
tcp_ping received 512 bytes back
Round trip time was 0.01235 milliseconds in repetition 291
tcp_ping received 512 bytes back
Round trip time was 0.012485 milliseconds in repetition 292
tcp_ping received 512 bytes back
Round trip time was 0.012367 milliseconds in repetition 293
tcp_ping received 512 bytes back
Round trip time was 0.012451 milliseconds in repetition 294
tcp_ping received 512 bytes back
Round trip time was 0.01242 milliseconds in repetition 295
tcp_ping received 512 bytes back
Round trip time was 0.012466 milliseconds in repetition 296
tcp_ping received 512 bytes back
Round trip time was 0.012397 milliseconds in repetition 297
tcp_ping received 512 bytes back
Round trip time was 0.012401 milliseconds in repetition 298
tcp_ping received 512 bytes back
Round trip time was 0.012433 milliseconds in repetition 299
tcp_ping received 512 bytes back
Round trip time was 0.012393 milliseconds in repetition 300
tcp_ping received 512 bytes back
Round trip time was 0.012399 milliseconds in repetition 301
tcp_ping received 512 bytes back
Round trip time was 0.012439 milliseconds in repetition 302
tcp_ping received 512 bytes back
Round trip time was 0.012346 milliseconds in repetition 303
tcp_ping received 512 bytes back
Round trip time was 0.01243 milliseconds in repetition 304
tcp_ping received 512 bytes back
Round trip time was 0.012375 milliseconds in repetition 305
tcp_ping received 512 bytes back
Round trip time was 0.012496 milliseconds in repetition 306
tcp_ping received 512 bytes back
Round trip time was 0.012339 milliseconds in repetition 307
tcp_ping received 512 bytes back
Round trip time was 0.012433 milliseconds in repetition 308
tcp_ping received 512 bytes back
Round trip time was 0.013235 milliseconds in repetition 309
tcp_ping received 512 bytes back
Round trip time was 0.058952 milliseconds in repetition 310
tcp_ping received 512 bytes back
Round trip time was 0.030365 milliseconds in repetition 311
tcp_ping received 512 bytes back
Round trip time was 0.011743 milliseconds in repetition 312
tcp_ping received 512 bytes back
Round trip time was 0.011291 milliseconds in repetition 313
tcp_ping received 512 bytes back
Round trip time was 0.01121 milliseconds in repetition 314
tcp_ping received 512 bytes back
Round trip time was 0.011283 milliseconds in repetition 315
tcp_ping received 512 bytes back
Round trip time was 0.011262 milliseconds in repetition 316
tcp_ping received 512 bytes back
Round trip time was 0.011261 milliseconds in repetition 317
tcp_ping received 512 bytes back
Round trip time was 0.011215 milliseconds in repetition 318
tcp_ping received 512 bytes back
Round trip time was 0.011229 milliseconds in repetition 319
tcp_ping received 512 bytes back
Round trip time was 0.011208 milliseconds in repetition 320
tcp_ping received 512 bytes back
Round trip time was 0.011217 milliseconds in repetition 321
tcp_ping received 512 bytes back
Round trip time was 0.011248 milliseconds in repetition 322
tcp_ping received 512 bytes back
Round trip time was 0.011288 milliseconds in repetition 323
tcp_ping received 512 bytes back
Round trip time was 0.011234 milliseconds in repetition 324
tcp_ping received 512 bytes back
Round trip time was 0.011246 milliseconds in repetition 325
tcp_ping received 512 bytes back
Round trip time was 0.011217 milliseconds in repetition 326
tcp_ping received 512 bytes back
Round trip time was 0.011216 milliseconds in repetition 327
tcp_ping received 512 bytes back
Round trip time was 0.01137 milliseconds in repetition 328
tcp_ping received 512 bytes back
Round trip time was 0.011226 milliseconds in repetition 329
tcp_ping received 512 bytes back
Round trip time was 0.011319 milliseconds in repetition 330
tcp_ping received 512 bytes back
Round trip time was 0.011282 milliseconds in repetition 331
tcp_ping received 512 bytes back
Round trip time was 0.011216 milliseconds in repetition 332
tcp_ping received 512 bytes back
Round trip time was 0.011262 milliseconds in repetition 333
tcp_ping received 512 bytes back
Round trip time was 0.011181 milliseconds in repetition 334
tcp_ping received 512 bytes back
Round trip time was 0.011194 milliseconds in repetition 335
tcp_ping received 512 bytes back
Round trip time was 0.011226 milliseconds in repetition 336
tcp_ping received 512 bytes back
Round trip time was 0.0113 milliseconds in repetition 337
tcp_ping received 512 bytes back
Round trip time was 0.011224 milliseconds in repetition 338
tcp_ping received 512 bytes back
Round trip time was 0.01123 milliseconds in repetition 339
tcp_ping received 512 bytes back
Round trip time was 0.01127 milliseconds in repetition 340
tcp_ping received 512 bytes back
Round trip time was 0.011284 milliseconds in repetition 341
tcp_ping received 512 bytes back
Round trip time was 0.01121 milliseconds in repetition 342
tcp_ping received 512 bytes back
Round trip time was 0.011258 milliseconds in repetition 343
tcp_ping received 512 bytes back
Round trip time was 0.011179 milliseconds in repetition 344
tcp_ping received 512 bytes back
Round trip time was 0.01126 milliseconds in repetition 345
tcp_ping received 512 bytes back
Round trip time was 0.011245 milliseconds in repetition 346
tcp_ping received 512 bytes back
Round trip time was 0.011296 milliseconds in repetition 347
tcp_ping received 512 bytes back
Round trip time was 0.011201 milliseconds in repetition 348
tcp_ping received 512 bytes back
Round trip time was 0.011194 milliseconds in repetition 349
tcp_ping received 512 bytes back
Round trip time was 0.011154 milliseconds in repetition 350
tcp_ping received 512 bytes back
Round trip time was 0.011257 milliseconds in repetition 351
tcp_ping received 512 bytes back
Round trip time was 0.01115 milliseconds in repetition 352
tcp_ping received 512 bytes back
Round trip time was 0.012151 milliseconds in repetition 353
tcp_ping received 512 bytes back
Round trip time was 0.011304 milliseconds in repetition 354
tcp_ping received 512 bytes back
Round trip time was 0.011322 milliseconds in repetition 355
tcp_ping received 512 bytes back
Round trip time was 0.01124 milliseconds in repetition 356
tcp_ping received 512 bytes back
Round trip time was 0.011251 milliseconds in repetition 357
tcp_ping received 512 bytes back
Round trip time was 0.011245 milliseconds in repetition 358
tcp_ping received 512 bytes back
Round trip time was 0.011266 milliseconds in repetition 359
tcp_ping received 512 bytes back
Round trip time was 0.011182 milliseconds in repetition 360
tcp_ping received 512 bytes back
Round trip time was 0.011268 milliseconds in repetition 361
tcp_ping received 512 bytes back
Round trip time was 0.011255 milliseconds in repetition 362
tcp_ping received 512 bytes back
Round trip time was 0.011289 milliseconds in repetition 363
tcp_ping received 512 bytes back
Round trip time was 0.011232 milliseconds in repetition 364
tcp_ping received 512 bytes back
Round trip time was 0.011257 milliseconds in repetition 365
tcp_ping received 512 bytes back
Round trip time was 0.011528 milliseconds in repetition 366
tcp_ping received 512 bytes back
Round trip time was 0.011265 milliseconds in repetition 367
tcp_ping received 512 bytes back
Round trip time was 0.0112 milliseconds in repetition 368
tcp_ping received 512 bytes back
Round trip time was 0.011299 milliseconds in repetition 369
tcp_ping received 512 bytes back
Round trip time was 0.011191 milliseconds in repetition 370
tcp_ping received 512 bytes back
Round trip time was 0.011348 milliseconds in repetition 371
tcp_ping received 512 bytes back
Round trip time was 0.011235 milliseconds in repetition 372
tcp_ping received 512 bytes back
Round trip time was 0.011266 milliseconds in repetition 373
tcp_ping received 512 bytes back
Round trip time was 0.01121 milliseconds in repetition 374
tcp_ping received 512 bytes back
Round trip time was 0.011239 milliseconds in repetition 375
tcp_ping received 512 bytes back
Round trip time was 0.011244 milliseconds in repetition 376
tcp_ping received 512 bytes back
Round trip time was 0.011284 milliseconds in repetition 377
tcp_ping received 512 bytes back
Round trip time was 0.011222 milliseconds in repetition 378
tcp_ping received 512 bytes back
Round trip time was 0.011331 milliseconds in repetition 379
tcp_ping received 512 bytes back
Round trip time was 0.011213 milliseconds in repetition 380
tcp_ping received 512 bytes back
Round trip time was 0.011261 milliseconds in repetition 381
tcp_ping received 512 bytes back
Round trip time was 0.01121 milliseconds in repetition 382
tcp_ping received 512 bytes back
Round trip time was 0.059711 milliseconds in repetition 383
tcp_ping received 512 bytes back
Round trip time was 0.011957 milliseconds in repetition 384
tcp_ping received 512 bytes back
Round trip time was 0.011312 milliseconds in repetition 385
tcp_ping received 512 bytes back
Round trip time was 0.011203 milliseconds in repetition 386
tcp_ping received 512 bytes back
Round trip time was 0.011364 milliseconds in repetition 387
tcp_ping received 512 bytes back
Round trip time was 0.011248 milliseconds in repetition 388
tcp_ping received 512 bytes back
Round trip time was 0.011229 milliseconds in repetition 389
tcp_ping received 512 bytes back
Round trip time was 0.01119 milliseconds in repetition 390
tcp_ping received 512 bytes back
Round trip time was 0.011267 milliseconds in repetition 391
tcp_ping received 512 bytes back
Round trip time was 0.031341 milliseconds in repetition 392
tcp_ping received 512 bytes back
Round trip time was 0.011602 milliseconds in repetition 393
tcp_ping received 512 bytes back
Round trip time was 0.01153 milliseconds in repetition 394
tcp_ping received 512 bytes back
Round trip time was 0.011501 milliseconds in repetition 395
tcp_ping received 512 bytes back
Round trip time was 0.011505 milliseconds in repetition 396
tcp_ping received 512 bytes back
Round trip time was 0.01159 milliseconds in repetition 397
tcp_ping received 512 bytes back
Round trip time was 0.012345 milliseconds in repetition 398
tcp_ping received 512 bytes back
Round trip time was 0.01156 milliseconds in repetition 399
tcp_ping received 512 bytes back
Round trip time was 0.011522 milliseconds in repetition 400
tcp_ping received 512 bytes back
Round trip time was 0.011526 milliseconds in repetition 401
tcp_ping received 512 bytes back
Round trip time was 0.011588 milliseconds in repetition 402
tcp_ping received 512 bytes back
Round trip time was 0.011562 milliseconds in repetition 403
tcp_ping received 512 bytes back
Round trip time was 0.011512 milliseconds in repetition 404
tcp_ping received 512 bytes back
Round trip time was 0.011505 milliseconds in repetition 405
tcp_ping received 512 bytes back
Round trip time was 0.011559 milliseconds in repetition 406
tcp_ping received 512 bytes back
Round trip time was 0.011448 milliseconds in repetition 407
tcp_ping received 512 bytes back
Round trip time was 0.011602 milliseconds in repetition 408
tcp_ping received 512 bytes back
Round trip time was 0.011542 milliseconds in repetition 409
tcp_ping received 512 bytes back
Round trip time was 1.33736 milliseconds in repetition 410
tcp_ping received 512 bytes back
Round trip time was 0.029728 milliseconds in repetition 411
tcp_ping received 512 bytes back
Round trip time was 0.012778 milliseconds in repetition 412
tcp_ping received 512 bytes back
Round trip time was 0.012672 milliseconds in repetition 413
tcp_ping received 512 bytes back
Round trip time was 0.012938 milliseconds in repetition 414
tcp_ping received 512 bytes back
Round trip time was 0.012612 milliseconds in repetition 415
tcp_ping received 512 bytes back
Round trip time was 0.012533 milliseconds in repetition 416
tcp_ping received 512 bytes back
Round trip time was 0.012605 milliseconds in repetition 417
tcp_ping received 512 bytes back
Round trip time was 0.012512 milliseconds in repetition 418
tcp_ping received 512 bytes back
Round trip time was 0.012792 milliseconds in repetition 419
tcp_ping received 512 bytes back
Round trip time was 0.012506 milliseconds in repetition 420
tcp_ping received 512 bytes back
Round trip time was 0.027779 milliseconds in repetition 421
tcp_ping received 512 bytes back
Round trip time was 0.014256 milliseconds in repetition 422
tcp_ping received 512 bytes back
Round trip time was 0.0129 milliseconds in repetition 423
tcp_ping received 512 bytes back
Round trip time was 0.013061 milliseconds in repetition 424
tcp_ping received 512 bytes back
Round trip time was 0.013005 milliseconds in repetition 425
tcp_ping received 512 bytes back
Round trip time was 0.012604 milliseconds in repetition 426
tcp_ping received 512 bytes back
Round trip time was 0.012794 milliseconds in repetition 427
tcp_ping received 512 bytes back
Round trip time was 0.012555 milliseconds in repetition 428
tcp_ping received 512 bytes back
Round trip time was 0.012627 milliseconds in repetition 429
tcp_ping received 512 bytes back
Round trip time was 0.012618 milliseconds in repetition 430
tcp_ping received 512 bytes back
Round trip time was 0.012714 milliseconds in repetition 431
tcp_ping received 512 bytes back
Round trip time was 0.012876 milliseconds in repetition 432
tcp_ping received 512 bytes back
Round trip time was 0.012538 milliseconds in repetition 433
tcp_ping received 512 bytes back
Round trip time was 0.012977 milliseconds in repetition 434
tcp_ping received 512 bytes back
Round trip time was 0.012663 milliseconds in repetition 435
tcp_ping received 512 bytes back
Round trip time was 0.01258 milliseconds in repetition 436
tcp_ping received 512 bytes back
Round trip time was 0.012596 milliseconds in repetition 437
tcp_ping received 512 bytes back
Round trip time was 0.012904 milliseconds in repetition 438
tcp_ping received 512 bytes back
Round trip time was 0.012593 milliseconds in repetition 439
tcp_ping received 512 bytes back
Round trip time was 0.012899 milliseconds in repetition 440
tcp_ping received 512 bytes back
Round trip time was 0.012508 milliseconds in repetition 441
tcp_ping received 512 bytes back
Round trip time was 0.015718 milliseconds in repetition 442
tcp_ping received 512 bytes back
Round trip time was 0.014031 milliseconds in repetition 443
tcp_ping received 512 bytes back
Round trip time was 0.013355 milliseconds in repetition 444
tcp_ping received 512 bytes back
Round trip time was 0.01333 milliseconds in repetition 445
tcp_ping received 512 bytes back
Round trip time was 0.012747 milliseconds in repetition 446
tcp_ping received 512 bytes back
Round trip time was 0.014007 milliseconds in repetition 447
tcp_ping received 512 bytes back
Round trip time was 0.013574 milliseconds in repetition 448
tcp_ping received 512 bytes back
Round trip time was 0.013161 milliseconds in repetition 449
tcp_ping received 512 bytes back
Round trip time was 0.012816 milliseconds in repetition 450
tcp_ping received 512 bytes back
Round trip time was 0.012772 milliseconds in repetition 451
tcp_ping received 512 bytes back
Round trip time was 0.074993 milliseconds in repetition 452
tcp_ping received 512 bytes back
Round trip time was 0.013604 milliseconds in repetition 453
tcp_ping received 512 bytes back
Round trip time was 0.013407 milliseconds in repetition 454
tcp_ping received 512 bytes back
Round trip time was 0.01293 milliseconds in repetition 455
tcp_ping received 512 bytes back
Round trip time was 0.0125 milliseconds in repetition 456
tcp_ping received 512 bytes back
Round trip time was 0.012801 milliseconds in repetition 457
tcp_ping received 512 bytes back
Round trip time was 0.01258 milliseconds in repetition 458
tcp_ping received 512 bytes back
Round trip time was 0.013019 milliseconds in repetition 459
tcp_ping received 512 bytes back
Round trip time was 0.012888 milliseconds in repetition 460
tcp_ping received 512 bytes back
Round trip time was 0.013011 milliseconds in repetition 461
tcp_ping received 512 bytes back
Round trip time was 0.011754 milliseconds in repetition 462
tcp_ping received 512 bytes back
Round trip time was 0.012049 milliseconds in repetition 463
tcp_ping received 512 bytes back
Round trip time was 0.011918 milliseconds in repetition 464
tcp_ping received 512 bytes back
Round trip time was 0.011611 milliseconds in repetition 465
tcp_ping received 512 bytes back
Round trip time was 0.011946 milliseconds in repetition 466
tcp_ping received 512 bytes back
Round trip time was 0.011988 milliseconds in repetition 467
tcp_ping received 512 bytes back
Round trip time was 0.011704 milliseconds in repetition 468
tcp_ping received 512 bytes back
Round trip time was 0.011907 milliseconds in repetition 469
tcp_ping received 512 bytes back
Round trip time was 0.011567 milliseconds in repetition 470
tcp_ping received 512 bytes back
Round trip time was 0.012074 milliseconds in repetition 471
tcp_ping received 512 bytes back
Round trip time was 0.011698 milliseconds in repetition 472
tcp_ping received 512 bytes back
Round trip time was 0.011566 milliseconds in repetition 473
tcp_ping received 512 bytes back
Round trip time was 0.011885 milliseconds in repetition 474
tcp_ping received 512 bytes back
Round trip time was 0.011722 milliseconds in repetition 475
tcp_ping received 512 bytes back
Round trip time was 0.011695 milliseconds in repetition 476
tcp_ping received 512 bytes back
Round trip time was 0.011958 milliseconds in repetition 477
tcp_ping received 512 bytes back
Round trip time was 0.011708 milliseconds in repetition 478
tcp_ping received 512 bytes back
Round trip time was 0.011834 milliseconds in repetition 479
tcp_ping received 512 bytes back
Round trip time was 0.011941 milliseconds in repetition 480
tcp_ping received 512 bytes back
Round trip time was 0.012612 milliseconds in repetition 481
tcp_ping received 512 bytes back
Round trip time was 0.01154 milliseconds in repetition 482
tcp_ping received 512 bytes back
Round trip time was 0.023914 milliseconds in repetition 483
tcp_ping received 512 bytes back
Round trip time was 0.050637 milliseconds in repetition 484
tcp_ping received 512 bytes back
Round trip time was 0.012871 milliseconds in repetition 485
tcp_ping received 512 bytes back
Round trip time was 0.046988 milliseconds in repetition 486
tcp_ping received 512 bytes back
Round trip time was 0.011718 milliseconds in repetition 487
tcp_ping received 512 bytes back
Round trip time was 0.011743 milliseconds in repetition 488
tcp_ping received 512 bytes back
Round trip time was 0.011658 milliseconds in repetition 489
tcp_ping received 512 bytes back
Round trip time was 0.011576 milliseconds in repetition 490
tcp_ping received 512 bytes back
Round trip time was 0.011636 milliseconds in repetition 491
tcp_ping received 512 bytes back
Round trip time was 0.053542 milliseconds in repetition 492
tcp_ping received 512 bytes back
Round trip time was 0.012677 milliseconds in repetition 493
tcp_ping received 512 bytes back
Round trip time was 0.0128 milliseconds in repetition 494
tcp_ping received 512 bytes back
Round trip time was 0.047606 milliseconds in repetition 495
tcp_ping received 512 bytes back
Round trip time was 0.011624 milliseconds in repetition 496
tcp_ping received 512 bytes back
Round trip time was 0.012292 milliseconds in repetition 497
tcp_ping received 512 bytes back
Round trip time was 0.011762 milliseconds in repetition 498
tcp_ping received 512 bytes back
Round trip time was 0.011955 milliseconds in repetition 499
tcp_ping received 512 bytes back
Round trip time was 0.011717 milliseconds in repetition 500
tcp_ping received 512 bytes back
Round trip time was 0.316921 milliseconds in repetition 501

 ... clock resolution was 1e-06
TCP Ping:  Statistics over 501 repetitions of 512 byte messages

RTT : percentile 10: 0.011262, median: 0.012506, percentile 90: 0.014879, average: 0.0280261, variance: 0.0173136

RTT histogram:
0.0111485 486
0.106108 9
0.201068 0
0.296028 1
0.390988 0
0.485947 0
0.580907 0
0.675867 1
0.770827 0
0.865787 0
0.960747 0
1.05571 0
1.15067 1
1.24563 1
1.34059 1
1.43555 0
1.53051 0
1.62547 0
1.72042 0
1.81538 0
1.91034 1
   median Throughput : 81880.7 KB/s   overall Throughput : 36537.4 KB/s

